[0.025s] Invoking command in '/home/amoulouel/bumperbot_ws/build/bumperbot_firmware': CMAKE_PREFIX_PATH=${CMAKE_PREFIX_PATH}:/opt/ros/jazzy DEBUGINFOD_URLS=https://debuginfod.ubuntu.com /usr/bin/cmake --build /home/amoulouel/bumperbot_ws/build/bumperbot_firmware -- -j16 -l16
[0.114s] [  0%] Built target ament_cmake_python_copy_bumperbot_firmware
[0.142s] [ 33%] Built target bumperbot_firmware
[0.239s] [ 66%] Built target simple_serial_receiver
[0.240s] [100%] Built target simple_serial_transmitter
[0.511s] running egg_info
[0.547s] writing bumperbot_firmware.egg-info/PKG-INFO
[0.548s] writing dependency_links to bumperbot_firmware.egg-info/dependency_links.txt
[0.548s] writing top-level names to bumperbot_firmware.egg-info/top_level.txt
[0.650s] reading manifest file 'bumperbot_firmware.egg-info/SOURCES.txt'
[0.651s] writing manifest file 'bumperbot_firmware.egg-info/SOURCES.txt'
[0.719s] [100%] Built target ament_cmake_python_build_bumperbot_firmware_egg
[0.741s] Invoked command in '/home/amoulouel/bumperbot_ws/build/bumperbot_firmware' returned '0': CMAKE_PREFIX_PATH=${CMAKE_PREFIX_PATH}:/opt/ros/jazzy DEBUGINFOD_URLS=https://debuginfod.ubuntu.com /usr/bin/cmake --build /home/amoulouel/bumperbot_ws/build/bumperbot_firmware -- -j16 -l16
[0.742s] Invoking command in '/home/amoulouel/bumperbot_ws/build/bumperbot_firmware': CMAKE_PREFIX_PATH=${CMAKE_PREFIX_PATH}:/opt/ros/jazzy DEBUGINFOD_URLS=https://debuginfod.ubuntu.com /usr/bin/cmake --install /home/amoulouel/bumperbot_ws/build/bumperbot_firmware
[0.769s] -- Install configuration: ""
[0.769s] -- Up-to-date: /home/amoulouel/bumperbot_ws/install/bumperbot_firmware/share/bumperbot_firmware/environment/pythonpath.sh
[0.769s] -- Up-to-date: /home/amoulouel/bumperbot_ws/install/bumperbot_firmware/share/bumperbot_firmware/environment/pythonpath.dsv
[0.769s] -- Up-to-date: /home/amoulouel/bumperbot_ws/install/bumperbot_firmware/lib/python3.12/site-packages/bumperbot_firmware-0.0.0-py3.12.egg-info
[0.769s] -- Installing: /home/amoulouel/bumperbot_ws/install/bumperbot_firmware/lib/python3.12/site-packages/bumperbot_firmware-0.0.0-py3.12.egg-info/dependency_links.txt
[0.769s] -- Installing: /home/amoulouel/bumperbot_ws/install/bumperbot_firmware/lib/python3.12/site-packages/bumperbot_firmware-0.0.0-py3.12.egg-info/top_level.txt
[0.769s] -- Installing: /home/amoulouel/bumperbot_ws/install/bumperbot_firmware/lib/python3.12/site-packages/bumperbot_firmware-0.0.0-py3.12.egg-info/PKG-INFO
[0.769s] -- Installing: /home/amoulouel/bumperbot_ws/install/bumperbot_firmware/lib/python3.12/site-packages/bumperbot_firmware-0.0.0-py3.12.egg-info/SOURCES.txt
[0.770s] -- Up-to-date: /home/amoulouel/bumperbot_ws/install/bumperbot_firmware/lib/python3.12/site-packages/bumperbot_firmware
[0.770s] -- Up-to-date: /home/amoulouel/bumperbot_ws/install/bumperbot_firmware/lib/python3.12/site-packages/bumperbot_firmware/mpu6050_driver.py
[0.770s] -- Up-to-date: /home/amoulouel/bumperbot_ws/install/bumperbot_firmware/lib/python3.12/site-packages/bumperbot_firmware/__init__.py
[0.770s] -- Up-to-date: /home/amoulouel/bumperbot_ws/install/bumperbot_firmware/lib/python3.12/site-packages/bumperbot_firmware/simple_serial_receiver.py
[0.770s] -- Up-to-date: /home/amoulouel/bumperbot_ws/install/bumperbot_firmware/lib/python3.12/site-packages/bumperbot_firmware/simple_serial_transmitter.py
[0.838s] Listing '/home/amoulouel/bumperbot_ws/install/bumperbot_firmware/lib/python3.12/site-packages/bumperbot_firmware'...
[0.854s] -- Up-to-date: /home/amoulouel/bumperbot_ws/install/bumperbot_firmware/share/bumperbot_firmware/bumperbot_interface.xml
[0.854s] -- Up-to-date: /home/amoulouel/bumperbot_ws/install/bumperbot_firmware/lib/libbumperbot_firmware.so
[0.854s] -- Up-to-date: /home/amoulouel/bumperbot_ws/install/bumperbot_firmware/include/include
[0.855s] -- Up-to-date: /home/amoulouel/bumperbot_ws/install/bumperbot_firmware/include/include/bumperbot_firmware
[0.855s] -- Up-to-date: /home/amoulouel/bumperbot_ws/install/bumperbot_firmware/include/include/bumperbot_firmware/bumperbot_interface.hpp
[0.855s] -- Up-to-date: /home/amoulouel/bumperbot_ws/install/bumperbot_firmware/share/bumperbot_firmware/launch
[0.855s] -- Up-to-date: /home/amoulouel/bumperbot_ws/install/bumperbot_firmware/share/bumperbot_firmware/launch/hardware_interface.launch.py
[0.855s] -- Up-to-date: /home/amoulouel/bumperbot_ws/install/bumperbot_firmware/lib/bumperbot_firmware/simple_serial_transmitter.py
[0.855s] -- Up-to-date: /home/amoulouel/bumperbot_ws/install/bumperbot_firmware/lib/bumperbot_firmware/simple_serial_receiver.py
[0.855s] -- Up-to-date: /home/amoulouel/bumperbot_ws/install/bumperbot_firmware/lib/bumperbot_firmware/mpu6050_driver.py
[0.855s] -- Up-to-date: /home/amoulouel/bumperbot_ws/install/bumperbot_firmware/lib/bumperbot_firmware/simple_serial_receiver
[0.855s] -- Up-to-date: /home/amoulouel/bumperbot_ws/install/bumperbot_firmware/lib/bumperbot_firmware/simple_serial_transmitter
[0.855s] -- Up-to-date: /home/amoulouel/bumperbot_ws/install/bumperbot_firmware/share/bumperbot_firmware/environment/library_path.sh
[0.856s] -- Up-to-date: /home/amoulouel/bumperbot_ws/install/bumperbot_firmware/share/bumperbot_firmware/environment/library_path.dsv
[0.856s] -- Up-to-date: /home/amoulouel/bumperbot_ws/install/bumperbot_firmware/share/ament_index/resource_index/package_run_dependencies/bumperbot_firmware
[0.856s] -- Up-to-date: /home/amoulouel/bumperbot_ws/install/bumperbot_firmware/share/ament_index/resource_index/parent_prefix_path/bumperbot_firmware
[0.856s] -- Up-to-date: /home/amoulouel/bumperbot_ws/install/bumperbot_firmware/share/bumperbot_firmware/environment/ament_prefix_path.sh
[0.856s] -- Up-to-date: /home/amoulouel/bumperbot_ws/install/bumperbot_firmware/share/bumperbot_firmware/environment/ament_prefix_path.dsv
[0.856s] -- Up-to-date: /home/amoulouel/bumperbot_ws/install/bumperbot_firmware/share/bumperbot_firmware/environment/path.sh
[0.856s] -- Up-to-date: /home/amoulouel/bumperbot_ws/install/bumperbot_firmware/share/bumperbot_firmware/environment/path.dsv
[0.858s] -- Up-to-date: /home/amoulouel/bumperbot_ws/install/bumperbot_firmware/share/bumperbot_firmware/local_setup.bash
[0.858s] -- Up-to-date: /home/amoulouel/bumperbot_ws/install/bumperbot_firmware/share/bumperbot_firmware/local_setup.sh
[0.858s] -- Up-to-date: /home/amoulouel/bumperbot_ws/install/bumperbot_firmware/share/bumperbot_firmware/local_setup.zsh
[0.858s] -- Up-to-date: /home/amoulouel/bumperbot_ws/install/bumperbot_firmware/share/bumperbot_firmware/local_setup.dsv
[0.859s] -- Installing: /home/amoulouel/bumperbot_ws/install/bumperbot_firmware/share/bumperbot_firmware/package.dsv
[0.859s] -- Up-to-date: /home/amoulouel/bumperbot_ws/install/bumperbot_firmware/share/ament_index/resource_index/packages/bumperbot_firmware
[0.859s] -- Up-to-date: /home/amoulouel/bumperbot_ws/install/bumperbot_firmware/share/ament_index/resource_index/hardware_interface__pluginlib__plugin/bumperbot_firmware
[0.859s] -- Up-to-date: /home/amoulouel/bumperbot_ws/install/bumperbot_firmware/share/bumperbot_firmware/cmake/ament_cmake_export_include_directories-extras.cmake
[0.860s] -- Up-to-date: /home/amoulouel/bumperbot_ws/install/bumperbot_firmware/share/bumperbot_firmware/cmake/ament_cmake_export_libraries-extras.cmake
[0.860s] -- Up-to-date: /home/amoulouel/bumperbot_ws/install/bumperbot_firmware/share/bumperbot_firmware/cmake/ament_cmake_export_dependencies-extras.cmake
[0.860s] -- Up-to-date: /home/amoulouel/bumperbot_ws/install/bumperbot_firmware/share/bumperbot_firmware/cmake/bumperbot_firmwareConfig.cmake
[0.860s] -- Up-to-date: /home/amoulouel/bumperbot_ws/install/bumperbot_firmware/share/bumperbot_firmware/cmake/bumperbot_firmwareConfig-version.cmake
[0.861s] -- Up-to-date: /home/amoulouel/bumperbot_ws/install/bumperbot_firmware/share/bumperbot_firmware/package.xml
[0.907s] Invoked command in '/home/amoulouel/bumperbot_ws/build/bumperbot_firmware' returned '0': CMAKE_PREFIX_PATH=${CMAKE_PREFIX_PATH}:/opt/ros/jazzy DEBUGINFOD_URLS=https://debuginfod.ubuntu.com /usr/bin/cmake --install /home/amoulouel/bumperbot_ws/build/bumperbot_firmware
