[0.025s] Invoking command in '/home/amoulouel/bumperbot_ws/build/bumperbot_controller': CMAKE_PREFIX_PATH=${CMAKE_PREFIX_PATH}:/home/amoulouel/bumperbot_ws/install/bumperbot_py_examples:/opt/ros/jazzy DEBUGINFOD_URLS=https://debuginfod.ubuntu.com /usr/bin/cmake --build /home/amoulouel/bumperbot_ws/build/bumperbot_controller -- -j16 -l16
[0.122s] [ 33%] Built target noisy_controller
[0.181s] [ 33%] Built target ament_cmake_python_copy_bumperbot_controller
[0.202s] [ 50%] [32mBuilding CXX object CMakeFiles/simple_controller.dir/src/simple_controller.cpp.o[0m
[0.207s] [ 83%] Built target twist_relay
[0.509s] running egg_info
[0.547s] writing bumperbot_controller.egg-info/PKG-INFO
[0.547s] writing dependency_links to bumperbot_controller.egg-info/dependency_links.txt
[0.547s] writing top-level names to bumperbot_controller.egg-info/top_level.txt
[0.669s] reading manifest file 'bumperbot_controller.egg-info/SOURCES.txt'
[0.670s] writing manifest file 'bumperbot_controller.egg-info/SOURCES.txt'
[0.755s] [ 83%] Built target ament_cmake_python_build_bumperbot_controller_egg
[14.232s] [100%] [32m[1mLinking CXX executable simple_controller[0m
[14.789s] [100%] Built target simple_controller
[14.802s] Invoked command in '/home/amoulouel/bumperbot_ws/build/bumperbot_controller' returned '0': CMAKE_PREFIX_PATH=${CMAKE_PREFIX_PATH}:/home/amoulouel/bumperbot_ws/install/bumperbot_py_examples:/opt/ros/jazzy DEBUGINFOD_URLS=https://debuginfod.ubuntu.com /usr/bin/cmake --build /home/amoulouel/bumperbot_ws/build/bumperbot_controller -- -j16 -l16
[14.803s] Invoking command in '/home/amoulouel/bumperbot_ws/build/bumperbot_controller': CMAKE_PREFIX_PATH=${CMAKE_PREFIX_PATH}:/home/amoulouel/bumperbot_ws/install/bumperbot_py_examples:/opt/ros/jazzy DEBUGINFOD_URLS=https://debuginfod.ubuntu.com /usr/bin/cmake --install /home/amoulouel/bumperbot_ws/build/bumperbot_controller
[14.810s] -- Install configuration: ""
[14.810s] -- Up-to-date: /home/amoulouel/bumperbot_ws/install/bumperbot_controller/share/bumperbot_controller/environment/pythonpath.sh
[14.810s] -- Up-to-date: /home/amoulouel/bumperbot_ws/install/bumperbot_controller/share/bumperbot_controller/environment/pythonpath.dsv
[14.810s] -- Up-to-date: /home/amoulouel/bumperbot_ws/install/bumperbot_controller/lib/python3.12/site-packages/bumperbot_controller-0.0.0-py3.12.egg-info
[14.810s] -- Installing: /home/amoulouel/bumperbot_ws/install/bumperbot_controller/lib/python3.12/site-packages/bumperbot_controller-0.0.0-py3.12.egg-info/dependency_links.txt
[14.810s] -- Installing: /home/amoulouel/bumperbot_ws/install/bumperbot_controller/lib/python3.12/site-packages/bumperbot_controller-0.0.0-py3.12.egg-info/top_level.txt
[14.810s] -- Installing: /home/amoulouel/bumperbot_ws/install/bumperbot_controller/lib/python3.12/site-packages/bumperbot_controller-0.0.0-py3.12.egg-info/PKG-INFO
[14.810s] -- Installing: /home/amoulouel/bumperbot_ws/install/bumperbot_controller/lib/python3.12/site-packages/bumperbot_controller-0.0.0-py3.12.egg-info/SOURCES.txt
[14.811s] -- Up-to-date: /home/amoulouel/bumperbot_ws/install/bumperbot_controller/lib/python3.12/site-packages/bumperbot_controller
[14.811s] -- Up-to-date: /home/amoulouel/bumperbot_ws/install/bumperbot_controller/lib/python3.12/site-packages/bumperbot_controller/__init__.py
[14.811s] -- Up-to-date: /home/amoulouel/bumperbot_ws/install/bumperbot_controller/lib/python3.12/site-packages/bumperbot_controller/twist_relay.py
[14.811s] -- Up-to-date: /home/amoulouel/bumperbot_ws/install/bumperbot_controller/lib/python3.12/site-packages/bumperbot_controller/simple_controller.py
[14.811s] -- Up-to-date: /home/amoulouel/bumperbot_ws/install/bumperbot_controller/lib/python3.12/site-packages/bumperbot_controller/twist_to_twist_stamped.py
[14.811s] -- Up-to-date: /home/amoulouel/bumperbot_ws/install/bumperbot_controller/lib/python3.12/site-packages/bumperbot_controller/noisy_controller.py
[14.845s] Listing '/home/amoulouel/bumperbot_ws/install/bumperbot_controller/lib/python3.12/site-packages/bumperbot_controller'...
[14.851s] -- Up-to-date: /home/amoulouel/bumperbot_ws/install/bumperbot_controller/include/include
[14.851s] -- Up-to-date: /home/amoulouel/bumperbot_ws/install/bumperbot_controller/include/include/bumperbot_controller
[14.852s] -- Up-to-date: /home/amoulouel/bumperbot_ws/install/bumperbot_controller/include/include/bumperbot_controller/noisy_controller.hpp
[14.852s] -- Up-to-date: /home/amoulouel/bumperbot_ws/install/bumperbot_controller/include/include/bumperbot_controller/simple_controller.hpp
[14.852s] -- Installing: /home/amoulouel/bumperbot_ws/install/bumperbot_controller/lib/bumperbot_controller/simple_controller
[14.857s] -- Set non-toolchain portion of runtime path of "/home/amoulouel/bumperbot_ws/install/bumperbot_controller/lib/bumperbot_controller/simple_controller" to ""
[14.858s] -- Up-to-date: /home/amoulouel/bumperbot_ws/install/bumperbot_controller/lib/bumperbot_controller/noisy_controller
[14.858s] -- Up-to-date: /home/amoulouel/bumperbot_ws/install/bumperbot_controller/lib/bumperbot_controller/twist_relay
[14.858s] -- Up-to-date: /home/amoulouel/bumperbot_ws/install/bumperbot_controller/share/bumperbot_controller/launch
[14.858s] -- Up-to-date: /home/amoulouel/bumperbot_ws/install/bumperbot_controller/share/bumperbot_controller/launch/joystick_teleop.launch.py
[14.858s] -- Up-to-date: /home/amoulouel/bumperbot_ws/install/bumperbot_controller/share/bumperbot_controller/launch/controller.launch.py
[14.858s] -- Up-to-date: /home/amoulouel/bumperbot_ws/install/bumperbot_controller/share/bumperbot_controller/config
[14.858s] -- Up-to-date: /home/amoulouel/bumperbot_ws/install/bumperbot_controller/share/bumperbot_controller/config/joy_config.yaml
[14.858s] -- Installing: /home/amoulouel/bumperbot_ws/install/bumperbot_controller/share/bumperbot_controller/config/joy_teleop.yaml
[14.858s] -- Up-to-date: /home/amoulouel/bumperbot_ws/install/bumperbot_controller/share/bumperbot_controller/config/twist_mux_joy.yaml
[14.858s] -- Up-to-date: /home/amoulouel/bumperbot_ws/install/bumperbot_controller/share/bumperbot_controller/config/twist_mux_locks.yaml
[14.858s] -- Up-to-date: /home/amoulouel/bumperbot_ws/install/bumperbot_controller/share/bumperbot_controller/config/twist_mux_topics.yaml
[14.858s] -- Up-to-date: /home/amoulouel/bumperbot_ws/install/bumperbot_controller/share/bumperbot_controller/config/bumperbot_controllers.yaml
[14.858s] -- Up-to-date: /home/amoulouel/bumperbot_ws/install/bumperbot_controller/lib/bumperbot_controller/simple_controller.py
[14.858s] -- Up-to-date: /home/amoulouel/bumperbot_ws/install/bumperbot_controller/lib/bumperbot_controller/noisy_controller.py
[14.858s] -- Up-to-date: /home/amoulouel/bumperbot_ws/install/bumperbot_controller/lib/bumperbot_controller/twist_to_twist_stamped.py
[14.859s] -- Up-to-date: /home/amoulouel/bumperbot_ws/install/bumperbot_controller/lib/bumperbot_controller/twist_relay.py
[14.859s] -- Up-to-date: /home/amoulouel/bumperbot_ws/install/bumperbot_controller/share/ament_index/resource_index/package_run_dependencies/bumperbot_controller
[14.859s] -- Up-to-date: /home/amoulouel/bumperbot_ws/install/bumperbot_controller/share/ament_index/resource_index/parent_prefix_path/bumperbot_controller
[14.859s] -- Up-to-date: /home/amoulouel/bumperbot_ws/install/bumperbot_controller/share/bumperbot_controller/environment/ament_prefix_path.sh
[14.859s] -- Up-to-date: /home/amoulouel/bumperbot_ws/install/bumperbot_controller/share/bumperbot_controller/environment/ament_prefix_path.dsv
[14.859s] -- Up-to-date: /home/amoulouel/bumperbot_ws/install/bumperbot_controller/share/bumperbot_controller/environment/path.sh
[14.859s] -- Up-to-date: /home/amoulouel/bumperbot_ws/install/bumperbot_controller/share/bumperbot_controller/environment/path.dsv
[14.859s] -- Up-to-date: /home/amoulouel/bumperbot_ws/install/bumperbot_controller/share/bumperbot_controller/local_setup.bash
[14.859s] -- Up-to-date: /home/amoulouel/bumperbot_ws/install/bumperbot_controller/share/bumperbot_controller/local_setup.sh
[14.859s] -- Up-to-date: /home/amoulouel/bumperbot_ws/install/bumperbot_controller/share/bumperbot_controller/local_setup.zsh
[14.859s] -- Up-to-date: /home/amoulouel/bumperbot_ws/install/bumperbot_controller/share/bumperbot_controller/local_setup.dsv
[14.859s] -- Installing: /home/amoulouel/bumperbot_ws/install/bumperbot_controller/share/bumperbot_controller/package.dsv
[14.859s] -- Up-to-date: /home/amoulouel/bumperbot_ws/install/bumperbot_controller/share/ament_index/resource_index/packages/bumperbot_controller
[14.859s] -- Up-to-date: /home/amoulouel/bumperbot_ws/install/bumperbot_controller/share/bumperbot_controller/cmake/bumperbot_controllerConfig.cmake
[14.859s] -- Up-to-date: /home/amoulouel/bumperbot_ws/install/bumperbot_controller/share/bumperbot_controller/cmake/bumperbot_controllerConfig-version.cmake
[14.859s] -- Up-to-date: /home/amoulouel/bumperbot_ws/install/bumperbot_controller/share/bumperbot_controller/package.xml
[14.860s] Invoked command in '/home/amoulouel/bumperbot_ws/build/bumperbot_controller' returned '0': CMAKE_PREFIX_PATH=${CMAKE_PREFIX_PATH}:/home/amoulouel/bumperbot_ws/install/bumperbot_py_examples:/opt/ros/jazzy DEBUGINFOD_URLS=https://debuginfod.ubuntu.com /usr/bin/cmake --install /home/amoulouel/bumperbot_ws/build/bumperbot_controller
