[0.715s] Invoking command in '/home/amoulouel/bumperbot_ws/src/bumperbot_py_examples': CMAKE_PREFIX_PATH=/home/amoulouel/bumperbot_ws/install/bumperbot_msgs:/home/amoulouel/bumperbot_ws/install/bumperbot_utils:/home/amoulouel/bumperbot_ws/install/bumperbot_cpp_examples:/home/amoulouel/bumperbot_ws/install/bumperbot_mapping:/home/amoulouel/bumperbot_ws/install/bumperbot_localization:/home/amoulouel/bumperbot_ws/install/bumperbot_firmware:/home/amoulouel/bumperbot_ws/install/bumperbot_description:/home/amoulouel/bumperbot_ws/install/bumperbot_controller:/home/amoulouel/bumperbot_ws/install/bumperbot_bringup:/opt/ros/jazzy/opt/gz_sim_vendor:/opt/ros/jazzy/opt/gz_sensors_vendor:/opt/ros/jazzy/opt/gz_physics_vendor:/opt/ros/jazzy/opt/sdformat_vendor:/opt/ros/jazzy/opt/gz_gui_vendor:/opt/ros/jazzy/opt/gz_transport_vendor:/opt/ros/jazzy/opt/gz_rendering_vendor:/opt/ros/jazzy/opt/gz_plugin_vendor:/opt/ros/jazzy/opt/gz_fuel_tools_vendor:/opt/ros/jazzy/opt/gz_msgs_vendor:/opt/ros/jazzy/opt/gz_common_vendor:/opt/ros/jazzy/opt/gz_math_vendor:/opt/ros/jazzy/opt/gz_utils_vendor:/opt/ros/jazzy/opt/gz_tools_vendor:/opt/ros/jazzy/opt/gz_ogre_next_vendor:/opt/ros/jazzy/opt/gz_dartsim_vendor:/opt/ros/jazzy/opt/gz_cmake_vendor DEBUGINFOD_URLS=https://debuginfod.ubuntu.com PYTHONPATH=/home/amoulouel/bumperbot_ws/build/bumperbot_py_examples/prefix_override:/usr/lib/python3/dist-packages/colcon_core/task/python/colcon_distutils_commands:/home/amoulouel/bumperbot_ws/install/bumperbot_py_examples/lib/python3.12/site-packages:/home/amoulouel/bumperbot_ws/install/bumperbot_msgs/lib/python3.12/site-packages:/home/amoulouel/bumperbot_ws/install/bumperbot_utils/lib/python3.12/site-packages:/home/amoulouel/bumperbot_ws/install/bumperbot_py_examples/lib/python3.12/site-packages:/home/amoulouel/bumperbot_ws/install/bumperbot_mapping/lib/python3.12/site-packages:/home/amoulouel/bumperbot_ws/install/bumperbot_localization/lib/python3.12/site-packages:/home/amoulouel/bumperbot_ws/install/bumperbot_firmware/lib/python3.12/site-packages:/home/amoulouel/bumperbot_ws/install/bumperbot_controller/lib/python3.12/site-packages:/opt/ros/jazzy/lib/python3.12/site-packages /usr/bin/python3 -W ignore:setup.py install is deprecated -W ignore:easy_install command is deprecated setup.py egg_info --egg-base ../../build/bumperbot_py_examples build --build-base /home/amoulouel/bumperbot_ws/build/bumperbot_py_examples/build install --record /home/amoulouel/bumperbot_ws/build/bumperbot_py_examples/install.log --single-version-externally-managed install_data
[0.918s] running egg_info
[0.934s] writing ../../build/bumperbot_py_examples/bumperbot_py_examples.egg-info/PKG-INFO
[0.934s] writing dependency_links to ../../build/bumperbot_py_examples/bumperbot_py_examples.egg-info/dependency_links.txt
[0.935s] writing entry points to ../../build/bumperbot_py_examples/bumperbot_py_examples.egg-info/entry_points.txt
[0.935s] writing requirements to ../../build/bumperbot_py_examples/bumperbot_py_examples.egg-info/requires.txt
[0.935s] writing top-level names to ../../build/bumperbot_py_examples/bumperbot_py_examples.egg-info/top_level.txt
[0.969s] reading manifest file '../../build/bumperbot_py_examples/bumperbot_py_examples.egg-info/SOURCES.txt'
[0.969s] writing manifest file '../../build/bumperbot_py_examples/bumperbot_py_examples.egg-info/SOURCES.txt'
[0.969s] running build
[0.970s] running build_py
[0.970s] running install
[0.975s] running install_lib
[0.992s] running install_data
[0.992s] running install_egg_info
[1.008s] removing '/home/amoulouel/bumperbot_ws/install/bumperbot_py_examples/lib/python3.12/site-packages/bumperbot_py_examples-0.0.0-py3.12.egg-info' (and everything under it)
[1.008s] Copying ../../build/bumperbot_py_examples/bumperbot_py_examples.egg-info to /home/amoulouel/bumperbot_ws/install/bumperbot_py_examples/lib/python3.12/site-packages/bumperbot_py_examples-0.0.0-py3.12.egg-info
[1.009s] running install_scripts
[1.114s] Installing simple_action_client script to /home/amoulouel/bumperbot_ws/install/bumperbot_py_examples/lib/bumperbot_py_examples
[1.114s] Installing simple_action_server script to /home/amoulouel/bumperbot_ws/install/bumperbot_py_examples/lib/bumperbot_py_examples
[1.114s] Installing simple_lifecycle_node script to /home/amoulouel/bumperbot_ws/install/bumperbot_py_examples/lib/bumperbot_py_examples
[1.114s] Installing simple_parameter script to /home/amoulouel/bumperbot_ws/install/bumperbot_py_examples/lib/bumperbot_py_examples
[1.114s] Installing simple_publisher script to /home/amoulouel/bumperbot_ws/install/bumperbot_py_examples/lib/bumperbot_py_examples
[1.114s] Installing simple_qos_publisher script to /home/amoulouel/bumperbot_ws/install/bumperbot_py_examples/lib/bumperbot_py_examples
[1.114s] Installing simple_qos_subscriber script to /home/amoulouel/bumperbot_ws/install/bumperbot_py_examples/lib/bumperbot_py_examples
[1.114s] Installing simple_service_client script to /home/amoulouel/bumperbot_ws/install/bumperbot_py_examples/lib/bumperbot_py_examples
[1.114s] Installing simple_service_server script to /home/amoulouel/bumperbot_ws/install/bumperbot_py_examples/lib/bumperbot_py_examples
[1.114s] Installing simple_subscriber script to /home/amoulouel/bumperbot_ws/install/bumperbot_py_examples/lib/bumperbot_py_examples
[1.114s] Installing simple_tf_kinematics script to /home/amoulouel/bumperbot_ws/install/bumperbot_py_examples/lib/bumperbot_py_examples
[1.114s] Installing simple_turtlesim_kinematics script to /home/amoulouel/bumperbot_ws/install/bumperbot_py_examples/lib/bumperbot_py_examples
[1.115s] writing list of installed files to '/home/amoulouel/bumperbot_ws/build/bumperbot_py_examples/install.log'
[1.133s] Invoked command in '/home/amoulouel/bumperbot_ws/src/bumperbot_py_examples' returned '0': CMAKE_PREFIX_PATH=/home/amoulouel/bumperbot_ws/install/bumperbot_msgs:/home/amoulouel/bumperbot_ws/install/bumperbot_utils:/home/amoulouel/bumperbot_ws/install/bumperbot_cpp_examples:/home/amoulouel/bumperbot_ws/install/bumperbot_mapping:/home/amoulouel/bumperbot_ws/install/bumperbot_localization:/home/amoulouel/bumperbot_ws/install/bumperbot_firmware:/home/amoulouel/bumperbot_ws/install/bumperbot_description:/home/amoulouel/bumperbot_ws/install/bumperbot_controller:/home/amoulouel/bumperbot_ws/install/bumperbot_bringup:/opt/ros/jazzy/opt/gz_sim_vendor:/opt/ros/jazzy/opt/gz_sensors_vendor:/opt/ros/jazzy/opt/gz_physics_vendor:/opt/ros/jazzy/opt/sdformat_vendor:/opt/ros/jazzy/opt/gz_gui_vendor:/opt/ros/jazzy/opt/gz_transport_vendor:/opt/ros/jazzy/opt/gz_rendering_vendor:/opt/ros/jazzy/opt/gz_plugin_vendor:/opt/ros/jazzy/opt/gz_fuel_tools_vendor:/opt/ros/jazzy/opt/gz_msgs_vendor:/opt/ros/jazzy/opt/gz_common_vendor:/opt/ros/jazzy/opt/gz_math_vendor:/opt/ros/jazzy/opt/gz_utils_vendor:/opt/ros/jazzy/opt/gz_tools_vendor:/opt/ros/jazzy/opt/gz_ogre_next_vendor:/opt/ros/jazzy/opt/gz_dartsim_vendor:/opt/ros/jazzy/opt/gz_cmake_vendor DEBUGINFOD_URLS=https://debuginfod.ubuntu.com PYTHONPATH=/home/amoulouel/bumperbot_ws/build/bumperbot_py_examples/prefix_override:/usr/lib/python3/dist-packages/colcon_core/task/python/colcon_distutils_commands:/home/amoulouel/bumperbot_ws/install/bumperbot_py_examples/lib/python3.12/site-packages:/home/amoulouel/bumperbot_ws/install/bumperbot_msgs/lib/python3.12/site-packages:/home/amoulouel/bumperbot_ws/install/bumperbot_utils/lib/python3.12/site-packages:/home/amoulouel/bumperbot_ws/install/bumperbot_py_examples/lib/python3.12/site-packages:/home/amoulouel/bumperbot_ws/install/bumperbot_mapping/lib/python3.12/site-packages:/home/amoulouel/bumperbot_ws/install/bumperbot_localization/lib/python3.12/site-packages:/home/amoulouel/bumperbot_ws/install/bumperbot_firmware/lib/python3.12/site-packages:/home/amoulouel/bumperbot_ws/install/bumperbot_controller/lib/python3.12/site-packages:/opt/ros/jazzy/lib/python3.12/site-packages /usr/bin/python3 -W ignore:setup.py install is deprecated -W ignore:easy_install command is deprecated setup.py egg_info --egg-base ../../build/bumperbot_py_examples build --build-base /home/amoulouel/bumperbot_ws/build/bumperbot_py_examples/build install --record /home/amoulouel/bumperbot_ws/build/bumperbot_py_examples/install.log --single-version-externally-managed install_data
