[0.016s] Invoking command in '/home/amoulouel/bumperbot_ws/build/bumperbot_localization': CMAKE_PREFIX_PATH=${CMAKE_PREFIX_PATH}:/home/amoulouel/tutorial_bumperbot_ws/install/bumperbot_py_examples:/home/amoulouel/bumperbot_ws/install/bumperbot_py_examples:/opt/ros/jazzy DEBUGINFOD_URLS=https://debuginfod.ubuntu.com /usr/bin/cmake --build /home/amoulouel/bumperbot_ws/build/bumperbot_localization -- -j16 -l16
[0.051s] [ 25%] [32mBuilding CXX object CMakeFiles/kalman_filter.dir/src/kalman_filter.cpp.o[0m
[0.068s] [ 50%] [32mBuilding CXX object CMakeFiles/imu_republisher.dir/src/imu_republisher.cpp.o[0m
[0.100s] [ 50%] Built target ament_cmake_python_copy_bumperbot_localization
[0.328s] running egg_info
[0.330s] creating bumperbot_localization.egg-info
[0.362s] writing bumperbot_localization.egg-info/PKG-INFO
[0.362s] writing dependency_links to bumperbot_localization.egg-info/dependency_links.txt
[0.362s] writing top-level names to bumperbot_localization.egg-info/top_level.txt
[0.362s] writing manifest file 'bumperbot_localization.egg-info/SOURCES.txt'
[0.421s] reading manifest file 'bumperbot_localization.egg-info/SOURCES.txt'
[0.421s] writing manifest file 'bumperbot_localization.egg-info/SOURCES.txt'
[0.446s] [ 50%] Built target ament_cmake_python_build_bumperbot_localization_egg
[8.842s] [ 75%] [32m[1mLinking CXX executable imu_republisher[0m
[9.187s] [ 75%] Built target imu_republisher
[11.926s] [100%] [32m[1mLinking CXX executable kalman_filter[0m
[12.240s] [100%] Built target kalman_filter
[12.250s] Invoked command in '/home/amoulouel/bumperbot_ws/build/bumperbot_localization' returned '0': CMAKE_PREFIX_PATH=${CMAKE_PREFIX_PATH}:/home/amoulouel/tutorial_bumperbot_ws/install/bumperbot_py_examples:/home/amoulouel/bumperbot_ws/install/bumperbot_py_examples:/opt/ros/jazzy DEBUGINFOD_URLS=https://debuginfod.ubuntu.com /usr/bin/cmake --build /home/amoulouel/bumperbot_ws/build/bumperbot_localization -- -j16 -l16
[12.251s] Invoking command in '/home/amoulouel/bumperbot_ws/build/bumperbot_localization': CMAKE_PREFIX_PATH=${CMAKE_PREFIX_PATH}:/home/amoulouel/tutorial_bumperbot_ws/install/bumperbot_py_examples:/home/amoulouel/bumperbot_ws/install/bumperbot_py_examples:/opt/ros/jazzy DEBUGINFOD_URLS=https://debuginfod.ubuntu.com /usr/bin/cmake --install /home/amoulouel/bumperbot_ws/build/bumperbot_localization
[12.257s] -- Install configuration: ""
[12.257s] -- Installing: /home/amoulouel/bumperbot_ws/install/bumperbot_localization/share/bumperbot_localization/environment/pythonpath.sh
[12.257s] -- Installing: /home/amoulouel/bumperbot_ws/install/bumperbot_localization/share/bumperbot_localization/environment/pythonpath.dsv
[12.258s] -- Installing: /home/amoulouel/bumperbot_ws/install/bumperbot_localization/lib/python3.12/site-packages/bumperbot_localization-0.0.0-py3.12.egg-info
[12.258s] -- Installing: /home/amoulouel/bumperbot_ws/install/bumperbot_localization/lib/python3.12/site-packages/bumperbot_localization-0.0.0-py3.12.egg-info/dependency_links.txt
[12.258s] -- Installing: /home/amoulouel/bumperbot_ws/install/bumperbot_localization/lib/python3.12/site-packages/bumperbot_localization-0.0.0-py3.12.egg-info/top_level.txt
[12.258s] -- Installing: /home/amoulouel/bumperbot_ws/install/bumperbot_localization/lib/python3.12/site-packages/bumperbot_localization-0.0.0-py3.12.egg-info/PKG-INFO
[12.258s] -- Installing: /home/amoulouel/bumperbot_ws/install/bumperbot_localization/lib/python3.12/site-packages/bumperbot_localization-0.0.0-py3.12.egg-info/SOURCES.txt
[12.258s] -- Installing: /home/amoulouel/bumperbot_ws/install/bumperbot_localization/lib/python3.12/site-packages/bumperbot_localization
[12.258s] -- Installing: /home/amoulouel/bumperbot_ws/install/bumperbot_localization/lib/python3.12/site-packages/bumperbot_localization/imu_republisher.py
[12.258s] -- Installing: /home/amoulouel/bumperbot_ws/install/bumperbot_localization/lib/python3.12/site-packages/bumperbot_localization/__init__.py
[12.258s] -- Installing: /home/amoulouel/bumperbot_ws/install/bumperbot_localization/lib/python3.12/site-packages/bumperbot_localization/kalman_filter.py
[12.291s] Listing '/home/amoulouel/bumperbot_ws/install/bumperbot_localization/lib/python3.12/site-packages/bumperbot_localization'...
[12.291s] Compiling '/home/amoulouel/bumperbot_ws/install/bumperbot_localization/lib/python3.12/site-packages/bumperbot_localization/__init__.py'...
[12.292s] Compiling '/home/amoulouel/bumperbot_ws/install/bumperbot_localization/lib/python3.12/site-packages/bumperbot_localization/imu_republisher.py'...
[12.292s] Compiling '/home/amoulouel/bumperbot_ws/install/bumperbot_localization/lib/python3.12/site-packages/bumperbot_localization/kalman_filter.py'...
[12.296s] -- Installing: /home/amoulouel/bumperbot_ws/install/bumperbot_localization/include/include
[12.296s] -- Installing: /home/amoulouel/bumperbot_ws/install/bumperbot_localization/include/include/bumperbot_localization
[12.296s] -- Installing: /home/amoulouel/bumperbot_ws/install/bumperbot_localization/include/include/bumperbot_localization/kalman_filter.hpp
[12.297s] -- Installing: /home/amoulouel/bumperbot_ws/install/bumperbot_localization/lib/bumperbot_localization/kalman_filter
[12.300s] -- Set non-toolchain portion of runtime path of "/home/amoulouel/bumperbot_ws/install/bumperbot_localization/lib/bumperbot_localization/kalman_filter" to ""
[12.300s] -- Installing: /home/amoulouel/bumperbot_ws/install/bumperbot_localization/lib/bumperbot_localization/imu_republisher
[12.303s] -- Set non-toolchain portion of runtime path of "/home/amoulouel/bumperbot_ws/install/bumperbot_localization/lib/bumperbot_localization/imu_republisher" to ""
[12.303s] -- Installing: /home/amoulouel/bumperbot_ws/install/bumperbot_localization/share/bumperbot_localization/launch
[12.303s] -- Installing: /home/amoulouel/bumperbot_ws/install/bumperbot_localization/share/bumperbot_localization/launch/local_localization.launch.py
[12.303s] -- Installing: /home/amoulouel/bumperbot_ws/install/bumperbot_localization/share/bumperbot_localization/config
[12.303s] -- Installing: /home/amoulouel/bumperbot_ws/install/bumperbot_localization/share/bumperbot_localization/config/ekf.yaml
[12.304s] -- Installing: /home/amoulouel/bumperbot_ws/install/bumperbot_localization/lib/bumperbot_localization/kalman_filter.py
[12.304s] -- Installing: /home/amoulouel/bumperbot_ws/install/bumperbot_localization/lib/bumperbot_localization/imu_republisher.py
[12.304s] -- Installing: /home/amoulouel/bumperbot_ws/install/bumperbot_localization/share/ament_index/resource_index/package_run_dependencies/bumperbot_localization
[12.304s] -- Installing: /home/amoulouel/bumperbot_ws/install/bumperbot_localization/share/ament_index/resource_index/parent_prefix_path/bumperbot_localization
[12.304s] -- Installing: /home/amoulouel/bumperbot_ws/install/bumperbot_localization/share/bumperbot_localization/environment/ament_prefix_path.sh
[12.304s] -- Installing: /home/amoulouel/bumperbot_ws/install/bumperbot_localization/share/bumperbot_localization/environment/ament_prefix_path.dsv
[12.304s] -- Installing: /home/amoulouel/bumperbot_ws/install/bumperbot_localization/share/bumperbot_localization/environment/path.sh
[12.304s] -- Installing: /home/amoulouel/bumperbot_ws/install/bumperbot_localization/share/bumperbot_localization/environment/path.dsv
[12.304s] -- Installing: /home/amoulouel/bumperbot_ws/install/bumperbot_localization/share/bumperbot_localization/local_setup.bash
[12.305s] -- Installing: /home/amoulouel/bumperbot_ws/install/bumperbot_localization/share/bumperbot_localization/local_setup.sh
[12.305s] -- Installing: /home/amoulouel/bumperbot_ws/install/bumperbot_localization/share/bumperbot_localization/local_setup.zsh
[12.305s] -- Installing: /home/amoulouel/bumperbot_ws/install/bumperbot_localization/share/bumperbot_localization/local_setup.dsv
[12.305s] -- Installing: /home/amoulouel/bumperbot_ws/install/bumperbot_localization/share/bumperbot_localization/package.dsv
[12.305s] -- Installing: /home/amoulouel/bumperbot_ws/install/bumperbot_localization/share/ament_index/resource_index/packages/bumperbot_localization
[12.305s] -- Installing: /home/amoulouel/bumperbot_ws/install/bumperbot_localization/share/bumperbot_localization/cmake/bumperbot_localizationConfig.cmake
[12.305s] -- Installing: /home/amoulouel/bumperbot_ws/install/bumperbot_localization/share/bumperbot_localization/cmake/bumperbot_localizationConfig-version.cmake
[12.305s] -- Installing: /home/amoulouel/bumperbot_ws/install/bumperbot_localization/share/bumperbot_localization/package.xml
[12.307s] Invoked command in '/home/amoulouel/bumperbot_ws/build/bumperbot_localization' returned '0': CMAKE_PREFIX_PATH=${CMAKE_PREFIX_PATH}:/home/amoulouel/tutorial_bumperbot_ws/install/bumperbot_py_examples:/home/amoulouel/bumperbot_ws/install/bumperbot_py_examples:/opt/ros/jazzy DEBUGINFOD_URLS=https://debuginfod.ubuntu.com /usr/bin/cmake --install /home/amoulouel/bumperbot_ws/build/bumperbot_localization
