[0.018s] Invoking command in '/home/amoulouel/bumperbot_ws/build/bumperbot_controller': CMAKE_PREFIX_PATH=${CMAKE_PREFIX_PATH}:/home/amoulouel/tutorial_bumperbot_ws/install/bumperbot_py_examples:/home/amoulouel/bumperbot_ws/install/bumperbot_py_examples:/opt/ros/jazzy DEBUGINFOD_URLS=https://debuginfod.ubuntu.com /usr/bin/cmake --build /home/amoulouel/bumperbot_ws/build/bumperbot_controller -- -j16 -l16
[0.039s] -- Found ament_cmake: 2.5.3 (/opt/ros/jazzy/share/ament_cmake/cmake)
[0.288s] -- Found rclcpp: 28.1.6 (/opt/ros/jazzy/share/rclcpp/cmake)
[0.318s] -- Found rosidl_generator_c: 4.6.5 (/opt/ros/jazzy/share/rosidl_generator_c/cmake)
[0.328s] -- Found rosidl_generator_cpp: 4.6.5 (/opt/ros/jazzy/share/rosidl_generator_cpp/cmake)
[0.341s] -- Using all available rosidl_typesupport_c: rosidl_typesupport_fastrtps_c;rosidl_typesupport_introspection_c
[0.357s] -- Using all available rosidl_typesupport_cpp: rosidl_typesupport_fastrtps_cpp;rosidl_typesupport_introspection_cpp
[0.417s] -- Found rmw_implementation_cmake: 7.3.1 (/opt/ros/jazzy/share/rmw_implementation_cmake/cmake)
[0.418s] -- Found rmw_fastrtps_cpp: 8.4.1 (/opt/ros/jazzy/share/rmw_fastrtps_cpp/cmake)
[0.478s] -- Using RMW implementation 'rmw_fastrtps_cpp' as default
[0.534s] -- Found rclpy: 7.1.3 (/opt/ros/jazzy/share/rclpy/cmake)
[0.534s] -- Found geometry_msgs: 5.3.5 (/opt/ros/jazzy/share/geometry_msgs/cmake)
[0.564s] -- Found sensor_msgs: 5.3.5 (/opt/ros/jazzy/share/sensor_msgs/cmake)
[0.590s] -- Found nav_msgs: 5.3.5 (/opt/ros/jazzy/share/nav_msgs/cmake)
[0.611s] -- Found tf2_ros: 0.36.8 (/opt/ros/jazzy/share/tf2_ros/cmake)
[0.838s] [31mCMake Error at CMakeLists.txt:32 (install):
[0.838s]   install TARGETS given target "twist_to_twist_stamped" which does not exist.
[0.838s] 
[0.838s] [0m
[0.927s] -- Configuring incomplete, errors occurred!
[0.934s] gmake: *** [Makefile:336 : cmake_check_build_system] Erreur 1
[0.936s] Invoked command in '/home/amoulouel/bumperbot_ws/build/bumperbot_controller' returned '2': CMAKE_PREFIX_PATH=${CMAKE_PREFIX_PATH}:/home/amoulouel/tutorial_bumperbot_ws/install/bumperbot_py_examples:/home/amoulouel/bumperbot_ws/install/bumperbot_py_examples:/opt/ros/jazzy DEBUGINFOD_URLS=https://debuginfod.ubuntu.com /usr/bin/cmake --build /home/amoulouel/bumperbot_ws/build/bumperbot_controller -- -j16 -l16
