[0.019s] Invoking command in '/home/amoulouel/bumperbot_ws/build/bumperbot_localization': CMAKE_PREFIX_PATH=${CMAKE_PREFIX_PATH}:/home/amoulouel/bumperbot_ws/install/bumperbot_py_examples:/opt/ros/jazzy DEBUGINFOD_URLS=https://debuginfod.ubuntu.com /usr/bin/cmake --build /home/amoulouel/bumperbot_ws/build/bumperbot_localization -- -j16 -l16
[0.040s] -- Found ament_cmake: 2.5.3 (/opt/ros/jazzy/share/ament_cmake/cmake)
[0.324s] -- Found rclcpp: 28.1.6 (/opt/ros/jazzy/share/rclcpp/cmake)
[0.349s] -- Found rosidl_generator_c: 4.6.5 (/opt/ros/jazzy/share/rosidl_generator_c/cmake)
[0.357s] -- Found rosidl_generator_cpp: 4.6.5 (/opt/ros/jazzy/share/rosidl_generator_cpp/cmake)
[0.368s] -- Using all available rosidl_typesupport_c: rosidl_typesupport_fastrtps_c;rosidl_typesupport_introspection_c
[0.380s] -- Using all available rosidl_typesupport_cpp: rosidl_typesupport_fastrtps_cpp;rosidl_typesupport_introspection_cpp
[0.440s] -- Found rmw_implementation_cmake: 7.3.1 (/opt/ros/jazzy/share/rmw_implementation_cmake/cmake)
[0.441s] -- Found rmw_fastrtps_cpp: 8.4.1 (/opt/ros/jazzy/share/rmw_fastrtps_cpp/cmake)
[0.512s] -- Using RMW implementation 'rmw_fastrtps_cpp' as default
[0.580s] -- Found rclpy: 7.1.3 (/opt/ros/jazzy/share/rclpy/cmake)
[0.581s] -- Found nav_msgs: 5.3.5 (/opt/ros/jazzy/share/nav_msgs/cmake)
[0.655s] -- Found sensor_msgs: 5.3.5 (/opt/ros/jazzy/share/sensor_msgs/cmake)
[0.684s] -- Found tf2: 0.36.8 (/opt/ros/jazzy/share/tf2/cmake)
[0.902s] -- Configuring done (0.9s)
[0.930s] -- Generating done (0.0s)
[0.936s] -- Build files have been written to: /home/amoulouel/bumperbot_ws/build/bumperbot_localization
[0.980s] [ 33%] Built target imu_republisher
[0.982s] [ 66%] Built target kalman_filter
[0.982s] [100%] Built target odometry_motion_model
[0.984s] [100%] Built target ament_cmake_python_copy_bumperbot_localization
[1.213s] running egg_info
[1.233s] writing bumperbot_localization.egg-info/PKG-INFO
[1.234s] writing dependency_links to bumperbot_localization.egg-info/dependency_links.txt
[1.234s] writing top-level names to bumperbot_localization.egg-info/top_level.txt
[1.292s] reading manifest file 'bumperbot_localization.egg-info/SOURCES.txt'
[1.292s] writing manifest file 'bumperbot_localization.egg-info/SOURCES.txt'
[1.318s] [100%] Built target ament_cmake_python_build_bumperbot_localization_egg
[1.330s] Invoked command in '/home/amoulouel/bumperbot_ws/build/bumperbot_localization' returned '0': CMAKE_PREFIX_PATH=${CMAKE_PREFIX_PATH}:/home/amoulouel/bumperbot_ws/install/bumperbot_py_examples:/opt/ros/jazzy DEBUGINFOD_URLS=https://debuginfod.ubuntu.com /usr/bin/cmake --build /home/amoulouel/bumperbot_ws/build/bumperbot_localization -- -j16 -l16
[1.331s] Invoking command in '/home/amoulouel/bumperbot_ws/build/bumperbot_localization': CMAKE_PREFIX_PATH=${CMAKE_PREFIX_PATH}:/home/amoulouel/bumperbot_ws/install/bumperbot_py_examples:/opt/ros/jazzy DEBUGINFOD_URLS=https://debuginfod.ubuntu.com /usr/bin/cmake --install /home/amoulouel/bumperbot_ws/build/bumperbot_localization
[1.338s] -- Install configuration: ""
[1.338s] -- Up-to-date: /home/amoulouel/bumperbot_ws/install/bumperbot_localization/share/bumperbot_localization/environment/pythonpath.sh
[1.338s] -- Up-to-date: /home/amoulouel/bumperbot_ws/install/bumperbot_localization/share/bumperbot_localization/environment/pythonpath.dsv
[1.338s] -- Up-to-date: /home/amoulouel/bumperbot_ws/install/bumperbot_localization/lib/python3.12/site-packages/bumperbot_localization-0.0.0-py3.12.egg-info
[1.339s] -- Installing: /home/amoulouel/bumperbot_ws/install/bumperbot_localization/lib/python3.12/site-packages/bumperbot_localization-0.0.0-py3.12.egg-info/dependency_links.txt
[1.339s] -- Installing: /home/amoulouel/bumperbot_ws/install/bumperbot_localization/lib/python3.12/site-packages/bumperbot_localization-0.0.0-py3.12.egg-info/top_level.txt
[1.339s] -- Installing: /home/amoulouel/bumperbot_ws/install/bumperbot_localization/lib/python3.12/site-packages/bumperbot_localization-0.0.0-py3.12.egg-info/PKG-INFO
[1.339s] -- Installing: /home/amoulouel/bumperbot_ws/install/bumperbot_localization/lib/python3.12/site-packages/bumperbot_localization-0.0.0-py3.12.egg-info/SOURCES.txt
[1.339s] -- Up-to-date: /home/amoulouel/bumperbot_ws/install/bumperbot_localization/lib/python3.12/site-packages/bumperbot_localization
[1.339s] -- Up-to-date: /home/amoulouel/bumperbot_ws/install/bumperbot_localization/lib/python3.12/site-packages/bumperbot_localization/imu_republisher.py
[1.339s] -- Up-to-date: /home/amoulouel/bumperbot_ws/install/bumperbot_localization/lib/python3.12/site-packages/bumperbot_localization/__init__.py
[1.339s] -- Up-to-date: /home/amoulouel/bumperbot_ws/install/bumperbot_localization/lib/python3.12/site-packages/bumperbot_localization/odometry_motion_model.py
[1.339s] -- Up-to-date: /home/amoulouel/bumperbot_ws/install/bumperbot_localization/lib/python3.12/site-packages/bumperbot_localization/kalman_filter.py
[1.372s] Listing '/home/amoulouel/bumperbot_ws/install/bumperbot_localization/lib/python3.12/site-packages/bumperbot_localization'...
[1.376s] -- Up-to-date: /home/amoulouel/bumperbot_ws/install/bumperbot_localization/include/include
[1.376s] -- Up-to-date: /home/amoulouel/bumperbot_ws/install/bumperbot_localization/include/include/bumperbot_localization
[1.376s] -- Up-to-date: /home/amoulouel/bumperbot_ws/install/bumperbot_localization/include/include/bumperbot_localization/odometry_motion_model.hpp
[1.377s] -- Up-to-date: /home/amoulouel/bumperbot_ws/install/bumperbot_localization/include/include/bumperbot_localization/kalman_filter.hpp
[1.377s] -- Up-to-date: /home/amoulouel/bumperbot_ws/install/bumperbot_localization/lib/bumperbot_localization/kalman_filter
[1.377s] -- Up-to-date: /home/amoulouel/bumperbot_ws/install/bumperbot_localization/lib/bumperbot_localization/imu_republisher
[1.377s] -- Up-to-date: /home/amoulouel/bumperbot_ws/install/bumperbot_localization/lib/bumperbot_localization/odometry_motion_model
[1.377s] -- Up-to-date: /home/amoulouel/bumperbot_ws/install/bumperbot_localization/share/bumperbot_localization/launch
[1.377s] -- Up-to-date: /home/amoulouel/bumperbot_ws/install/bumperbot_localization/share/bumperbot_localization/launch/local_localization.launch.py
[1.377s] -- Installing: /home/amoulouel/bumperbot_ws/install/bumperbot_localization/share/bumperbot_localization/launch/global_localization.launch.py
[1.377s] -- Up-to-date: /home/amoulouel/bumperbot_ws/install/bumperbot_localization/share/bumperbot_localization/config
[1.377s] -- Up-to-date: /home/amoulouel/bumperbot_ws/install/bumperbot_localization/share/bumperbot_localization/config/ekf.yaml
[1.377s] -- Up-to-date: /home/amoulouel/bumperbot_ws/install/bumperbot_localization/lib/bumperbot_localization/kalman_filter.py
[1.377s] -- Up-to-date: /home/amoulouel/bumperbot_ws/install/bumperbot_localization/lib/bumperbot_localization/imu_republisher.py
[1.377s] -- Up-to-date: /home/amoulouel/bumperbot_ws/install/bumperbot_localization/lib/bumperbot_localization/odometry_motion_model.py
[1.377s] -- Installing: /home/amoulouel/bumperbot_ws/install/bumperbot_localization/share/ament_index/resource_index/package_run_dependencies/bumperbot_localization
[1.378s] -- Installing: /home/amoulouel/bumperbot_ws/install/bumperbot_localization/share/ament_index/resource_index/parent_prefix_path/bumperbot_localization
[1.378s] -- Up-to-date: /home/amoulouel/bumperbot_ws/install/bumperbot_localization/share/bumperbot_localization/environment/ament_prefix_path.sh
[1.378s] -- Up-to-date: /home/amoulouel/bumperbot_ws/install/bumperbot_localization/share/bumperbot_localization/environment/ament_prefix_path.dsv
[1.378s] -- Up-to-date: /home/amoulouel/bumperbot_ws/install/bumperbot_localization/share/bumperbot_localization/environment/path.sh
[1.378s] -- Up-to-date: /home/amoulouel/bumperbot_ws/install/bumperbot_localization/share/bumperbot_localization/environment/path.dsv
[1.378s] -- Up-to-date: /home/amoulouel/bumperbot_ws/install/bumperbot_localization/share/bumperbot_localization/local_setup.bash
[1.378s] -- Up-to-date: /home/amoulouel/bumperbot_ws/install/bumperbot_localization/share/bumperbot_localization/local_setup.sh
[1.378s] -- Up-to-date: /home/amoulouel/bumperbot_ws/install/bumperbot_localization/share/bumperbot_localization/local_setup.zsh
[1.378s] -- Up-to-date: /home/amoulouel/bumperbot_ws/install/bumperbot_localization/share/bumperbot_localization/local_setup.dsv
[1.378s] -- Installing: /home/amoulouel/bumperbot_ws/install/bumperbot_localization/share/bumperbot_localization/package.dsv
[1.378s] -- Up-to-date: /home/amoulouel/bumperbot_ws/install/bumperbot_localization/share/ament_index/resource_index/packages/bumperbot_localization
[1.378s] -- Up-to-date: /home/amoulouel/bumperbot_ws/install/bumperbot_localization/share/bumperbot_localization/cmake/bumperbot_localizationConfig.cmake
[1.379s] -- Up-to-date: /home/amoulouel/bumperbot_ws/install/bumperbot_localization/share/bumperbot_localization/cmake/bumperbot_localizationConfig-version.cmake
[1.379s] -- Installing: /home/amoulouel/bumperbot_ws/install/bumperbot_localization/share/bumperbot_localization/package.xml
[1.380s] Invoked command in '/home/amoulouel/bumperbot_ws/build/bumperbot_localization' returned '0': CMAKE_PREFIX_PATH=${CMAKE_PREFIX_PATH}:/home/amoulouel/bumperbot_ws/install/bumperbot_py_examples:/opt/ros/jazzy DEBUGINFOD_URLS=https://debuginfod.ubuntu.com /usr/bin/cmake --install /home/amoulouel/bumperbot_ws/build/bumperbot_localization
