[0.030s] Invoking command in '/home/amoulouel/bumperbot_ws/build/bumperbot_utils': CMAKE_PREFIX_PATH=${CMAKE_PREFIX_PATH}:/opt/ros/jazzy DEBUGINFOD_URLS=https://debuginfod.ubuntu.com /usr/bin/cmake --build /home/amoulouel/bumperbot_ws/build/bumperbot_utils -- -j16 -l16
[0.172s] [100%] Built target safety_stop
[0.225s] [100%] Built target ament_cmake_python_copy_bumperbot_utils
[0.430s] running egg_info
[0.458s] writing bumperbot_utils.egg-info/PKG-INFO
[0.459s] writing dependency_links to bumperbot_utils.egg-info/dependency_links.txt
[0.459s] writing top-level names to bumperbot_utils.egg-info/top_level.txt
[0.547s] reading manifest file 'bumperbot_utils.egg-info/SOURCES.txt'
[0.548s] writing manifest file 'bumperbot_utils.egg-info/SOURCES.txt'
[0.612s] [100%] Built target ament_cmake_python_build_bumperbot_utils_egg
[0.628s] Invoked command in '/home/amoulouel/bumperbot_ws/build/bumperbot_utils' returned '0': CMAKE_PREFIX_PATH=${CMAKE_PREFIX_PATH}:/opt/ros/jazzy DEBUGINFOD_URLS=https://debuginfod.ubuntu.com /usr/bin/cmake --build /home/amoulouel/bumperbot_ws/build/bumperbot_utils -- -j16 -l16
[0.631s] Invoking command in '/home/amoulouel/bumperbot_ws/build/bumperbot_utils': CMAKE_PREFIX_PATH=${CMAKE_PREFIX_PATH}:/opt/ros/jazzy DEBUGINFOD_URLS=https://debuginfod.ubuntu.com /usr/bin/cmake --install /home/amoulouel/bumperbot_ws/build/bumperbot_utils
[0.644s] -- Install configuration: ""
[0.644s] -- Up-to-date: /home/amoulouel/bumperbot_ws/install/bumperbot_utils/share/bumperbot_utils/environment/pythonpath.sh
[0.644s] -- Up-to-date: /home/amoulouel/bumperbot_ws/install/bumperbot_utils/share/bumperbot_utils/environment/pythonpath.dsv
[0.644s] -- Up-to-date: /home/amoulouel/bumperbot_ws/install/bumperbot_utils/lib/python3.12/site-packages/bumperbot_utils-0.0.0-py3.12.egg-info
[0.644s] -- Installing: /home/amoulouel/bumperbot_ws/install/bumperbot_utils/lib/python3.12/site-packages/bumperbot_utils-0.0.0-py3.12.egg-info/dependency_links.txt
[0.645s] -- Installing: /home/amoulouel/bumperbot_ws/install/bumperbot_utils/lib/python3.12/site-packages/bumperbot_utils-0.0.0-py3.12.egg-info/top_level.txt
[0.645s] -- Installing: /home/amoulouel/bumperbot_ws/install/bumperbot_utils/lib/python3.12/site-packages/bumperbot_utils-0.0.0-py3.12.egg-info/PKG-INFO
[0.645s] -- Installing: /home/amoulouel/bumperbot_ws/install/bumperbot_utils/lib/python3.12/site-packages/bumperbot_utils-0.0.0-py3.12.egg-info/SOURCES.txt
[0.645s] -- Up-to-date: /home/amoulouel/bumperbot_ws/install/bumperbot_utils/lib/python3.12/site-packages/bumperbot_utils
[0.645s] -- Up-to-date: /home/amoulouel/bumperbot_ws/install/bumperbot_utils/lib/python3.12/site-packages/bumperbot_utils/__init__.py
[0.647s] -- Up-to-date: /home/amoulouel/bumperbot_ws/install/bumperbot_utils/lib/python3.12/site-packages/bumperbot_utils/safety_stop.py
[0.696s] Listing '/home/amoulouel/bumperbot_ws/install/bumperbot_utils/lib/python3.12/site-packages/bumperbot_utils'...
[0.707s] -- Up-to-date: /home/amoulouel/bumperbot_ws/install/bumperbot_utils/lib/bumperbot_utils/safety_stop
[0.707s] -- Up-to-date: /home/amoulouel/bumperbot_ws/install/bumperbot_utils/lib/bumperbot_utils/safety_stop.py
[0.707s] -- Up-to-date: /home/amoulouel/bumperbot_ws/install/bumperbot_utils/share/ament_index/resource_index/package_run_dependencies/bumperbot_utils
[0.707s] -- Up-to-date: /home/amoulouel/bumperbot_ws/install/bumperbot_utils/share/ament_index/resource_index/parent_prefix_path/bumperbot_utils
[0.707s] -- Up-to-date: /home/amoulouel/bumperbot_ws/install/bumperbot_utils/share/bumperbot_utils/environment/ament_prefix_path.sh
[0.707s] -- Up-to-date: /home/amoulouel/bumperbot_ws/install/bumperbot_utils/share/bumperbot_utils/environment/ament_prefix_path.dsv
[0.708s] -- Up-to-date: /home/amoulouel/bumperbot_ws/install/bumperbot_utils/share/bumperbot_utils/environment/path.sh
[0.708s] -- Up-to-date: /home/amoulouel/bumperbot_ws/install/bumperbot_utils/share/bumperbot_utils/environment/path.dsv
[0.708s] -- Up-to-date: /home/amoulouel/bumperbot_ws/install/bumperbot_utils/share/bumperbot_utils/local_setup.bash
[0.708s] -- Up-to-date: /home/amoulouel/bumperbot_ws/install/bumperbot_utils/share/bumperbot_utils/local_setup.sh
[0.708s] -- Up-to-date: /home/amoulouel/bumperbot_ws/install/bumperbot_utils/share/bumperbot_utils/local_setup.zsh
[0.708s] -- Up-to-date: /home/amoulouel/bumperbot_ws/install/bumperbot_utils/share/bumperbot_utils/local_setup.dsv
[0.708s] -- Installing: /home/amoulouel/bumperbot_ws/install/bumperbot_utils/share/bumperbot_utils/package.dsv
[0.708s] -- Up-to-date: /home/amoulouel/bumperbot_ws/install/bumperbot_utils/share/ament_index/resource_index/packages/bumperbot_utils
[0.709s] -- Up-to-date: /home/amoulouel/bumperbot_ws/install/bumperbot_utils/share/bumperbot_utils/cmake/bumperbot_utilsConfig.cmake
[0.709s] -- Up-to-date: /home/amoulouel/bumperbot_ws/install/bumperbot_utils/share/bumperbot_utils/cmake/bumperbot_utilsConfig-version.cmake
[0.709s] -- Up-to-date: /home/amoulouel/bumperbot_ws/install/bumperbot_utils/share/bumperbot_utils/package.xml
[0.713s] Invoked command in '/home/amoulouel/bumperbot_ws/build/bumperbot_utils' returned '0': CMAKE_PREFIX_PATH=${CMAKE_PREFIX_PATH}:/opt/ros/jazzy DEBUGINFOD_URLS=https://debuginfod.ubuntu.com /usr/bin/cmake --install /home/amoulouel/bumperbot_ws/build/bumperbot_utils
