[0.017s] Invoking command in '/home/amoulouel/bumperbot_ws/src/build/bumperbot_controller': CMAKE_PREFIX_PATH=${CMAKE_PREFIX_PATH}:/opt/ros/jazzy DEBUGINFOD_URLS=https://debuginfod.ubuntu.com /usr/bin/cmake /home/amoulouel/bumperbot_ws/src/bumperbot_controller -DCMAKE_INSTALL_PREFIX=/home/amoulouel/bumperbot_ws/src/install/bumperbot_controller
[0.071s] -- The C compiler identification is GNU 13.3.0
[0.130s] -- The CXX compiler identification is GNU 13.3.0
[0.145s] -- Detecting C compiler ABI info
[0.223s] -- Detecting C compiler ABI info - done
[0.233s] -- Check for working C compiler: /usr/bin/cc - skipped
[0.233s] -- Detecting C compile features
[0.234s] -- Detecting C compile features - done
[0.243s] -- Detecting CXX compiler ABI info
[0.350s] -- Detecting CXX compiler ABI info - done
[0.366s] -- Check for working CXX compiler: /usr/bin/c++ - skipped
[0.367s] -- Detecting CXX compile features
[0.367s] -- Detecting CXX compile features - done
[0.372s] -- Found ament_cmake: 2.5.3 (/opt/ros/jazzy/share/ament_cmake/cmake)
[0.590s] -- Found Python3: /usr/bin/python3 (found version "3.12.3") found components: Interpreter 
[0.721s] -- Found rclcpp: 28.1.6 (/opt/ros/jazzy/share/rclcpp/cmake)
[0.795s] -- Found rosidl_generator_c: 4.6.5 (/opt/ros/jazzy/share/rosidl_generator_c/cmake)
[0.824s] -- Found rosidl_generator_cpp: 4.6.5 (/opt/ros/jazzy/share/rosidl_generator_cpp/cmake)
[0.855s] -- Using all available rosidl_typesupport_c: rosidl_typesupport_fastrtps_c;rosidl_typesupport_introspection_c
[0.887s] -- Using all available rosidl_typesupport_cpp: rosidl_typesupport_fastrtps_cpp;rosidl_typesupport_introspection_cpp
[0.979s] -- Found rmw_implementation_cmake: 7.3.1 (/opt/ros/jazzy/share/rmw_implementation_cmake/cmake)
[0.983s] -- Found rmw_fastrtps_cpp: 8.4.1 (/opt/ros/jazzy/share/rmw_fastrtps_cpp/cmake)
[1.091s] -- Found OpenSSL: /usr/lib/x86_64-linux-gnu/libcrypto.so (found version "3.0.13")  
[1.112s] -- Found FastRTPS: /opt/ros/jazzy/include (Required is at least version "2.13") 
[1.150s] -- Using RMW implementation 'rmw_fastrtps_cpp' as default
[1.234s] -- Found rclpy: 7.1.3 (/opt/ros/jazzy/share/rclpy/cmake)
[1.237s] -- Found geometry_msgs: 5.3.5 (/opt/ros/jazzy/share/geometry_msgs/cmake)
[1.270s] -- Found sensor_msgs: 5.3.5 (/opt/ros/jazzy/share/sensor_msgs/cmake)
[1.298s] -- Found nav_msgs: 5.3.5 (/opt/ros/jazzy/share/nav_msgs/cmake)
[1.330s] -- Found tf2_ros: 0.36.8 (/opt/ros/jazzy/share/tf2_ros/cmake)
[1.694s] -- Configuring done (1.7s)
[1.733s] -- Generating done (0.0s)
[1.747s] -- Build files have been written to: /home/amoulouel/bumperbot_ws/src/build/bumperbot_controller
[1.759s] Invoked command in '/home/amoulouel/bumperbot_ws/src/build/bumperbot_controller' returned '0': CMAKE_PREFIX_PATH=${CMAKE_PREFIX_PATH}:/opt/ros/jazzy DEBUGINFOD_URLS=https://debuginfod.ubuntu.com /usr/bin/cmake /home/amoulouel/bumperbot_ws/src/bumperbot_controller -DCMAKE_INSTALL_PREFIX=/home/amoulouel/bumperbot_ws/src/install/bumperbot_controller
[1.760s] Invoking command in '/home/amoulouel/bumperbot_ws/src/build/bumperbot_controller': CMAKE_PREFIX_PATH=${CMAKE_PREFIX_PATH}:/opt/ros/jazzy DEBUGINFOD_URLS=https://debuginfod.ubuntu.com /usr/bin/cmake --build /home/amoulouel/bumperbot_ws/src/build/bumperbot_controller -- -j16 -l16
[1.823s] [ 16%] [32mBuilding CXX object CMakeFiles/twist_relay.dir/src/twist_relay.cpp.o[0m
[1.825s] [ 33%] [32mBuilding CXX object CMakeFiles/noisy_controller.dir/src/noisy_controller.cpp.o[0m
[1.825s] [ 50%] [32mBuilding CXX object CMakeFiles/simple_controller.dir/src/simple_controller.cpp.o[0m
[1.839s] [ 50%] Built target ament_cmake_python_copy_bumperbot_controller
[2.193s] running egg_info
[2.193s] creating bumperbot_controller.egg-info
[2.224s] writing bumperbot_controller.egg-info/PKG-INFO
[2.225s] writing dependency_links to bumperbot_controller.egg-info/dependency_links.txt
[2.225s] writing top-level names to bumperbot_controller.egg-info/top_level.txt
[2.225s] writing manifest file 'bumperbot_controller.egg-info/SOURCES.txt'
[2.324s] reading manifest file 'bumperbot_controller.egg-info/SOURCES.txt'
[2.324s] writing manifest file 'bumperbot_controller.egg-info/SOURCES.txt'
[2.376s] [ 50%] Built target ament_cmake_python_build_bumperbot_controller_egg
[17.945s] [ 66%] [32m[1mLinking CXX executable noisy_controller[0m
[18.244s] [ 83%] [32m[1mLinking CXX executable twist_relay[0m
[18.756s] [ 83%] Built target noisy_controller
[19.011s] [ 83%] Built target twist_relay
[23.090s] [100%] [32m[1mLinking CXX executable simple_controller[0m
[23.614s] [100%] Built target simple_controller
[23.625s] Invoked command in '/home/amoulouel/bumperbot_ws/src/build/bumperbot_controller' returned '0': CMAKE_PREFIX_PATH=${CMAKE_PREFIX_PATH}:/opt/ros/jazzy DEBUGINFOD_URLS=https://debuginfod.ubuntu.com /usr/bin/cmake --build /home/amoulouel/bumperbot_ws/src/build/bumperbot_controller -- -j16 -l16
[23.626s] Invoking command in '/home/amoulouel/bumperbot_ws/src/build/bumperbot_controller': CMAKE_PREFIX_PATH=${CMAKE_PREFIX_PATH}:/opt/ros/jazzy DEBUGINFOD_URLS=https://debuginfod.ubuntu.com /usr/bin/cmake --install /home/amoulouel/bumperbot_ws/src/build/bumperbot_controller
[23.634s] -- Install configuration: ""
[23.634s] -- Installing: /home/amoulouel/bumperbot_ws/src/install/bumperbot_controller/share/bumperbot_controller/environment/pythonpath.sh
[23.634s] -- Installing: /home/amoulouel/bumperbot_ws/src/install/bumperbot_controller/share/bumperbot_controller/environment/pythonpath.dsv
[23.634s] -- Installing: /home/amoulouel/bumperbot_ws/src/install/bumperbot_controller/lib/python3.12/site-packages/bumperbot_controller-0.0.0-py3.12.egg-info
[23.634s] -- Installing: /home/amoulouel/bumperbot_ws/src/install/bumperbot_controller/lib/python3.12/site-packages/bumperbot_controller-0.0.0-py3.12.egg-info/dependency_links.txt
[23.634s] -- Installing: /home/amoulouel/bumperbot_ws/src/install/bumperbot_controller/lib/python3.12/site-packages/bumperbot_controller-0.0.0-py3.12.egg-info/top_level.txt
[23.634s] -- Installing: /home/amoulouel/bumperbot_ws/src/install/bumperbot_controller/lib/python3.12/site-packages/bumperbot_controller-0.0.0-py3.12.egg-info/PKG-INFO
[23.634s] -- Installing: /home/amoulouel/bumperbot_ws/src/install/bumperbot_controller/lib/python3.12/site-packages/bumperbot_controller-0.0.0-py3.12.egg-info/SOURCES.txt
[23.634s] -- Installing: /home/amoulouel/bumperbot_ws/src/install/bumperbot_controller/lib/python3.12/site-packages/bumperbot_controller
[23.635s] -- Installing: /home/amoulouel/bumperbot_ws/src/install/bumperbot_controller/lib/python3.12/site-packages/bumperbot_controller/__init__.py
[23.635s] -- Installing: /home/amoulouel/bumperbot_ws/src/install/bumperbot_controller/lib/python3.12/site-packages/bumperbot_controller/twist_relay.py
[23.635s] -- Installing: /home/amoulouel/bumperbot_ws/src/install/bumperbot_controller/lib/python3.12/site-packages/bumperbot_controller/simple_controller.py
[23.635s] -- Installing: /home/amoulouel/bumperbot_ws/src/install/bumperbot_controller/lib/python3.12/site-packages/bumperbot_controller/noisy_controller.py
[23.671s] Listing '/home/amoulouel/bumperbot_ws/src/install/bumperbot_controller/lib/python3.12/site-packages/bumperbot_controller'...
[23.672s] Compiling '/home/amoulouel/bumperbot_ws/src/install/bumperbot_controller/lib/python3.12/site-packages/bumperbot_controller/__init__.py'...
[23.672s] Compiling '/home/amoulouel/bumperbot_ws/src/install/bumperbot_controller/lib/python3.12/site-packages/bumperbot_controller/noisy_controller.py'...
[23.672s] Compiling '/home/amoulouel/bumperbot_ws/src/install/bumperbot_controller/lib/python3.12/site-packages/bumperbot_controller/simple_controller.py'...
[23.672s] Compiling '/home/amoulouel/bumperbot_ws/src/install/bumperbot_controller/lib/python3.12/site-packages/bumperbot_controller/twist_relay.py'...
[23.677s] -- Installing: /home/amoulouel/bumperbot_ws/src/install/bumperbot_controller/include/include
[23.678s] -- Installing: /home/amoulouel/bumperbot_ws/src/install/bumperbot_controller/include/include/bumperbot_controller
[23.678s] -- Installing: /home/amoulouel/bumperbot_ws/src/install/bumperbot_controller/include/include/bumperbot_controller/noisy_controller.hpp
[23.678s] -- Installing: /home/amoulouel/bumperbot_ws/src/install/bumperbot_controller/include/include/bumperbot_controller/simple_controller.hpp
[23.678s] -- Installing: /home/amoulouel/bumperbot_ws/src/install/bumperbot_controller/lib/bumperbot_controller/simple_controller
[23.685s] -- Set non-toolchain portion of runtime path of "/home/amoulouel/bumperbot_ws/src/install/bumperbot_controller/lib/bumperbot_controller/simple_controller" to ""
[23.685s] -- Installing: /home/amoulouel/bumperbot_ws/src/install/bumperbot_controller/lib/bumperbot_controller/noisy_controller
[23.688s] -- Set non-toolchain portion of runtime path of "/home/amoulouel/bumperbot_ws/src/install/bumperbot_controller/lib/bumperbot_controller/noisy_controller" to ""
[23.688s] -- Installing: /home/amoulouel/bumperbot_ws/src/install/bumperbot_controller/lib/bumperbot_controller/twist_relay
[23.693s] -- Set non-toolchain portion of runtime path of "/home/amoulouel/bumperbot_ws/src/install/bumperbot_controller/lib/bumperbot_controller/twist_relay" to ""
[23.693s] -- Installing: /home/amoulouel/bumperbot_ws/src/install/bumperbot_controller/share/bumperbot_controller/launch
[23.693s] -- Installing: /home/amoulouel/bumperbot_ws/src/install/bumperbot_controller/share/bumperbot_controller/launch/joystick_teleop.launch.py
[23.693s] -- Installing: /home/amoulouel/bumperbot_ws/src/install/bumperbot_controller/share/bumperbot_controller/launch/controller.launch.py
[23.693s] -- Installing: /home/amoulouel/bumperbot_ws/src/install/bumperbot_controller/share/bumperbot_controller/config
[23.693s] -- Installing: /home/amoulouel/bumperbot_ws/src/install/bumperbot_controller/share/bumperbot_controller/config/joy_config.yaml
[23.694s] -- Installing: /home/amoulouel/bumperbot_ws/src/install/bumperbot_controller/share/bumperbot_controller/config/joy_teleop.yaml
[23.694s] -- Installing: /home/amoulouel/bumperbot_ws/src/install/bumperbot_controller/share/bumperbot_controller/config/twist_mux_joy.yaml
[23.694s] -- Installing: /home/amoulouel/bumperbot_ws/src/install/bumperbot_controller/share/bumperbot_controller/config/twist_mux_locks.yaml
[23.694s] -- Installing: /home/amoulouel/bumperbot_ws/src/install/bumperbot_controller/share/bumperbot_controller/config/twist_mux_topics.yaml
[23.694s] -- Installing: /home/amoulouel/bumperbot_ws/src/install/bumperbot_controller/share/bumperbot_controller/config/bumperbot_controllers.yaml
[23.694s] -- Installing: /home/amoulouel/bumperbot_ws/src/install/bumperbot_controller/lib/bumperbot_controller/simple_controller.py
[23.694s] -- Installing: /home/amoulouel/bumperbot_ws/src/install/bumperbot_controller/lib/bumperbot_controller/noisy_controller.py
[23.694s] -- Installing: /home/amoulouel/bumperbot_ws/src/install/bumperbot_controller/lib/bumperbot_controller/twist_relay.py
[23.695s] -- Installing: /home/amoulouel/bumperbot_ws/src/install/bumperbot_controller/share/ament_index/resource_index/package_run_dependencies/bumperbot_controller
[23.695s] -- Installing: /home/amoulouel/bumperbot_ws/src/install/bumperbot_controller/share/ament_index/resource_index/parent_prefix_path/bumperbot_controller
[23.695s] -- Installing: /home/amoulouel/bumperbot_ws/src/install/bumperbot_controller/share/bumperbot_controller/environment/ament_prefix_path.sh
[23.695s] -- Installing: /home/amoulouel/bumperbot_ws/src/install/bumperbot_controller/share/bumperbot_controller/environment/ament_prefix_path.dsv
[23.695s] -- Installing: /home/amoulouel/bumperbot_ws/src/install/bumperbot_controller/share/bumperbot_controller/environment/path.sh
[23.695s] -- Installing: /home/amoulouel/bumperbot_ws/src/install/bumperbot_controller/share/bumperbot_controller/environment/path.dsv
[23.695s] -- Installing: /home/amoulouel/bumperbot_ws/src/install/bumperbot_controller/share/bumperbot_controller/local_setup.bash
[23.695s] -- Installing: /home/amoulouel/bumperbot_ws/src/install/bumperbot_controller/share/bumperbot_controller/local_setup.sh
[23.695s] -- Installing: /home/amoulouel/bumperbot_ws/src/install/bumperbot_controller/share/bumperbot_controller/local_setup.zsh
[23.695s] -- Installing: /home/amoulouel/bumperbot_ws/src/install/bumperbot_controller/share/bumperbot_controller/local_setup.dsv
[23.695s] -- Installing: /home/amoulouel/bumperbot_ws/src/install/bumperbot_controller/share/bumperbot_controller/package.dsv
[23.695s] -- Installing: /home/amoulouel/bumperbot_ws/src/install/bumperbot_controller/share/ament_index/resource_index/packages/bumperbot_controller
[23.695s] -- Installing: /home/amoulouel/bumperbot_ws/src/install/bumperbot_controller/share/bumperbot_controller/cmake/bumperbot_controllerConfig.cmake
[23.696s] -- Installing: /home/amoulouel/bumperbot_ws/src/install/bumperbot_controller/share/bumperbot_controller/cmake/bumperbot_controllerConfig-version.cmake
[23.696s] -- Installing: /home/amoulouel/bumperbot_ws/src/install/bumperbot_controller/share/bumperbot_controller/package.xml
[23.699s] Invoked command in '/home/amoulouel/bumperbot_ws/src/build/bumperbot_controller' returned '0': CMAKE_PREFIX_PATH=${CMAKE_PREFIX_PATH}:/opt/ros/jazzy DEBUGINFOD_URLS=https://debuginfod.ubuntu.com /usr/bin/cmake --install /home/amoulouel/bumperbot_ws/src/build/bumperbot_controller
