[0.024s] Invoking command in '/home/amoulouel/bumperbot_ws/build/bumperbot_localization': CMAKE_PREFIX_PATH=${CMAKE_PREFIX_PATH}:/home/amoulouel/bumperbot_ws/install/bumperbot_py_examples:/opt/ros/jazzy DEBUGINFOD_URLS=https://debuginfod.ubuntu.com /usr/bin/cmake --build /home/amoulouel/bumperbot_ws/build/bumperbot_localization -- -j16 -l16
[0.051s] -- Found ament_cmake: 2.5.3 (/opt/ros/jazzy/share/ament_cmake/cmake)
[0.402s] -- Found rclcpp: 28.1.6 (/opt/ros/jazzy/share/rclcpp/cmake)
[0.460s] -- Found rosidl_generator_c: 4.6.5 (/opt/ros/jazzy/share/rosidl_generator_c/cmake)
[0.477s] -- Found rosidl_generator_cpp: 4.6.5 (/opt/ros/jazzy/share/rosidl_generator_cpp/cmake)
[0.503s] -- Using all available rosidl_typesupport_c: rosidl_typesupport_fastrtps_c;rosidl_typesupport_introspection_c
[0.536s] -- Using all available rosidl_typesupport_cpp: rosidl_typesupport_fastrtps_cpp;rosidl_typesupport_introspection_cpp
[0.680s] -- Found rmw_implementation_cmake: 7.3.1 (/opt/ros/jazzy/share/rmw_implementation_cmake/cmake)
[0.683s] -- Found rmw_fastrtps_cpp: 8.4.1 (/opt/ros/jazzy/share/rmw_fastrtps_cpp/cmake)
[0.809s] -- Using RMW implementation 'rmw_fastrtps_cpp' as default
[1.004s] -- Found rclpy: 7.1.3 (/opt/ros/jazzy/share/rclpy/cmake)
[1.005s] -- Found nav_msgs: 5.3.5 (/opt/ros/jazzy/share/nav_msgs/cmake)
[1.126s] -- Found sensor_msgs: 5.3.5 (/opt/ros/jazzy/share/sensor_msgs/cmake)
[1.168s] -- Found tf2: 0.36.8 (/opt/ros/jazzy/share/tf2/cmake)
[1.641s] -- Configuring done (1.6s)
[1.707s] -- Generating done (0.0s)
[1.732s] -- Build files have been written to: /home/amoulouel/bumperbot_ws/build/bumperbot_localization
[1.833s] [ 16%] [32mBuilding CXX object CMakeFiles/kalman_filter.dir/src/kalman_filter.cpp.o[0m
[1.833s] [ 33%] [32mBuilding CXX object CMakeFiles/imu_republisher.dir/src/imu_republisher.cpp.o[0m
[1.836s] [ 50%] [32mBuilding CXX object CMakeFiles/odometry_motion_model.dir/src/odometry_motion_model.cpp.o[0m
[1.839s] [ 50%] Built target ament_cmake_python_copy_bumperbot_localization
[2.265s] running egg_info
[2.302s] writing bumperbot_localization.egg-info/PKG-INFO
[2.302s] writing dependency_links to bumperbot_localization.egg-info/dependency_links.txt
[2.303s] writing top-level names to bumperbot_localization.egg-info/top_level.txt
[2.437s] reading manifest file 'bumperbot_localization.egg-info/SOURCES.txt'
[2.446s] writing manifest file 'bumperbot_localization.egg-info/SOURCES.txt'
[2.491s] [ 50%] Built target ament_cmake_python_build_bumperbot_localization_egg
[12.069s] [ 66%] [32m[1mLinking CXX executable imu_republisher[0m
[12.302s] [ 66%] Built target imu_republisher
[12.359s] [ 83%] [32m[1mLinking CXX executable odometry_motion_model[0m
[12.611s] [ 83%] Built target odometry_motion_model
[13.822s] [100%] [32m[1mLinking CXX executable kalman_filter[0m
[14.064s] [100%] Built target kalman_filter
