[0.079s] DEBUG:colcon:Command line arguments: ['/usr/bin/colcon', 'build']
[0.079s] DEBUG:colcon:Parsed command line arguments: Namespace(log_base=None, log_level=None, verb_name='build', build_base='build', install_base='install', merge_install=False, symlink_install=False, test_result_base=None, continue_on_error=False, executor='parallel', parallel_workers=16, event_handlers=None, ignore_user_meta=False, metas=['./colcon.meta'], base_paths=['.'], packages_ignore=None, packages_ignore_regex=None, paths=None, packages_up_to=None, packages_up_to_regex=None, packages_above=None, packages_above_and_dependencies=None, packages_above_depth=None, packages_select_by_dep=None, packages_skip_by_dep=None, packages_skip_up_to=None, packages_select_build_failed=False, packages_skip_build_finished=False, packages_select_test_failures=False, packages_skip_test_passed=False, packages_select=None, packages_skip=None, packages_select_regex=None, packages_skip_regex=None, packages_start=None, packages_end=None, allow_overriding=[], cmake_args=None, cmake_target=None, cmake_target_skip_unavailable=False, cmake_clean_cache=False, cmake_clean_first=False, cmake_force_configure=False, ament_cmake_args=None, catkin_cmake_args=None, catkin_skip_building_tests=False, mixin_files=None, mixin=None, verb_parser=<colcon_mixin.mixin.mixin_argument.MixinArgumentDecorator object at 0x7190778ac350>, verb_extension=<colcon_core.verb.build.BuildVerb object at 0x719077873ec0>, main=<bound method BuildVerb.main of <colcon_core.verb.build.BuildVerb object at 0x719077873ec0>>, mixin_verb=('build',))
[0.107s] Level 1:colcon.colcon_core.package_discovery:discover_packages(colcon_meta) check parameters
[0.107s] Level 1:colcon.colcon_core.package_discovery:discover_packages(recursive) check parameters
[0.107s] Level 1:colcon.colcon_core.package_discovery:discover_packages(ignore) check parameters
[0.107s] Level 1:colcon.colcon_core.package_discovery:discover_packages(path) check parameters
[0.108s] Level 1:colcon.colcon_core.package_discovery:discover_packages(colcon_meta) discover
[0.108s] Level 1:colcon.colcon_core.package_discovery:discover_packages(recursive) discover
[0.108s] INFO:colcon.colcon_core.package_discovery:Crawling recursively for packages in '/home/amoulouel/bumperbot_ws'
[0.108s] Level 1:colcon.colcon_core.package_identification:_identify(.) by extensions ['ignore', 'ignore_ament_install']
[0.108s] Level 1:colcon.colcon_core.package_identification:_identify(.) by extension 'ignore'
[0.108s] Level 1:colcon.colcon_core.package_identification:_identify(.) by extension 'ignore_ament_install'
[0.108s] Level 1:colcon.colcon_core.package_identification:_identify(.) by extensions ['colcon_pkg']
[0.108s] Level 1:colcon.colcon_core.package_identification:_identify(.) by extension 'colcon_pkg'
[0.108s] Level 1:colcon.colcon_core.package_identification:_identify(.) by extensions ['colcon_meta']
[0.108s] Level 1:colcon.colcon_core.package_identification:_identify(.) by extension 'colcon_meta'
[0.108s] Level 1:colcon.colcon_core.package_identification:_identify(.) by extensions ['ros']
[0.108s] Level 1:colcon.colcon_core.package_identification:_identify(.) by extension 'ros'
[0.130s] Level 1:colcon.colcon_core.package_identification:_identify(.) by extensions ['cmake', 'python']
[0.130s] Level 1:colcon.colcon_core.package_identification:_identify(.) by extension 'cmake'
[0.130s] Level 1:colcon.colcon_core.package_identification:_identify(.) by extension 'python'
[0.130s] Level 1:colcon.colcon_core.package_identification:_identify(.) by extensions ['python_setup_py']
[0.130s] Level 1:colcon.colcon_core.package_identification:_identify(.) by extension 'python_setup_py'
[0.130s] Level 1:colcon.colcon_core.package_identification:_identify(build) by extensions ['ignore', 'ignore_ament_install']
[0.130s] Level 1:colcon.colcon_core.package_identification:_identify(build) by extension 'ignore'
[0.130s] Level 1:colcon.colcon_core.package_identification:_identify(build) ignored
[0.131s] Level 1:colcon.colcon_core.package_identification:_identify(install) by extensions ['ignore', 'ignore_ament_install']
[0.131s] Level 1:colcon.colcon_core.package_identification:_identify(install) by extension 'ignore'
[0.131s] Level 1:colcon.colcon_core.package_identification:_identify(install) ignored
[0.131s] Level 1:colcon.colcon_core.package_identification:_identify(log) by extensions ['ignore', 'ignore_ament_install']
[0.131s] Level 1:colcon.colcon_core.package_identification:_identify(log) by extension 'ignore'
[0.131s] Level 1:colcon.colcon_core.package_identification:_identify(log) ignored
[0.131s] Level 1:colcon.colcon_core.package_identification:_identify(src) by extensions ['ignore', 'ignore_ament_install']
[0.131s] Level 1:colcon.colcon_core.package_identification:_identify(src) by extension 'ignore'
[0.131s] Level 1:colcon.colcon_core.package_identification:_identify(src) by extension 'ignore_ament_install'
[0.131s] Level 1:colcon.colcon_core.package_identification:_identify(src) by extensions ['colcon_pkg']
[0.131s] Level 1:colcon.colcon_core.package_identification:_identify(src) by extension 'colcon_pkg'
[0.131s] Level 1:colcon.colcon_core.package_identification:_identify(src) by extensions ['colcon_meta']
[0.131s] Level 1:colcon.colcon_core.package_identification:_identify(src) by extension 'colcon_meta'
[0.131s] Level 1:colcon.colcon_core.package_identification:_identify(src) by extensions ['ros']
[0.131s] Level 1:colcon.colcon_core.package_identification:_identify(src) by extension 'ros'
[0.131s] Level 1:colcon.colcon_core.package_identification:_identify(src) by extensions ['cmake', 'python']
[0.131s] Level 1:colcon.colcon_core.package_identification:_identify(src) by extension 'cmake'
[0.131s] Level 1:colcon.colcon_core.package_identification:_identify(src) by extension 'python'
[0.131s] Level 1:colcon.colcon_core.package_identification:_identify(src) by extensions ['python_setup_py']
[0.131s] Level 1:colcon.colcon_core.package_identification:_identify(src) by extension 'python_setup_py'
[0.131s] Level 1:colcon.colcon_core.package_identification:_identify(src/bumperbot_bringup) by extensions ['ignore', 'ignore_ament_install']
[0.131s] Level 1:colcon.colcon_core.package_identification:_identify(src/bumperbot_bringup) by extension 'ignore'
[0.131s] Level 1:colcon.colcon_core.package_identification:_identify(src/bumperbot_bringup) by extension 'ignore_ament_install'
[0.131s] Level 1:colcon.colcon_core.package_identification:_identify(src/bumperbot_bringup) by extensions ['colcon_pkg']
[0.131s] Level 1:colcon.colcon_core.package_identification:_identify(src/bumperbot_bringup) by extension 'colcon_pkg'
[0.131s] Level 1:colcon.colcon_core.package_identification:_identify(src/bumperbot_bringup) by extensions ['colcon_meta']
[0.131s] Level 1:colcon.colcon_core.package_identification:_identify(src/bumperbot_bringup) by extension 'colcon_meta'
[0.131s] Level 1:colcon.colcon_core.package_identification:_identify(src/bumperbot_bringup) by extensions ['ros']
[0.131s] Level 1:colcon.colcon_core.package_identification:_identify(src/bumperbot_bringup) by extension 'ros'
[0.133s] DEBUG:colcon.colcon_core.package_identification:Package 'src/bumperbot_bringup' with type 'ros.ament_cmake' and name 'bumperbot_bringup'
[0.133s] Level 1:colcon.colcon_core.package_identification:_identify(src/bumperbot_controller) by extensions ['ignore', 'ignore_ament_install']
[0.133s] Level 1:colcon.colcon_core.package_identification:_identify(src/bumperbot_controller) by extension 'ignore'
[0.133s] Level 1:colcon.colcon_core.package_identification:_identify(src/bumperbot_controller) by extension 'ignore_ament_install'
[0.133s] Level 1:colcon.colcon_core.package_identification:_identify(src/bumperbot_controller) by extensions ['colcon_pkg']
[0.133s] Level 1:colcon.colcon_core.package_identification:_identify(src/bumperbot_controller) by extension 'colcon_pkg'
[0.134s] Level 1:colcon.colcon_core.package_identification:_identify(src/bumperbot_controller) by extensions ['colcon_meta']
[0.134s] Level 1:colcon.colcon_core.package_identification:_identify(src/bumperbot_controller) by extension 'colcon_meta'
[0.134s] Level 1:colcon.colcon_core.package_identification:_identify(src/bumperbot_controller) by extensions ['ros']
[0.134s] Level 1:colcon.colcon_core.package_identification:_identify(src/bumperbot_controller) by extension 'ros'
[0.134s] DEBUG:colcon.colcon_core.package_identification:Package 'src/bumperbot_controller' with type 'ros.ament_cmake' and name 'bumperbot_controller'
[0.135s] Level 1:colcon.colcon_core.package_identification:_identify(src/bumperbot_cpp_examples) by extensions ['ignore', 'ignore_ament_install']
[0.135s] Level 1:colcon.colcon_core.package_identification:_identify(src/bumperbot_cpp_examples) by extension 'ignore'
[0.135s] Level 1:colcon.colcon_core.package_identification:_identify(src/bumperbot_cpp_examples) by extension 'ignore_ament_install'
[0.135s] Level 1:colcon.colcon_core.package_identification:_identify(src/bumperbot_cpp_examples) by extensions ['colcon_pkg']
[0.135s] Level 1:colcon.colcon_core.package_identification:_identify(src/bumperbot_cpp_examples) by extension 'colcon_pkg'
[0.135s] Level 1:colcon.colcon_core.package_identification:_identify(src/bumperbot_cpp_examples) by extensions ['colcon_meta']
[0.135s] Level 1:colcon.colcon_core.package_identification:_identify(src/bumperbot_cpp_examples) by extension 'colcon_meta'
[0.135s] Level 1:colcon.colcon_core.package_identification:_identify(src/bumperbot_cpp_examples) by extensions ['ros']
[0.135s] Level 1:colcon.colcon_core.package_identification:_identify(src/bumperbot_cpp_examples) by extension 'ros'
[0.136s] DEBUG:colcon.colcon_core.package_identification:Package 'src/bumperbot_cpp_examples' with type 'ros.ament_cmake' and name 'bumperbot_cpp_examples'
[0.136s] Level 1:colcon.colcon_core.package_identification:_identify(src/bumperbot_description) by extensions ['ignore', 'ignore_ament_install']
[0.136s] Level 1:colcon.colcon_core.package_identification:_identify(src/bumperbot_description) by extension 'ignore'
[0.136s] Level 1:colcon.colcon_core.package_identification:_identify(src/bumperbot_description) by extension 'ignore_ament_install'
[0.136s] Level 1:colcon.colcon_core.package_identification:_identify(src/bumperbot_description) by extensions ['colcon_pkg']
[0.136s] Level 1:colcon.colcon_core.package_identification:_identify(src/bumperbot_description) by extension 'colcon_pkg'
[0.136s] Level 1:colcon.colcon_core.package_identification:_identify(src/bumperbot_description) by extensions ['colcon_meta']
[0.136s] Level 1:colcon.colcon_core.package_identification:_identify(src/bumperbot_description) by extension 'colcon_meta'
[0.136s] Level 1:colcon.colcon_core.package_identification:_identify(src/bumperbot_description) by extensions ['ros']
[0.136s] Level 1:colcon.colcon_core.package_identification:_identify(src/bumperbot_description) by extension 'ros'
[0.138s] DEBUG:colcon.colcon_core.package_identification:Package 'src/bumperbot_description' with type 'ros.ament_cmake' and name 'bumperbot_description'
[0.138s] Level 1:colcon.colcon_core.package_identification:_identify(src/bumperbot_firmware) by extensions ['ignore', 'ignore_ament_install']
[0.138s] Level 1:colcon.colcon_core.package_identification:_identify(src/bumperbot_firmware) by extension 'ignore'
[0.138s] Level 1:colcon.colcon_core.package_identification:_identify(src/bumperbot_firmware) by extension 'ignore_ament_install'
[0.138s] Level 1:colcon.colcon_core.package_identification:_identify(src/bumperbot_firmware) by extensions ['colcon_pkg']
[0.139s] Level 1:colcon.colcon_core.package_identification:_identify(src/bumperbot_firmware) by extension 'colcon_pkg'
[0.139s] Level 1:colcon.colcon_core.package_identification:_identify(src/bumperbot_firmware) by extensions ['colcon_meta']
[0.139s] Level 1:colcon.colcon_core.package_identification:_identify(src/bumperbot_firmware) by extension 'colcon_meta'
[0.139s] Level 1:colcon.colcon_core.package_identification:_identify(src/bumperbot_firmware) by extensions ['ros']
[0.139s] Level 1:colcon.colcon_core.package_identification:_identify(src/bumperbot_firmware) by extension 'ros'
[0.139s] DEBUG:colcon.colcon_core.package_identification:Package 'src/bumperbot_firmware' with type 'ros.ament_cmake' and name 'bumperbot_firmware'
[0.139s] Level 1:colcon.colcon_core.package_identification:_identify(src/bumperbot_localization) by extensions ['ignore', 'ignore_ament_install']
[0.139s] Level 1:colcon.colcon_core.package_identification:_identify(src/bumperbot_localization) by extension 'ignore'
[0.139s] Level 1:colcon.colcon_core.package_identification:_identify(src/bumperbot_localization) by extension 'ignore_ament_install'
[0.139s] Level 1:colcon.colcon_core.package_identification:_identify(src/bumperbot_localization) by extensions ['colcon_pkg']
[0.139s] Level 1:colcon.colcon_core.package_identification:_identify(src/bumperbot_localization) by extension 'colcon_pkg'
[0.139s] Level 1:colcon.colcon_core.package_identification:_identify(src/bumperbot_localization) by extensions ['colcon_meta']
[0.139s] Level 1:colcon.colcon_core.package_identification:_identify(src/bumperbot_localization) by extension 'colcon_meta'
[0.139s] Level 1:colcon.colcon_core.package_identification:_identify(src/bumperbot_localization) by extensions ['ros']
[0.139s] Level 1:colcon.colcon_core.package_identification:_identify(src/bumperbot_localization) by extension 'ros'
[0.140s] DEBUG:colcon.colcon_core.package_identification:Package 'src/bumperbot_localization' with type 'ros.ament_cmake' and name 'bumperbot_localization'
[0.140s] Level 1:colcon.colcon_core.package_identification:_identify(src/bumperbot_msgs) by extensions ['ignore', 'ignore_ament_install']
[0.140s] Level 1:colcon.colcon_core.package_identification:_identify(src/bumperbot_msgs) by extension 'ignore'
[0.140s] Level 1:colcon.colcon_core.package_identification:_identify(src/bumperbot_msgs) by extension 'ignore_ament_install'
[0.140s] Level 1:colcon.colcon_core.package_identification:_identify(src/bumperbot_msgs) by extensions ['colcon_pkg']
[0.140s] Level 1:colcon.colcon_core.package_identification:_identify(src/bumperbot_msgs) by extension 'colcon_pkg'
[0.140s] Level 1:colcon.colcon_core.package_identification:_identify(src/bumperbot_msgs) by extensions ['colcon_meta']
[0.140s] Level 1:colcon.colcon_core.package_identification:_identify(src/bumperbot_msgs) by extension 'colcon_meta'
[0.140s] Level 1:colcon.colcon_core.package_identification:_identify(src/bumperbot_msgs) by extensions ['ros']
[0.140s] Level 1:colcon.colcon_core.package_identification:_identify(src/bumperbot_msgs) by extension 'ros'
[0.141s] DEBUG:colcon.colcon_core.package_identification:Package 'src/bumperbot_msgs' with type 'ros.ament_cmake' and name 'bumperbot_msgs'
[0.141s] Level 1:colcon.colcon_core.package_identification:_identify(src/bumperbot_py_examples) by extensions ['ignore', 'ignore_ament_install']
[0.141s] Level 1:colcon.colcon_core.package_identification:_identify(src/bumperbot_py_examples) by extension 'ignore'
[0.141s] Level 1:colcon.colcon_core.package_identification:_identify(src/bumperbot_py_examples) by extension 'ignore_ament_install'
[0.141s] Level 1:colcon.colcon_core.package_identification:_identify(src/bumperbot_py_examples) by extensions ['colcon_pkg']
[0.141s] Level 1:colcon.colcon_core.package_identification:_identify(src/bumperbot_py_examples) by extension 'colcon_pkg'
[0.141s] Level 1:colcon.colcon_core.package_identification:_identify(src/bumperbot_py_examples) by extensions ['colcon_meta']
[0.141s] Level 1:colcon.colcon_core.package_identification:_identify(src/bumperbot_py_examples) by extension 'colcon_meta'
[0.141s] Level 1:colcon.colcon_core.package_identification:_identify(src/bumperbot_py_examples) by extensions ['ros']
[0.141s] Level 1:colcon.colcon_core.package_identification:_identify(src/bumperbot_py_examples) by extension 'ros'
[0.142s] DEBUG:colcon.colcon_core.package_identification:Package 'src/bumperbot_py_examples' with type 'ros.ament_python' and name 'bumperbot_py_examples'
[0.142s] Level 1:colcon.colcon_core.package_discovery:discover_packages(recursive) using defaults
[0.142s] Level 1:colcon.colcon_core.package_discovery:discover_packages(ignore) discover
[0.142s] Level 1:colcon.colcon_core.package_discovery:discover_packages(ignore) using defaults
[0.142s] Level 1:colcon.colcon_core.package_discovery:discover_packages(path) discover
[0.142s] Level 1:colcon.colcon_core.package_discovery:discover_packages(path) using defaults
[0.160s] Level 1:colcon.colcon_core.package_discovery:discover_packages(prefix_path) check parameters
[0.160s] Level 1:colcon.colcon_core.package_discovery:discover_packages(prefix_path) discover
[0.162s] DEBUG:colcon.colcon_installed_package_information.package_discovery:Found 8 installed packages in /home/amoulouel/bumperbot_ws/install
[0.163s] DEBUG:colcon.colcon_installed_package_information.package_discovery:Found 361 installed packages in /opt/ros/jazzy
[0.164s] Level 1:colcon.colcon_core.package_discovery:discover_packages(prefix_path) using defaults
[0.202s] Level 5:colcon.colcon_core.verb:set package 'bumperbot_bringup' build argument 'cmake_args' from command line to 'None'
[0.202s] Level 5:colcon.colcon_core.verb:set package 'bumperbot_bringup' build argument 'cmake_target' from command line to 'None'
[0.202s] Level 5:colcon.colcon_core.verb:set package 'bumperbot_bringup' build argument 'cmake_target_skip_unavailable' from command line to 'False'
[0.202s] Level 5:colcon.colcon_core.verb:set package 'bumperbot_bringup' build argument 'cmake_clean_cache' from command line to 'False'
[0.202s] Level 5:colcon.colcon_core.verb:set package 'bumperbot_bringup' build argument 'cmake_clean_first' from command line to 'False'
[0.202s] Level 5:colcon.colcon_core.verb:set package 'bumperbot_bringup' build argument 'cmake_force_configure' from command line to 'False'
[0.202s] Level 5:colcon.colcon_core.verb:set package 'bumperbot_bringup' build argument 'ament_cmake_args' from command line to 'None'
[0.202s] Level 5:colcon.colcon_core.verb:set package 'bumperbot_bringup' build argument 'catkin_cmake_args' from command line to 'None'
[0.202s] Level 5:colcon.colcon_core.verb:set package 'bumperbot_bringup' build argument 'catkin_skip_building_tests' from command line to 'False'
[0.202s] DEBUG:colcon.colcon_core.verb:Building package 'bumperbot_bringup' with the following arguments: {'ament_cmake_args': None, 'build_base': '/home/amoulouel/bumperbot_ws/build/bumperbot_bringup', 'catkin_cmake_args': None, 'catkin_skip_building_tests': False, 'cmake_args': None, 'cmake_clean_cache': False, 'cmake_clean_first': False, 'cmake_force_configure': False, 'cmake_target': None, 'cmake_target_skip_unavailable': False, 'install_base': '/home/amoulouel/bumperbot_ws/install/bumperbot_bringup', 'merge_install': False, 'path': '/home/amoulouel/bumperbot_ws/src/bumperbot_bringup', 'symlink_install': False, 'test_result_base': None}
[0.203s] Level 5:colcon.colcon_core.verb:set package 'bumperbot_controller' build argument 'cmake_args' from command line to 'None'
[0.203s] Level 5:colcon.colcon_core.verb:set package 'bumperbot_controller' build argument 'cmake_target' from command line to 'None'
[0.203s] Level 5:colcon.colcon_core.verb:set package 'bumperbot_controller' build argument 'cmake_target_skip_unavailable' from command line to 'False'
[0.203s] Level 5:colcon.colcon_core.verb:set package 'bumperbot_controller' build argument 'cmake_clean_cache' from command line to 'False'
[0.203s] Level 5:colcon.colcon_core.verb:set package 'bumperbot_controller' build argument 'cmake_clean_first' from command line to 'False'
[0.203s] Level 5:colcon.colcon_core.verb:set package 'bumperbot_controller' build argument 'cmake_force_configure' from command line to 'False'
[0.203s] Level 5:colcon.colcon_core.verb:set package 'bumperbot_controller' build argument 'ament_cmake_args' from command line to 'None'
[0.203s] Level 5:colcon.colcon_core.verb:set package 'bumperbot_controller' build argument 'catkin_cmake_args' from command line to 'None'
[0.203s] Level 5:colcon.colcon_core.verb:set package 'bumperbot_controller' build argument 'catkin_skip_building_tests' from command line to 'False'
[0.203s] DEBUG:colcon.colcon_core.verb:Building package 'bumperbot_controller' with the following arguments: {'ament_cmake_args': None, 'build_base': '/home/amoulouel/bumperbot_ws/build/bumperbot_controller', 'catkin_cmake_args': None, 'catkin_skip_building_tests': False, 'cmake_args': None, 'cmake_clean_cache': False, 'cmake_clean_first': False, 'cmake_force_configure': False, 'cmake_target': None, 'cmake_target_skip_unavailable': False, 'install_base': '/home/amoulouel/bumperbot_ws/install/bumperbot_controller', 'merge_install': False, 'path': '/home/amoulouel/bumperbot_ws/src/bumperbot_controller', 'symlink_install': False, 'test_result_base': None}
[0.203s] Level 5:colcon.colcon_core.verb:set package 'bumperbot_description' build argument 'cmake_args' from command line to 'None'
[0.203s] Level 5:colcon.colcon_core.verb:set package 'bumperbot_description' build argument 'cmake_target' from command line to 'None'
[0.203s] Level 5:colcon.colcon_core.verb:set package 'bumperbot_description' build argument 'cmake_target_skip_unavailable' from command line to 'False'
[0.203s] Level 5:colcon.colcon_core.verb:set package 'bumperbot_description' build argument 'cmake_clean_cache' from command line to 'False'
[0.203s] Level 5:colcon.colcon_core.verb:set package 'bumperbot_description' build argument 'cmake_clean_first' from command line to 'False'
[0.203s] Level 5:colcon.colcon_core.verb:set package 'bumperbot_description' build argument 'cmake_force_configure' from command line to 'False'
[0.203s] Level 5:colcon.colcon_core.verb:set package 'bumperbot_description' build argument 'ament_cmake_args' from command line to 'None'
[0.203s] Level 5:colcon.colcon_core.verb:set package 'bumperbot_description' build argument 'catkin_cmake_args' from command line to 'None'
[0.203s] Level 5:colcon.colcon_core.verb:set package 'bumperbot_description' build argument 'catkin_skip_building_tests' from command line to 'False'
[0.203s] DEBUG:colcon.colcon_core.verb:Building package 'bumperbot_description' with the following arguments: {'ament_cmake_args': None, 'build_base': '/home/amoulouel/bumperbot_ws/build/bumperbot_description', 'catkin_cmake_args': None, 'catkin_skip_building_tests': False, 'cmake_args': None, 'cmake_clean_cache': False, 'cmake_clean_first': False, 'cmake_force_configure': False, 'cmake_target': None, 'cmake_target_skip_unavailable': False, 'install_base': '/home/amoulouel/bumperbot_ws/install/bumperbot_description', 'merge_install': False, 'path': '/home/amoulouel/bumperbot_ws/src/bumperbot_description', 'symlink_install': False, 'test_result_base': None}
[0.204s] Level 5:colcon.colcon_core.verb:set package 'bumperbot_firmware' build argument 'cmake_args' from command line to 'None'
[0.204s] Level 5:colcon.colcon_core.verb:set package 'bumperbot_firmware' build argument 'cmake_target' from command line to 'None'
[0.204s] Level 5:colcon.colcon_core.verb:set package 'bumperbot_firmware' build argument 'cmake_target_skip_unavailable' from command line to 'False'
[0.204s] Level 5:colcon.colcon_core.verb:set package 'bumperbot_firmware' build argument 'cmake_clean_cache' from command line to 'False'
[0.204s] Level 5:colcon.colcon_core.verb:set package 'bumperbot_firmware' build argument 'cmake_clean_first' from command line to 'False'
[0.204s] Level 5:colcon.colcon_core.verb:set package 'bumperbot_firmware' build argument 'cmake_force_configure' from command line to 'False'
[0.204s] Level 5:colcon.colcon_core.verb:set package 'bumperbot_firmware' build argument 'ament_cmake_args' from command line to 'None'
[0.204s] Level 5:colcon.colcon_core.verb:set package 'bumperbot_firmware' build argument 'catkin_cmake_args' from command line to 'None'
[0.204s] Level 5:colcon.colcon_core.verb:set package 'bumperbot_firmware' build argument 'catkin_skip_building_tests' from command line to 'False'
[0.204s] DEBUG:colcon.colcon_core.verb:Building package 'bumperbot_firmware' with the following arguments: {'ament_cmake_args': None, 'build_base': '/home/amoulouel/bumperbot_ws/build/bumperbot_firmware', 'catkin_cmake_args': None, 'catkin_skip_building_tests': False, 'cmake_args': None, 'cmake_clean_cache': False, 'cmake_clean_first': False, 'cmake_force_configure': False, 'cmake_target': None, 'cmake_target_skip_unavailable': False, 'install_base': '/home/amoulouel/bumperbot_ws/install/bumperbot_firmware', 'merge_install': False, 'path': '/home/amoulouel/bumperbot_ws/src/bumperbot_firmware', 'symlink_install': False, 'test_result_base': None}
[0.204s] Level 5:colcon.colcon_core.verb:set package 'bumperbot_localization' build argument 'cmake_args' from command line to 'None'
[0.204s] Level 5:colcon.colcon_core.verb:set package 'bumperbot_localization' build argument 'cmake_target' from command line to 'None'
[0.204s] Level 5:colcon.colcon_core.verb:set package 'bumperbot_localization' build argument 'cmake_target_skip_unavailable' from command line to 'False'
[0.204s] Level 5:colcon.colcon_core.verb:set package 'bumperbot_localization' build argument 'cmake_clean_cache' from command line to 'False'
[0.204s] Level 5:colcon.colcon_core.verb:set package 'bumperbot_localization' build argument 'cmake_clean_first' from command line to 'False'
[0.204s] Level 5:colcon.colcon_core.verb:set package 'bumperbot_localization' build argument 'cmake_force_configure' from command line to 'False'
[0.204s] Level 5:colcon.colcon_core.verb:set package 'bumperbot_localization' build argument 'ament_cmake_args' from command line to 'None'
[0.204s] Level 5:colcon.colcon_core.verb:set package 'bumperbot_localization' build argument 'catkin_cmake_args' from command line to 'None'
[0.204s] Level 5:colcon.colcon_core.verb:set package 'bumperbot_localization' build argument 'catkin_skip_building_tests' from command line to 'False'
[0.204s] DEBUG:colcon.colcon_core.verb:Building package 'bumperbot_localization' with the following arguments: {'ament_cmake_args': None, 'build_base': '/home/amoulouel/bumperbot_ws/build/bumperbot_localization', 'catkin_cmake_args': None, 'catkin_skip_building_tests': False, 'cmake_args': None, 'cmake_clean_cache': False, 'cmake_clean_first': False, 'cmake_force_configure': False, 'cmake_target': None, 'cmake_target_skip_unavailable': False, 'install_base': '/home/amoulouel/bumperbot_ws/install/bumperbot_localization', 'merge_install': False, 'path': '/home/amoulouel/bumperbot_ws/src/bumperbot_localization', 'symlink_install': False, 'test_result_base': None}
[0.204s] Level 5:colcon.colcon_core.verb:set package 'bumperbot_msgs' build argument 'cmake_args' from command line to 'None'
[0.205s] Level 5:colcon.colcon_core.verb:set package 'bumperbot_msgs' build argument 'cmake_target' from command line to 'None'
[0.205s] Level 5:colcon.colcon_core.verb:set package 'bumperbot_msgs' build argument 'cmake_target_skip_unavailable' from command line to 'False'
[0.205s] Level 5:colcon.colcon_core.verb:set package 'bumperbot_msgs' build argument 'cmake_clean_cache' from command line to 'False'
[0.205s] Level 5:colcon.colcon_core.verb:set package 'bumperbot_msgs' build argument 'cmake_clean_first' from command line to 'False'
[0.205s] Level 5:colcon.colcon_core.verb:set package 'bumperbot_msgs' build argument 'cmake_force_configure' from command line to 'False'
[0.205s] Level 5:colcon.colcon_core.verb:set package 'bumperbot_msgs' build argument 'ament_cmake_args' from command line to 'None'
[0.205s] Level 5:colcon.colcon_core.verb:set package 'bumperbot_msgs' build argument 'catkin_cmake_args' from command line to 'None'
[0.205s] Level 5:colcon.colcon_core.verb:set package 'bumperbot_msgs' build argument 'catkin_skip_building_tests' from command line to 'False'
[0.205s] DEBUG:colcon.colcon_core.verb:Building package 'bumperbot_msgs' with the following arguments: {'ament_cmake_args': None, 'build_base': '/home/amoulouel/bumperbot_ws/build/bumperbot_msgs', 'catkin_cmake_args': None, 'catkin_skip_building_tests': False, 'cmake_args': None, 'cmake_clean_cache': False, 'cmake_clean_first': False, 'cmake_force_configure': False, 'cmake_target': None, 'cmake_target_skip_unavailable': False, 'install_base': '/home/amoulouel/bumperbot_ws/install/bumperbot_msgs', 'merge_install': False, 'path': '/home/amoulouel/bumperbot_ws/src/bumperbot_msgs', 'symlink_install': False, 'test_result_base': None}
[0.205s] Level 5:colcon.colcon_core.verb:set package 'bumperbot_cpp_examples' build argument 'cmake_args' from command line to 'None'
[0.205s] Level 5:colcon.colcon_core.verb:set package 'bumperbot_cpp_examples' build argument 'cmake_target' from command line to 'None'
[0.205s] Level 5:colcon.colcon_core.verb:set package 'bumperbot_cpp_examples' build argument 'cmake_target_skip_unavailable' from command line to 'False'
[0.205s] Level 5:colcon.colcon_core.verb:set package 'bumperbot_cpp_examples' build argument 'cmake_clean_cache' from command line to 'False'
[0.205s] Level 5:colcon.colcon_core.verb:set package 'bumperbot_cpp_examples' build argument 'cmake_clean_first' from command line to 'False'
[0.205s] Level 5:colcon.colcon_core.verb:set package 'bumperbot_cpp_examples' build argument 'cmake_force_configure' from command line to 'False'
[0.205s] Level 5:colcon.colcon_core.verb:set package 'bumperbot_cpp_examples' build argument 'ament_cmake_args' from command line to 'None'
[0.205s] Level 5:colcon.colcon_core.verb:set package 'bumperbot_cpp_examples' build argument 'catkin_cmake_args' from command line to 'None'
[0.205s] Level 5:colcon.colcon_core.verb:set package 'bumperbot_cpp_examples' build argument 'catkin_skip_building_tests' from command line to 'False'
[0.205s] DEBUG:colcon.colcon_core.verb:Building package 'bumperbot_cpp_examples' with the following arguments: {'ament_cmake_args': None, 'build_base': '/home/amoulouel/bumperbot_ws/build/bumperbot_cpp_examples', 'catkin_cmake_args': None, 'catkin_skip_building_tests': False, 'cmake_args': None, 'cmake_clean_cache': False, 'cmake_clean_first': False, 'cmake_force_configure': False, 'cmake_target': None, 'cmake_target_skip_unavailable': False, 'install_base': '/home/amoulouel/bumperbot_ws/install/bumperbot_cpp_examples', 'merge_install': False, 'path': '/home/amoulouel/bumperbot_ws/src/bumperbot_cpp_examples', 'symlink_install': False, 'test_result_base': None}
[0.205s] Level 5:colcon.colcon_core.verb:set package 'bumperbot_py_examples' build argument 'cmake_args' from command line to 'None'
[0.205s] Level 5:colcon.colcon_core.verb:set package 'bumperbot_py_examples' build argument 'cmake_target' from command line to 'None'
[0.205s] Level 5:colcon.colcon_core.verb:set package 'bumperbot_py_examples' build argument 'cmake_target_skip_unavailable' from command line to 'False'
[0.205s] Level 5:colcon.colcon_core.verb:set package 'bumperbot_py_examples' build argument 'cmake_clean_cache' from command line to 'False'
[0.205s] Level 5:colcon.colcon_core.verb:set package 'bumperbot_py_examples' build argument 'cmake_clean_first' from command line to 'False'
[0.205s] Level 5:colcon.colcon_core.verb:set package 'bumperbot_py_examples' build argument 'cmake_force_configure' from command line to 'False'
[0.205s] Level 5:colcon.colcon_core.verb:set package 'bumperbot_py_examples' build argument 'ament_cmake_args' from command line to 'None'
[0.206s] Level 5:colcon.colcon_core.verb:set package 'bumperbot_py_examples' build argument 'catkin_cmake_args' from command line to 'None'
[0.206s] Level 5:colcon.colcon_core.verb:set package 'bumperbot_py_examples' build argument 'catkin_skip_building_tests' from command line to 'False'
[0.206s] DEBUG:colcon.colcon_core.verb:Building package 'bumperbot_py_examples' with the following arguments: {'ament_cmake_args': None, 'build_base': '/home/amoulouel/bumperbot_ws/build/bumperbot_py_examples', 'catkin_cmake_args': None, 'catkin_skip_building_tests': False, 'cmake_args': None, 'cmake_clean_cache': False, 'cmake_clean_first': False, 'cmake_force_configure': False, 'cmake_target': None, 'cmake_target_skip_unavailable': False, 'install_base': '/home/amoulouel/bumperbot_ws/install/bumperbot_py_examples', 'merge_install': False, 'path': '/home/amoulouel/bumperbot_ws/src/bumperbot_py_examples', 'symlink_install': False, 'test_result_base': None}
[0.206s] INFO:colcon.colcon_core.executor:Executing jobs using 'parallel' executor
[0.207s] DEBUG:colcon.colcon_parallel_executor.executor.parallel:run_until_complete
[0.207s] INFO:colcon.colcon_ros.task.ament_cmake.build:Building ROS package in '/home/amoulouel/bumperbot_ws/src/bumperbot_msgs' with build type 'ament_cmake'
[0.207s] INFO:colcon.colcon_cmake.task.cmake.build:Building CMake package in '/home/amoulouel/bumperbot_ws/src/bumperbot_msgs'
[0.208s] INFO:colcon.colcon_core.plugin_system:Skipping extension 'colcon_core.shell.bat': Not used on non-Windows systems
[0.209s] INFO:colcon.colcon_core.shell:Skip shell extension 'powershell' for command environment: Not usable outside of PowerShell
[0.209s] DEBUG:colcon.colcon_core.shell:Skip shell extension 'dsv' for command environment
[0.212s] INFO:colcon.colcon_ros.task.ament_cmake.build:Building ROS package in '/home/amoulouel/bumperbot_ws/src/bumperbot_bringup' with build type 'ament_cmake'
[0.212s] INFO:colcon.colcon_cmake.task.cmake.build:Building CMake package in '/home/amoulouel/bumperbot_ws/src/bumperbot_bringup'
[0.212s] INFO:colcon.colcon_core.shell:Skip shell extension 'powershell' for command environment: Not usable outside of PowerShell
[0.212s] DEBUG:colcon.colcon_core.shell:Skip shell extension 'dsv' for command environment
[0.215s] INFO:colcon.colcon_ros.task.ament_cmake.build:Building ROS package in '/home/amoulouel/bumperbot_ws/src/bumperbot_controller' with build type 'ament_cmake'
[0.215s] INFO:colcon.colcon_cmake.task.cmake.build:Building CMake package in '/home/amoulouel/bumperbot_ws/src/bumperbot_controller'
[0.215s] INFO:colcon.colcon_core.shell:Skip shell extension 'powershell' for command environment: Not usable outside of PowerShell
[0.215s] DEBUG:colcon.colcon_core.shell:Skip shell extension 'dsv' for command environment
[0.218s] INFO:colcon.colcon_ros.task.ament_cmake.build:Building ROS package in '/home/amoulouel/bumperbot_ws/src/bumperbot_description' with build type 'ament_cmake'
[0.218s] INFO:colcon.colcon_cmake.task.cmake.build:Building CMake package in '/home/amoulouel/bumperbot_ws/src/bumperbot_description'
[0.218s] INFO:colcon.colcon_core.shell:Skip shell extension 'powershell' for command environment: Not usable outside of PowerShell
[0.218s] DEBUG:colcon.colcon_core.shell:Skip shell extension 'dsv' for command environment
[0.221s] INFO:colcon.colcon_ros.task.ament_cmake.build:Building ROS package in '/home/amoulouel/bumperbot_ws/src/bumperbot_firmware' with build type 'ament_cmake'
[0.221s] INFO:colcon.colcon_cmake.task.cmake.build:Building CMake package in '/home/amoulouel/bumperbot_ws/src/bumperbot_firmware'
[0.221s] INFO:colcon.colcon_core.shell:Skip shell extension 'powershell' for command environment: Not usable outside of PowerShell
[0.221s] DEBUG:colcon.colcon_core.shell:Skip shell extension 'dsv' for command environment
[0.224s] INFO:colcon.colcon_ros.task.ament_cmake.build:Building ROS package in '/home/amoulouel/bumperbot_ws/src/bumperbot_localization' with build type 'ament_cmake'
[0.224s] INFO:colcon.colcon_cmake.task.cmake.build:Building CMake package in '/home/amoulouel/bumperbot_ws/src/bumperbot_localization'
[0.224s] INFO:colcon.colcon_core.shell:Skip shell extension 'powershell' for command environment: Not usable outside of PowerShell
[0.224s] DEBUG:colcon.colcon_core.shell:Skip shell extension 'dsv' for command environment
[0.232s] DEBUG:colcon.colcon_core.event_handler.log_command:Invoking command in '/home/amoulouel/bumperbot_ws/build/bumperbot_msgs': CMAKE_PREFIX_PATH=${CMAKE_PREFIX_PATH}:/home/amoulouel/bumperbot_ws/install/bumperbot_py_examples:/opt/ros/jazzy DEBUGINFOD_URLS=https://debuginfod.ubuntu.com /usr/bin/cmake --build /home/amoulouel/bumperbot_ws/build/bumperbot_msgs -- -j16 -l16
[0.236s] DEBUG:colcon.colcon_core.event_handler.log_command:Invoking command in '/home/amoulouel/bumperbot_ws/build/bumperbot_bringup': CMAKE_PREFIX_PATH=${CMAKE_PREFIX_PATH}:/home/amoulouel/bumperbot_ws/install/bumperbot_py_examples:/opt/ros/jazzy DEBUGINFOD_URLS=https://debuginfod.ubuntu.com /usr/bin/cmake --build /home/amoulouel/bumperbot_ws/build/bumperbot_bringup -- -j16 -l16
[0.238s] DEBUG:colcon.colcon_core.event_handler.log_command:Invoking command in '/home/amoulouel/bumperbot_ws/build/bumperbot_controller': CMAKE_PREFIX_PATH=${CMAKE_PREFIX_PATH}:/home/amoulouel/bumperbot_ws/install/bumperbot_py_examples:/opt/ros/jazzy DEBUGINFOD_URLS=https://debuginfod.ubuntu.com /usr/bin/cmake --build /home/amoulouel/bumperbot_ws/build/bumperbot_controller -- -j16 -l16
[0.239s] DEBUG:colcon.colcon_core.event_handler.log_command:Invoking command in '/home/amoulouel/bumperbot_ws/build/bumperbot_description': CMAKE_PREFIX_PATH=${CMAKE_PREFIX_PATH}:/home/amoulouel/bumperbot_ws/install/bumperbot_py_examples:/opt/ros/jazzy DEBUGINFOD_URLS=https://debuginfod.ubuntu.com /usr/bin/cmake --build /home/amoulouel/bumperbot_ws/build/bumperbot_description -- -j16 -l16
[0.241s] DEBUG:colcon.colcon_core.event_handler.log_command:Invoking command in '/home/amoulouel/bumperbot_ws/build/bumperbot_firmware': CMAKE_PREFIX_PATH=${CMAKE_PREFIX_PATH}:/home/amoulouel/bumperbot_ws/install/bumperbot_py_examples:/opt/ros/jazzy DEBUGINFOD_URLS=https://debuginfod.ubuntu.com /usr/bin/cmake --build /home/amoulouel/bumperbot_ws/build/bumperbot_firmware -- -j16 -l16
[0.245s] DEBUG:colcon.colcon_core.event_handler.log_command:Invoking command in '/home/amoulouel/bumperbot_ws/build/bumperbot_localization': CMAKE_PREFIX_PATH=${CMAKE_PREFIX_PATH}:/home/amoulouel/bumperbot_ws/install/bumperbot_py_examples:/opt/ros/jazzy DEBUGINFOD_URLS=https://debuginfod.ubuntu.com /usr/bin/cmake --build /home/amoulouel/bumperbot_ws/build/bumperbot_localization -- -j16 -l16
[0.275s] DEBUG:colcon.colcon_core.event_handler.log_command:Invoked command in '/home/amoulouel/bumperbot_ws/build/bumperbot_bringup' returned '0': CMAKE_PREFIX_PATH=${CMAKE_PREFIX_PATH}:/home/amoulouel/bumperbot_ws/install/bumperbot_py_examples:/opt/ros/jazzy DEBUGINFOD_URLS=https://debuginfod.ubuntu.com /usr/bin/cmake --build /home/amoulouel/bumperbot_ws/build/bumperbot_bringup -- -j16 -l16
[0.290s] DEBUG:colcon.colcon_core.event_handler.log_command:Invoking command in '/home/amoulouel/bumperbot_ws/build/bumperbot_bringup': CMAKE_PREFIX_PATH=${CMAKE_PREFIX_PATH}:/home/amoulouel/bumperbot_ws/install/bumperbot_py_examples:/opt/ros/jazzy DEBUGINFOD_URLS=https://debuginfod.ubuntu.com /usr/bin/cmake --install /home/amoulouel/bumperbot_ws/build/bumperbot_bringup
[0.291s] DEBUG:colcon.colcon_core.event_handler.log_command:Invoked command in '/home/amoulouel/bumperbot_ws/build/bumperbot_description' returned '0': CMAKE_PREFIX_PATH=${CMAKE_PREFIX_PATH}:/home/amoulouel/bumperbot_ws/install/bumperbot_py_examples:/opt/ros/jazzy DEBUGINFOD_URLS=https://debuginfod.ubuntu.com /usr/bin/cmake --build /home/amoulouel/bumperbot_ws/build/bumperbot_description -- -j16 -l16
[0.292s] DEBUG:colcon.colcon_core.event_handler.log_command:Invoking command in '/home/amoulouel/bumperbot_ws/build/bumperbot_description': CMAKE_PREFIX_PATH=${CMAKE_PREFIX_PATH}:/home/amoulouel/bumperbot_ws/install/bumperbot_py_examples:/opt/ros/jazzy DEBUGINFOD_URLS=https://debuginfod.ubuntu.com /usr/bin/cmake --install /home/amoulouel/bumperbot_ws/build/bumperbot_description
[0.303s] Level 1:colcon.colcon_core.environment:create_environment_scripts_only(bumperbot_bringup)
[0.308s] DEBUG:colcon.colcon_core.event_handler.log_command:Invoked command in '/home/amoulouel/bumperbot_ws/build/bumperbot_bringup' returned '0': CMAKE_PREFIX_PATH=${CMAKE_PREFIX_PATH}:/home/amoulouel/bumperbot_ws/install/bumperbot_py_examples:/opt/ros/jazzy DEBUGINFOD_URLS=https://debuginfod.ubuntu.com /usr/bin/cmake --install /home/amoulouel/bumperbot_ws/build/bumperbot_bringup
[0.325s] Level 1:colcon.colcon_core.environment:checking '/home/amoulouel/bumperbot_ws/install/bumperbot_bringup' for CMake module files
[0.328s] Level 1:colcon.colcon_core.environment:checking '/home/amoulouel/bumperbot_ws/install/bumperbot_bringup' for CMake config files
[0.339s] Level 1:colcon.colcon_core.shell:create_environment_hook('bumperbot_bringup', 'cmake_prefix_path')
[0.340s] INFO:colcon.colcon_core.shell:Creating environment hook '/home/amoulouel/bumperbot_ws/install/bumperbot_bringup/share/bumperbot_bringup/hook/cmake_prefix_path.ps1'
[0.344s] INFO:colcon.colcon_core.shell:Creating environment descriptor '/home/amoulouel/bumperbot_ws/install/bumperbot_bringup/share/bumperbot_bringup/hook/cmake_prefix_path.dsv'
[0.349s] INFO:colcon.colcon_core.shell:Creating environment hook '/home/amoulouel/bumperbot_ws/install/bumperbot_bringup/share/bumperbot_bringup/hook/cmake_prefix_path.sh'
[0.353s] Level 1:colcon.colcon_core.environment:checking '/home/amoulouel/bumperbot_ws/install/bumperbot_bringup/bin'
[0.354s] Level 1:colcon.colcon_core.environment:checking '/home/amoulouel/bumperbot_ws/install/bumperbot_bringup/lib/pkgconfig/bumperbot_bringup.pc'
[0.355s] Level 1:colcon.colcon_core.environment:checking '/home/amoulouel/bumperbot_ws/install/bumperbot_bringup/lib/python3.12/site-packages'
[0.355s] Level 1:colcon.colcon_core.environment:checking '/home/amoulouel/bumperbot_ws/install/bumperbot_bringup/bin'
[0.355s] INFO:colcon.colcon_core.shell:Creating package script '/home/amoulouel/bumperbot_ws/install/bumperbot_bringup/share/bumperbot_bringup/package.ps1'
[0.357s] INFO:colcon.colcon_core.shell:Creating package descriptor '/home/amoulouel/bumperbot_ws/install/bumperbot_bringup/share/bumperbot_bringup/package.dsv'
[0.360s] INFO:colcon.colcon_core.shell:Creating package script '/home/amoulouel/bumperbot_ws/install/bumperbot_bringup/share/bumperbot_bringup/package.sh'
[0.363s] INFO:colcon.colcon_core.shell:Creating package script '/home/amoulouel/bumperbot_ws/install/bumperbot_bringup/share/bumperbot_bringup/package.bash'
[0.367s] INFO:colcon.colcon_core.shell:Creating package script '/home/amoulouel/bumperbot_ws/install/bumperbot_bringup/share/bumperbot_bringup/package.zsh'
[0.370s] Level 1:colcon.colcon_core.environment:create_file_with_runtime_dependencies(/home/amoulouel/bumperbot_ws/install/bumperbot_bringup/share/colcon-core/packages/bumperbot_bringup)
[0.374s] Level 1:colcon.colcon_core.environment:create_environment_scripts_only(bumperbot_bringup)
[0.375s] Level 1:colcon.colcon_core.environment:checking '/home/amoulouel/bumperbot_ws/install/bumperbot_bringup' for CMake module files
[0.378s] Level 1:colcon.colcon_core.environment:checking '/home/amoulouel/bumperbot_ws/install/bumperbot_bringup' for CMake config files
[0.404s] Level 1:colcon.colcon_core.shell:create_environment_hook('bumperbot_bringup', 'cmake_prefix_path')
[0.404s] INFO:colcon.colcon_core.shell:Creating environment hook '/home/amoulouel/bumperbot_ws/install/bumperbot_bringup/share/bumperbot_bringup/hook/cmake_prefix_path.ps1'
[0.405s] INFO:colcon.colcon_core.shell:Creating environment descriptor '/home/amoulouel/bumperbot_ws/install/bumperbot_bringup/share/bumperbot_bringup/hook/cmake_prefix_path.dsv'
[0.406s] INFO:colcon.colcon_core.shell:Creating environment hook '/home/amoulouel/bumperbot_ws/install/bumperbot_bringup/share/bumperbot_bringup/hook/cmake_prefix_path.sh'
[0.406s] Level 1:colcon.colcon_core.environment:checking '/home/amoulouel/bumperbot_ws/install/bumperbot_bringup/bin'
[0.406s] Level 1:colcon.colcon_core.environment:checking '/home/amoulouel/bumperbot_ws/install/bumperbot_bringup/lib/pkgconfig/bumperbot_bringup.pc'
[0.406s] Level 1:colcon.colcon_core.environment:checking '/home/amoulouel/bumperbot_ws/install/bumperbot_bringup/lib/python3.12/site-packages'
[0.407s] Level 1:colcon.colcon_core.environment:checking '/home/amoulouel/bumperbot_ws/install/bumperbot_bringup/bin'
[0.407s] INFO:colcon.colcon_core.shell:Creating package script '/home/amoulouel/bumperbot_ws/install/bumperbot_bringup/share/bumperbot_bringup/package.ps1'
[0.407s] INFO:colcon.colcon_core.shell:Creating package descriptor '/home/amoulouel/bumperbot_ws/install/bumperbot_bringup/share/bumperbot_bringup/package.dsv'
[0.408s] INFO:colcon.colcon_core.shell:Creating package script '/home/amoulouel/bumperbot_ws/install/bumperbot_bringup/share/bumperbot_bringup/package.sh'
[0.408s] INFO:colcon.colcon_core.shell:Creating package script '/home/amoulouel/bumperbot_ws/install/bumperbot_bringup/share/bumperbot_bringup/package.bash'
[0.408s] INFO:colcon.colcon_core.shell:Creating package script '/home/amoulouel/bumperbot_ws/install/bumperbot_bringup/share/bumperbot_bringup/package.zsh'
[0.409s] Level 1:colcon.colcon_core.environment:create_file_with_runtime_dependencies(/home/amoulouel/bumperbot_ws/install/bumperbot_bringup/share/colcon-core/packages/bumperbot_bringup)
[0.410s] Level 1:colcon.colcon_core.environment:create_environment_scripts_only(bumperbot_description)
[0.411s] Level 1:colcon.colcon_core.environment:checking '/home/amoulouel/bumperbot_ws/install/bumperbot_description' for CMake module files
[0.411s] DEBUG:colcon.colcon_core.event_handler.log_command:Invoked command in '/home/amoulouel/bumperbot_ws/build/bumperbot_description' returned '0': CMAKE_PREFIX_PATH=${CMAKE_PREFIX_PATH}:/home/amoulouel/bumperbot_ws/install/bumperbot_py_examples:/opt/ros/jazzy DEBUGINFOD_URLS=https://debuginfod.ubuntu.com /usr/bin/cmake --install /home/amoulouel/bumperbot_ws/build/bumperbot_description
[0.411s] Level 1:colcon.colcon_core.environment:checking '/home/amoulouel/bumperbot_ws/install/bumperbot_description' for CMake config files
[0.418s] Level 1:colcon.colcon_core.shell:create_environment_hook('bumperbot_description', 'cmake_prefix_path')
[0.419s] INFO:colcon.colcon_core.shell:Creating environment hook '/home/amoulouel/bumperbot_ws/install/bumperbot_description/share/bumperbot_description/hook/cmake_prefix_path.ps1'
[0.419s] INFO:colcon.colcon_core.shell:Creating environment descriptor '/home/amoulouel/bumperbot_ws/install/bumperbot_description/share/bumperbot_description/hook/cmake_prefix_path.dsv'
[0.420s] INFO:colcon.colcon_core.shell:Creating environment hook '/home/amoulouel/bumperbot_ws/install/bumperbot_description/share/bumperbot_description/hook/cmake_prefix_path.sh'
[0.420s] Level 1:colcon.colcon_core.environment:checking '/home/amoulouel/bumperbot_ws/install/bumperbot_description/bin'
[0.420s] Level 1:colcon.colcon_core.environment:checking '/home/amoulouel/bumperbot_ws/install/bumperbot_description/lib/pkgconfig/bumperbot_description.pc'
[0.421s] Level 1:colcon.colcon_core.environment:checking '/home/amoulouel/bumperbot_ws/install/bumperbot_description/lib/python3.12/site-packages'
[0.421s] Level 1:colcon.colcon_core.environment:checking '/home/amoulouel/bumperbot_ws/install/bumperbot_description/bin'
[0.421s] INFO:colcon.colcon_core.shell:Creating package script '/home/amoulouel/bumperbot_ws/install/bumperbot_description/share/bumperbot_description/package.ps1'
[0.422s] INFO:colcon.colcon_core.shell:Creating package descriptor '/home/amoulouel/bumperbot_ws/install/bumperbot_description/share/bumperbot_description/package.dsv'
[0.422s] INFO:colcon.colcon_core.shell:Creating package script '/home/amoulouel/bumperbot_ws/install/bumperbot_description/share/bumperbot_description/package.sh'
[0.423s] INFO:colcon.colcon_core.shell:Creating package script '/home/amoulouel/bumperbot_ws/install/bumperbot_description/share/bumperbot_description/package.bash'
[0.423s] INFO:colcon.colcon_core.shell:Creating package script '/home/amoulouel/bumperbot_ws/install/bumperbot_description/share/bumperbot_description/package.zsh'
[0.424s] Level 1:colcon.colcon_core.environment:create_file_with_runtime_dependencies(/home/amoulouel/bumperbot_ws/install/bumperbot_description/share/colcon-core/packages/bumperbot_description)
[0.424s] Level 1:colcon.colcon_core.environment:create_environment_scripts_only(bumperbot_description)
[0.424s] Level 1:colcon.colcon_core.environment:checking '/home/amoulouel/bumperbot_ws/install/bumperbot_description' for CMake module files
[0.425s] Level 1:colcon.colcon_core.environment:checking '/home/amoulouel/bumperbot_ws/install/bumperbot_description' for CMake config files
[0.431s] Level 1:colcon.colcon_core.shell:create_environment_hook('bumperbot_description', 'cmake_prefix_path')
[0.432s] INFO:colcon.colcon_core.shell:Creating environment hook '/home/amoulouel/bumperbot_ws/install/bumperbot_description/share/bumperbot_description/hook/cmake_prefix_path.ps1'
[0.432s] INFO:colcon.colcon_core.shell:Creating environment descriptor '/home/amoulouel/bumperbot_ws/install/bumperbot_description/share/bumperbot_description/hook/cmake_prefix_path.dsv'
[0.433s] INFO:colcon.colcon_core.shell:Creating environment hook '/home/amoulouel/bumperbot_ws/install/bumperbot_description/share/bumperbot_description/hook/cmake_prefix_path.sh'
[0.434s] Level 1:colcon.colcon_core.environment:checking '/home/amoulouel/bumperbot_ws/install/bumperbot_description/bin'
[0.434s] Level 1:colcon.colcon_core.environment:checking '/home/amoulouel/bumperbot_ws/install/bumperbot_description/lib/pkgconfig/bumperbot_description.pc'
[0.434s] Level 1:colcon.colcon_core.environment:checking '/home/amoulouel/bumperbot_ws/install/bumperbot_description/lib/python3.12/site-packages'
[0.434s] Level 1:colcon.colcon_core.environment:checking '/home/amoulouel/bumperbot_ws/install/bumperbot_description/bin'
[0.435s] INFO:colcon.colcon_core.shell:Creating package script '/home/amoulouel/bumperbot_ws/install/bumperbot_description/share/bumperbot_description/package.ps1'
[0.435s] INFO:colcon.colcon_core.shell:Creating package descriptor '/home/amoulouel/bumperbot_ws/install/bumperbot_description/share/bumperbot_description/package.dsv'
[0.435s] INFO:colcon.colcon_core.shell:Creating package script '/home/amoulouel/bumperbot_ws/install/bumperbot_description/share/bumperbot_description/package.sh'
[0.436s] INFO:colcon.colcon_core.shell:Creating package script '/home/amoulouel/bumperbot_ws/install/bumperbot_description/share/bumperbot_description/package.bash'
[0.436s] INFO:colcon.colcon_core.shell:Creating package script '/home/amoulouel/bumperbot_ws/install/bumperbot_description/share/bumperbot_description/package.zsh'
[0.436s] Level 1:colcon.colcon_core.environment:create_file_with_runtime_dependencies(/home/amoulouel/bumperbot_ws/install/bumperbot_description/share/colcon-core/packages/bumperbot_description)
[0.701s] DEBUG:colcon.colcon_core.event_handler.log_command:Invoked command in '/home/amoulouel/bumperbot_ws/build/bumperbot_controller' returned '0': CMAKE_PREFIX_PATH=${CMAKE_PREFIX_PATH}:/home/amoulouel/bumperbot_ws/install/bumperbot_py_examples:/opt/ros/jazzy DEBUGINFOD_URLS=https://debuginfod.ubuntu.com /usr/bin/cmake --build /home/amoulouel/bumperbot_ws/build/bumperbot_controller -- -j16 -l16
[0.702s] DEBUG:colcon.colcon_core.event_handler.log_command:Invoking command in '/home/amoulouel/bumperbot_ws/build/bumperbot_controller': CMAKE_PREFIX_PATH=${CMAKE_PREFIX_PATH}:/home/amoulouel/bumperbot_ws/install/bumperbot_py_examples:/opt/ros/jazzy DEBUGINFOD_URLS=https://debuginfod.ubuntu.com /usr/bin/cmake --install /home/amoulouel/bumperbot_ws/build/bumperbot_controller
[0.704s] DEBUG:colcon.colcon_core.event_handler.log_command:Invoked command in '/home/amoulouel/bumperbot_ws/build/bumperbot_firmware' returned '0': CMAKE_PREFIX_PATH=${CMAKE_PREFIX_PATH}:/home/amoulouel/bumperbot_ws/install/bumperbot_py_examples:/opt/ros/jazzy DEBUGINFOD_URLS=https://debuginfod.ubuntu.com /usr/bin/cmake --build /home/amoulouel/bumperbot_ws/build/bumperbot_firmware -- -j16 -l16
[0.705s] DEBUG:colcon.colcon_core.event_handler.log_command:Invoking command in '/home/amoulouel/bumperbot_ws/build/bumperbot_firmware': CMAKE_PREFIX_PATH=${CMAKE_PREFIX_PATH}:/home/amoulouel/bumperbot_ws/install/bumperbot_py_examples:/opt/ros/jazzy DEBUGINFOD_URLS=https://debuginfod.ubuntu.com /usr/bin/cmake --install /home/amoulouel/bumperbot_ws/build/bumperbot_firmware
[0.724s] DEBUG:colcon.colcon_core.event_handler.log_command:Invoked command in '/home/amoulouel/bumperbot_ws/build/bumperbot_msgs' returned '0': CMAKE_PREFIX_PATH=${CMAKE_PREFIX_PATH}:/home/amoulouel/bumperbot_ws/install/bumperbot_py_examples:/opt/ros/jazzy DEBUGINFOD_URLS=https://debuginfod.ubuntu.com /usr/bin/cmake --build /home/amoulouel/bumperbot_ws/build/bumperbot_msgs -- -j16 -l16
[0.725s] DEBUG:colcon.colcon_core.event_handler.log_command:Invoking command in '/home/amoulouel/bumperbot_ws/build/bumperbot_msgs': CMAKE_PREFIX_PATH=${CMAKE_PREFIX_PATH}:/home/amoulouel/bumperbot_ws/install/bumperbot_py_examples:/opt/ros/jazzy DEBUGINFOD_URLS=https://debuginfod.ubuntu.com /usr/bin/cmake --install /home/amoulouel/bumperbot_ws/build/bumperbot_msgs
[0.760s] Level 1:colcon.colcon_core.environment:create_environment_scripts_only(bumperbot_firmware)
[0.761s] Level 1:colcon.colcon_core.environment:checking '/home/amoulouel/bumperbot_ws/install/bumperbot_firmware' for CMake module files
[0.761s] DEBUG:colcon.colcon_core.event_handler.log_command:Invoked command in '/home/amoulouel/bumperbot_ws/build/bumperbot_firmware' returned '0': CMAKE_PREFIX_PATH=${CMAKE_PREFIX_PATH}:/home/amoulouel/bumperbot_ws/install/bumperbot_py_examples:/opt/ros/jazzy DEBUGINFOD_URLS=https://debuginfod.ubuntu.com /usr/bin/cmake --install /home/amoulouel/bumperbot_ws/build/bumperbot_firmware
[0.762s] Level 1:colcon.colcon_core.environment:checking '/home/amoulouel/bumperbot_ws/install/bumperbot_firmware' for CMake config files
[0.762s] Level 1:colcon.colcon_core.shell:create_environment_hook('bumperbot_firmware', 'cmake_prefix_path')
[0.762s] INFO:colcon.colcon_core.shell:Creating environment hook '/home/amoulouel/bumperbot_ws/install/bumperbot_firmware/share/bumperbot_firmware/hook/cmake_prefix_path.ps1'
[0.763s] INFO:colcon.colcon_core.shell:Creating environment descriptor '/home/amoulouel/bumperbot_ws/install/bumperbot_firmware/share/bumperbot_firmware/hook/cmake_prefix_path.dsv'
[0.763s] INFO:colcon.colcon_core.shell:Creating environment hook '/home/amoulouel/bumperbot_ws/install/bumperbot_firmware/share/bumperbot_firmware/hook/cmake_prefix_path.sh'
[0.764s] Level 1:colcon.colcon_core.environment:checking '/home/amoulouel/bumperbot_ws/install/bumperbot_firmware/lib'
[0.764s] Level 1:colcon.colcon_core.shell:create_environment_hook('bumperbot_firmware', 'ld_library_path_lib')
[0.764s] INFO:colcon.colcon_core.shell:Creating environment hook '/home/amoulouel/bumperbot_ws/install/bumperbot_firmware/share/bumperbot_firmware/hook/ld_library_path_lib.ps1'
[0.768s] INFO:colcon.colcon_core.shell:Creating environment descriptor '/home/amoulouel/bumperbot_ws/install/bumperbot_firmware/share/bumperbot_firmware/hook/ld_library_path_lib.dsv'
[0.768s] INFO:colcon.colcon_core.shell:Creating environment hook '/home/amoulouel/bumperbot_ws/install/bumperbot_firmware/share/bumperbot_firmware/hook/ld_library_path_lib.sh'
[0.769s] Level 1:colcon.colcon_core.environment:checking '/home/amoulouel/bumperbot_ws/install/bumperbot_firmware/bin'
[0.769s] Level 1:colcon.colcon_core.environment:checking '/home/amoulouel/bumperbot_ws/install/bumperbot_firmware/lib/pkgconfig/bumperbot_firmware.pc'
[0.769s] Level 1:colcon.colcon_core.environment:checking '/home/amoulouel/bumperbot_ws/install/bumperbot_firmware/lib/python3.12/site-packages'
[0.769s] Level 1:colcon.colcon_core.shell:create_environment_hook('bumperbot_firmware', 'pythonpath')
[0.770s] INFO:colcon.colcon_core.shell:Creating environment hook '/home/amoulouel/bumperbot_ws/install/bumperbot_firmware/share/bumperbot_firmware/hook/pythonpath.ps1'
[0.770s] INFO:colcon.colcon_core.shell:Creating environment descriptor '/home/amoulouel/bumperbot_ws/install/bumperbot_firmware/share/bumperbot_firmware/hook/pythonpath.dsv'
[0.770s] INFO:colcon.colcon_core.shell:Creating environment hook '/home/amoulouel/bumperbot_ws/install/bumperbot_firmware/share/bumperbot_firmware/hook/pythonpath.sh'
[0.771s] Level 1:colcon.colcon_core.environment:checking '/home/amoulouel/bumperbot_ws/install/bumperbot_firmware/bin'
[0.771s] INFO:colcon.colcon_core.shell:Creating package script '/home/amoulouel/bumperbot_ws/install/bumperbot_firmware/share/bumperbot_firmware/package.ps1'
[0.772s] INFO:colcon.colcon_core.shell:Creating package descriptor '/home/amoulouel/bumperbot_ws/install/bumperbot_firmware/share/bumperbot_firmware/package.dsv'
[0.772s] INFO:colcon.colcon_core.shell:Creating package script '/home/amoulouel/bumperbot_ws/install/bumperbot_firmware/share/bumperbot_firmware/package.sh'
[0.773s] INFO:colcon.colcon_core.shell:Creating package script '/home/amoulouel/bumperbot_ws/install/bumperbot_firmware/share/bumperbot_firmware/package.bash'
[0.773s] INFO:colcon.colcon_core.shell:Creating package script '/home/amoulouel/bumperbot_ws/install/bumperbot_firmware/share/bumperbot_firmware/package.zsh'
[0.774s] Level 1:colcon.colcon_core.environment:create_file_with_runtime_dependencies(/home/amoulouel/bumperbot_ws/install/bumperbot_firmware/share/colcon-core/packages/bumperbot_firmware)
[0.774s] Level 1:colcon.colcon_core.environment:create_environment_scripts_only(bumperbot_firmware)
[0.775s] Level 1:colcon.colcon_core.environment:checking '/home/amoulouel/bumperbot_ws/install/bumperbot_firmware' for CMake module files
[0.775s] Level 1:colcon.colcon_core.environment:checking '/home/amoulouel/bumperbot_ws/install/bumperbot_firmware' for CMake config files
[0.776s] Level 1:colcon.colcon_core.shell:create_environment_hook('bumperbot_firmware', 'cmake_prefix_path')
[0.776s] INFO:colcon.colcon_core.shell:Creating environment hook '/home/amoulouel/bumperbot_ws/install/bumperbot_firmware/share/bumperbot_firmware/hook/cmake_prefix_path.ps1'
[0.776s] INFO:colcon.colcon_core.shell:Creating environment descriptor '/home/amoulouel/bumperbot_ws/install/bumperbot_firmware/share/bumperbot_firmware/hook/cmake_prefix_path.dsv'
[0.777s] INFO:colcon.colcon_core.shell:Creating environment hook '/home/amoulouel/bumperbot_ws/install/bumperbot_firmware/share/bumperbot_firmware/hook/cmake_prefix_path.sh'
[0.777s] Level 1:colcon.colcon_core.environment:checking '/home/amoulouel/bumperbot_ws/install/bumperbot_firmware/lib'
[0.777s] Level 1:colcon.colcon_core.shell:create_environment_hook('bumperbot_firmware', 'ld_library_path_lib')
[0.777s] INFO:colcon.colcon_core.shell:Creating environment hook '/home/amoulouel/bumperbot_ws/install/bumperbot_firmware/share/bumperbot_firmware/hook/ld_library_path_lib.ps1'
[0.778s] INFO:colcon.colcon_core.shell:Creating environment descriptor '/home/amoulouel/bumperbot_ws/install/bumperbot_firmware/share/bumperbot_firmware/hook/ld_library_path_lib.dsv'
[0.779s] INFO:colcon.colcon_core.shell:Creating environment hook '/home/amoulouel/bumperbot_ws/install/bumperbot_firmware/share/bumperbot_firmware/hook/ld_library_path_lib.sh'
[0.779s] Level 1:colcon.colcon_core.environment:checking '/home/amoulouel/bumperbot_ws/install/bumperbot_firmware/bin'
[0.779s] Level 1:colcon.colcon_core.environment:checking '/home/amoulouel/bumperbot_ws/install/bumperbot_firmware/lib/pkgconfig/bumperbot_firmware.pc'
[0.779s] Level 1:colcon.colcon_core.environment:checking '/home/amoulouel/bumperbot_ws/install/bumperbot_firmware/lib/python3.12/site-packages'
[0.780s] Level 1:colcon.colcon_core.shell:create_environment_hook('bumperbot_firmware', 'pythonpath')
[0.780s] INFO:colcon.colcon_core.shell:Creating environment hook '/home/amoulouel/bumperbot_ws/install/bumperbot_firmware/share/bumperbot_firmware/hook/pythonpath.ps1'
[0.780s] INFO:colcon.colcon_core.shell:Creating environment descriptor '/home/amoulouel/bumperbot_ws/install/bumperbot_firmware/share/bumperbot_firmware/hook/pythonpath.dsv'
[0.780s] INFO:colcon.colcon_core.shell:Creating environment hook '/home/amoulouel/bumperbot_ws/install/bumperbot_firmware/share/bumperbot_firmware/hook/pythonpath.sh'
[0.781s] Level 1:colcon.colcon_core.environment:checking '/home/amoulouel/bumperbot_ws/install/bumperbot_firmware/bin'
[0.782s] INFO:colcon.colcon_core.shell:Creating package script '/home/amoulouel/bumperbot_ws/install/bumperbot_firmware/share/bumperbot_firmware/package.ps1'
[0.782s] INFO:colcon.colcon_core.shell:Creating package descriptor '/home/amoulouel/bumperbot_ws/install/bumperbot_firmware/share/bumperbot_firmware/package.dsv'
[0.783s] INFO:colcon.colcon_core.shell:Creating package script '/home/amoulouel/bumperbot_ws/install/bumperbot_firmware/share/bumperbot_firmware/package.sh'
[0.783s] INFO:colcon.colcon_core.shell:Creating package script '/home/amoulouel/bumperbot_ws/install/bumperbot_firmware/share/bumperbot_firmware/package.bash'
[0.784s] INFO:colcon.colcon_core.shell:Creating package script '/home/amoulouel/bumperbot_ws/install/bumperbot_firmware/share/bumperbot_firmware/package.zsh'
[0.784s] Level 1:colcon.colcon_core.environment:create_file_with_runtime_dependencies(/home/amoulouel/bumperbot_ws/install/bumperbot_firmware/share/colcon-core/packages/bumperbot_firmware)
[0.785s] Level 1:colcon.colcon_core.environment:create_environment_scripts_only(bumperbot_controller)
[0.785s] Level 1:colcon.colcon_core.environment:checking '/home/amoulouel/bumperbot_ws/install/bumperbot_controller' for CMake module files
[0.786s] DEBUG:colcon.colcon_core.event_handler.log_command:Invoked command in '/home/amoulouel/bumperbot_ws/build/bumperbot_controller' returned '0': CMAKE_PREFIX_PATH=${CMAKE_PREFIX_PATH}:/home/amoulouel/bumperbot_ws/install/bumperbot_py_examples:/opt/ros/jazzy DEBUGINFOD_URLS=https://debuginfod.ubuntu.com /usr/bin/cmake --install /home/amoulouel/bumperbot_ws/build/bumperbot_controller
[0.788s] Level 1:colcon.colcon_core.environment:checking '/home/amoulouel/bumperbot_ws/install/bumperbot_controller' for CMake config files
[0.791s] Level 1:colcon.colcon_core.shell:create_environment_hook('bumperbot_controller', 'cmake_prefix_path')
[0.791s] INFO:colcon.colcon_core.shell:Creating environment hook '/home/amoulouel/bumperbot_ws/install/bumperbot_controller/share/bumperbot_controller/hook/cmake_prefix_path.ps1'
[0.792s] INFO:colcon.colcon_core.shell:Creating environment descriptor '/home/amoulouel/bumperbot_ws/install/bumperbot_controller/share/bumperbot_controller/hook/cmake_prefix_path.dsv'
[0.792s] INFO:colcon.colcon_core.shell:Creating environment hook '/home/amoulouel/bumperbot_ws/install/bumperbot_controller/share/bumperbot_controller/hook/cmake_prefix_path.sh'
[0.793s] Level 1:colcon.colcon_core.environment:checking '/home/amoulouel/bumperbot_ws/install/bumperbot_controller/lib'
[0.793s] Level 1:colcon.colcon_core.environment:checking '/home/amoulouel/bumperbot_ws/install/bumperbot_controller/bin'
[0.793s] Level 1:colcon.colcon_core.environment:checking '/home/amoulouel/bumperbot_ws/install/bumperbot_controller/lib/pkgconfig/bumperbot_controller.pc'
[0.793s] Level 1:colcon.colcon_core.environment:checking '/home/amoulouel/bumperbot_ws/install/bumperbot_controller/lib/python3.12/site-packages'
[0.793s] Level 1:colcon.colcon_core.shell:create_environment_hook('bumperbot_controller', 'pythonpath')
[0.793s] INFO:colcon.colcon_core.shell:Creating environment hook '/home/amoulouel/bumperbot_ws/install/bumperbot_controller/share/bumperbot_controller/hook/pythonpath.ps1'
[0.793s] INFO:colcon.colcon_core.shell:Creating environment descriptor '/home/amoulouel/bumperbot_ws/install/bumperbot_controller/share/bumperbot_controller/hook/pythonpath.dsv'
[0.794s] INFO:colcon.colcon_core.shell:Creating environment hook '/home/amoulouel/bumperbot_ws/install/bumperbot_controller/share/bumperbot_controller/hook/pythonpath.sh'
[0.794s] Level 1:colcon.colcon_core.environment:checking '/home/amoulouel/bumperbot_ws/install/bumperbot_controller/bin'
[0.794s] INFO:colcon.colcon_core.shell:Creating package script '/home/amoulouel/bumperbot_ws/install/bumperbot_controller/share/bumperbot_controller/package.ps1'
[0.795s] INFO:colcon.colcon_core.shell:Creating package descriptor '/home/amoulouel/bumperbot_ws/install/bumperbot_controller/share/bumperbot_controller/package.dsv'
[0.795s] INFO:colcon.colcon_core.shell:Creating package script '/home/amoulouel/bumperbot_ws/install/bumperbot_controller/share/bumperbot_controller/package.sh'
[0.795s] INFO:colcon.colcon_core.shell:Creating package script '/home/amoulouel/bumperbot_ws/install/bumperbot_controller/share/bumperbot_controller/package.bash'
[0.796s] INFO:colcon.colcon_core.shell:Creating package script '/home/amoulouel/bumperbot_ws/install/bumperbot_controller/share/bumperbot_controller/package.zsh'
[0.796s] Level 1:colcon.colcon_core.environment:create_file_with_runtime_dependencies(/home/amoulouel/bumperbot_ws/install/bumperbot_controller/share/colcon-core/packages/bumperbot_controller)
[0.796s] Level 1:colcon.colcon_core.environment:create_environment_scripts_only(bumperbot_controller)
[0.797s] Level 1:colcon.colcon_core.environment:checking '/home/amoulouel/bumperbot_ws/install/bumperbot_controller' for CMake module files
[0.797s] Level 1:colcon.colcon_core.environment:checking '/home/amoulouel/bumperbot_ws/install/bumperbot_controller' for CMake config files
[0.797s] Level 1:colcon.colcon_core.shell:create_environment_hook('bumperbot_controller', 'cmake_prefix_path')
[0.797s] INFO:colcon.colcon_core.shell:Creating environment hook '/home/amoulouel/bumperbot_ws/install/bumperbot_controller/share/bumperbot_controller/hook/cmake_prefix_path.ps1'
[0.798s] INFO:colcon.colcon_core.shell:Creating environment descriptor '/home/amoulouel/bumperbot_ws/install/bumperbot_controller/share/bumperbot_controller/hook/cmake_prefix_path.dsv'
[0.798s] INFO:colcon.colcon_core.shell:Creating environment hook '/home/amoulouel/bumperbot_ws/install/bumperbot_controller/share/bumperbot_controller/hook/cmake_prefix_path.sh'
[0.799s] Level 1:colcon.colcon_core.environment:checking '/home/amoulouel/bumperbot_ws/install/bumperbot_controller/lib'
[0.799s] Level 1:colcon.colcon_core.environment:checking '/home/amoulouel/bumperbot_ws/install/bumperbot_controller/bin'
[0.799s] Level 1:colcon.colcon_core.environment:checking '/home/amoulouel/bumperbot_ws/install/bumperbot_controller/lib/pkgconfig/bumperbot_controller.pc'
[0.799s] Level 1:colcon.colcon_core.environment:checking '/home/amoulouel/bumperbot_ws/install/bumperbot_controller/lib/python3.12/site-packages'
[0.799s] Level 1:colcon.colcon_core.shell:create_environment_hook('bumperbot_controller', 'pythonpath')
[0.799s] INFO:colcon.colcon_core.shell:Creating environment hook '/home/amoulouel/bumperbot_ws/install/bumperbot_controller/share/bumperbot_controller/hook/pythonpath.ps1'
[0.800s] INFO:colcon.colcon_core.shell:Creating environment descriptor '/home/amoulouel/bumperbot_ws/install/bumperbot_controller/share/bumperbot_controller/hook/pythonpath.dsv'
[0.800s] INFO:colcon.colcon_core.shell:Creating environment hook '/home/amoulouel/bumperbot_ws/install/bumperbot_controller/share/bumperbot_controller/hook/pythonpath.sh'
[0.801s] Level 1:colcon.colcon_core.environment:checking '/home/amoulouel/bumperbot_ws/install/bumperbot_controller/bin'
[0.801s] INFO:colcon.colcon_core.shell:Creating package script '/home/amoulouel/bumperbot_ws/install/bumperbot_controller/share/bumperbot_controller/package.ps1'
[0.802s] INFO:colcon.colcon_core.shell:Creating package descriptor '/home/amoulouel/bumperbot_ws/install/bumperbot_controller/share/bumperbot_controller/package.dsv'
[0.802s] INFO:colcon.colcon_core.shell:Creating package script '/home/amoulouel/bumperbot_ws/install/bumperbot_controller/share/bumperbot_controller/package.sh'
[0.802s] INFO:colcon.colcon_core.shell:Creating package script '/home/amoulouel/bumperbot_ws/install/bumperbot_controller/share/bumperbot_controller/package.bash'
[0.803s] INFO:colcon.colcon_core.shell:Creating package script '/home/amoulouel/bumperbot_ws/install/bumperbot_controller/share/bumperbot_controller/package.zsh'
[0.804s] Level 1:colcon.colcon_core.environment:create_file_with_runtime_dependencies(/home/amoulouel/bumperbot_ws/install/bumperbot_controller/share/colcon-core/packages/bumperbot_controller)
[0.805s] Level 1:colcon.colcon_core.environment:create_environment_scripts_only(bumperbot_msgs)
[0.805s] Level 1:colcon.colcon_core.environment:checking '/home/amoulouel/bumperbot_ws/install/bumperbot_msgs' for CMake module files
[0.805s] Level 1:colcon.colcon_core.environment:checking '/home/amoulouel/bumperbot_ws/install/bumperbot_msgs' for CMake config files
[0.806s] DEBUG:colcon.colcon_core.event_handler.log_command:Invoked command in '/home/amoulouel/bumperbot_ws/build/bumperbot_msgs' returned '0': CMAKE_PREFIX_PATH=${CMAKE_PREFIX_PATH}:/home/amoulouel/bumperbot_ws/install/bumperbot_py_examples:/opt/ros/jazzy DEBUGINFOD_URLS=https://debuginfod.ubuntu.com /usr/bin/cmake --install /home/amoulouel/bumperbot_ws/build/bumperbot_msgs
[0.806s] Level 1:colcon.colcon_core.shell:create_environment_hook('bumperbot_msgs', 'cmake_prefix_path')
[0.806s] INFO:colcon.colcon_core.shell:Creating environment hook '/home/amoulouel/bumperbot_ws/install/bumperbot_msgs/share/bumperbot_msgs/hook/cmake_prefix_path.ps1'
[0.806s] INFO:colcon.colcon_core.shell:Creating environment descriptor '/home/amoulouel/bumperbot_ws/install/bumperbot_msgs/share/bumperbot_msgs/hook/cmake_prefix_path.dsv'
[0.806s] INFO:colcon.colcon_core.shell:Creating environment hook '/home/amoulouel/bumperbot_ws/install/bumperbot_msgs/share/bumperbot_msgs/hook/cmake_prefix_path.sh'
[0.807s] Level 1:colcon.colcon_core.environment:checking '/home/amoulouel/bumperbot_ws/install/bumperbot_msgs/lib'
[0.807s] Level 1:colcon.colcon_core.shell:create_environment_hook('bumperbot_msgs', 'ld_library_path_lib')
[0.807s] INFO:colcon.colcon_core.shell:Creating environment hook '/home/amoulouel/bumperbot_ws/install/bumperbot_msgs/share/bumperbot_msgs/hook/ld_library_path_lib.ps1'
[0.808s] INFO:colcon.colcon_core.shell:Creating environment descriptor '/home/amoulouel/bumperbot_ws/install/bumperbot_msgs/share/bumperbot_msgs/hook/ld_library_path_lib.dsv'
[0.808s] INFO:colcon.colcon_core.shell:Creating environment hook '/home/amoulouel/bumperbot_ws/install/bumperbot_msgs/share/bumperbot_msgs/hook/ld_library_path_lib.sh'
[0.808s] Level 1:colcon.colcon_core.environment:checking '/home/amoulouel/bumperbot_ws/install/bumperbot_msgs/bin'
[0.808s] Level 1:colcon.colcon_core.environment:checking '/home/amoulouel/bumperbot_ws/install/bumperbot_msgs/lib/pkgconfig/bumperbot_msgs.pc'
[0.808s] Level 1:colcon.colcon_core.environment:checking '/home/amoulouel/bumperbot_ws/install/bumperbot_msgs/lib/python3.12/site-packages'
[0.808s] Level 1:colcon.colcon_core.shell:create_environment_hook('bumperbot_msgs', 'pythonpath')
[0.808s] INFO:colcon.colcon_core.shell:Creating environment hook '/home/amoulouel/bumperbot_ws/install/bumperbot_msgs/share/bumperbot_msgs/hook/pythonpath.ps1'
[0.809s] INFO:colcon.colcon_core.shell:Creating environment descriptor '/home/amoulouel/bumperbot_ws/install/bumperbot_msgs/share/bumperbot_msgs/hook/pythonpath.dsv'
[0.809s] INFO:colcon.colcon_core.shell:Creating environment hook '/home/amoulouel/bumperbot_ws/install/bumperbot_msgs/share/bumperbot_msgs/hook/pythonpath.sh'
[0.809s] Level 1:colcon.colcon_core.environment:checking '/home/amoulouel/bumperbot_ws/install/bumperbot_msgs/bin'
[0.809s] INFO:colcon.colcon_core.shell:Creating package script '/home/amoulouel/bumperbot_ws/install/bumperbot_msgs/share/bumperbot_msgs/package.ps1'
[0.810s] INFO:colcon.colcon_core.shell:Creating package descriptor '/home/amoulouel/bumperbot_ws/install/bumperbot_msgs/share/bumperbot_msgs/package.dsv'
[0.810s] INFO:colcon.colcon_core.shell:Creating package script '/home/amoulouel/bumperbot_ws/install/bumperbot_msgs/share/bumperbot_msgs/package.sh'
[0.810s] INFO:colcon.colcon_core.shell:Creating package script '/home/amoulouel/bumperbot_ws/install/bumperbot_msgs/share/bumperbot_msgs/package.bash'
[0.811s] INFO:colcon.colcon_core.shell:Creating package script '/home/amoulouel/bumperbot_ws/install/bumperbot_msgs/share/bumperbot_msgs/package.zsh'
[0.811s] Level 1:colcon.colcon_core.environment:create_file_with_runtime_dependencies(/home/amoulouel/bumperbot_ws/install/bumperbot_msgs/share/colcon-core/packages/bumperbot_msgs)
[0.812s] Level 1:colcon.colcon_core.environment:create_environment_scripts_only(bumperbot_msgs)
[0.812s] Level 1:colcon.colcon_core.environment:checking '/home/amoulouel/bumperbot_ws/install/bumperbot_msgs' for CMake module files
[0.812s] Level 1:colcon.colcon_core.environment:checking '/home/amoulouel/bumperbot_ws/install/bumperbot_msgs' for CMake config files
[0.813s] Level 1:colcon.colcon_core.shell:create_environment_hook('bumperbot_msgs', 'cmake_prefix_path')
[0.813s] INFO:colcon.colcon_core.shell:Creating environment hook '/home/amoulouel/bumperbot_ws/install/bumperbot_msgs/share/bumperbot_msgs/hook/cmake_prefix_path.ps1'
[0.813s] INFO:colcon.colcon_core.shell:Creating environment descriptor '/home/amoulouel/bumperbot_ws/install/bumperbot_msgs/share/bumperbot_msgs/hook/cmake_prefix_path.dsv'
[0.813s] INFO:colcon.colcon_core.shell:Creating environment hook '/home/amoulouel/bumperbot_ws/install/bumperbot_msgs/share/bumperbot_msgs/hook/cmake_prefix_path.sh'
[0.814s] Level 1:colcon.colcon_core.environment:checking '/home/amoulouel/bumperbot_ws/install/bumperbot_msgs/lib'
[0.814s] Level 1:colcon.colcon_core.shell:create_environment_hook('bumperbot_msgs', 'ld_library_path_lib')
[0.814s] INFO:colcon.colcon_core.shell:Creating environment hook '/home/amoulouel/bumperbot_ws/install/bumperbot_msgs/share/bumperbot_msgs/hook/ld_library_path_lib.ps1'
[0.814s] INFO:colcon.colcon_core.shell:Creating environment descriptor '/home/amoulouel/bumperbot_ws/install/bumperbot_msgs/share/bumperbot_msgs/hook/ld_library_path_lib.dsv'
[0.815s] INFO:colcon.colcon_core.shell:Creating environment hook '/home/amoulouel/bumperbot_ws/install/bumperbot_msgs/share/bumperbot_msgs/hook/ld_library_path_lib.sh'
[0.815s] Level 1:colcon.colcon_core.environment:checking '/home/amoulouel/bumperbot_ws/install/bumperbot_msgs/bin'
[0.815s] Level 1:colcon.colcon_core.environment:checking '/home/amoulouel/bumperbot_ws/install/bumperbot_msgs/lib/pkgconfig/bumperbot_msgs.pc'
[0.815s] Level 1:colcon.colcon_core.environment:checking '/home/amoulouel/bumperbot_ws/install/bumperbot_msgs/lib/python3.12/site-packages'
[0.815s] Level 1:colcon.colcon_core.shell:create_environment_hook('bumperbot_msgs', 'pythonpath')
[0.816s] INFO:colcon.colcon_core.shell:Creating environment hook '/home/amoulouel/bumperbot_ws/install/bumperbot_msgs/share/bumperbot_msgs/hook/pythonpath.ps1'
[0.816s] INFO:colcon.colcon_core.shell:Creating environment descriptor '/home/amoulouel/bumperbot_ws/install/bumperbot_msgs/share/bumperbot_msgs/hook/pythonpath.dsv'
[0.816s] INFO:colcon.colcon_core.shell:Creating environment hook '/home/amoulouel/bumperbot_ws/install/bumperbot_msgs/share/bumperbot_msgs/hook/pythonpath.sh'
[0.816s] Level 1:colcon.colcon_core.environment:checking '/home/amoulouel/bumperbot_ws/install/bumperbot_msgs/bin'
[0.816s] INFO:colcon.colcon_core.shell:Creating package script '/home/amoulouel/bumperbot_ws/install/bumperbot_msgs/share/bumperbot_msgs/package.ps1'
[0.817s] INFO:colcon.colcon_core.shell:Creating package descriptor '/home/amoulouel/bumperbot_ws/install/bumperbot_msgs/share/bumperbot_msgs/package.dsv'
[0.818s] INFO:colcon.colcon_core.shell:Creating package script '/home/amoulouel/bumperbot_ws/install/bumperbot_msgs/share/bumperbot_msgs/package.sh'
[0.818s] INFO:colcon.colcon_core.shell:Creating package script '/home/amoulouel/bumperbot_ws/install/bumperbot_msgs/share/bumperbot_msgs/package.bash'
[0.818s] INFO:colcon.colcon_core.shell:Creating package script '/home/amoulouel/bumperbot_ws/install/bumperbot_msgs/share/bumperbot_msgs/package.zsh'
[0.818s] Level 1:colcon.colcon_core.environment:create_file_with_runtime_dependencies(/home/amoulouel/bumperbot_ws/install/bumperbot_msgs/share/colcon-core/packages/bumperbot_msgs)
[0.819s] INFO:colcon.colcon_ros.task.ament_cmake.build:Building ROS package in '/home/amoulouel/bumperbot_ws/src/bumperbot_cpp_examples' with build type 'ament_cmake'
[0.819s] INFO:colcon.colcon_cmake.task.cmake.build:Building CMake package in '/home/amoulouel/bumperbot_ws/src/bumperbot_cpp_examples'
[0.819s] INFO:colcon.colcon_core.shell:Skip shell extension 'powershell' for command environment: Not usable outside of PowerShell
[0.819s] DEBUG:colcon.colcon_core.shell:Skip shell extension 'dsv' for command environment
[0.823s] INFO:colcon.colcon_ros.task.ament_python.build:Building ROS package in '/home/amoulouel/bumperbot_ws/src/bumperbot_py_examples' with build type 'ament_python'
[0.823s] Level 1:colcon.colcon_core.shell:create_environment_hook('bumperbot_py_examples', 'ament_prefix_path')
[0.823s] INFO:colcon.colcon_core.shell:Creating environment hook '/home/amoulouel/bumperbot_ws/install/bumperbot_py_examples/share/bumperbot_py_examples/hook/ament_prefix_path.ps1'
[0.823s] INFO:colcon.colcon_core.shell:Creating environment descriptor '/home/amoulouel/bumperbot_ws/install/bumperbot_py_examples/share/bumperbot_py_examples/hook/ament_prefix_path.dsv'
[0.824s] INFO:colcon.colcon_core.shell:Creating environment hook '/home/amoulouel/bumperbot_ws/install/bumperbot_py_examples/share/bumperbot_py_examples/hook/ament_prefix_path.sh'
[0.824s] INFO:colcon.colcon_core.shell:Skip shell extension 'powershell' for command environment: Not usable outside of PowerShell
[0.824s] DEBUG:colcon.colcon_core.shell:Skip shell extension 'dsv' for command environment
[0.831s] DEBUG:colcon.colcon_core.event_handler.log_command:Invoking command in '/home/amoulouel/bumperbot_ws/build/bumperbot_cpp_examples': CMAKE_PREFIX_PATH=/home/amoulouel/bumperbot_ws/install/bumperbot_msgs:/home/amoulouel/bumperbot_ws/install/bumperbot_cpp_examples:/home/amoulouel/bumperbot_ws/install/bumperbot_localization:/home/amoulouel/bumperbot_ws/install/bumperbot_firmware:/home/amoulouel/bumperbot_ws/install/bumperbot_description:/home/amoulouel/bumperbot_ws/install/bumperbot_controller:/home/amoulouel/bumperbot_ws/install/bumperbot_bringup:/opt/ros/jazzy/opt/gz_sim_vendor:/opt/ros/jazzy/opt/gz_sensors_vendor:/opt/ros/jazzy/opt/gz_physics_vendor:/opt/ros/jazzy/opt/sdformat_vendor:/opt/ros/jazzy/opt/gz_gui_vendor:/opt/ros/jazzy/opt/gz_transport_vendor:/opt/ros/jazzy/opt/gz_rendering_vendor:/opt/ros/jazzy/opt/gz_plugin_vendor:/opt/ros/jazzy/opt/gz_fuel_tools_vendor:/opt/ros/jazzy/opt/gz_msgs_vendor:/opt/ros/jazzy/opt/gz_common_vendor:/opt/ros/jazzy/opt/gz_math_vendor:/opt/ros/jazzy/opt/gz_utils_vendor:/opt/ros/jazzy/opt/gz_tools_vendor:/opt/ros/jazzy/opt/gz_ogre_next_vendor:/opt/ros/jazzy/opt/gz_dartsim_vendor:/opt/ros/jazzy/opt/gz_cmake_vendor:/home/amoulouel/bumperbot_ws/install/bumperbot_py_examples:/opt/ros/jazzy DEBUGINFOD_URLS=https://debuginfod.ubuntu.com PYTHONPATH=/home/amoulouel/bumperbot_ws/install/bumperbot_msgs/lib/python3.12/site-packages:/home/amoulouel/bumperbot_ws/install/bumperbot_py_examples/lib/python3.12/site-packages:/home/amoulouel/bumperbot_ws/install/bumperbot_localization/lib/python3.12/site-packages:/home/amoulouel/bumperbot_ws/install/bumperbot_firmware/lib/python3.12/site-packages:/home/amoulouel/bumperbot_ws/install/bumperbot_controller/lib/python3.12/site-packages:/opt/ros/jazzy/lib/python3.12/site-packages /usr/bin/cmake --build /home/amoulouel/bumperbot_ws/build/bumperbot_cpp_examples -- -j16 -l16
[1.048s] INFO:colcon.colcon_core.task.python.build:Building Python package in '/home/amoulouel/bumperbot_ws/src/bumperbot_py_examples'
[1.048s] INFO:colcon.colcon_core.shell:Skip shell extension 'powershell' for command environment: Not usable outside of PowerShell
[1.048s] DEBUG:colcon.colcon_core.shell:Skip shell extension 'dsv' for command environment
[1.052s] DEBUG:colcon.colcon_core.event_handler.log_command:Invoked command in '/home/amoulouel/bumperbot_ws/build/bumperbot_cpp_examples' returned '0': CMAKE_PREFIX_PATH=/home/amoulouel/bumperbot_ws/install/bumperbot_msgs:/home/amoulouel/bumperbot_ws/install/bumperbot_cpp_examples:/home/amoulouel/bumperbot_ws/install/bumperbot_localization:/home/amoulouel/bumperbot_ws/install/bumperbot_firmware:/home/amoulouel/bumperbot_ws/install/bumperbot_description:/home/amoulouel/bumperbot_ws/install/bumperbot_controller:/home/amoulouel/bumperbot_ws/install/bumperbot_bringup:/opt/ros/jazzy/opt/gz_sim_vendor:/opt/ros/jazzy/opt/gz_sensors_vendor:/opt/ros/jazzy/opt/gz_physics_vendor:/opt/ros/jazzy/opt/sdformat_vendor:/opt/ros/jazzy/opt/gz_gui_vendor:/opt/ros/jazzy/opt/gz_transport_vendor:/opt/ros/jazzy/opt/gz_rendering_vendor:/opt/ros/jazzy/opt/gz_plugin_vendor:/opt/ros/jazzy/opt/gz_fuel_tools_vendor:/opt/ros/jazzy/opt/gz_msgs_vendor:/opt/ros/jazzy/opt/gz_common_vendor:/opt/ros/jazzy/opt/gz_math_vendor:/opt/ros/jazzy/opt/gz_utils_vendor:/opt/ros/jazzy/opt/gz_tools_vendor:/opt/ros/jazzy/opt/gz_ogre_next_vendor:/opt/ros/jazzy/opt/gz_dartsim_vendor:/opt/ros/jazzy/opt/gz_cmake_vendor:/home/amoulouel/bumperbot_ws/install/bumperbot_py_examples:/opt/ros/jazzy DEBUGINFOD_URLS=https://debuginfod.ubuntu.com PYTHONPATH=/home/amoulouel/bumperbot_ws/install/bumperbot_msgs/lib/python3.12/site-packages:/home/amoulouel/bumperbot_ws/install/bumperbot_py_examples/lib/python3.12/site-packages:/home/amoulouel/bumperbot_ws/install/bumperbot_localization/lib/python3.12/site-packages:/home/amoulouel/bumperbot_ws/install/bumperbot_firmware/lib/python3.12/site-packages:/home/amoulouel/bumperbot_ws/install/bumperbot_controller/lib/python3.12/site-packages:/opt/ros/jazzy/lib/python3.12/site-packages /usr/bin/cmake --build /home/amoulouel/bumperbot_ws/build/bumperbot_cpp_examples -- -j16 -l16
[1.054s] DEBUG:colcon.colcon_core.event_handler.log_command:Invoking command in '/home/amoulouel/bumperbot_ws/build/bumperbot_cpp_examples': CMAKE_PREFIX_PATH=/home/amoulouel/bumperbot_ws/install/bumperbot_msgs:/home/amoulouel/bumperbot_ws/install/bumperbot_cpp_examples:/home/amoulouel/bumperbot_ws/install/bumperbot_localization:/home/amoulouel/bumperbot_ws/install/bumperbot_firmware:/home/amoulouel/bumperbot_ws/install/bumperbot_description:/home/amoulouel/bumperbot_ws/install/bumperbot_controller:/home/amoulouel/bumperbot_ws/install/bumperbot_bringup:/opt/ros/jazzy/opt/gz_sim_vendor:/opt/ros/jazzy/opt/gz_sensors_vendor:/opt/ros/jazzy/opt/gz_physics_vendor:/opt/ros/jazzy/opt/sdformat_vendor:/opt/ros/jazzy/opt/gz_gui_vendor:/opt/ros/jazzy/opt/gz_transport_vendor:/opt/ros/jazzy/opt/gz_rendering_vendor:/opt/ros/jazzy/opt/gz_plugin_vendor:/opt/ros/jazzy/opt/gz_fuel_tools_vendor:/opt/ros/jazzy/opt/gz_msgs_vendor:/opt/ros/jazzy/opt/gz_common_vendor:/opt/ros/jazzy/opt/gz_math_vendor:/opt/ros/jazzy/opt/gz_utils_vendor:/opt/ros/jazzy/opt/gz_tools_vendor:/opt/ros/jazzy/opt/gz_ogre_next_vendor:/opt/ros/jazzy/opt/gz_dartsim_vendor:/opt/ros/jazzy/opt/gz_cmake_vendor:/home/amoulouel/bumperbot_ws/install/bumperbot_py_examples:/opt/ros/jazzy DEBUGINFOD_URLS=https://debuginfod.ubuntu.com PYTHONPATH=/home/amoulouel/bumperbot_ws/install/bumperbot_msgs/lib/python3.12/site-packages:/home/amoulouel/bumperbot_ws/install/bumperbot_py_examples/lib/python3.12/site-packages:/home/amoulouel/bumperbot_ws/install/bumperbot_localization/lib/python3.12/site-packages:/home/amoulouel/bumperbot_ws/install/bumperbot_firmware/lib/python3.12/site-packages:/home/amoulouel/bumperbot_ws/install/bumperbot_controller/lib/python3.12/site-packages:/opt/ros/jazzy/lib/python3.12/site-packages /usr/bin/cmake --install /home/amoulouel/bumperbot_ws/build/bumperbot_cpp_examples
[1.065s] Level 1:colcon.colcon_core.environment:create_environment_scripts_only(bumperbot_cpp_examples)
[1.065s] Level 1:colcon.colcon_core.environment:checking '/home/amoulouel/bumperbot_ws/install/bumperbot_cpp_examples' for CMake module files
[1.066s] DEBUG:colcon.colcon_core.event_handler.log_command:Invoked command in '/home/amoulouel/bumperbot_ws/build/bumperbot_cpp_examples' returned '0': CMAKE_PREFIX_PATH=/home/amoulouel/bumperbot_ws/install/bumperbot_msgs:/home/amoulouel/bumperbot_ws/install/bumperbot_cpp_examples:/home/amoulouel/bumperbot_ws/install/bumperbot_localization:/home/amoulouel/bumperbot_ws/install/bumperbot_firmware:/home/amoulouel/bumperbot_ws/install/bumperbot_description:/home/amoulouel/bumperbot_ws/install/bumperbot_controller:/home/amoulouel/bumperbot_ws/install/bumperbot_bringup:/opt/ros/jazzy/opt/gz_sim_vendor:/opt/ros/jazzy/opt/gz_sensors_vendor:/opt/ros/jazzy/opt/gz_physics_vendor:/opt/ros/jazzy/opt/sdformat_vendor:/opt/ros/jazzy/opt/gz_gui_vendor:/opt/ros/jazzy/opt/gz_transport_vendor:/opt/ros/jazzy/opt/gz_rendering_vendor:/opt/ros/jazzy/opt/gz_plugin_vendor:/opt/ros/jazzy/opt/gz_fuel_tools_vendor:/opt/ros/jazzy/opt/gz_msgs_vendor:/opt/ros/jazzy/opt/gz_common_vendor:/opt/ros/jazzy/opt/gz_math_vendor:/opt/ros/jazzy/opt/gz_utils_vendor:/opt/ros/jazzy/opt/gz_tools_vendor:/opt/ros/jazzy/opt/gz_ogre_next_vendor:/opt/ros/jazzy/opt/gz_dartsim_vendor:/opt/ros/jazzy/opt/gz_cmake_vendor:/home/amoulouel/bumperbot_ws/install/bumperbot_py_examples:/opt/ros/jazzy DEBUGINFOD_URLS=https://debuginfod.ubuntu.com PYTHONPATH=/home/amoulouel/bumperbot_ws/install/bumperbot_msgs/lib/python3.12/site-packages:/home/amoulouel/bumperbot_ws/install/bumperbot_py_examples/lib/python3.12/site-packages:/home/amoulouel/bumperbot_ws/install/bumperbot_localization/lib/python3.12/site-packages:/home/amoulouel/bumperbot_ws/install/bumperbot_firmware/lib/python3.12/site-packages:/home/amoulouel/bumperbot_ws/install/bumperbot_controller/lib/python3.12/site-packages:/opt/ros/jazzy/lib/python3.12/site-packages /usr/bin/cmake --install /home/amoulouel/bumperbot_ws/build/bumperbot_cpp_examples
[1.067s] Level 1:colcon.colcon_core.environment:checking '/home/amoulouel/bumperbot_ws/install/bumperbot_cpp_examples' for CMake config files
[1.067s] Level 1:colcon.colcon_core.shell:create_environment_hook('bumperbot_cpp_examples', 'cmake_prefix_path')
[1.067s] INFO:colcon.colcon_core.shell:Creating environment hook '/home/amoulouel/bumperbot_ws/install/bumperbot_cpp_examples/share/bumperbot_cpp_examples/hook/cmake_prefix_path.ps1'
[1.068s] INFO:colcon.colcon_core.shell:Creating environment descriptor '/home/amoulouel/bumperbot_ws/install/bumperbot_cpp_examples/share/bumperbot_cpp_examples/hook/cmake_prefix_path.dsv'
[1.068s] INFO:colcon.colcon_core.shell:Creating environment hook '/home/amoulouel/bumperbot_ws/install/bumperbot_cpp_examples/share/bumperbot_cpp_examples/hook/cmake_prefix_path.sh'
[1.069s] Level 1:colcon.colcon_core.environment:checking '/home/amoulouel/bumperbot_ws/install/bumperbot_cpp_examples/lib'
[1.069s] Level 1:colcon.colcon_core.environment:checking '/home/amoulouel/bumperbot_ws/install/bumperbot_cpp_examples/bin'
[1.069s] Level 1:colcon.colcon_core.environment:checking '/home/amoulouel/bumperbot_ws/install/bumperbot_cpp_examples/lib/pkgconfig/bumperbot_cpp_examples.pc'
[1.069s] Level 1:colcon.colcon_core.environment:checking '/home/amoulouel/bumperbot_ws/install/bumperbot_cpp_examples/lib/python3.12/site-packages'
[1.069s] Level 1:colcon.colcon_core.environment:checking '/home/amoulouel/bumperbot_ws/install/bumperbot_cpp_examples/bin'
[1.069s] INFO:colcon.colcon_core.shell:Creating package script '/home/amoulouel/bumperbot_ws/install/bumperbot_cpp_examples/share/bumperbot_cpp_examples/package.ps1'
[1.070s] INFO:colcon.colcon_core.shell:Creating package descriptor '/home/amoulouel/bumperbot_ws/install/bumperbot_cpp_examples/share/bumperbot_cpp_examples/package.dsv'
[1.070s] INFO:colcon.colcon_core.shell:Creating package script '/home/amoulouel/bumperbot_ws/install/bumperbot_cpp_examples/share/bumperbot_cpp_examples/package.sh'
[1.071s] INFO:colcon.colcon_core.shell:Creating package script '/home/amoulouel/bumperbot_ws/install/bumperbot_cpp_examples/share/bumperbot_cpp_examples/package.bash'
[1.071s] INFO:colcon.colcon_core.shell:Creating package script '/home/amoulouel/bumperbot_ws/install/bumperbot_cpp_examples/share/bumperbot_cpp_examples/package.zsh'
[1.071s] Level 1:colcon.colcon_core.environment:create_file_with_runtime_dependencies(/home/amoulouel/bumperbot_ws/install/bumperbot_cpp_examples/share/colcon-core/packages/bumperbot_cpp_examples)
[1.072s] Level 1:colcon.colcon_core.environment:create_environment_scripts_only(bumperbot_cpp_examples)
[1.072s] Level 1:colcon.colcon_core.environment:checking '/home/amoulouel/bumperbot_ws/install/bumperbot_cpp_examples' for CMake module files
[1.073s] Level 1:colcon.colcon_core.environment:checking '/home/amoulouel/bumperbot_ws/install/bumperbot_cpp_examples' for CMake config files
[1.073s] Level 1:colcon.colcon_core.shell:create_environment_hook('bumperbot_cpp_examples', 'cmake_prefix_path')
[1.073s] INFO:colcon.colcon_core.shell:Creating environment hook '/home/amoulouel/bumperbot_ws/install/bumperbot_cpp_examples/share/bumperbot_cpp_examples/hook/cmake_prefix_path.ps1'
[1.073s] INFO:colcon.colcon_core.shell:Creating environment descriptor '/home/amoulouel/bumperbot_ws/install/bumperbot_cpp_examples/share/bumperbot_cpp_examples/hook/cmake_prefix_path.dsv'
[1.074s] INFO:colcon.colcon_core.shell:Creating environment hook '/home/amoulouel/bumperbot_ws/install/bumperbot_cpp_examples/share/bumperbot_cpp_examples/hook/cmake_prefix_path.sh'
[1.074s] Level 1:colcon.colcon_core.environment:checking '/home/amoulouel/bumperbot_ws/install/bumperbot_cpp_examples/lib'
[1.074s] Level 1:colcon.colcon_core.environment:checking '/home/amoulouel/bumperbot_ws/install/bumperbot_cpp_examples/bin'
[1.074s] Level 1:colcon.colcon_core.environment:checking '/home/amoulouel/bumperbot_ws/install/bumperbot_cpp_examples/lib/pkgconfig/bumperbot_cpp_examples.pc'
[1.075s] Level 1:colcon.colcon_core.environment:checking '/home/amoulouel/bumperbot_ws/install/bumperbot_cpp_examples/lib/python3.12/site-packages'
[1.075s] Level 1:colcon.colcon_core.environment:checking '/home/amoulouel/bumperbot_ws/install/bumperbot_cpp_examples/bin'
[1.075s] INFO:colcon.colcon_core.shell:Creating package script '/home/amoulouel/bumperbot_ws/install/bumperbot_cpp_examples/share/bumperbot_cpp_examples/package.ps1'
[1.076s] INFO:colcon.colcon_core.shell:Creating package descriptor '/home/amoulouel/bumperbot_ws/install/bumperbot_cpp_examples/share/bumperbot_cpp_examples/package.dsv'
[1.076s] INFO:colcon.colcon_core.shell:Creating package script '/home/amoulouel/bumperbot_ws/install/bumperbot_cpp_examples/share/bumperbot_cpp_examples/package.sh'
[1.077s] INFO:colcon.colcon_core.shell:Creating package script '/home/amoulouel/bumperbot_ws/install/bumperbot_cpp_examples/share/bumperbot_cpp_examples/package.bash'
[1.077s] INFO:colcon.colcon_core.shell:Creating package script '/home/amoulouel/bumperbot_ws/install/bumperbot_cpp_examples/share/bumperbot_cpp_examples/package.zsh'
[1.077s] Level 1:colcon.colcon_core.environment:create_file_with_runtime_dependencies(/home/amoulouel/bumperbot_ws/install/bumperbot_cpp_examples/share/colcon-core/packages/bumperbot_cpp_examples)
[1.576s] DEBUG:colcon.colcon_core.event_handler.log_command:Invoked command in '/home/amoulouel/bumperbot_ws/build/bumperbot_localization' returned '2': CMAKE_PREFIX_PATH=${CMAKE_PREFIX_PATH}:/home/amoulouel/bumperbot_ws/install/bumperbot_py_examples:/opt/ros/jazzy DEBUGINFOD_URLS=https://debuginfod.ubuntu.com /usr/bin/cmake --build /home/amoulouel/bumperbot_ws/build/bumperbot_localization -- -j16 -l16
[1.576s] Level 1:colcon.colcon_core.environment:create_environment_scripts_only(bumperbot_localization)
[1.576s] Level 1:colcon.colcon_core.environment:checking '/home/amoulouel/bumperbot_ws/install/bumperbot_localization' for CMake module files
[1.577s] Level 1:colcon.colcon_core.environment:checking '/home/amoulouel/bumperbot_ws/install/bumperbot_localization' for CMake config files
[1.577s] Level 1:colcon.colcon_core.shell:create_environment_hook('bumperbot_localization', 'cmake_prefix_path')
[1.577s] INFO:colcon.colcon_core.shell:Creating environment hook '/home/amoulouel/bumperbot_ws/install/bumperbot_localization/share/bumperbot_localization/hook/cmake_prefix_path.ps1'
[1.578s] INFO:colcon.colcon_core.shell:Creating environment descriptor '/home/amoulouel/bumperbot_ws/install/bumperbot_localization/share/bumperbot_localization/hook/cmake_prefix_path.dsv'
[1.578s] INFO:colcon.colcon_core.shell:Creating environment hook '/home/amoulouel/bumperbot_ws/install/bumperbot_localization/share/bumperbot_localization/hook/cmake_prefix_path.sh'
[1.578s] Level 1:colcon.colcon_core.environment:checking '/home/amoulouel/bumperbot_ws/install/bumperbot_localization/lib'
[1.578s] Level 1:colcon.colcon_core.environment:checking '/home/amoulouel/bumperbot_ws/install/bumperbot_localization/bin'
[1.578s] Level 1:colcon.colcon_core.environment:checking '/home/amoulouel/bumperbot_ws/install/bumperbot_localization/lib/pkgconfig/bumperbot_localization.pc'
[1.579s] Level 1:colcon.colcon_core.environment:checking '/home/amoulouel/bumperbot_ws/install/bumperbot_localization/lib/python3.12/site-packages'
[1.579s] Level 1:colcon.colcon_core.shell:create_environment_hook('bumperbot_localization', 'pythonpath')
[1.579s] INFO:colcon.colcon_core.shell:Creating environment hook '/home/amoulouel/bumperbot_ws/install/bumperbot_localization/share/bumperbot_localization/hook/pythonpath.ps1'
[1.579s] INFO:colcon.colcon_core.shell:Creating environment descriptor '/home/amoulouel/bumperbot_ws/install/bumperbot_localization/share/bumperbot_localization/hook/pythonpath.dsv'
[1.579s] INFO:colcon.colcon_core.shell:Creating environment hook '/home/amoulouel/bumperbot_ws/install/bumperbot_localization/share/bumperbot_localization/hook/pythonpath.sh'
[1.580s] Level 1:colcon.colcon_core.environment:checking '/home/amoulouel/bumperbot_ws/install/bumperbot_localization/bin'
[1.580s] INFO:colcon.colcon_core.shell:Creating package script '/home/amoulouel/bumperbot_ws/install/bumperbot_localization/share/bumperbot_localization/package.ps1'
[1.580s] INFO:colcon.colcon_core.shell:Creating package descriptor '/home/amoulouel/bumperbot_ws/install/bumperbot_localization/share/bumperbot_localization/package.dsv'
[1.580s] INFO:colcon.colcon_core.shell:Creating package script '/home/amoulouel/bumperbot_ws/install/bumperbot_localization/share/bumperbot_localization/package.sh'
[1.581s] INFO:colcon.colcon_core.shell:Creating package script '/home/amoulouel/bumperbot_ws/install/bumperbot_localization/share/bumperbot_localization/package.bash'
[1.581s] INFO:colcon.colcon_core.shell:Creating package script '/home/amoulouel/bumperbot_ws/install/bumperbot_localization/share/bumperbot_localization/package.zsh'
[1.581s] Level 1:colcon.colcon_core.environment:create_file_with_runtime_dependencies(/home/amoulouel/bumperbot_ws/install/bumperbot_localization/share/colcon-core/packages/bumperbot_localization)
[1.634s] DEBUG:colcon.colcon_parallel_executor.executor.parallel:closing loop
[1.634s] DEBUG:colcon.colcon_parallel_executor.executor.parallel:loop closed
[1.634s] DEBUG:colcon.colcon_parallel_executor.executor.parallel:run_until_complete finished with '2'
[1.634s] DEBUG:colcon.colcon_core.event_reactor:joining thread
[1.639s] INFO:colcon.colcon_core.plugin_system:Skipping extension 'colcon_notification.desktop_notification.terminal_notifier': Not used on non-Darwin systems
[1.639s] INFO:colcon.colcon_core.plugin_system:Skipping extension 'colcon_notification.desktop_notification.win32': Not used on non-Windows systems
[1.639s] INFO:colcon.colcon_notification.desktop_notification:Sending desktop notification using 'notify2'
[1.652s] DEBUG:colcon.colcon_core.event_reactor:joined thread
[1.652s] INFO:colcon.colcon_core.shell:Creating prefix script '/home/amoulouel/bumperbot_ws/install/local_setup.ps1'
[1.653s] INFO:colcon.colcon_core.shell:Creating prefix util module '/home/amoulouel/bumperbot_ws/install/_local_setup_util_ps1.py'
[1.654s] INFO:colcon.colcon_core.shell:Creating prefix chain script '/home/amoulouel/bumperbot_ws/install/setup.ps1'
[1.654s] INFO:colcon.colcon_core.shell:Creating prefix script '/home/amoulouel/bumperbot_ws/install/local_setup.sh'
[1.655s] INFO:colcon.colcon_core.shell:Creating prefix util module '/home/amoulouel/bumperbot_ws/install/_local_setup_util_sh.py'
[1.655s] INFO:colcon.colcon_core.shell:Creating prefix chain script '/home/amoulouel/bumperbot_ws/install/setup.sh'
[1.656s] INFO:colcon.colcon_core.shell:Creating prefix script '/home/amoulouel/bumperbot_ws/install/local_setup.bash'
[1.656s] INFO:colcon.colcon_core.shell:Creating prefix chain script '/home/amoulouel/bumperbot_ws/install/setup.bash'
[1.657s] INFO:colcon.colcon_core.shell:Creating prefix script '/home/amoulouel/bumperbot_ws/install/local_setup.zsh'
[1.657s] INFO:colcon.colcon_core.shell:Creating prefix chain script '/home/amoulouel/bumperbot_ws/install/setup.zsh'
