[  0%] Built target ament_cmake_python_copy_bumperbot_utils
[ 50%] [32mBuilding CXX object CMakeFiles/safety_stop.dir/src/safety_stop.cpp.o[0m
running egg_info
writing bumperbot_utils.egg-info/PKG-INFO
writing dependency_links to bumperbot_utils.egg-info/dependency_links.txt
writing top-level names to bumperbot_utils.egg-info/top_level.txt
reading manifest file 'bumperbot_utils.egg-info/SOURCES.txt'
writing manifest file 'bumperbot_utils.egg-info/SOURCES.txt'
[ 50%] Built target ament_cmake_python_build_bumperbot_utils_egg
[01m[K/home/amoulouel/bumperbot_ws/src/bumperbot_utils/src/safety_stop.cpp:[m[K In constructor ‘[01m[KSafetyStop::[01;32m[KSafetyStop[m[K()[m[K’:
[01m[K/home/amoulouel/bumperbot_ws/src/bumperbot_utils/src/safety_stop.cpp:38:95:[m[K [01;35m[Kwarning: [m[Kthe address of ‘[01m[Kbool rclcpp::[01;32m[Kok[m[K(Context::SharedPtr)[m[K’ will never be NULL [[01;35m[K]8;;https://gcc.gnu.org/onlinedocs/gcc/Warning-Options.html#index-Waddress-Waddress]8;;[m[K]
   38 |     while(!decrease_speed_client_->wait_for_action_server(std::chrono::seconds(1)) && [01;35m[Krclcpp::ok[m[K){
      |                                                                                       [01;35m[K~~~~~~~~^~[m[K
In file included from [01m[K/opt/ros/jazzy/include/rclcpp/rclcpp/logging.hpp:25[m[K,
                 from [01m[K/opt/ros/jazzy/include/rclcpp/rclcpp/copy_all_parameter_values.hpp:27[m[K,
                 from [01m[K/opt/ros/jazzy/include/rclcpp/rclcpp/rclcpp.hpp:171[m[K,
                 from [01m[K/home/amoulouel/bumperbot_ws/src/bumperbot_utils/src/safety_stop.cpp:2[m[K:
[01m[K/opt/ros/jazzy/include/rclcpp/rclcpp/utilities.hpp:176:1:[m[K [01;36m[Knote: [m[K‘[01m[Kbool rclcpp::[01;32m[Kok[m[K(Context::SharedPtr)[m[K’ declared here
  176 | [01;36m[Kok[m[K(rclcpp::Context::SharedPtr context = nullptr);
      | [01;36m[K^~[m[K
[01m[K/home/amoulouel/bumperbot_ws/src/bumperbot_utils/src/safety_stop.cpp:42:95:[m[K [01;35m[Kwarning: [m[Kthe address of ‘[01m[Kbool rclcpp::[01;32m[Kok[m[K(Context::SharedPtr)[m[K’ will never be NULL [[01;35m[K]8;;https://gcc.gnu.org/onlinedocs/gcc/Warning-Options.html#index-Waddress-Waddress]8;;[m[K]
   42 |     while(!increase_speed_client_->wait_for_action_server(std::chrono::seconds(1)) && [01;35m[Krclcpp::ok[m[K){
      |                                                                                       [01;35m[K~~~~~~~~^~[m[K
[01m[K/opt/ros/jazzy/include/rclcpp/rclcpp/utilities.hpp:176:1:[m[K [01;36m[Knote: [m[K‘[01m[Kbool rclcpp::[01;32m[Kok[m[K(Context::SharedPtr)[m[K’ declared here
  176 | [01;36m[Kok[m[K(rclcpp::Context::SharedPtr context = nullptr);
      | [01;36m[K^~[m[K
[100%] [32m[1mLinking CXX executable safety_stop[0m
[100%] Built target safety_stop
-- Install configuration: ""
-- Up-to-date: /home/amoulouel/bumperbot_ws/install/bumperbot_utils/share/bumperbot_utils/environment/pythonpath.sh
-- Up-to-date: /home/amoulouel/bumperbot_ws/install/bumperbot_utils/share/bumperbot_utils/environment/pythonpath.dsv
-- Up-to-date: /home/amoulouel/bumperbot_ws/install/bumperbot_utils/lib/python3.12/site-packages/bumperbot_utils-0.0.0-py3.12.egg-info
-- Installing: /home/amoulouel/bumperbot_ws/install/bumperbot_utils/lib/python3.12/site-packages/bumperbot_utils-0.0.0-py3.12.egg-info/dependency_links.txt
-- Installing: /home/amoulouel/bumperbot_ws/install/bumperbot_utils/lib/python3.12/site-packages/bumperbot_utils-0.0.0-py3.12.egg-info/top_level.txt
-- Installing: /home/amoulouel/bumperbot_ws/install/bumperbot_utils/lib/python3.12/site-packages/bumperbot_utils-0.0.0-py3.12.egg-info/PKG-INFO
-- Installing: /home/amoulouel/bumperbot_ws/install/bumperbot_utils/lib/python3.12/site-packages/bumperbot_utils-0.0.0-py3.12.egg-info/SOURCES.txt
-- Up-to-date: /home/amoulouel/bumperbot_ws/install/bumperbot_utils/lib/python3.12/site-packages/bumperbot_utils
-- Up-to-date: /home/amoulouel/bumperbot_ws/install/bumperbot_utils/lib/python3.12/site-packages/bumperbot_utils/__init__.py
-- Up-to-date: /home/amoulouel/bumperbot_ws/install/bumperbot_utils/lib/python3.12/site-packages/bumperbot_utils/safety_stop.py
Listing '/home/amoulouel/bumperbot_ws/install/bumperbot_utils/lib/python3.12/site-packages/bumperbot_utils'...
-- Installing: /home/amoulouel/bumperbot_ws/install/bumperbot_utils/lib/bumperbot_utils/safety_stop
-- Set non-toolchain portion of runtime path of "/home/amoulouel/bumperbot_ws/install/bumperbot_utils/lib/bumperbot_utils/safety_stop" to ""
-- Up-to-date: /home/amoulouel/bumperbot_ws/install/bumperbot_utils/lib/bumperbot_utils/safety_stop.py
-- Up-to-date: /home/amoulouel/bumperbot_ws/install/bumperbot_utils/share/ament_index/resource_index/package_run_dependencies/bumperbot_utils
-- Up-to-date: /home/amoulouel/bumperbot_ws/install/bumperbot_utils/share/ament_index/resource_index/parent_prefix_path/bumperbot_utils
-- Up-to-date: /home/amoulouel/bumperbot_ws/install/bumperbot_utils/share/bumperbot_utils/environment/ament_prefix_path.sh
-- Up-to-date: /home/amoulouel/bumperbot_ws/install/bumperbot_utils/share/bumperbot_utils/environment/ament_prefix_path.dsv
-- Up-to-date: /home/amoulouel/bumperbot_ws/install/bumperbot_utils/share/bumperbot_utils/environment/path.sh
-- Up-to-date: /home/amoulouel/bumperbot_ws/install/bumperbot_utils/share/bumperbot_utils/environment/path.dsv
-- Up-to-date: /home/amoulouel/bumperbot_ws/install/bumperbot_utils/share/bumperbot_utils/local_setup.bash
-- Up-to-date: /home/amoulouel/bumperbot_ws/install/bumperbot_utils/share/bumperbot_utils/local_setup.sh
-- Up-to-date: /home/amoulouel/bumperbot_ws/install/bumperbot_utils/share/bumperbot_utils/local_setup.zsh
-- Up-to-date: /home/amoulouel/bumperbot_ws/install/bumperbot_utils/share/bumperbot_utils/local_setup.dsv
-- Installing: /home/amoulouel/bumperbot_ws/install/bumperbot_utils/share/bumperbot_utils/package.dsv
-- Up-to-date: /home/amoulouel/bumperbot_ws/install/bumperbot_utils/share/ament_index/resource_index/packages/bumperbot_utils
-- Up-to-date: /home/amoulouel/bumperbot_ws/install/bumperbot_utils/share/bumperbot_utils/cmake/bumperbot_utilsConfig.cmake
-- Up-to-date: /home/amoulouel/bumperbot_ws/install/bumperbot_utils/share/bumperbot_utils/cmake/bumperbot_utilsConfig-version.cmake
-- Up-to-date: /home/amoulouel/bumperbot_ws/install/bumperbot_utils/share/bumperbot_utils/package.xml
