[0.017s] Invoking command in '/home/amoulouel/bumperbot_ws/build/bumperbot_bringup': CMAKE_PREFIX_PATH=${CMAKE_PREFIX_PATH}:/home/amoulouel/bumperbot_ws/install/bumperbot_py_examples:/opt/ros/jazzy DEBUGINFOD_URLS=https://debuginfod.ubuntu.com /usr/bin/cmake --build /home/amoulouel/bumperbot_ws/build/bumperbot_bringup -- -j16 -l16
[0.048s] Invoked command in '/home/amoulouel/bumperbot_ws/build/bumperbot_bringup' returned '0': CMAKE_PREFIX_PATH=${CMAKE_PREFIX_PATH}:/home/amoulouel/bumperbot_ws/install/bumperbot_py_examples:/opt/ros/jazzy DEBUGINFOD_URLS=https://debuginfod.ubuntu.com /usr/bin/cmake --build /home/amoulouel/bumperbot_ws/build/bumperbot_bringup -- -j16 -l16
[0.062s] Invoking command in '/home/amoulouel/bumperbot_ws/build/bumperbot_bringup': CMAKE_PREFIX_PATH=${CMAKE_PREFIX_PATH}:/home/amoulouel/bumperbot_ws/install/bumperbot_py_examples:/opt/ros/jazzy DEBUGINFOD_URLS=https://debuginfod.ubuntu.com /usr/bin/cmake --install /home/amoulouel/bumperbot_ws/build/bumperbot_bringup
[0.076s] -- Install configuration: ""
[0.076s] -- Up-to-date: /home/amoulouel/bumperbot_ws/install/bumperbot_bringup/share/bumperbot_bringup/launch
[0.076s] -- Up-to-date: /home/amoulouel/bumperbot_ws/install/bumperbot_bringup/share/bumperbot_bringup/launch/simulated_robot.launch.py
[0.076s] -- Up-to-date: /home/amoulouel/bumperbot_ws/install/bumperbot_bringup/share/bumperbot_bringup/launch/real_robot.launch.py
[0.076s] -- Up-to-date: /home/amoulouel/bumperbot_ws/install/bumperbot_bringup/share/ament_index/resource_index/package_run_dependencies/bumperbot_bringup
[0.076s] -- Up-to-date: /home/amoulouel/bumperbot_ws/install/bumperbot_bringup/share/ament_index/resource_index/parent_prefix_path/bumperbot_bringup
[0.076s] -- Up-to-date: /home/amoulouel/bumperbot_ws/install/bumperbot_bringup/share/bumperbot_bringup/environment/ament_prefix_path.sh
[0.077s] -- Up-to-date: /home/amoulouel/bumperbot_ws/install/bumperbot_bringup/share/bumperbot_bringup/environment/ament_prefix_path.dsv
[0.077s] -- Up-to-date: /home/amoulouel/bumperbot_ws/install/bumperbot_bringup/share/bumperbot_bringup/environment/path.sh
[0.077s] -- Up-to-date: /home/amoulouel/bumperbot_ws/install/bumperbot_bringup/share/bumperbot_bringup/environment/path.dsv
[0.077s] -- Up-to-date: /home/amoulouel/bumperbot_ws/install/bumperbot_bringup/share/bumperbot_bringup/local_setup.bash
[0.077s] -- Up-to-date: /home/amoulouel/bumperbot_ws/install/bumperbot_bringup/share/bumperbot_bringup/local_setup.sh
[0.078s] -- Up-to-date: /home/amoulouel/bumperbot_ws/install/bumperbot_bringup/share/bumperbot_bringup/local_setup.zsh
[0.078s] -- Up-to-date: /home/amoulouel/bumperbot_ws/install/bumperbot_bringup/share/bumperbot_bringup/local_setup.dsv
[0.079s] -- Installing: /home/amoulouel/bumperbot_ws/install/bumperbot_bringup/share/bumperbot_bringup/package.dsv
[0.079s] -- Up-to-date: /home/amoulouel/bumperbot_ws/install/bumperbot_bringup/share/ament_index/resource_index/packages/bumperbot_bringup
[0.079s] -- Up-to-date: /home/amoulouel/bumperbot_ws/install/bumperbot_bringup/share/bumperbot_bringup/cmake/bumperbot_bringupConfig.cmake
[0.079s] -- Up-to-date: /home/amoulouel/bumperbot_ws/install/bumperbot_bringup/share/bumperbot_bringup/cmake/bumperbot_bringupConfig-version.cmake
[0.079s] -- Up-to-date: /home/amoulouel/bumperbot_ws/install/bumperbot_bringup/share/bumperbot_bringup/package.xml
[0.104s] Invoked command in '/home/amoulouel/bumperbot_ws/build/bumperbot_bringup' returned '0': CMAKE_PREFIX_PATH=${CMAKE_PREFIX_PATH}:/home/amoulouel/bumperbot_ws/install/bumperbot_py_examples:/opt/ros/jazzy DEBUGINFOD_URLS=https://debuginfod.ubuntu.com /usr/bin/cmake --install /home/amoulouel/bumperbot_ws/build/bumperbot_bringup
