[0.032s] Invoking command in '/home/amoulouel/bumperbot_ws/build/bumperbot_localization': CMAKE_PREFIX_PATH=${CMAKE_PREFIX_PATH}:/home/amoulouel/bumperbot_ws/install/bumperbot_py_examples:/opt/ros/jazzy DEBUGINFOD_URLS=https://debuginfod.ubuntu.com /usr/bin/cmake --build /home/amoulouel/bumperbot_ws/build/bumperbot_localization -- -j16 -l16
[0.125s] [ 33%] Built target kalman_filter
[0.173s] [ 66%] Built target imu_republisher
[0.206s] [100%] Built target odometry_motion_model
[0.206s] [100%] Built target ament_cmake_python_copy_bumperbot_localization
[0.615s] running egg_info
[0.660s] writing bumperbot_localization.egg-info/PKG-INFO
[0.660s] writing dependency_links to bumperbot_localization.egg-info/dependency_links.txt
[0.660s] writing top-level names to bumperbot_localization.egg-info/top_level.txt
[0.796s] reading manifest file 'bumperbot_localization.egg-info/SOURCES.txt'
[0.798s] writing manifest file 'bumperbot_localization.egg-info/SOURCES.txt'
[0.875s] [100%] Built target ament_cmake_python_build_bumperbot_localization_egg
[0.951s] Invoked command in '/home/amoulouel/bumperbot_ws/build/bumperbot_localization' returned '0': CMAKE_PREFIX_PATH=${CMAKE_PREFIX_PATH}:/home/amoulouel/bumperbot_ws/install/bumperbot_py_examples:/opt/ros/jazzy DEBUGINFOD_URLS=https://debuginfod.ubuntu.com /usr/bin/cmake --build /home/amoulouel/bumperbot_ws/build/bumperbot_localization -- -j16 -l16
[0.953s] Invoking command in '/home/amoulouel/bumperbot_ws/build/bumperbot_localization': CMAKE_PREFIX_PATH=${CMAKE_PREFIX_PATH}:/home/amoulouel/bumperbot_ws/install/bumperbot_py_examples:/opt/ros/jazzy DEBUGINFOD_URLS=https://debuginfod.ubuntu.com /usr/bin/cmake --install /home/amoulouel/bumperbot_ws/build/bumperbot_localization
[0.962s] -- Install configuration: ""
[0.962s] -- Up-to-date: /home/amoulouel/bumperbot_ws/install/bumperbot_localization/share/bumperbot_localization/environment/pythonpath.sh
[0.962s] -- Up-to-date: /home/amoulouel/bumperbot_ws/install/bumperbot_localization/share/bumperbot_localization/environment/pythonpath.dsv
[0.962s] -- Up-to-date: /home/amoulouel/bumperbot_ws/install/bumperbot_localization/lib/python3.12/site-packages/bumperbot_localization-0.0.0-py3.12.egg-info
[0.962s] -- Installing: /home/amoulouel/bumperbot_ws/install/bumperbot_localization/lib/python3.12/site-packages/bumperbot_localization-0.0.0-py3.12.egg-info/dependency_links.txt
[0.962s] -- Installing: /home/amoulouel/bumperbot_ws/install/bumperbot_localization/lib/python3.12/site-packages/bumperbot_localization-0.0.0-py3.12.egg-info/top_level.txt
[0.962s] -- Installing: /home/amoulouel/bumperbot_ws/install/bumperbot_localization/lib/python3.12/site-packages/bumperbot_localization-0.0.0-py3.12.egg-info/PKG-INFO
[0.962s] -- Installing: /home/amoulouel/bumperbot_ws/install/bumperbot_localization/lib/python3.12/site-packages/bumperbot_localization-0.0.0-py3.12.egg-info/SOURCES.txt
[0.962s] -- Up-to-date: /home/amoulouel/bumperbot_ws/install/bumperbot_localization/lib/python3.12/site-packages/bumperbot_localization
[0.963s] -- Up-to-date: /home/amoulouel/bumperbot_ws/install/bumperbot_localization/lib/python3.12/site-packages/bumperbot_localization/imu_republisher.py
[0.963s] -- Up-to-date: /home/amoulouel/bumperbot_ws/install/bumperbot_localization/lib/python3.12/site-packages/bumperbot_localization/__init__.py
[0.963s] -- Up-to-date: /home/amoulouel/bumperbot_ws/install/bumperbot_localization/lib/python3.12/site-packages/bumperbot_localization/odometry_motion_model.py
[0.963s] -- Up-to-date: /home/amoulouel/bumperbot_ws/install/bumperbot_localization/lib/python3.12/site-packages/bumperbot_localization/kalman_filter.py
[1.020s] Listing '/home/amoulouel/bumperbot_ws/install/bumperbot_localization/lib/python3.12/site-packages/bumperbot_localization'...
[1.031s] -- Up-to-date: /home/amoulouel/bumperbot_ws/install/bumperbot_localization/include/include
[1.032s] -- Up-to-date: /home/amoulouel/bumperbot_ws/install/bumperbot_localization/include/include/bumperbot_localization
[1.032s] -- Up-to-date: /home/amoulouel/bumperbot_ws/install/bumperbot_localization/include/include/bumperbot_localization/odometry_motion_model.hpp
[1.032s] -- Up-to-date: /home/amoulouel/bumperbot_ws/install/bumperbot_localization/include/include/bumperbot_localization/kalman_filter.hpp
[1.032s] -- Up-to-date: /home/amoulouel/bumperbot_ws/install/bumperbot_localization/lib/bumperbot_localization/kalman_filter
[1.032s] -- Up-to-date: /home/amoulouel/bumperbot_ws/install/bumperbot_localization/lib/bumperbot_localization/imu_republisher
[1.032s] -- Up-to-date: /home/amoulouel/bumperbot_ws/install/bumperbot_localization/lib/bumperbot_localization/odometry_motion_model
[1.033s] -- Up-to-date: /home/amoulouel/bumperbot_ws/install/bumperbot_localization/share/bumperbot_localization/launch
[1.033s] -- Up-to-date: /home/amoulouel/bumperbot_ws/install/bumperbot_localization/share/bumperbot_localization/launch/local_localization.launch.py
[1.033s] -- Up-to-date: /home/amoulouel/bumperbot_ws/install/bumperbot_localization/share/bumperbot_localization/launch/global_localization.launch.py
[1.033s] -- Up-to-date: /home/amoulouel/bumperbot_ws/install/bumperbot_localization/share/bumperbot_localization/config
[1.033s] -- Up-to-date: /home/amoulouel/bumperbot_ws/install/bumperbot_localization/share/bumperbot_localization/config/amcl.yaml
[1.034s] -- Up-to-date: /home/amoulouel/bumperbot_ws/install/bumperbot_localization/share/bumperbot_localization/config/ekf.yaml
[1.034s] -- Up-to-date: /home/amoulouel/bumperbot_ws/install/bumperbot_localization/lib/bumperbot_localization/kalman_filter.py
[1.034s] -- Up-to-date: /home/amoulouel/bumperbot_ws/install/bumperbot_localization/lib/bumperbot_localization/imu_republisher.py
[1.034s] -- Up-to-date: /home/amoulouel/bumperbot_ws/install/bumperbot_localization/lib/bumperbot_localization/odometry_motion_model.py
[1.034s] -- Up-to-date: /home/amoulouel/bumperbot_ws/install/bumperbot_localization/share/ament_index/resource_index/package_run_dependencies/bumperbot_localization
[1.034s] -- Up-to-date: /home/amoulouel/bumperbot_ws/install/bumperbot_localization/share/ament_index/resource_index/parent_prefix_path/bumperbot_localization
[1.034s] -- Up-to-date: /home/amoulouel/bumperbot_ws/install/bumperbot_localization/share/bumperbot_localization/environment/ament_prefix_path.sh
[1.034s] -- Up-to-date: /home/amoulouel/bumperbot_ws/install/bumperbot_localization/share/bumperbot_localization/environment/ament_prefix_path.dsv
[1.034s] -- Up-to-date: /home/amoulouel/bumperbot_ws/install/bumperbot_localization/share/bumperbot_localization/environment/path.sh
[1.035s] -- Up-to-date: /home/amoulouel/bumperbot_ws/install/bumperbot_localization/share/bumperbot_localization/environment/path.dsv
[1.035s] -- Up-to-date: /home/amoulouel/bumperbot_ws/install/bumperbot_localization/share/bumperbot_localization/local_setup.bash
[1.035s] -- Up-to-date: /home/amoulouel/bumperbot_ws/install/bumperbot_localization/share/bumperbot_localization/local_setup.sh
[1.035s] -- Up-to-date: /home/amoulouel/bumperbot_ws/install/bumperbot_localization/share/bumperbot_localization/local_setup.zsh
[1.035s] -- Up-to-date: /home/amoulouel/bumperbot_ws/install/bumperbot_localization/share/bumperbot_localization/local_setup.dsv
[1.035s] -- Installing: /home/amoulouel/bumperbot_ws/install/bumperbot_localization/share/bumperbot_localization/package.dsv
[1.035s] -- Up-to-date: /home/amoulouel/bumperbot_ws/install/bumperbot_localization/share/ament_index/resource_index/packages/bumperbot_localization
[1.035s] -- Up-to-date: /home/amoulouel/bumperbot_ws/install/bumperbot_localization/share/bumperbot_localization/cmake/bumperbot_localizationConfig.cmake
[1.035s] -- Up-to-date: /home/amoulouel/bumperbot_ws/install/bumperbot_localization/share/bumperbot_localization/cmake/bumperbot_localizationConfig-version.cmake
[1.035s] -- Up-to-date: /home/amoulouel/bumperbot_ws/install/bumperbot_localization/share/bumperbot_localization/package.xml
[1.441s] Invoked command in '/home/amoulouel/bumperbot_ws/build/bumperbot_localization' returned '0': CMAKE_PREFIX_PATH=${CMAKE_PREFIX_PATH}:/home/amoulouel/bumperbot_ws/install/bumperbot_py_examples:/opt/ros/jazzy DEBUGINFOD_URLS=https://debuginfod.ubuntu.com /usr/bin/cmake --install /home/amoulouel/bumperbot_ws/build/bumperbot_localization
