[0.041s] Invoking command in '/home/amoulouel/bumperbot_ws/build/bumperbot_localization': CMAKE_PREFIX_PATH=${CMAKE_PREFIX_PATH}:/home/amoulouel/bumperbot_ws/install/bumperbot_py_examples:/opt/ros/jazzy DEBUGINFOD_URLS=https://debuginfod.ubuntu.com /usr/bin/cmake --build /home/amoulouel/bumperbot_ws/build/bumperbot_localization -- -j16 -l16
[0.240s] [ 33%] Built target odometry_motion_model
[0.241s] [ 33%] Built target ament_cmake_python_copy_bumperbot_localization
[0.241s] [ 66%] Built target imu_republisher
[0.278s] [100%] Built target kalman_filter
[0.578s] running egg_info
[0.613s] writing bumperbot_localization.egg-info/PKG-INFO
[0.614s] writing dependency_links to bumperbot_localization.egg-info/dependency_links.txt
[0.614s] writing top-level names to bumperbot_localization.egg-info/top_level.txt
[0.712s] reading manifest file 'bumperbot_localization.egg-info/SOURCES.txt'
[0.713s] writing manifest file 'bumperbot_localization.egg-info/SOURCES.txt'
[0.773s] [100%] Built target ament_cmake_python_build_bumperbot_localization_egg
[0.796s] Invoked command in '/home/amoulouel/bumperbot_ws/build/bumperbot_localization' returned '0': CMAKE_PREFIX_PATH=${CMAKE_PREFIX_PATH}:/home/amoulouel/bumperbot_ws/install/bumperbot_py_examples:/opt/ros/jazzy DEBUGINFOD_URLS=https://debuginfod.ubuntu.com /usr/bin/cmake --build /home/amoulouel/bumperbot_ws/build/bumperbot_localization -- -j16 -l16
[0.798s] Invoking command in '/home/amoulouel/bumperbot_ws/build/bumperbot_localization': CMAKE_PREFIX_PATH=${CMAKE_PREFIX_PATH}:/home/amoulouel/bumperbot_ws/install/bumperbot_py_examples:/opt/ros/jazzy DEBUGINFOD_URLS=https://debuginfod.ubuntu.com /usr/bin/cmake --install /home/amoulouel/bumperbot_ws/build/bumperbot_localization
[0.809s] -- Install configuration: ""
[0.809s] -- Up-to-date: /home/amoulouel/bumperbot_ws/install/bumperbot_localization/share/bumperbot_localization/environment/pythonpath.sh
[0.809s] -- Up-to-date: /home/amoulouel/bumperbot_ws/install/bumperbot_localization/share/bumperbot_localization/environment/pythonpath.dsv
[0.809s] -- Up-to-date: /home/amoulouel/bumperbot_ws/install/bumperbot_localization/lib/python3.12/site-packages/bumperbot_localization-0.0.0-py3.12.egg-info
[0.809s] -- Installing: /home/amoulouel/bumperbot_ws/install/bumperbot_localization/lib/python3.12/site-packages/bumperbot_localization-0.0.0-py3.12.egg-info/dependency_links.txt
[0.809s] -- Installing: /home/amoulouel/bumperbot_ws/install/bumperbot_localization/lib/python3.12/site-packages/bumperbot_localization-0.0.0-py3.12.egg-info/top_level.txt
[0.809s] -- Installing: /home/amoulouel/bumperbot_ws/install/bumperbot_localization/lib/python3.12/site-packages/bumperbot_localization-0.0.0-py3.12.egg-info/PKG-INFO
[0.810s] -- Installing: /home/amoulouel/bumperbot_ws/install/bumperbot_localization/lib/python3.12/site-packages/bumperbot_localization-0.0.0-py3.12.egg-info/SOURCES.txt
[0.810s] -- Up-to-date: /home/amoulouel/bumperbot_ws/install/bumperbot_localization/lib/python3.12/site-packages/bumperbot_localization
[0.810s] -- Up-to-date: /home/amoulouel/bumperbot_ws/install/bumperbot_localization/lib/python3.12/site-packages/bumperbot_localization/imu_republisher.py
[0.810s] -- Up-to-date: /home/amoulouel/bumperbot_ws/install/bumperbot_localization/lib/python3.12/site-packages/bumperbot_localization/__init__.py
[0.810s] -- Up-to-date: /home/amoulouel/bumperbot_ws/install/bumperbot_localization/lib/python3.12/site-packages/bumperbot_localization/odometry_motion_model.py
[0.810s] -- Up-to-date: /home/amoulouel/bumperbot_ws/install/bumperbot_localization/lib/python3.12/site-packages/bumperbot_localization/kalman_filter.py
[0.872s] Listing '/home/amoulouel/bumperbot_ws/install/bumperbot_localization/lib/python3.12/site-packages/bumperbot_localization'...
[0.883s] -- Up-to-date: /home/amoulouel/bumperbot_ws/install/bumperbot_localization/include/include
[0.883s] -- Up-to-date: /home/amoulouel/bumperbot_ws/install/bumperbot_localization/include/include/bumperbot_localization
[0.883s] -- Up-to-date: /home/amoulouel/bumperbot_ws/install/bumperbot_localization/include/include/bumperbot_localization/odometry_motion_model.hpp
[0.884s] -- Up-to-date: /home/amoulouel/bumperbot_ws/install/bumperbot_localization/include/include/bumperbot_localization/kalman_filter.hpp
[0.884s] -- Up-to-date: /home/amoulouel/bumperbot_ws/install/bumperbot_localization/lib/bumperbot_localization/kalman_filter
[0.884s] -- Up-to-date: /home/amoulouel/bumperbot_ws/install/bumperbot_localization/lib/bumperbot_localization/imu_republisher
[0.884s] -- Up-to-date: /home/amoulouel/bumperbot_ws/install/bumperbot_localization/lib/bumperbot_localization/odometry_motion_model
[0.884s] -- Up-to-date: /home/amoulouel/bumperbot_ws/install/bumperbot_localization/share/bumperbot_localization/launch
[0.884s] -- Up-to-date: /home/amoulouel/bumperbot_ws/install/bumperbot_localization/share/bumperbot_localization/launch/local_localization.launch.py
[0.884s] -- Up-to-date: /home/amoulouel/bumperbot_ws/install/bumperbot_localization/share/bumperbot_localization/launch/global_localization.launch.py
[0.884s] -- Up-to-date: /home/amoulouel/bumperbot_ws/install/bumperbot_localization/share/bumperbot_localization/config
[0.885s] -- Up-to-date: /home/amoulouel/bumperbot_ws/install/bumperbot_localization/share/bumperbot_localization/config/ekf.yaml
[0.885s] -- Up-to-date: /home/amoulouel/bumperbot_ws/install/bumperbot_localization/lib/bumperbot_localization/kalman_filter.py
[0.885s] -- Up-to-date: /home/amoulouel/bumperbot_ws/install/bumperbot_localization/lib/bumperbot_localization/imu_republisher.py
[0.885s] -- Up-to-date: /home/amoulouel/bumperbot_ws/install/bumperbot_localization/lib/bumperbot_localization/odometry_motion_model.py
[0.886s] -- Up-to-date: /home/amoulouel/bumperbot_ws/install/bumperbot_localization/share/ament_index/resource_index/package_run_dependencies/bumperbot_localization
[0.886s] -- Up-to-date: /home/amoulouel/bumperbot_ws/install/bumperbot_localization/share/ament_index/resource_index/parent_prefix_path/bumperbot_localization
[0.887s] -- Up-to-date: /home/amoulouel/bumperbot_ws/install/bumperbot_localization/share/bumperbot_localization/environment/ament_prefix_path.sh
[0.887s] -- Up-to-date: /home/amoulouel/bumperbot_ws/install/bumperbot_localization/share/bumperbot_localization/environment/ament_prefix_path.dsv
[0.887s] -- Up-to-date: /home/amoulouel/bumperbot_ws/install/bumperbot_localization/share/bumperbot_localization/environment/path.sh
[0.887s] -- Up-to-date: /home/amoulouel/bumperbot_ws/install/bumperbot_localization/share/bumperbot_localization/environment/path.dsv
[0.887s] -- Up-to-date: /home/amoulouel/bumperbot_ws/install/bumperbot_localization/share/bumperbot_localization/local_setup.bash
[0.887s] -- Up-to-date: /home/amoulouel/bumperbot_ws/install/bumperbot_localization/share/bumperbot_localization/local_setup.sh
[0.887s] -- Up-to-date: /home/amoulouel/bumperbot_ws/install/bumperbot_localization/share/bumperbot_localization/local_setup.zsh
[0.888s] -- Up-to-date: /home/amoulouel/bumperbot_ws/install/bumperbot_localization/share/bumperbot_localization/local_setup.dsv
[0.888s] -- Installing: /home/amoulouel/bumperbot_ws/install/bumperbot_localization/share/bumperbot_localization/package.dsv
[0.888s] -- Up-to-date: /home/amoulouel/bumperbot_ws/install/bumperbot_localization/share/ament_index/resource_index/packages/bumperbot_localization
[0.888s] -- Up-to-date: /home/amoulouel/bumperbot_ws/install/bumperbot_localization/share/bumperbot_localization/cmake/bumperbot_localizationConfig.cmake
[0.888s] -- Up-to-date: /home/amoulouel/bumperbot_ws/install/bumperbot_localization/share/bumperbot_localization/cmake/bumperbot_localizationConfig-version.cmake
[0.889s] -- Up-to-date: /home/amoulouel/bumperbot_ws/install/bumperbot_localization/share/bumperbot_localization/package.xml
[0.893s] Invoked command in '/home/amoulouel/bumperbot_ws/build/bumperbot_localization' returned '0': CMAKE_PREFIX_PATH=${CMAKE_PREFIX_PATH}:/home/amoulouel/bumperbot_ws/install/bumperbot_py_examples:/opt/ros/jazzy DEBUGINFOD_URLS=https://debuginfod.ubuntu.com /usr/bin/cmake --install /home/amoulouel/bumperbot_ws/build/bumperbot_localization
