[0.037s] Invoking command in '/home/amoulouel/bumperbot_ws/build/bumperbot_controller': CMAKE_PREFIX_PATH=${CMAKE_PREFIX_PATH}:/home/amoulouel/bumperbot_ws/install/bumperbot_py_examples:/opt/ros/jazzy DEBUGINFOD_URLS=https://debuginfod.ubuntu.com /usr/bin/cmake --build /home/amoulouel/bumperbot_ws/build/bumperbot_controller -- -j16 -l16
[0.220s] [ 37%] Built target simple_controller
[0.220s] [ 50%] Built target twist_to_twist_stamped
[0.257s] [ 75%] Built target twist_relay
[0.257s] [100%] Built target noisy_controller
[0.298s] [100%] Built target ament_cmake_python_copy_bumperbot_controller
[0.571s] running egg_info
[0.605s] writing bumperbot_controller.egg-info/PKG-INFO
[0.605s] writing dependency_links to bumperbot_controller.egg-info/dependency_links.txt
[0.605s] writing top-level names to bumperbot_controller.egg-info/top_level.txt
[0.705s] reading manifest file 'bumperbot_controller.egg-info/SOURCES.txt'
[0.706s] writing manifest file 'bumperbot_controller.egg-info/SOURCES.txt'
[0.758s] [100%] Built target ament_cmake_python_build_bumperbot_controller_egg
[0.782s] Invoked command in '/home/amoulouel/bumperbot_ws/build/bumperbot_controller' returned '0': CMAKE_PREFIX_PATH=${CMAKE_PREFIX_PATH}:/home/amoulouel/bumperbot_ws/install/bumperbot_py_examples:/opt/ros/jazzy DEBUGINFOD_URLS=https://debuginfod.ubuntu.com /usr/bin/cmake --build /home/amoulouel/bumperbot_ws/build/bumperbot_controller -- -j16 -l16
[0.784s] Invoking command in '/home/amoulouel/bumperbot_ws/build/bumperbot_controller': CMAKE_PREFIX_PATH=${CMAKE_PREFIX_PATH}:/home/amoulouel/bumperbot_ws/install/bumperbot_py_examples:/opt/ros/jazzy DEBUGINFOD_URLS=https://debuginfod.ubuntu.com /usr/bin/cmake --install /home/amoulouel/bumperbot_ws/build/bumperbot_controller
[0.796s] -- Install configuration: ""
[0.797s] -- Up-to-date: /home/amoulouel/bumperbot_ws/install/bumperbot_controller/share/bumperbot_controller/environment/pythonpath.sh
[0.797s] -- Up-to-date: /home/amoulouel/bumperbot_ws/install/bumperbot_controller/share/bumperbot_controller/environment/pythonpath.dsv
[0.797s] -- Up-to-date: /home/amoulouel/bumperbot_ws/install/bumperbot_controller/lib/python3.12/site-packages/bumperbot_controller-0.0.0-py3.12.egg-info
[0.797s] -- Installing: /home/amoulouel/bumperbot_ws/install/bumperbot_controller/lib/python3.12/site-packages/bumperbot_controller-0.0.0-py3.12.egg-info/dependency_links.txt
[0.798s] -- Installing: /home/amoulouel/bumperbot_ws/install/bumperbot_controller/lib/python3.12/site-packages/bumperbot_controller-0.0.0-py3.12.egg-info/top_level.txt
[0.798s] -- Installing: /home/amoulouel/bumperbot_ws/install/bumperbot_controller/lib/python3.12/site-packages/bumperbot_controller-0.0.0-py3.12.egg-info/PKG-INFO
[0.798s] -- Installing: /home/amoulouel/bumperbot_ws/install/bumperbot_controller/lib/python3.12/site-packages/bumperbot_controller-0.0.0-py3.12.egg-info/SOURCES.txt
[0.798s] -- Up-to-date: /home/amoulouel/bumperbot_ws/install/bumperbot_controller/lib/python3.12/site-packages/bumperbot_controller
[0.798s] -- Up-to-date: /home/amoulouel/bumperbot_ws/install/bumperbot_controller/lib/python3.12/site-packages/bumperbot_controller/__init__.py
[0.798s] -- Up-to-date: /home/amoulouel/bumperbot_ws/install/bumperbot_controller/lib/python3.12/site-packages/bumperbot_controller/twist_relay.py
[0.798s] -- Up-to-date: /home/amoulouel/bumperbot_ws/install/bumperbot_controller/lib/python3.12/site-packages/bumperbot_controller/simple_controller.py
[0.799s] -- Up-to-date: /home/amoulouel/bumperbot_ws/install/bumperbot_controller/lib/python3.12/site-packages/bumperbot_controller/twist_to_twist_stamped.py
[0.799s] -- Up-to-date: /home/amoulouel/bumperbot_ws/install/bumperbot_controller/lib/python3.12/site-packages/bumperbot_controller/noisy_controller.py
[0.857s] Listing '/home/amoulouel/bumperbot_ws/install/bumperbot_controller/lib/python3.12/site-packages/bumperbot_controller'...
[0.869s] -- Up-to-date: /home/amoulouel/bumperbot_ws/install/bumperbot_controller/include/include
[0.869s] -- Up-to-date: /home/amoulouel/bumperbot_ws/install/bumperbot_controller/include/include/bumperbot_controller
[0.869s] -- Up-to-date: /home/amoulouel/bumperbot_ws/install/bumperbot_controller/include/include/bumperbot_controller/noisy_controller.hpp
[0.869s] -- Up-to-date: /home/amoulouel/bumperbot_ws/install/bumperbot_controller/include/include/bumperbot_controller/simple_controller.hpp
[0.869s] -- Up-to-date: /home/amoulouel/bumperbot_ws/install/bumperbot_controller/lib/bumperbot_controller/simple_controller
[0.869s] -- Up-to-date: /home/amoulouel/bumperbot_ws/install/bumperbot_controller/lib/bumperbot_controller/noisy_controller
[0.870s] -- Up-to-date: /home/amoulouel/bumperbot_ws/install/bumperbot_controller/lib/bumperbot_controller/twist_relay
[0.871s] -- Up-to-date: /home/amoulouel/bumperbot_ws/install/bumperbot_controller/lib/bumperbot_controller/twist_to_twist_stamped
[0.872s] -- Up-to-date: /home/amoulouel/bumperbot_ws/install/bumperbot_controller/share/bumperbot_controller/launch
[0.872s] -- Up-to-date: /home/amoulouel/bumperbot_ws/install/bumperbot_controller/share/bumperbot_controller/launch/joystick_teleop.launch.py
[0.873s] -- Up-to-date: /home/amoulouel/bumperbot_ws/install/bumperbot_controller/share/bumperbot_controller/launch/controller.launch.py
[0.873s] -- Up-to-date: /home/amoulouel/bumperbot_ws/install/bumperbot_controller/share/bumperbot_controller/config
[0.873s] -- Up-to-date: /home/amoulouel/bumperbot_ws/install/bumperbot_controller/share/bumperbot_controller/config/joy_config.yaml
[0.873s] -- Up-to-date: /home/amoulouel/bumperbot_ws/install/bumperbot_controller/share/bumperbot_controller/config/joy_teleop.yaml
[0.873s] -- Up-to-date: /home/amoulouel/bumperbot_ws/install/bumperbot_controller/share/bumperbot_controller/config/twist_mux_joy.yaml
[0.874s] -- Up-to-date: /home/amoulouel/bumperbot_ws/install/bumperbot_controller/share/bumperbot_controller/config/twist_mux_locks.yaml
[0.874s] -- Up-to-date: /home/amoulouel/bumperbot_ws/install/bumperbot_controller/share/bumperbot_controller/config/twist_mux_topics.yaml
[0.874s] -- Up-to-date: /home/amoulouel/bumperbot_ws/install/bumperbot_controller/share/bumperbot_controller/config/bumperbot_controllers.yaml
[0.874s] -- Up-to-date: /home/amoulouel/bumperbot_ws/install/bumperbot_controller/lib/bumperbot_controller/simple_controller.py
[0.874s] -- Up-to-date: /home/amoulouel/bumperbot_ws/install/bumperbot_controller/lib/bumperbot_controller/noisy_controller.py
[0.874s] -- Up-to-date: /home/amoulouel/bumperbot_ws/install/bumperbot_controller/lib/bumperbot_controller/twist_relay.py
[0.874s] -- Up-to-date: /home/amoulouel/bumperbot_ws/install/bumperbot_controller/lib/bumperbot_controller/twist_to_twist_stamped.py
[0.874s] -- Up-to-date: /home/amoulouel/bumperbot_ws/install/bumperbot_controller/share/ament_index/resource_index/package_run_dependencies/bumperbot_controller
[0.875s] -- Up-to-date: /home/amoulouel/bumperbot_ws/install/bumperbot_controller/share/ament_index/resource_index/parent_prefix_path/bumperbot_controller
[0.875s] -- Up-to-date: /home/amoulouel/bumperbot_ws/install/bumperbot_controller/share/bumperbot_controller/environment/ament_prefix_path.sh
[0.875s] -- Up-to-date: /home/amoulouel/bumperbot_ws/install/bumperbot_controller/share/bumperbot_controller/environment/ament_prefix_path.dsv
[0.875s] -- Up-to-date: /home/amoulouel/bumperbot_ws/install/bumperbot_controller/share/bumperbot_controller/environment/path.sh
[0.875s] -- Up-to-date: /home/amoulouel/bumperbot_ws/install/bumperbot_controller/share/bumperbot_controller/environment/path.dsv
[0.876s] -- Up-to-date: /home/amoulouel/bumperbot_ws/install/bumperbot_controller/share/bumperbot_controller/local_setup.bash
[0.876s] -- Up-to-date: /home/amoulouel/bumperbot_ws/install/bumperbot_controller/share/bumperbot_controller/local_setup.sh
[0.876s] -- Up-to-date: /home/amoulouel/bumperbot_ws/install/bumperbot_controller/share/bumperbot_controller/local_setup.zsh
[0.876s] -- Up-to-date: /home/amoulouel/bumperbot_ws/install/bumperbot_controller/share/bumperbot_controller/local_setup.dsv
[0.876s] -- Installing: /home/amoulouel/bumperbot_ws/install/bumperbot_controller/share/bumperbot_controller/package.dsv
[0.876s] -- Up-to-date: /home/amoulouel/bumperbot_ws/install/bumperbot_controller/share/ament_index/resource_index/packages/bumperbot_controller
[0.876s] -- Up-to-date: /home/amoulouel/bumperbot_ws/install/bumperbot_controller/share/bumperbot_controller/cmake/bumperbot_controllerConfig.cmake
[0.876s] -- Up-to-date: /home/amoulouel/bumperbot_ws/install/bumperbot_controller/share/bumperbot_controller/cmake/bumperbot_controllerConfig-version.cmake
[0.876s] -- Up-to-date: /home/amoulouel/bumperbot_ws/install/bumperbot_controller/share/bumperbot_controller/package.xml
[0.887s] Invoked command in '/home/amoulouel/bumperbot_ws/build/bumperbot_controller' returned '0': CMAKE_PREFIX_PATH=${CMAKE_PREFIX_PATH}:/home/amoulouel/bumperbot_ws/install/bumperbot_py_examples:/opt/ros/jazzy DEBUGINFOD_URLS=https://debuginfod.ubuntu.com /usr/bin/cmake --install /home/amoulouel/bumperbot_ws/build/bumperbot_controller
