[0.021s] Invoking command in '/home/amoulouel/bumperbot_ws/build/bumperbot_firmware': CMAKE_PREFIX_PATH=${CMAKE_PREFIX_PATH}:/home/amoulouel/bumperbot_ws/install/bumperbot_py_examples:/opt/ros/jazzy DEBUGINFOD_URLS=https://debuginfod.ubuntu.com /usr/bin/cmake --build /home/amoulouel/bumperbot_ws/build/bumperbot_firmware -- -j16 -l16
[0.162s] [ 33%] Built target simple_serial_transmitter
[0.167s] [ 66%] Built target simple_serial_receiver
[0.192s] [100%] Built target bumperbot_firmware
[0.193s] [100%] Built target ament_cmake_python_copy_bumperbot_firmware
[0.377s] running egg_info
[0.403s] writing bumperbot_firmware.egg-info/PKG-INFO
[0.403s] writing dependency_links to bumperbot_firmware.egg-info/dependency_links.txt
[0.403s] writing top-level names to bumperbot_firmware.egg-info/top_level.txt
[0.493s] reading manifest file 'bumperbot_firmware.egg-info/SOURCES.txt'
[0.494s] writing manifest file 'bumperbot_firmware.egg-info/SOURCES.txt'
[0.537s] [100%] Built target ament_cmake_python_build_bumperbot_firmware_egg
[0.552s] Invoked command in '/home/amoulouel/bumperbot_ws/build/bumperbot_firmware' returned '0': CMAKE_PREFIX_PATH=${CMAKE_PREFIX_PATH}:/home/amoulouel/bumperbot_ws/install/bumperbot_py_examples:/opt/ros/jazzy DEBUGINFOD_URLS=https://debuginfod.ubuntu.com /usr/bin/cmake --build /home/amoulouel/bumperbot_ws/build/bumperbot_firmware -- -j16 -l16
[0.553s] Invoking command in '/home/amoulouel/bumperbot_ws/build/bumperbot_firmware': CMAKE_PREFIX_PATH=${CMAKE_PREFIX_PATH}:/home/amoulouel/bumperbot_ws/install/bumperbot_py_examples:/opt/ros/jazzy DEBUGINFOD_URLS=https://debuginfod.ubuntu.com /usr/bin/cmake --install /home/amoulouel/bumperbot_ws/build/bumperbot_firmware
[0.562s] -- Install configuration: ""
[0.562s] -- Up-to-date: /home/amoulouel/bumperbot_ws/install/bumperbot_firmware/share/bumperbot_firmware/environment/pythonpath.sh
[0.563s] -- Up-to-date: /home/amoulouel/bumperbot_ws/install/bumperbot_firmware/share/bumperbot_firmware/environment/pythonpath.dsv
[0.563s] -- Up-to-date: /home/amoulouel/bumperbot_ws/install/bumperbot_firmware/lib/python3.12/site-packages/bumperbot_firmware-0.0.0-py3.12.egg-info
[0.564s] -- Installing: /home/amoulouel/bumperbot_ws/install/bumperbot_firmware/lib/python3.12/site-packages/bumperbot_firmware-0.0.0-py3.12.egg-info/dependency_links.txt
[0.565s] -- Installing: /home/amoulouel/bumperbot_ws/install/bumperbot_firmware/lib/python3.12/site-packages/bumperbot_firmware-0.0.0-py3.12.egg-info/top_level.txt
[0.567s] -- Installing: /home/amoulouel/bumperbot_ws/install/bumperbot_firmware/lib/python3.12/site-packages/bumperbot_firmware-0.0.0-py3.12.egg-info/PKG-INFO
[0.567s] -- Installing: /home/amoulouel/bumperbot_ws/install/bumperbot_firmware/lib/python3.12/site-packages/bumperbot_firmware-0.0.0-py3.12.egg-info/SOURCES.txt
[0.568s] -- Up-to-date: /home/amoulouel/bumperbot_ws/install/bumperbot_firmware/lib/python3.12/site-packages/bumperbot_firmware
[0.568s] -- Up-to-date: /home/amoulouel/bumperbot_ws/install/bumperbot_firmware/lib/python3.12/site-packages/bumperbot_firmware/mpu6050_driver.py
[0.569s] -- Up-to-date: /home/amoulouel/bumperbot_ws/install/bumperbot_firmware/lib/python3.12/site-packages/bumperbot_firmware/__init__.py
[0.569s] -- Up-to-date: /home/amoulouel/bumperbot_ws/install/bumperbot_firmware/lib/python3.12/site-packages/bumperbot_firmware/simple_serial_receiver.py
[0.569s] -- Up-to-date: /home/amoulouel/bumperbot_ws/install/bumperbot_firmware/lib/python3.12/site-packages/bumperbot_firmware/simple_serial_transmitter.py
[0.604s] Listing '/home/amoulouel/bumperbot_ws/install/bumperbot_firmware/lib/python3.12/site-packages/bumperbot_firmware'...
[0.607s] -- Up-to-date: /home/amoulouel/bumperbot_ws/install/bumperbot_firmware/share/bumperbot_firmware/bumperbot_interface.xml
[0.608s] -- Up-to-date: /home/amoulouel/bumperbot_ws/install/bumperbot_firmware/lib/libbumperbot_firmware.so
[0.608s] -- Up-to-date: /home/amoulouel/bumperbot_ws/install/bumperbot_firmware/include/include
[0.608s] -- Up-to-date: /home/amoulouel/bumperbot_ws/install/bumperbot_firmware/include/include/bumperbot_firmware
[0.609s] -- Up-to-date: /home/amoulouel/bumperbot_ws/install/bumperbot_firmware/include/include/bumperbot_firmware/bumperbot_interface.hpp
[0.609s] -- Up-to-date: /home/amoulouel/bumperbot_ws/install/bumperbot_firmware/share/bumperbot_firmware/launch
[0.609s] -- Up-to-date: /home/amoulouel/bumperbot_ws/install/bumperbot_firmware/share/bumperbot_firmware/launch/hardware_interface.launch.py
[0.609s] -- Up-to-date: /home/amoulouel/bumperbot_ws/install/bumperbot_firmware/lib/bumperbot_firmware/simple_serial_transmitter.py
[0.609s] -- Up-to-date: /home/amoulouel/bumperbot_ws/install/bumperbot_firmware/lib/bumperbot_firmware/simple_serial_receiver.py
[0.610s] -- Up-to-date: /home/amoulouel/bumperbot_ws/install/bumperbot_firmware/lib/bumperbot_firmware/mpu6050_driver.py
[0.610s] -- Up-to-date: /home/amoulouel/bumperbot_ws/install/bumperbot_firmware/lib/bumperbot_firmware/simple_serial_receiver
[0.610s] -- Up-to-date: /home/amoulouel/bumperbot_ws/install/bumperbot_firmware/lib/bumperbot_firmware/simple_serial_transmitter
[0.610s] -- Up-to-date: /home/amoulouel/bumperbot_ws/install/bumperbot_firmware/share/bumperbot_firmware/environment/library_path.sh
[0.610s] -- Up-to-date: /home/amoulouel/bumperbot_ws/install/bumperbot_firmware/share/bumperbot_firmware/environment/library_path.dsv
[0.610s] -- Up-to-date: /home/amoulouel/bumperbot_ws/install/bumperbot_firmware/share/ament_index/resource_index/package_run_dependencies/bumperbot_firmware
[0.610s] -- Up-to-date: /home/amoulouel/bumperbot_ws/install/bumperbot_firmware/share/ament_index/resource_index/parent_prefix_path/bumperbot_firmware
[0.610s] -- Up-to-date: /home/amoulouel/bumperbot_ws/install/bumperbot_firmware/share/bumperbot_firmware/environment/ament_prefix_path.sh
[0.611s] -- Up-to-date: /home/amoulouel/bumperbot_ws/install/bumperbot_firmware/share/bumperbot_firmware/environment/ament_prefix_path.dsv
[0.611s] -- Up-to-date: /home/amoulouel/bumperbot_ws/install/bumperbot_firmware/share/bumperbot_firmware/environment/path.sh
[0.611s] -- Up-to-date: /home/amoulouel/bumperbot_ws/install/bumperbot_firmware/share/bumperbot_firmware/environment/path.dsv
[0.611s] -- Up-to-date: /home/amoulouel/bumperbot_ws/install/bumperbot_firmware/share/bumperbot_firmware/local_setup.bash
[0.611s] -- Up-to-date: /home/amoulouel/bumperbot_ws/install/bumperbot_firmware/share/bumperbot_firmware/local_setup.sh
[0.611s] -- Up-to-date: /home/amoulouel/bumperbot_ws/install/bumperbot_firmware/share/bumperbot_firmware/local_setup.zsh
[0.611s] -- Up-to-date: /home/amoulouel/bumperbot_ws/install/bumperbot_firmware/share/bumperbot_firmware/local_setup.dsv
[0.611s] -- Installing: /home/amoulouel/bumperbot_ws/install/bumperbot_firmware/share/bumperbot_firmware/package.dsv
[0.612s] -- Up-to-date: /home/amoulouel/bumperbot_ws/install/bumperbot_firmware/share/ament_index/resource_index/packages/bumperbot_firmware
[0.613s] -- Up-to-date: /home/amoulouel/bumperbot_ws/install/bumperbot_firmware/share/ament_index/resource_index/hardware_interface__pluginlib__plugin/bumperbot_firmware
[0.613s] -- Up-to-date: /home/amoulouel/bumperbot_ws/install/bumperbot_firmware/share/bumperbot_firmware/cmake/ament_cmake_export_include_directories-extras.cmake
[0.613s] -- Up-to-date: /home/amoulouel/bumperbot_ws/install/bumperbot_firmware/share/bumperbot_firmware/cmake/ament_cmake_export_libraries-extras.cmake
[0.613s] -- Up-to-date: /home/amoulouel/bumperbot_ws/install/bumperbot_firmware/share/bumperbot_firmware/cmake/ament_cmake_export_dependencies-extras.cmake
[0.613s] -- Up-to-date: /home/amoulouel/bumperbot_ws/install/bumperbot_firmware/share/bumperbot_firmware/cmake/bumperbot_firmwareConfig.cmake
[0.613s] -- Up-to-date: /home/amoulouel/bumperbot_ws/install/bumperbot_firmware/share/bumperbot_firmware/cmake/bumperbot_firmwareConfig-version.cmake
[0.613s] -- Up-to-date: /home/amoulouel/bumperbot_ws/install/bumperbot_firmware/share/bumperbot_firmware/package.xml
[0.656s] Invoked command in '/home/amoulouel/bumperbot_ws/build/bumperbot_firmware' returned '0': CMAKE_PREFIX_PATH=${CMAKE_PREFIX_PATH}:/home/amoulouel/bumperbot_ws/install/bumperbot_py_examples:/opt/ros/jazzy DEBUGINFOD_URLS=https://debuginfod.ubuntu.com /usr/bin/cmake --install /home/amoulouel/bumperbot_ws/build/bumperbot_firmware
