[0.022s] Invoking command in '/home/amoulouel/bumperbot_ws/build/bumperbot_mapping': CMAKE_PREFIX_PATH=${CMAKE_PREFIX_PATH}:/opt/ros/jazzy DEBUGINFOD_URLS=https://debuginfod.ubuntu.com /usr/bin/cmake --build /home/amoulouel/bumperbot_ws/build/bumperbot_mapping -- -j16 -l16
[0.137s] Built target ament_cmake_python_copy_bumperbot_mapping
[0.391s] running egg_info
[0.413s] writing bumperbot_mapping.egg-info/PKG-INFO
[0.413s] writing dependency_links to bumperbot_mapping.egg-info/dependency_links.txt
[0.414s] writing top-level names to bumperbot_mapping.egg-info/top_level.txt
[0.473s] reading manifest file 'bumperbot_mapping.egg-info/SOURCES.txt'
[0.474s] writing manifest file 'bumperbot_mapping.egg-info/SOURCES.txt'
[0.511s] Built target ament_cmake_python_build_bumperbot_mapping_egg
[0.524s] Invoked command in '/home/amoulouel/bumperbot_ws/build/bumperbot_mapping' returned '0': CMAKE_PREFIX_PATH=${CMAKE_PREFIX_PATH}:/opt/ros/jazzy DEBUGINFOD_URLS=https://debuginfod.ubuntu.com /usr/bin/cmake --build /home/amoulouel/bumperbot_ws/build/bumperbot_mapping -- -j16 -l16
[0.527s] Invoking command in '/home/amoulouel/bumperbot_ws/build/bumperbot_mapping': CMAKE_PREFIX_PATH=${CMAKE_PREFIX_PATH}:/opt/ros/jazzy DEBUGINFOD_URLS=https://debuginfod.ubuntu.com /usr/bin/cmake --install /home/amoulouel/bumperbot_ws/build/bumperbot_mapping
[0.536s] -- Install configuration: ""
[0.538s] -- Up-to-date: /home/amoulouel/bumperbot_ws/install/bumperbot_mapping/share/bumperbot_mapping/environment/pythonpath.sh
[0.538s] -- Up-to-date: /home/amoulouel/bumperbot_ws/install/bumperbot_mapping/share/bumperbot_mapping/environment/pythonpath.dsv
[0.538s] -- Up-to-date: /home/amoulouel/bumperbot_ws/install/bumperbot_mapping/lib/python3.12/site-packages/bumperbot_mapping-0.0.0-py3.12.egg-info
[0.538s] -- Installing: /home/amoulouel/bumperbot_ws/install/bumperbot_mapping/lib/python3.12/site-packages/bumperbot_mapping-0.0.0-py3.12.egg-info/dependency_links.txt
[0.538s] -- Installing: /home/amoulouel/bumperbot_ws/install/bumperbot_mapping/lib/python3.12/site-packages/bumperbot_mapping-0.0.0-py3.12.egg-info/top_level.txt
[0.538s] -- Installing: /home/amoulouel/bumperbot_ws/install/bumperbot_mapping/lib/python3.12/site-packages/bumperbot_mapping-0.0.0-py3.12.egg-info/PKG-INFO
[0.538s] -- Installing: /home/amoulouel/bumperbot_ws/install/bumperbot_mapping/lib/python3.12/site-packages/bumperbot_mapping-0.0.0-py3.12.egg-info/SOURCES.txt
[0.538s] -- Up-to-date: /home/amoulouel/bumperbot_ws/install/bumperbot_mapping/lib/python3.12/site-packages/bumperbot_mapping
[0.539s] -- Up-to-date: /home/amoulouel/bumperbot_ws/install/bumperbot_mapping/lib/python3.12/site-packages/bumperbot_mapping/__init__.py
[0.539s] -- Up-to-date: /home/amoulouel/bumperbot_ws/install/bumperbot_mapping/lib/python3.12/site-packages/bumperbot_mapping/mapping_with_known_poses.py
[0.569s] Listing '/home/amoulouel/bumperbot_ws/install/bumperbot_mapping/lib/python3.12/site-packages/bumperbot_mapping'...
[0.575s] -- Up-to-date: /home/amoulouel/bumperbot_ws/install/bumperbot_mapping/lib/bumperbot_mapping/mapping_with_known_poses.py
[0.575s] -- Up-to-date: /home/amoulouel/bumperbot_ws/install/bumperbot_mapping/share/bumperbot_mapping/maps
[0.575s] -- Up-to-date: /home/amoulouel/bumperbot_ws/install/bumperbot_mapping/share/bumperbot_mapping/maps/small_house
[0.575s] -- Up-to-date: /home/amoulouel/bumperbot_ws/install/bumperbot_mapping/share/bumperbot_mapping/maps/small_house/map.yaml
[0.575s] -- Up-to-date: /home/amoulouel/bumperbot_ws/install/bumperbot_mapping/share/bumperbot_mapping/maps/small_house/map.pgm
[0.576s] -- Up-to-date: /home/amoulouel/bumperbot_ws/install/bumperbot_mapping/share/ament_index/resource_index/package_run_dependencies/bumperbot_mapping
[0.576s] -- Up-to-date: /home/amoulouel/bumperbot_ws/install/bumperbot_mapping/share/ament_index/resource_index/parent_prefix_path/bumperbot_mapping
[0.576s] -- Up-to-date: /home/amoulouel/bumperbot_ws/install/bumperbot_mapping/share/bumperbot_mapping/environment/ament_prefix_path.sh
[0.576s] -- Up-to-date: /home/amoulouel/bumperbot_ws/install/bumperbot_mapping/share/bumperbot_mapping/environment/ament_prefix_path.dsv
[0.576s] -- Up-to-date: /home/amoulouel/bumperbot_ws/install/bumperbot_mapping/share/bumperbot_mapping/environment/path.sh
[0.576s] -- Up-to-date: /home/amoulouel/bumperbot_ws/install/bumperbot_mapping/share/bumperbot_mapping/environment/path.dsv
[0.576s] -- Up-to-date: /home/amoulouel/bumperbot_ws/install/bumperbot_mapping/share/bumperbot_mapping/local_setup.bash
[0.576s] -- Up-to-date: /home/amoulouel/bumperbot_ws/install/bumperbot_mapping/share/bumperbot_mapping/local_setup.sh
[0.576s] -- Up-to-date: /home/amoulouel/bumperbot_ws/install/bumperbot_mapping/share/bumperbot_mapping/local_setup.zsh
[0.576s] -- Up-to-date: /home/amoulouel/bumperbot_ws/install/bumperbot_mapping/share/bumperbot_mapping/local_setup.dsv
[0.577s] -- Installing: /home/amoulouel/bumperbot_ws/install/bumperbot_mapping/share/bumperbot_mapping/package.dsv
[0.577s] -- Up-to-date: /home/amoulouel/bumperbot_ws/install/bumperbot_mapping/share/ament_index/resource_index/packages/bumperbot_mapping
[0.577s] -- Up-to-date: /home/amoulouel/bumperbot_ws/install/bumperbot_mapping/share/bumperbot_mapping/cmake/bumperbot_mappingConfig.cmake
[0.577s] -- Up-to-date: /home/amoulouel/bumperbot_ws/install/bumperbot_mapping/share/bumperbot_mapping/cmake/bumperbot_mappingConfig-version.cmake
[0.577s] -- Up-to-date: /home/amoulouel/bumperbot_ws/install/bumperbot_mapping/share/bumperbot_mapping/package.xml
[0.579s] Invoked command in '/home/amoulouel/bumperbot_ws/build/bumperbot_mapping' returned '0': CMAKE_PREFIX_PATH=${CMAKE_PREFIX_PATH}:/opt/ros/jazzy DEBUGINFOD_URLS=https://debuginfod.ubuntu.com /usr/bin/cmake --install /home/amoulouel/bumperbot_ws/build/bumperbot_mapping
