[0.071s] Invoking command in '/home/amoulouel/bumperbot_ws/build/bumperbot_utils': CMAKE_PREFIX_PATH=${CMAKE_PREFIX_PATH}:/opt/ros/jazzy DEBUGINFOD_URLS=https://debuginfod.ubuntu.com /usr/bin/cmake --build /home/amoulouel/bumperbot_ws/build/bumperbot_utils -- -j16 -l16
[0.336s] [100%] Built target safety_stop
[0.337s] [100%] Built target ament_cmake_python_copy_bumperbot_utils
[0.663s] running egg_info
[0.708s] writing bumperbot_utils.egg-info/PKG-INFO
[0.708s] writing dependency_links to bumperbot_utils.egg-info/dependency_links.txt
[0.709s] writing top-level names to bumperbot_utils.egg-info/top_level.txt
[0.842s] reading manifest file 'bumperbot_utils.egg-info/SOURCES.txt'
[0.842s] writing manifest file 'bumperbot_utils.egg-info/SOURCES.txt'
[0.885s] [100%] Built target ament_cmake_python_build_bumperbot_utils_egg
[0.949s] Invoked command in '/home/amoulouel/bumperbot_ws/build/bumperbot_utils' returned '0': CMAKE_PREFIX_PATH=${CMAKE_PREFIX_PATH}:/opt/ros/jazzy DEBUGINFOD_URLS=https://debuginfod.ubuntu.com /usr/bin/cmake --build /home/amoulouel/bumperbot_ws/build/bumperbot_utils -- -j16 -l16
[0.951s] Invoking command in '/home/amoulouel/bumperbot_ws/build/bumperbot_utils': CMAKE_PREFIX_PATH=${CMAKE_PREFIX_PATH}:/opt/ros/jazzy DEBUGINFOD_URLS=https://debuginfod.ubuntu.com /usr/bin/cmake --install /home/amoulouel/bumperbot_ws/build/bumperbot_utils
[0.963s] -- Install configuration: ""
[0.963s] -- Up-to-date: /home/amoulouel/bumperbot_ws/install/bumperbot_utils/share/bumperbot_utils/environment/pythonpath.sh
[0.963s] -- Up-to-date: /home/amoulouel/bumperbot_ws/install/bumperbot_utils/share/bumperbot_utils/environment/pythonpath.dsv
[0.964s] -- Up-to-date: /home/amoulouel/bumperbot_ws/install/bumperbot_utils/lib/python3.12/site-packages/bumperbot_utils-0.0.0-py3.12.egg-info
[0.964s] -- Installing: /home/amoulouel/bumperbot_ws/install/bumperbot_utils/lib/python3.12/site-packages/bumperbot_utils-0.0.0-py3.12.egg-info/dependency_links.txt
[0.964s] -- Installing: /home/amoulouel/bumperbot_ws/install/bumperbot_utils/lib/python3.12/site-packages/bumperbot_utils-0.0.0-py3.12.egg-info/top_level.txt
[0.964s] -- Installing: /home/amoulouel/bumperbot_ws/install/bumperbot_utils/lib/python3.12/site-packages/bumperbot_utils-0.0.0-py3.12.egg-info/PKG-INFO
[0.964s] -- Installing: /home/amoulouel/bumperbot_ws/install/bumperbot_utils/lib/python3.12/site-packages/bumperbot_utils-0.0.0-py3.12.egg-info/SOURCES.txt
[0.964s] -- Up-to-date: /home/amoulouel/bumperbot_ws/install/bumperbot_utils/lib/python3.12/site-packages/bumperbot_utils
[0.964s] -- Up-to-date: /home/amoulouel/bumperbot_ws/install/bumperbot_utils/lib/python3.12/site-packages/bumperbot_utils/__init__.py
[0.964s] -- Up-to-date: /home/amoulouel/bumperbot_ws/install/bumperbot_utils/lib/python3.12/site-packages/bumperbot_utils/safety_stop.py
[1.014s] Listing '/home/amoulouel/bumperbot_ws/install/bumperbot_utils/lib/python3.12/site-packages/bumperbot_utils'...
[1.023s] -- Up-to-date: /home/amoulouel/bumperbot_ws/install/bumperbot_utils/lib/bumperbot_utils/safety_stop
[1.023s] -- Up-to-date: /home/amoulouel/bumperbot_ws/install/bumperbot_utils/lib/bumperbot_utils/safety_stop.py
[1.024s] -- Up-to-date: /home/amoulouel/bumperbot_ws/install/bumperbot_utils/share/ament_index/resource_index/package_run_dependencies/bumperbot_utils
[1.025s] -- Up-to-date: /home/amoulouel/bumperbot_ws/install/bumperbot_utils/share/ament_index/resource_index/parent_prefix_path/bumperbot_utils
[1.025s] -- Up-to-date: /home/amoulouel/bumperbot_ws/install/bumperbot_utils/share/bumperbot_utils/environment/ament_prefix_path.sh
[1.025s] -- Up-to-date: /home/amoulouel/bumperbot_ws/install/bumperbot_utils/share/bumperbot_utils/environment/ament_prefix_path.dsv
[1.025s] -- Up-to-date: /home/amoulouel/bumperbot_ws/install/bumperbot_utils/share/bumperbot_utils/environment/path.sh
[1.026s] -- Up-to-date: /home/amoulouel/bumperbot_ws/install/bumperbot_utils/share/bumperbot_utils/environment/path.dsv
[1.026s] -- Up-to-date: /home/amoulouel/bumperbot_ws/install/bumperbot_utils/share/bumperbot_utils/local_setup.bash
[1.026s] -- Up-to-date: /home/amoulouel/bumperbot_ws/install/bumperbot_utils/share/bumperbot_utils/local_setup.sh
[1.026s] -- Up-to-date: /home/amoulouel/bumperbot_ws/install/bumperbot_utils/share/bumperbot_utils/local_setup.zsh
[1.027s] -- Up-to-date: /home/amoulouel/bumperbot_ws/install/bumperbot_utils/share/bumperbot_utils/local_setup.dsv
[1.027s] -- Installing: /home/amoulouel/bumperbot_ws/install/bumperbot_utils/share/bumperbot_utils/package.dsv
[1.027s] -- Up-to-date: /home/amoulouel/bumperbot_ws/install/bumperbot_utils/share/ament_index/resource_index/packages/bumperbot_utils
[1.027s] -- Up-to-date: /home/amoulouel/bumperbot_ws/install/bumperbot_utils/share/bumperbot_utils/cmake/bumperbot_utilsConfig.cmake
[1.027s] -- Up-to-date: /home/amoulouel/bumperbot_ws/install/bumperbot_utils/share/bumperbot_utils/cmake/bumperbot_utilsConfig-version.cmake
[1.027s] -- Up-to-date: /home/amoulouel/bumperbot_ws/install/bumperbot_utils/share/bumperbot_utils/package.xml
[1.299s] Invoked command in '/home/amoulouel/bumperbot_ws/build/bumperbot_utils' returned '0': CMAKE_PREFIX_PATH=${CMAKE_PREFIX_PATH}:/opt/ros/jazzy DEBUGINFOD_URLS=https://debuginfod.ubuntu.com /usr/bin/cmake --install /home/amoulouel/bumperbot_ws/build/bumperbot_utils
