-- Found ament_cmake: 2.5.3 (/opt/ros/jazzy/share/ament_cmake/cmake)
-- Found rclpy: 7.1.3 (/opt/ros/jazzy/share/rclpy/cmake)
-- Found rclcpp: 28.1.6 (/opt/ros/jazzy/share/rclcpp/cmake)
-- Found rosidl_generator_c: 4.6.5 (/opt/ros/jazzy/share/rosidl_generator_c/cmake)
-- Found rosidl_generator_cpp: 4.6.5 (/opt/ros/jazzy/share/rosidl_generator_cpp/cmake)
-- Using all available rosidl_typesupport_c: rosidl_typesupport_fastrtps_c;rosidl_typesupport_introspection_c
-- Using all available rosidl_typesupport_cpp: rosidl_typesupport_fastrtps_cpp;rosidl_typesupport_introspection_cpp
-- Found rmw_implementation_cmake: 7.3.1 (/opt/ros/jazzy/share/rmw_implementation_cmake/cmake)
-- Found rmw_fastrtps_cpp: 8.4.1 (/opt/ros/jazzy/share/rmw_fastrtps_cpp/cmake)
-- Using RMW implementation 'rmw_fastrtps_cpp' as default
-- Found rclcpp_action: 28.1.6 (/opt/ros/jazzy/share/rclcpp_action/cmake)
-- Found std_msgs: 5.3.5 (/opt/ros/jazzy/share/std_msgs/cmake)
-- Found sensor_msgs: 5.3.5 (/opt/ros/jazzy/share/sensor_msgs/cmake)
-- Found twist_mux_msgs: 3.0.1 (/opt/ros/jazzy/share/twist_mux_msgs/cmake)
-- Found ament_lint_auto: 0.17.1 (/opt/ros/jazzy/share/ament_lint_auto/cmake)
-- Added test 'cppcheck' to perform static code analysis on C / C++ code
-- Configured cppcheck include dirs: 
-- Configured cppcheck exclude dirs and/or files: 
-- Added test 'flake8' to check Python code syntax and style conventions
-- Configured 'flake8' exclude dirs and/or files: 
-- Added test 'lint_cmake' to check CMake code style
-- Added test 'pep257' to check Python code against some of the docstring style conventions in PEP 257
-- Added test 'uncrustify' to check C / C++ code style
-- Configured uncrustify additional arguments: 
-- Added test 'xmllint' to check XML markup files
-- Configuring done (0.9s)
-- Generating done (0.0s)
-- Build files have been written to: /home/amoulouel/bumperbot_ws/build/bumperbot_utils
[ 50%] [32mBuilding CXX object CMakeFiles/safety_stop.dir/src/safety_stop.cpp.o[0m
[ 50%] Built target ament_cmake_python_copy_bumperbot_utils
running egg_info
writing bumperbot_utils.egg-info/PKG-INFO
writing dependency_links to bumperbot_utils.egg-info/dependency_links.txt
writing top-level names to bumperbot_utils.egg-info/top_level.txt
reading manifest file 'bumperbot_utils.egg-info/SOURCES.txt'
writing manifest file 'bumperbot_utils.egg-info/SOURCES.txt'
[ 50%] Built target ament_cmake_python_build_bumperbot_utils_egg
[01m[K/home/amoulouel/bumperbot_ws/src/bumperbot_utils/src/safety_stop.cpp:96:2:[m[K [01;31m[Kerror: [m[Kexpected ‘[01m[K}[m[K’ at end of input
   96 | }
      |  [01;31m[K^[m[K
[01m[K/home/amoulouel/bumperbot_ws/src/bumperbot_utils/src/safety_stop.cpp:16:1:[m[K [01;36m[Knote: [m[Kto match this ‘[01m[K{[m[K’
   16 | [01;36m[K{[m[K
      | [01;36m[K^[m[K
[01m[K/home/amoulouel/bumperbot_ws/src/bumperbot_utils/src/safety_stop.cpp:96:2:[m[K [01;31m[Kerror: [m[Kexpected unqualified-id at end of input
   96 | }
      |  [01;31m[K^[m[K
gmake[2]: *** [CMakeFiles/safety_stop.dir/build.make:76: CMakeFiles/safety_stop.dir/src/safety_stop.cpp.o] Error 1
gmake[1]: *** [CMakeFiles/Makefile2:192: CMakeFiles/safety_stop.dir/all] Error 2
gmake: *** [Makefile:146: all] Error 2
