-- Found ament_cmake: 2.5.3 (/opt/ros/jazzy/share/ament_cmake/cmake)
-- Found rclpy: 7.1.3 (/opt/ros/jazzy/share/rclpy/cmake)
-- Found sensor_msgs: 5.3.5 (/opt/ros/jazzy/share/sensor_msgs/cmake)
-- Found rosidl_generator_c: 4.6.5 (/opt/ros/jazzy/share/rosidl_generator_c/cmake)
-- Found rosidl_generator_cpp: 4.6.5 (/opt/ros/jazzy/share/rosidl_generator_cpp/cmake)
-- Using all available rosidl_typesupport_c: rosidl_typesupport_fastrtps_c;rosidl_typesupport_introspection_c
-- Using all available rosidl_typesupport_cpp: rosidl_typesupport_fastrtps_cpp;rosidl_typesupport_introspection_cpp
-- Found nav_msgs: 5.3.5 (/opt/ros/jazzy/share/nav_msgs/cmake)
-- Found tf2_ros: 0.36.8 (/opt/ros/jazzy/share/tf2_ros/cmake)
-- Found rmw_implementation_cmake: 7.3.1 (/opt/ros/jazzy/share/rmw_implementation_cmake/cmake)
-- Found rmw_fastrtps_cpp: 8.4.1 (/opt/ros/jazzy/share/rmw_fastrtps_cpp/cmake)
-- Using RMW implementation 'rmw_fastrtps_cpp' as default
-- Found ament_lint_auto: 0.17.1 (/opt/ros/jazzy/share/ament_lint_auto/cmake)
-- Added test 'flake8' to check Python code syntax and style conventions
-- Configured 'flake8' exclude dirs and/or files: 
-- Added test 'lint_cmake' to check CMake code style
-- Added test 'pep257' to check Python code against some of the docstring style conventions in PEP 257
-- Added test 'xmllint' to check XML markup files
-- Configuring done (0.9s)
-- Generating done (0.0s)
-- Build files have been written to: /home/amoulouel/bumperbot_ws/build/bumperbot_mapping
Built target ament_cmake_python_copy_bumperbot_mapping
running egg_info
creating bumperbot_mapping.egg-info
writing bumperbot_mapping.egg-info/PKG-INFO
writing dependency_links to bumperbot_mapping.egg-info/dependency_links.txt
writing top-level names to bumperbot_mapping.egg-info/top_level.txt
writing manifest file 'bumperbot_mapping.egg-info/SOURCES.txt'
reading manifest file 'bumperbot_mapping.egg-info/SOURCES.txt'
writing manifest file 'bumperbot_mapping.egg-info/SOURCES.txt'
Built target ament_cmake_python_build_bumperbot_mapping_egg
-- Install configuration: ""
-- Installing: /home/amoulouel/bumperbot_ws/install/bumperbot_mapping/share/bumperbot_mapping/environment/pythonpath.sh
-- Installing: /home/amoulouel/bumperbot_ws/install/bumperbot_mapping/share/bumperbot_mapping/environment/pythonpath.dsv
-- Installing: /home/amoulouel/bumperbot_ws/install/bumperbot_mapping/lib/python3.12/site-packages/bumperbot_mapping-0.0.0-py3.12.egg-info
-- Installing: /home/amoulouel/bumperbot_ws/install/bumperbot_mapping/lib/python3.12/site-packages/bumperbot_mapping-0.0.0-py3.12.egg-info/dependency_links.txt
-- Installing: /home/amoulouel/bumperbot_ws/install/bumperbot_mapping/lib/python3.12/site-packages/bumperbot_mapping-0.0.0-py3.12.egg-info/top_level.txt
-- Installing: /home/amoulouel/bumperbot_ws/install/bumperbot_mapping/lib/python3.12/site-packages/bumperbot_mapping-0.0.0-py3.12.egg-info/PKG-INFO
-- Installing: /home/amoulouel/bumperbot_ws/install/bumperbot_mapping/lib/python3.12/site-packages/bumperbot_mapping-0.0.0-py3.12.egg-info/SOURCES.txt
-- Installing: /home/amoulouel/bumperbot_ws/install/bumperbot_mapping/lib/python3.12/site-packages/bumperbot_mapping
-- Installing: /home/amoulouel/bumperbot_ws/install/bumperbot_mapping/lib/python3.12/site-packages/bumperbot_mapping/__init__.py
-- Installing: /home/amoulouel/bumperbot_ws/install/bumperbot_mapping/lib/python3.12/site-packages/bumperbot_mapping/mapping_with_know_poses.py
Listing '/home/amoulouel/bumperbot_ws/install/bumperbot_mapping/lib/python3.12/site-packages/bumperbot_mapping'...
Compiling '/home/amoulouel/bumperbot_ws/install/bumperbot_mapping/lib/python3.12/site-packages/bumperbot_mapping/__init__.py'...
Compiling '/home/amoulouel/bumperbot_ws/install/bumperbot_mapping/lib/python3.12/site-packages/bumperbot_mapping/mapping_with_know_poses.py'...
