[0.020s] Invoking command in '/home/amoulouel/bumperbot_ws/build/bumperbot_mapping': CMAKE_PREFIX_PATH=${CMAKE_PREFIX_PATH}:/home/amoulouel/bumperbot_ws/install/bumperbot_py_examples:/opt/ros/jazzy DEBUGINFOD_URLS=https://debuginfod.ubuntu.com /usr/bin/cmake --build /home/amoulouel/bumperbot_ws/build/bumperbot_mapping -- -j16 -l16
[0.042s] -- Found ament_cmake: 2.5.3 (/opt/ros/jazzy/share/ament_cmake/cmake)
[0.354s] -- Found rclpy: 7.1.3 (/opt/ros/jazzy/share/rclpy/cmake)
[0.354s] -- Found sensor_msgs: 5.3.5 (/opt/ros/jazzy/share/sensor_msgs/cmake)
[0.378s] -- Found rosidl_generator_c: 4.6.5 (/opt/ros/jazzy/share/rosidl_generator_c/cmake)
[0.388s] -- Found rosidl_generator_cpp: 4.6.5 (/opt/ros/jazzy/share/rosidl_generator_cpp/cmake)
[0.400s] -- Using all available rosidl_typesupport_c: rosidl_typesupport_fastrtps_c;rosidl_typesupport_introspection_c
[0.413s] -- Using all available rosidl_typesupport_cpp: rosidl_typesupport_fastrtps_cpp;rosidl_typesupport_introspection_cpp
[0.494s] -- Found nav_msgs: 5.3.5 (/opt/ros/jazzy/share/nav_msgs/cmake)
[0.525s] -- Found tf2_ros: 0.36.8 (/opt/ros/jazzy/share/tf2_ros/cmake)
[0.594s] -- Found rmw_implementation_cmake: 7.3.1 (/opt/ros/jazzy/share/rmw_implementation_cmake/cmake)
[0.595s] -- Found rmw_fastrtps_cpp: 8.4.1 (/opt/ros/jazzy/share/rmw_fastrtps_cpp/cmake)
[0.662s] -- Using RMW implementation 'rmw_fastrtps_cpp' as default
[0.870s] -- Found ament_lint_auto: 0.17.1 (/opt/ros/jazzy/share/ament_lint_auto/cmake)
[0.951s] -- Added test 'flake8' to check Python code syntax and style conventions
[0.951s] -- Configured 'flake8' exclude dirs and/or files: 
[0.952s] -- Added test 'lint_cmake' to check CMake code style
[0.952s] -- Added test 'pep257' to check Python code against some of the docstring style conventions in PEP 257
[0.954s] -- Added test 'xmllint' to check XML markup files
[0.954s] -- Configuring done (0.9s)
[0.959s] -- Generating done (0.0s)
[0.962s] -- Build files have been written to: /home/amoulouel/bumperbot_ws/build/bumperbot_mapping
[0.999s] Built target ament_cmake_python_copy_bumperbot_mapping
[1.171s] running egg_info
[1.172s] creating bumperbot_mapping.egg-info
[1.188s] writing bumperbot_mapping.egg-info/PKG-INFO
[1.188s] writing dependency_links to bumperbot_mapping.egg-info/dependency_links.txt
[1.188s] writing top-level names to bumperbot_mapping.egg-info/top_level.txt
[1.189s] writing manifest file 'bumperbot_mapping.egg-info/SOURCES.txt'
[1.239s] reading manifest file 'bumperbot_mapping.egg-info/SOURCES.txt'
[1.239s] writing manifest file 'bumperbot_mapping.egg-info/SOURCES.txt'
[1.261s] Built target ament_cmake_python_build_bumperbot_mapping_egg
[1.269s] Invoked command in '/home/amoulouel/bumperbot_ws/build/bumperbot_mapping' returned '0': CMAKE_PREFIX_PATH=${CMAKE_PREFIX_PATH}:/home/amoulouel/bumperbot_ws/install/bumperbot_py_examples:/opt/ros/jazzy DEBUGINFOD_URLS=https://debuginfod.ubuntu.com /usr/bin/cmake --build /home/amoulouel/bumperbot_ws/build/bumperbot_mapping -- -j16 -l16
[1.269s] Invoking command in '/home/amoulouel/bumperbot_ws/build/bumperbot_mapping': CMAKE_PREFIX_PATH=${CMAKE_PREFIX_PATH}:/home/amoulouel/bumperbot_ws/install/bumperbot_py_examples:/opt/ros/jazzy DEBUGINFOD_URLS=https://debuginfod.ubuntu.com /usr/bin/cmake --install /home/amoulouel/bumperbot_ws/build/bumperbot_mapping
[1.275s] -- Install configuration: ""
[1.275s] -- Installing: /home/amoulouel/bumperbot_ws/install/bumperbot_mapping/share/bumperbot_mapping/environment/pythonpath.sh
[1.275s] -- Installing: /home/amoulouel/bumperbot_ws/install/bumperbot_mapping/share/bumperbot_mapping/environment/pythonpath.dsv
[1.275s] -- Installing: /home/amoulouel/bumperbot_ws/install/bumperbot_mapping/lib/python3.12/site-packages/bumperbot_mapping-0.0.0-py3.12.egg-info
[1.275s] -- Installing: /home/amoulouel/bumperbot_ws/install/bumperbot_mapping/lib/python3.12/site-packages/bumperbot_mapping-0.0.0-py3.12.egg-info/dependency_links.txt
[1.275s] -- Installing: /home/amoulouel/bumperbot_ws/install/bumperbot_mapping/lib/python3.12/site-packages/bumperbot_mapping-0.0.0-py3.12.egg-info/top_level.txt
[1.275s] -- Installing: /home/amoulouel/bumperbot_ws/install/bumperbot_mapping/lib/python3.12/site-packages/bumperbot_mapping-0.0.0-py3.12.egg-info/PKG-INFO
[1.276s] -- Installing: /home/amoulouel/bumperbot_ws/install/bumperbot_mapping/lib/python3.12/site-packages/bumperbot_mapping-0.0.0-py3.12.egg-info/SOURCES.txt
[1.276s] -- Installing: /home/amoulouel/bumperbot_ws/install/bumperbot_mapping/lib/python3.12/site-packages/bumperbot_mapping
[1.276s] -- Installing: /home/amoulouel/bumperbot_ws/install/bumperbot_mapping/lib/python3.12/site-packages/bumperbot_mapping/__init__.py
[1.276s] -- Installing: /home/amoulouel/bumperbot_ws/install/bumperbot_mapping/lib/python3.12/site-packages/bumperbot_mapping/mapping_with_know_poses.py
[1.308s] Listing '/home/amoulouel/bumperbot_ws/install/bumperbot_mapping/lib/python3.12/site-packages/bumperbot_mapping'...
[1.308s] Compiling '/home/amoulouel/bumperbot_ws/install/bumperbot_mapping/lib/python3.12/site-packages/bumperbot_mapping/__init__.py'...
[1.308s] Compiling '/home/amoulouel/bumperbot_ws/install/bumperbot_mapping/lib/python3.12/site-packages/bumperbot_mapping/mapping_with_know_poses.py'...
[1.312s] [31mCMake Error at cmake_install.cmake:70 (file):
[1.312s]   file INSTALL cannot find
[1.312s]   "/home/amoulouel/bumperbot_ws/src/bumperbot_mapping/bumperbot_mapping/bumperbot_mapping_node.py":
[1.312s]   No such file or directory.
[1.312s] 
[1.312s] [0m
[1.313s] Invoked command in '/home/amoulouel/bumperbot_ws/build/bumperbot_mapping' returned '1': CMAKE_PREFIX_PATH=${CMAKE_PREFIX_PATH}:/home/amoulouel/bumperbot_ws/install/bumperbot_py_examples:/opt/ros/jazzy DEBUGINFOD_URLS=https://debuginfod.ubuntu.com /usr/bin/cmake --install /home/amoulouel/bumperbot_ws/build/bumperbot_mapping
