[0.028s] Invoking command in '/home/amoulouel/bumperbot_ws/build/bumperbot_utils': CMAKE_PREFIX_PATH=${CMAKE_PREFIX_PATH}:/opt/ros/jazzy DEBUGINFOD_URLS=https://debuginfod.ubuntu.com /usr/bin/cmake --build /home/amoulouel/bumperbot_ws/build/bumperbot_utils -- -j16 -l16
[0.220s] [100%] Built target safety_stop
[0.226s] [100%] Built target ament_cmake_python_copy_bumperbot_utils
[0.476s] running egg_info
[0.508s] writing bumperbot_utils.egg-info/PKG-INFO
[0.508s] writing dependency_links to bumperbot_utils.egg-info/dependency_links.txt
[0.509s] writing top-level names to bumperbot_utils.egg-info/top_level.txt
[0.600s] reading manifest file 'bumperbot_utils.egg-info/SOURCES.txt'
[0.601s] writing manifest file 'bumperbot_utils.egg-info/SOURCES.txt'
[0.652s] [100%] Built target ament_cmake_python_build_bumperbot_utils_egg
[0.684s] Invoked command in '/home/amoulouel/bumperbot_ws/build/bumperbot_utils' returned '0': CMAKE_PREFIX_PATH=${CMAKE_PREFIX_PATH}:/opt/ros/jazzy DEBUGINFOD_URLS=https://debuginfod.ubuntu.com /usr/bin/cmake --build /home/amoulouel/bumperbot_ws/build/bumperbot_utils -- -j16 -l16
[0.694s] Invoking command in '/home/amoulouel/bumperbot_ws/build/bumperbot_utils': CMAKE_PREFIX_PATH=${CMAKE_PREFIX_PATH}:/opt/ros/jazzy DEBUGINFOD_URLS=https://debuginfod.ubuntu.com /usr/bin/cmake --install /home/amoulouel/bumperbot_ws/build/bumperbot_utils
[0.696s] -- Install configuration: ""
[0.696s] -- Up-to-date: /home/amoulouel/bumperbot_ws/install/bumperbot_utils/share/bumperbot_utils/environment/pythonpath.sh
[0.696s] -- Up-to-date: /home/amoulouel/bumperbot_ws/install/bumperbot_utils/share/bumperbot_utils/environment/pythonpath.dsv
[0.697s] -- Up-to-date: /home/amoulouel/bumperbot_ws/install/bumperbot_utils/lib/python3.12/site-packages/bumperbot_utils-0.0.0-py3.12.egg-info
[0.697s] -- Installing: /home/amoulouel/bumperbot_ws/install/bumperbot_utils/lib/python3.12/site-packages/bumperbot_utils-0.0.0-py3.12.egg-info/dependency_links.txt
[0.697s] -- Installing: /home/amoulouel/bumperbot_ws/install/bumperbot_utils/lib/python3.12/site-packages/bumperbot_utils-0.0.0-py3.12.egg-info/top_level.txt
[0.697s] -- Installing: /home/amoulouel/bumperbot_ws/install/bumperbot_utils/lib/python3.12/site-packages/bumperbot_utils-0.0.0-py3.12.egg-info/PKG-INFO
[0.697s] -- Installing: /home/amoulouel/bumperbot_ws/install/bumperbot_utils/lib/python3.12/site-packages/bumperbot_utils-0.0.0-py3.12.egg-info/SOURCES.txt
[0.697s] -- Up-to-date: /home/amoulouel/bumperbot_ws/install/bumperbot_utils/lib/python3.12/site-packages/bumperbot_utils
[0.697s] -- Up-to-date: /home/amoulouel/bumperbot_ws/install/bumperbot_utils/lib/python3.12/site-packages/bumperbot_utils/__init__.py
[0.697s] -- Up-to-date: /home/amoulouel/bumperbot_ws/install/bumperbot_utils/lib/python3.12/site-packages/bumperbot_utils/safety_stop.py
[0.747s] Listing '/home/amoulouel/bumperbot_ws/install/bumperbot_utils/lib/python3.12/site-packages/bumperbot_utils'...
[0.754s] -- Up-to-date: /home/amoulouel/bumperbot_ws/install/bumperbot_utils/lib/bumperbot_utils/safety_stop
[0.755s] -- Up-to-date: /home/amoulouel/bumperbot_ws/install/bumperbot_utils/lib/bumperbot_utils/safety_stop.py
[0.755s] -- Up-to-date: /home/amoulouel/bumperbot_ws/install/bumperbot_utils/share/ament_index/resource_index/package_run_dependencies/bumperbot_utils
[0.755s] -- Up-to-date: /home/amoulouel/bumperbot_ws/install/bumperbot_utils/share/ament_index/resource_index/parent_prefix_path/bumperbot_utils
[0.756s] -- Up-to-date: /home/amoulouel/bumperbot_ws/install/bumperbot_utils/share/bumperbot_utils/environment/ament_prefix_path.sh
[0.756s] -- Up-to-date: /home/amoulouel/bumperbot_ws/install/bumperbot_utils/share/bumperbot_utils/environment/ament_prefix_path.dsv
[0.756s] -- Up-to-date: /home/amoulouel/bumperbot_ws/install/bumperbot_utils/share/bumperbot_utils/environment/path.sh
[0.757s] -- Up-to-date: /home/amoulouel/bumperbot_ws/install/bumperbot_utils/share/bumperbot_utils/environment/path.dsv
[0.757s] -- Up-to-date: /home/amoulouel/bumperbot_ws/install/bumperbot_utils/share/bumperbot_utils/local_setup.bash
[0.757s] -- Up-to-date: /home/amoulouel/bumperbot_ws/install/bumperbot_utils/share/bumperbot_utils/local_setup.sh
[0.757s] -- Up-to-date: /home/amoulouel/bumperbot_ws/install/bumperbot_utils/share/bumperbot_utils/local_setup.zsh
[0.757s] -- Up-to-date: /home/amoulouel/bumperbot_ws/install/bumperbot_utils/share/bumperbot_utils/local_setup.dsv
[0.757s] -- Installing: /home/amoulouel/bumperbot_ws/install/bumperbot_utils/share/bumperbot_utils/package.dsv
[0.759s] -- Up-to-date: /home/amoulouel/bumperbot_ws/install/bumperbot_utils/share/ament_index/resource_index/packages/bumperbot_utils
[0.759s] -- Up-to-date: /home/amoulouel/bumperbot_ws/install/bumperbot_utils/share/bumperbot_utils/cmake/bumperbot_utilsConfig.cmake
[0.759s] -- Up-to-date: /home/amoulouel/bumperbot_ws/install/bumperbot_utils/share/bumperbot_utils/cmake/bumperbot_utilsConfig-version.cmake
[0.759s] -- Up-to-date: /home/amoulouel/bumperbot_ws/install/bumperbot_utils/share/bumperbot_utils/package.xml
[0.853s] Invoked command in '/home/amoulouel/bumperbot_ws/build/bumperbot_utils' returned '0': CMAKE_PREFIX_PATH=${CMAKE_PREFIX_PATH}:/opt/ros/jazzy DEBUGINFOD_URLS=https://debuginfod.ubuntu.com /usr/bin/cmake --install /home/amoulouel/bumperbot_ws/build/bumperbot_utils
