[1.368s] Invoking command in '/home/amoulouel/bumperbot_ws/src/bumperbot_py_examples': AMENT_PREFIX_PATH=/home/amoulouel/bumperbot_ws/install/bumperbot_msgs:${AMENT_PREFIX_PATH} CMAKE_PREFIX_PATH=/home/amoulouel/bumperbot_ws/install/bumperbot_msgs:${CMAKE_PREFIX_PATH} DEBUGINFOD_URLS=https://debuginfod.ubuntu.com LD_LIBRARY_PATH=/home/amoulouel/bumperbot_ws/install/bumperbot_msgs/lib:${LD_LIBRARY_PATH} PYTHONPATH=/home/amoulouel/bumperbot_ws/build/bumperbot_py_examples/prefix_override:/usr/lib/python3/dist-packages/colcon_core/task/python/colcon_distutils_commands:/home/amoulouel/bumperbot_ws/install/bumperbot_py_examples/lib/python3.12/site-packages:/home/amoulouel/bumperbot_ws/install/bumperbot_msgs/lib/python3.12/site-packages:${PYTHONPATH} /usr/bin/python3 -W ignore:setup.py install is deprecated -W ignore:easy_install command is deprecated setup.py egg_info --egg-base ../../build/bumperbot_py_examples build --build-base /home/amoulouel/bumperbot_ws/build/bumperbot_py_examples/build install --record /home/amoulouel/bumperbot_ws/build/bumperbot_py_examples/install.log --single-version-externally-managed install_data
[1.761s] running egg_info
[1.798s] writing ../../build/bumperbot_py_examples/bumperbot_py_examples.egg-info/PKG-INFO
[1.799s] writing dependency_links to ../../build/bumperbot_py_examples/bumperbot_py_examples.egg-info/dependency_links.txt
[1.799s] writing entry points to ../../build/bumperbot_py_examples/bumperbot_py_examples.egg-info/entry_points.txt
[1.799s] writing requirements to ../../build/bumperbot_py_examples/bumperbot_py_examples.egg-info/requires.txt
[1.799s] writing top-level names to ../../build/bumperbot_py_examples/bumperbot_py_examples.egg-info/top_level.txt
[1.877s] reading manifest file '../../build/bumperbot_py_examples/bumperbot_py_examples.egg-info/SOURCES.txt'
[1.878s] writing manifest file '../../build/bumperbot_py_examples/bumperbot_py_examples.egg-info/SOURCES.txt'
[1.879s] running build
[1.879s] running build_py
[1.880s] running install
[1.894s] running install_lib
[1.932s] running install_data
[1.932s] running install_egg_info
[1.958s] removing '/home/amoulouel/bumperbot_ws/install/bumperbot_py_examples/lib/python3.12/site-packages/bumperbot_py_examples-0.0.0-py3.12.egg-info' (and everything under it)
[1.959s] Copying ../../build/bumperbot_py_examples/bumperbot_py_examples.egg-info to /home/amoulouel/bumperbot_ws/install/bumperbot_py_examples/lib/python3.12/site-packages/bumperbot_py_examples-0.0.0-py3.12.egg-info
[1.960s] running install_scripts
[2.131s] Installing simple_action_client script to /home/amoulouel/bumperbot_ws/install/bumperbot_py_examples/lib/bumperbot_py_examples
[2.131s] Installing simple_action_server script to /home/amoulouel/bumperbot_ws/install/bumperbot_py_examples/lib/bumperbot_py_examples
[2.131s] Installing simple_lifecycle_node script to /home/amoulouel/bumperbot_ws/install/bumperbot_py_examples/lib/bumperbot_py_examples
[2.131s] Installing simple_parameter script to /home/amoulouel/bumperbot_ws/install/bumperbot_py_examples/lib/bumperbot_py_examples
[2.131s] Installing simple_publisher script to /home/amoulouel/bumperbot_ws/install/bumperbot_py_examples/lib/bumperbot_py_examples
[2.131s] Installing simple_service_client script to /home/amoulouel/bumperbot_ws/install/bumperbot_py_examples/lib/bumperbot_py_examples
[2.131s] Installing simple_service_server script to /home/amoulouel/bumperbot_ws/install/bumperbot_py_examples/lib/bumperbot_py_examples
[2.132s] Installing simple_subscriber script to /home/amoulouel/bumperbot_ws/install/bumperbot_py_examples/lib/bumperbot_py_examples
[2.132s] Installing simple_tf_kinematics script to /home/amoulouel/bumperbot_ws/install/bumperbot_py_examples/lib/bumperbot_py_examples
[2.132s] Installing simple_turtlesim_kinematics script to /home/amoulouel/bumperbot_ws/install/bumperbot_py_examples/lib/bumperbot_py_examples
[2.132s] writing list of installed files to '/home/amoulouel/bumperbot_ws/build/bumperbot_py_examples/install.log'
[2.174s] Invoked command in '/home/amoulouel/bumperbot_ws/src/bumperbot_py_examples' returned '0': AMENT_PREFIX_PATH=/home/amoulouel/bumperbot_ws/install/bumperbot_msgs:${AMENT_PREFIX_PATH} CMAKE_PREFIX_PATH=/home/amoulouel/bumperbot_ws/install/bumperbot_msgs:${CMAKE_PREFIX_PATH} DEBUGINFOD_URLS=https://debuginfod.ubuntu.com LD_LIBRARY_PATH=/home/amoulouel/bumperbot_ws/install/bumperbot_msgs/lib:${LD_LIBRARY_PATH} PYTHONPATH=/home/amoulouel/bumperbot_ws/build/bumperbot_py_examples/prefix_override:/usr/lib/python3/dist-packages/colcon_core/task/python/colcon_distutils_commands:/home/amoulouel/bumperbot_ws/install/bumperbot_py_examples/lib/python3.12/site-packages:/home/amoulouel/bumperbot_ws/install/bumperbot_msgs/lib/python3.12/site-packages:${PYTHONPATH} /usr/bin/python3 -W ignore:setup.py install is deprecated -W ignore:easy_install command is deprecated setup.py egg_info --egg-base ../../build/bumperbot_py_examples build --build-base /home/amoulouel/bumperbot_ws/build/bumperbot_py_examples/build install --record /home/amoulouel/bumperbot_ws/build/bumperbot_py_examples/install.log --single-version-externally-managed install_data
