[0.020s] Invoking command in '/home/amoulouel/bumperbot_ws/build/bumperbot_mapping': CMAKE_PREFIX_PATH=${CMAKE_PREFIX_PATH}:/opt/ros/jazzy DEBUGINFOD_URLS=https://debuginfod.ubuntu.com /usr/bin/cmake --build /home/amoulouel/bumperbot_ws/build/bumperbot_mapping -- -j16 -l16
[0.046s] -- Found ament_cmake: 2.5.3 (/opt/ros/jazzy/share/ament_cmake/cmake)
[0.318s] -- Found rclpy: 7.1.3 (/opt/ros/jazzy/share/rclpy/cmake)
[0.318s] -- Found rclcpp: 28.1.6 (/opt/ros/jazzy/share/rclcpp/cmake)
[0.351s] -- Found rosidl_generator_c: 4.6.5 (/opt/ros/jazzy/share/rosidl_generator_c/cmake)
[0.362s] -- Found rosidl_generator_cpp: 4.6.5 (/opt/ros/jazzy/share/rosidl_generator_cpp/cmake)
[0.377s] -- Using all available rosidl_typesupport_c: rosidl_typesupport_fastrtps_c;rosidl_typesupport_introspection_c
[0.394s] -- Using all available rosidl_typesupport_cpp: rosidl_typesupport_fastrtps_cpp;rosidl_typesupport_introspection_cpp
[0.480s] -- Found rmw_implementation_cmake: 7.3.1 (/opt/ros/jazzy/share/rmw_implementation_cmake/cmake)
[0.482s] -- Found rmw_fastrtps_cpp: 8.4.1 (/opt/ros/jazzy/share/rmw_fastrtps_cpp/cmake)
[0.582s] -- Using RMW implementation 'rmw_fastrtps_cpp' as default
[0.660s] -- Found sensor_msgs: 5.3.5 (/opt/ros/jazzy/share/sensor_msgs/cmake)
[0.726s] -- Found nav_msgs: 5.3.5 (/opt/ros/jazzy/share/nav_msgs/cmake)
[0.766s] -- Found tf2_ros: 0.36.8 (/opt/ros/jazzy/share/tf2_ros/cmake)
[0.954s] -- Found ament_lint_auto: 0.17.1 (/opt/ros/jazzy/share/ament_lint_auto/cmake)
[1.045s] -- Added test 'cppcheck' to perform static code analysis on C / C++ code
[1.045s] -- Configured cppcheck include dirs: /home/amoulouel/bumperbot_ws/src/bumperbot_mapping/include
[1.045s] -- Configured cppcheck exclude dirs and/or files: 
[1.046s] -- Added test 'flake8' to check Python code syntax and style conventions
[1.046s] -- Configured 'flake8' exclude dirs and/or files: 
[1.047s] -- Added test 'lint_cmake' to check CMake code style
[1.047s] -- Added test 'pep257' to check Python code against some of the docstring style conventions in PEP 257
[1.048s] -- Added test 'uncrustify' to check C / C++ code style
[1.048s] -- Configured uncrustify additional arguments: 
[1.049s] -- Added test 'xmllint' to check XML markup files
[1.050s] -- Configuring done (1.0s)
[1.071s] -- Generating done (0.0s)
[1.079s] -- Build files have been written to: /home/amoulouel/bumperbot_ws/build/bumperbot_mapping
[1.111s] [ 50%] [32mBuilding CXX object CMakeFiles/mapping_with_known_poses.dir/src/mapping_with_known_poses.cpp.o[0m
[1.118s] [ 50%] Built target ament_cmake_python_copy_bumperbot_mapping
[1.336s] running egg_info
[1.357s] writing bumperbot_mapping.egg-info/PKG-INFO
[1.357s] writing dependency_links to bumperbot_mapping.egg-info/dependency_links.txt
[1.357s] writing top-level names to bumperbot_mapping.egg-info/top_level.txt
[1.419s] reading manifest file 'bumperbot_mapping.egg-info/SOURCES.txt'
[1.420s] writing manifest file 'bumperbot_mapping.egg-info/SOURCES.txt'
[1.446s] [ 50%] Built target ament_cmake_python_build_bumperbot_mapping_egg
[3.263s] [01m[K/home/amoulouel/bumperbot_ws/src/bumperbot_mapping/src/mapping_with_known_poses.cpp:[m[K In member function тАШ[01m[Kvoid bumperbot_mapping::MappingWithKnownPoses::[01;32m[KscanCallback[m[K(const sensor_msgs::msg::LaserScan&)[m[KтАЩ:
[3.263s] [01m[K/home/amoulouel/bumperbot_ws/src/bumperbot_mapping/src/mapping_with_known_poses.cpp:68:17:[m[K [01;31m[Kerror: [m[Kinvalid types тАШ[01m[K<unresolved overloaded function type>[unsigned int][m[KтАЩ for array subscript
[3.263s]    68 |     map_.data.at[01;31m[K[[m[Krobot_cell] = 100;
[3.263s]       |                 [01;31m[K^[m[K
[5.068s] gmake[2]: *** [CMakeFiles/mapping_with_known_poses.dir/build.make:76: CMakeFiles/mapping_with_known_poses.dir/src/mapping_with_known_poses.cpp.o] Error 1
[5.068s] gmake[1]: *** [CMakeFiles/Makefile2:140: CMakeFiles/mapping_with_known_poses.dir/all] Error 2
[5.068s] gmake: *** [Makefile:146: all] Error 2
[5.070s] Invoked command in '/home/amoulouel/bumperbot_ws/build/bumperbot_mapping' returned '2': CMAKE_PREFIX_PATH=${CMAKE_PREFIX_PATH}:/opt/ros/jazzy DEBUGINFOD_URLS=https://debuginfod.ubuntu.com /usr/bin/cmake --build /home/amoulouel/bumperbot_ws/build/bumperbot_mapping -- -j16 -l16
