[0.017s] Invoking command in '/home/amoulouel/bumperbot_ws/build/bumperbot_controller': CMAKE_PREFIX_PATH=${CMAKE_PREFIX_PATH}:/opt/ros/jazzy DEBUGINFOD_URLS=https://debuginfod.ubuntu.com /usr/bin/cmake --build /home/amoulouel/bumperbot_ws/build/bumperbot_controller -- -j16 -l16
[0.044s] -- Found ament_cmake: 2.5.3 (/opt/ros/jazzy/share/ament_cmake/cmake)
[0.289s] -- Found rclcpp: 28.1.6 (/opt/ros/jazzy/share/rclcpp/cmake)
[0.315s] -- Found rosidl_generator_c: 4.6.5 (/opt/ros/jazzy/share/rosidl_generator_c/cmake)
[0.326s] -- Found rosidl_generator_cpp: 4.6.5 (/opt/ros/jazzy/share/rosidl_generator_cpp/cmake)
[0.336s] -- Using all available rosidl_typesupport_c: rosidl_typesupport_fastrtps_c;rosidl_typesupport_introspection_c
[0.349s] -- Using all available rosidl_typesupport_cpp: rosidl_typesupport_fastrtps_cpp;rosidl_typesupport_introspection_cpp
[0.412s] -- Found rmw_implementation_cmake: 7.3.1 (/opt/ros/jazzy/share/rmw_implementation_cmake/cmake)
[0.414s] -- Found rmw_fastrtps_cpp: 8.4.1 (/opt/ros/jazzy/share/rmw_fastrtps_cpp/cmake)
[0.487s] -- Using RMW implementation 'rmw_fastrtps_cpp' as default
[0.564s] -- Found rclpy: 7.1.3 (/opt/ros/jazzy/share/rclpy/cmake)
[0.564s] -- Found geometry_msgs: 5.3.5 (/opt/ros/jazzy/share/geometry_msgs/cmake)
[0.608s] -- Found sensor_msgs: 5.3.5 (/opt/ros/jazzy/share/sensor_msgs/cmake)
[0.644s] -- Found nav_msgs: 5.3.5 (/opt/ros/jazzy/share/nav_msgs/cmake)
[0.687s] -- Found tf2_ros: 0.36.8 (/opt/ros/jazzy/share/tf2_ros/cmake)
[1.005s] -- Configuring done (1.0s)
[1.032s] -- Generating done (0.0s)
[1.041s] -- Build files have been written to: /home/amoulouel/bumperbot_ws/build/bumperbot_controller
[1.085s] [ 16%] Built target ament_cmake_python_copy_bumperbot_controller
[1.085s] [ 50%] Built target twist_relay
[1.085s] [ 66%] Built target noisy_controller
[1.086s] [100%] Built target simple_controller
[1.285s] running egg_info
[1.306s] writing bumperbot_controller.egg-info/PKG-INFO
[1.306s] writing dependency_links to bumperbot_controller.egg-info/dependency_links.txt
[1.306s] writing top-level names to bumperbot_controller.egg-info/top_level.txt
[1.363s] reading manifest file 'bumperbot_controller.egg-info/SOURCES.txt'
[1.364s] writing manifest file 'bumperbot_controller.egg-info/SOURCES.txt'
[1.390s] [100%] Built target ament_cmake_python_build_bumperbot_controller_egg
