[0.016s] Invoking command in '/home/amoulouel/bumperbot_ws/src/build/bumperbot_firmware': CMAKE_PREFIX_PATH=${CMAKE_PREFIX_PATH}:/opt/ros/jazzy DEBUGINFOD_URLS=https://debuginfod.ubuntu.com /usr/bin/cmake /home/amoulouel/bumperbot_ws/src/bumperbot_firmware -DCMAKE_INSTALL_PREFIX=/home/amoulouel/bumperbot_ws/src/install/bumperbot_firmware
[0.066s] -- The C compiler identification is GNU 13.3.0
[0.123s] -- The CXX compiler identification is GNU 13.3.0
[0.141s] -- Detecting C compiler ABI info
[0.219s] -- Detecting C compiler ABI info - done
[0.230s] -- Check for working C compiler: /usr/bin/cc - skipped
[0.230s] -- Detecting C compile features
[0.230s] -- Detecting C compile features - done
[0.238s] -- Detecting CXX compiler ABI info
[0.354s] -- Detecting CXX compiler ABI info - done
[0.370s] -- Check for working CXX compiler: /usr/bin/c++ - skipped
[0.370s] -- Detecting CXX compile features
[0.371s] -- Detecting CXX compile features - done
[0.375s] -- Found ament_cmake: 2.5.3 (/opt/ros/jazzy/share/ament_cmake/cmake)
[0.580s] -- Found Python3: /usr/bin/python3 (found version "3.12.3") found components: Interpreter 
[0.736s] -- Found rclcpp: 28.1.6 (/opt/ros/jazzy/share/rclcpp/cmake)
[0.785s] -- Found rosidl_generator_c: 4.6.5 (/opt/ros/jazzy/share/rosidl_generator_c/cmake)
[0.804s] -- Found rosidl_generator_cpp: 4.6.5 (/opt/ros/jazzy/share/rosidl_generator_cpp/cmake)
[0.824s] -- Using all available rosidl_typesupport_c: rosidl_typesupport_fastrtps_c;rosidl_typesupport_introspection_c
[0.845s] -- Using all available rosidl_typesupport_cpp: rosidl_typesupport_fastrtps_cpp;rosidl_typesupport_introspection_cpp
[0.934s] -- Found rmw_implementation_cmake: 7.3.1 (/opt/ros/jazzy/share/rmw_implementation_cmake/cmake)
[0.938s] -- Found rmw_fastrtps_cpp: 8.4.1 (/opt/ros/jazzy/share/rmw_fastrtps_cpp/cmake)
[1.050s] -- Found OpenSSL: /usr/lib/x86_64-linux-gnu/libcrypto.so (found version "3.0.13")  
[1.078s] -- Found FastRTPS: /opt/ros/jazzy/include (Required is at least version "2.13") 
[1.106s] -- Using RMW implementation 'rmw_fastrtps_cpp' as default
[1.230s] -- Found rclpy: 7.1.3 (/opt/ros/jazzy/share/rclpy/cmake)
[1.233s] -- Found std_msgs: 5.3.5 (/opt/ros/jazzy/share/std_msgs/cmake)
[1.257s] -- Found hardware_interface: 4.25.0 (/opt/ros/jazzy/share/hardware_interface/cmake)
[1.626s] -- Found PkgConfig: /usr/bin/pkg-config (found version "1.8.1") 
[1.627s] -- Checking for module 'libserial'
[1.647s] --   Found libserial, version 1.0.0
[1.985s] -- Configuring done (2.0s)
[2.027s] -- Generating done (0.0s)
[2.042s] -- Build files have been written to: /home/amoulouel/bumperbot_ws/src/build/bumperbot_firmware
[2.064s] Invoked command in '/home/amoulouel/bumperbot_ws/src/build/bumperbot_firmware' returned '0': CMAKE_PREFIX_PATH=${CMAKE_PREFIX_PATH}:/opt/ros/jazzy DEBUGINFOD_URLS=https://debuginfod.ubuntu.com /usr/bin/cmake /home/amoulouel/bumperbot_ws/src/bumperbot_firmware -DCMAKE_INSTALL_PREFIX=/home/amoulouel/bumperbot_ws/src/install/bumperbot_firmware
[2.067s] Invoking command in '/home/amoulouel/bumperbot_ws/src/build/bumperbot_firmware': CMAKE_PREFIX_PATH=${CMAKE_PREFIX_PATH}:/opt/ros/jazzy DEBUGINFOD_URLS=https://debuginfod.ubuntu.com /usr/bin/cmake --build /home/amoulouel/bumperbot_ws/src/build/bumperbot_firmware -- -j16 -l16
[2.189s] [ 16%] [32mBuilding CXX object CMakeFiles/simple_serial_transmitter.dir/src/simple_serial_transmitter.cpp.o[0m
[2.189s] [ 33%] [32mBuilding CXX object CMakeFiles/simple_serial_receiver.dir/src/simple_serial_receiver.cpp.o[0m
[2.189s] [ 50%] [32mBuilding CXX object CMakeFiles/bumperbot_firmware.dir/src/bumperbot_interface.cpp.o[0m
[2.189s] [ 50%] Built target ament_cmake_python_copy_bumperbot_firmware
[2.600s] running egg_info
[2.603s] creating bumperbot_firmware.egg-info
[2.644s] writing bumperbot_firmware.egg-info/PKG-INFO
[2.644s] writing dependency_links to bumperbot_firmware.egg-info/dependency_links.txt
[2.644s] writing top-level names to bumperbot_firmware.egg-info/top_level.txt
[2.644s] writing manifest file 'bumperbot_firmware.egg-info/SOURCES.txt'
[2.761s] reading manifest file 'bumperbot_firmware.egg-info/SOURCES.txt'
[2.762s] writing manifest file 'bumperbot_firmware.egg-info/SOURCES.txt'
[2.811s] [ 50%] Built target ament_cmake_python_build_bumperbot_firmware_egg
[9.251s] [ 66%] [32m[1mLinking CXX executable simple_serial_receiver[0m
[9.541s] [ 83%] [32m[1mLinking CXX shared library libbumperbot_firmware.so[0m
[9.557s] [ 83%] Built target simple_serial_receiver
[9.797s] [ 83%] Built target bumperbot_firmware
[15.682s] [100%] [32m[1mLinking CXX executable simple_serial_transmitter[0m
[16.371s] [100%] Built target simple_serial_transmitter
[16.399s] Invoked command in '/home/amoulouel/bumperbot_ws/src/build/bumperbot_firmware' returned '0': CMAKE_PREFIX_PATH=${CMAKE_PREFIX_PATH}:/opt/ros/jazzy DEBUGINFOD_URLS=https://debuginfod.ubuntu.com /usr/bin/cmake --build /home/amoulouel/bumperbot_ws/src/build/bumperbot_firmware -- -j16 -l16
[16.400s] Invoking command in '/home/amoulouel/bumperbot_ws/src/build/bumperbot_firmware': CMAKE_PREFIX_PATH=${CMAKE_PREFIX_PATH}:/opt/ros/jazzy DEBUGINFOD_URLS=https://debuginfod.ubuntu.com /usr/bin/cmake --install /home/amoulouel/bumperbot_ws/src/build/bumperbot_firmware
[16.419s] -- Install configuration: ""
[16.419s] -- Installing: /home/amoulouel/bumperbot_ws/src/install/bumperbot_firmware/share/bumperbot_firmware/environment/pythonpath.sh
[16.419s] -- Installing: /home/amoulouel/bumperbot_ws/src/install/bumperbot_firmware/share/bumperbot_firmware/environment/pythonpath.dsv
[16.420s] -- Installing: /home/amoulouel/bumperbot_ws/src/install/bumperbot_firmware/lib/python3.12/site-packages/bumperbot_firmware-0.0.0-py3.12.egg-info
[16.420s] -- Installing: /home/amoulouel/bumperbot_ws/src/install/bumperbot_firmware/lib/python3.12/site-packages/bumperbot_firmware-0.0.0-py3.12.egg-info/dependency_links.txt
[16.420s] -- Installing: /home/amoulouel/bumperbot_ws/src/install/bumperbot_firmware/lib/python3.12/site-packages/bumperbot_firmware-0.0.0-py3.12.egg-info/top_level.txt
[16.420s] -- Installing: /home/amoulouel/bumperbot_ws/src/install/bumperbot_firmware/lib/python3.12/site-packages/bumperbot_firmware-0.0.0-py3.12.egg-info/PKG-INFO
[16.420s] -- Installing: /home/amoulouel/bumperbot_ws/src/install/bumperbot_firmware/lib/python3.12/site-packages/bumperbot_firmware-0.0.0-py3.12.egg-info/SOURCES.txt
[16.420s] -- Installing: /home/amoulouel/bumperbot_ws/src/install/bumperbot_firmware/lib/python3.12/site-packages/bumperbot_firmware
[16.420s] -- Installing: /home/amoulouel/bumperbot_ws/src/install/bumperbot_firmware/lib/python3.12/site-packages/bumperbot_firmware/mpu6050_driver.py
[16.427s] -- Installing: /home/amoulouel/bumperbot_ws/src/install/bumperbot_firmware/lib/python3.12/site-packages/bumperbot_firmware/__init__.py
[16.427s] -- Installing: /home/amoulouel/bumperbot_ws/src/install/bumperbot_firmware/lib/python3.12/site-packages/bumperbot_firmware/simple_serial_receiver.py
[16.427s] -- Installing: /home/amoulouel/bumperbot_ws/src/install/bumperbot_firmware/lib/python3.12/site-packages/bumperbot_firmware/simple_serial_transmitter.py
[16.573s] Listing '/home/amoulouel/bumperbot_ws/src/install/bumperbot_firmware/lib/python3.12/site-packages/bumperbot_firmware'...
[16.573s] Compiling '/home/amoulouel/bumperbot_ws/src/install/bumperbot_firmware/lib/python3.12/site-packages/bumperbot_firmware/__init__.py'...
[16.573s] Compiling '/home/amoulouel/bumperbot_ws/src/install/bumperbot_firmware/lib/python3.12/site-packages/bumperbot_firmware/mpu6050_driver.py'...
[16.573s] Compiling '/home/amoulouel/bumperbot_ws/src/install/bumperbot_firmware/lib/python3.12/site-packages/bumperbot_firmware/simple_serial_receiver.py'...
[16.573s] Compiling '/home/amoulouel/bumperbot_ws/src/install/bumperbot_firmware/lib/python3.12/site-packages/bumperbot_firmware/simple_serial_transmitter.py'...
[16.585s] -- Installing: /home/amoulouel/bumperbot_ws/src/install/bumperbot_firmware/share/bumperbot_firmware/bumperbot_interface.xml
[16.585s] -- Installing: /home/amoulouel/bumperbot_ws/src/install/bumperbot_firmware/lib/libbumperbot_firmware.so
[16.587s] -- Set non-toolchain portion of runtime path of "/home/amoulouel/bumperbot_ws/src/install/bumperbot_firmware/lib/libbumperbot_firmware.so" to ""
[16.592s] -- Installing: /home/amoulouel/bumperbot_ws/src/install/bumperbot_firmware/include/include
[16.592s] -- Installing: /home/amoulouel/bumperbot_ws/src/install/bumperbot_firmware/include/include/bumperbot_firmware
[16.592s] -- Installing: /home/amoulouel/bumperbot_ws/src/install/bumperbot_firmware/include/include/bumperbot_firmware/bumperbot_interface.hpp
[16.592s] -- Installing: /home/amoulouel/bumperbot_ws/src/install/bumperbot_firmware/share/bumperbot_firmware/launch
[16.592s] -- Installing: /home/amoulouel/bumperbot_ws/src/install/bumperbot_firmware/share/bumperbot_firmware/launch/hardware_interface.launch.py
[16.592s] -- Installing: /home/amoulouel/bumperbot_ws/src/install/bumperbot_firmware/lib/bumperbot_firmware/simple_serial_transmitter.py
[16.592s] -- Installing: /home/amoulouel/bumperbot_ws/src/install/bumperbot_firmware/lib/bumperbot_firmware/simple_serial_receiver.py
[16.592s] -- Installing: /home/amoulouel/bumperbot_ws/src/install/bumperbot_firmware/lib/bumperbot_firmware/mpu6050_driver.py
[16.593s] -- Installing: /home/amoulouel/bumperbot_ws/src/install/bumperbot_firmware/lib/bumperbot_firmware/simple_serial_receiver
[16.595s] -- Set non-toolchain portion of runtime path of "/home/amoulouel/bumperbot_ws/src/install/bumperbot_firmware/lib/bumperbot_firmware/simple_serial_receiver" to ""
[16.599s] -- Installing: /home/amoulouel/bumperbot_ws/src/install/bumperbot_firmware/lib/bumperbot_firmware/simple_serial_transmitter
[16.608s] -- Set non-toolchain portion of runtime path of "/home/amoulouel/bumperbot_ws/src/install/bumperbot_firmware/lib/bumperbot_firmware/simple_serial_transmitter" to ""
[16.608s] -- Installing: /home/amoulouel/bumperbot_ws/src/install/bumperbot_firmware/share/bumperbot_firmware/environment/library_path.sh
[16.609s] -- Installing: /home/amoulouel/bumperbot_ws/src/install/bumperbot_firmware/share/bumperbot_firmware/environment/library_path.dsv
[16.610s] -- Installing: /home/amoulouel/bumperbot_ws/src/install/bumperbot_firmware/share/ament_index/resource_index/package_run_dependencies/bumperbot_firmware
[16.610s] -- Installing: /home/amoulouel/bumperbot_ws/src/install/bumperbot_firmware/share/ament_index/resource_index/parent_prefix_path/bumperbot_firmware
[16.611s] -- Installing: /home/amoulouel/bumperbot_ws/src/install/bumperbot_firmware/share/bumperbot_firmware/environment/ament_prefix_path.sh
[16.611s] -- Installing: /home/amoulouel/bumperbot_ws/src/install/bumperbot_firmware/share/bumperbot_firmware/environment/ament_prefix_path.dsv
[16.611s] -- Installing: /home/amoulouel/bumperbot_ws/src/install/bumperbot_firmware/share/bumperbot_firmware/environment/path.sh
[16.611s] -- Installing: /home/amoulouel/bumperbot_ws/src/install/bumperbot_firmware/share/bumperbot_firmware/environment/path.dsv
[16.612s] -- Installing: /home/amoulouel/bumperbot_ws/src/install/bumperbot_firmware/share/bumperbot_firmware/local_setup.bash
[16.612s] -- Installing: /home/amoulouel/bumperbot_ws/src/install/bumperbot_firmware/share/bumperbot_firmware/local_setup.sh
[16.613s] -- Installing: /home/amoulouel/bumperbot_ws/src/install/bumperbot_firmware/share/bumperbot_firmware/local_setup.zsh
[16.613s] -- Installing: /home/amoulouel/bumperbot_ws/src/install/bumperbot_firmware/share/bumperbot_firmware/local_setup.dsv
[16.613s] -- Installing: /home/amoulouel/bumperbot_ws/src/install/bumperbot_firmware/share/bumperbot_firmware/package.dsv
[16.614s] -- Installing: /home/amoulouel/bumperbot_ws/src/install/bumperbot_firmware/share/ament_index/resource_index/packages/bumperbot_firmware
[16.614s] -- Installing: /home/amoulouel/bumperbot_ws/src/install/bumperbot_firmware/share/ament_index/resource_index/hardware_interface__pluginlib__plugin/bumperbot_firmware
[16.614s] -- Installing: /home/amoulouel/bumperbot_ws/src/install/bumperbot_firmware/share/bumperbot_firmware/cmake/ament_cmake_export_include_directories-extras.cmake
[16.615s] -- Installing: /home/amoulouel/bumperbot_ws/src/install/bumperbot_firmware/share/bumperbot_firmware/cmake/ament_cmake_export_libraries-extras.cmake
[16.615s] -- Installing: /home/amoulouel/bumperbot_ws/src/install/bumperbot_firmware/share/bumperbot_firmware/cmake/ament_cmake_export_dependencies-extras.cmake
[16.615s] -- Installing: /home/amoulouel/bumperbot_ws/src/install/bumperbot_firmware/share/bumperbot_firmware/cmake/bumperbot_firmwareConfig.cmake
[16.616s] -- Installing: /home/amoulouel/bumperbot_ws/src/install/bumperbot_firmware/share/bumperbot_firmware/cmake/bumperbot_firmwareConfig-version.cmake
[16.616s] -- Installing: /home/amoulouel/bumperbot_ws/src/install/bumperbot_firmware/share/bumperbot_firmware/package.xml
[16.638s] Invoked command in '/home/amoulouel/bumperbot_ws/src/build/bumperbot_firmware' returned '0': CMAKE_PREFIX_PATH=${CMAKE_PREFIX_PATH}:/opt/ros/jazzy DEBUGINFOD_URLS=https://debuginfod.ubuntu.com /usr/bin/cmake --install /home/amoulouel/bumperbot_ws/src/build/bumperbot_firmware
