[0.016s] Invoking command in '/home/amoulouel/bumperbot_ws/build/bumperbot_controller': CMAKE_PREFIX_PATH=${CMAKE_PREFIX_PATH}:/home/amoulouel/bumperbot_ws/install/bumperbot_py_examples:/opt/ros/jazzy DEBUGINFOD_URLS=https://debuginfod.ubuntu.com /usr/bin/cmake --build /home/amoulouel/bumperbot_ws/build/bumperbot_controller -- -j16 -l16
[0.076s] [ 33%] Built target noisy_controller
[0.076s] [ 66%] Built target twist_relay
[0.076s] [ 66%] Built target ament_cmake_python_copy_bumperbot_controller
[0.077s] [100%] Built target simple_controller
[0.307s] running egg_info
[0.325s] writing bumperbot_controller.egg-info/PKG-INFO
[0.326s] writing dependency_links to bumperbot_controller.egg-info/dependency_links.txt
[0.326s] writing top-level names to bumperbot_controller.egg-info/top_level.txt
[0.377s] reading manifest file 'bumperbot_controller.egg-info/SOURCES.txt'
[0.377s] writing manifest file 'bumperbot_controller.egg-info/SOURCES.txt'
[0.401s] [100%] Built target ament_cmake_python_build_bumperbot_controller_egg
[0.413s] Invoked command in '/home/amoulouel/bumperbot_ws/build/bumperbot_controller' returned '0': CMAKE_PREFIX_PATH=${CMAKE_PREFIX_PATH}:/home/amoulouel/bumperbot_ws/install/bumperbot_py_examples:/opt/ros/jazzy DEBUGINFOD_URLS=https://debuginfod.ubuntu.com /usr/bin/cmake --build /home/amoulouel/bumperbot_ws/build/bumperbot_controller -- -j16 -l16
[0.414s] Invoking command in '/home/amoulouel/bumperbot_ws/build/bumperbot_controller': CMAKE_PREFIX_PATH=${CMAKE_PREFIX_PATH}:/home/amoulouel/bumperbot_ws/install/bumperbot_py_examples:/opt/ros/jazzy DEBUGINFOD_URLS=https://debuginfod.ubuntu.com /usr/bin/cmake --install /home/amoulouel/bumperbot_ws/build/bumperbot_controller
[0.422s] -- Install configuration: ""
[0.422s] -- Up-to-date: /home/amoulouel/bumperbot_ws/install/bumperbot_controller/share/bumperbot_controller/environment/pythonpath.sh
[0.422s] -- Up-to-date: /home/amoulouel/bumperbot_ws/install/bumperbot_controller/share/bumperbot_controller/environment/pythonpath.dsv
[0.422s] -- Up-to-date: /home/amoulouel/bumperbot_ws/install/bumperbot_controller/lib/python3.12/site-packages/bumperbot_controller-0.0.0-py3.12.egg-info
[0.422s] -- Installing: /home/amoulouel/bumperbot_ws/install/bumperbot_controller/lib/python3.12/site-packages/bumperbot_controller-0.0.0-py3.12.egg-info/dependency_links.txt
[0.422s] -- Installing: /home/amoulouel/bumperbot_ws/install/bumperbot_controller/lib/python3.12/site-packages/bumperbot_controller-0.0.0-py3.12.egg-info/top_level.txt
[0.422s] -- Installing: /home/amoulouel/bumperbot_ws/install/bumperbot_controller/lib/python3.12/site-packages/bumperbot_controller-0.0.0-py3.12.egg-info/PKG-INFO
[0.422s] -- Installing: /home/amoulouel/bumperbot_ws/install/bumperbot_controller/lib/python3.12/site-packages/bumperbot_controller-0.0.0-py3.12.egg-info/SOURCES.txt
[0.422s] -- Up-to-date: /home/amoulouel/bumperbot_ws/install/bumperbot_controller/lib/python3.12/site-packages/bumperbot_controller
[0.422s] -- Up-to-date: /home/amoulouel/bumperbot_ws/install/bumperbot_controller/lib/python3.12/site-packages/bumperbot_controller/__init__.py
[0.422s] -- Up-to-date: /home/amoulouel/bumperbot_ws/install/bumperbot_controller/lib/python3.12/site-packages/bumperbot_controller/twist_relay.py
[0.422s] -- Up-to-date: /home/amoulouel/bumperbot_ws/install/bumperbot_controller/lib/python3.12/site-packages/bumperbot_controller/simple_controller.py
[0.422s] -- Up-to-date: /home/amoulouel/bumperbot_ws/install/bumperbot_controller/lib/python3.12/site-packages/bumperbot_controller/twist_to_twist_stamped.py
[0.422s] -- Up-to-date: /home/amoulouel/bumperbot_ws/install/bumperbot_controller/lib/python3.12/site-packages/bumperbot_controller/noisy_controller.py
[0.457s] Listing '/home/amoulouel/bumperbot_ws/install/bumperbot_controller/lib/python3.12/site-packages/bumperbot_controller'...
[0.462s] -- Up-to-date: /home/amoulouel/bumperbot_ws/install/bumperbot_controller/include/include
[0.462s] -- Up-to-date: /home/amoulouel/bumperbot_ws/install/bumperbot_controller/include/include/bumperbot_controller
[0.463s] -- Up-to-date: /home/amoulouel/bumperbot_ws/install/bumperbot_controller/include/include/bumperbot_controller/noisy_controller.hpp
[0.463s] -- Up-to-date: /home/amoulouel/bumperbot_ws/install/bumperbot_controller/include/include/bumperbot_controller/simple_controller.hpp
[0.463s] -- Up-to-date: /home/amoulouel/bumperbot_ws/install/bumperbot_controller/lib/bumperbot_controller/simple_controller
[0.463s] -- Up-to-date: /home/amoulouel/bumperbot_ws/install/bumperbot_controller/lib/bumperbot_controller/noisy_controller
[0.463s] -- Up-to-date: /home/amoulouel/bumperbot_ws/install/bumperbot_controller/lib/bumperbot_controller/twist_relay
[0.463s] -- Up-to-date: /home/amoulouel/bumperbot_ws/install/bumperbot_controller/share/bumperbot_controller/launch
[0.463s] -- Up-to-date: /home/amoulouel/bumperbot_ws/install/bumperbot_controller/share/bumperbot_controller/launch/teleop_twist_keyboard.launch.py
[0.464s] -- Up-to-date: /home/amoulouel/bumperbot_ws/install/bumperbot_controller/share/bumperbot_controller/launch/joystick_teleop.launch.py
[0.464s] -- Up-to-date: /home/amoulouel/bumperbot_ws/install/bumperbot_controller/share/bumperbot_controller/launch/controller.launch.py
[0.464s] -- Up-to-date: /home/amoulouel/bumperbot_ws/install/bumperbot_controller/share/bumperbot_controller/config
[0.464s] -- Up-to-date: /home/amoulouel/bumperbot_ws/install/bumperbot_controller/share/bumperbot_controller/config/joy_config.yaml
[0.464s] -- Up-to-date: /home/amoulouel/bumperbot_ws/install/bumperbot_controller/share/bumperbot_controller/config/joy_teleop.yaml
[0.464s] -- Up-to-date: /home/amoulouel/bumperbot_ws/install/bumperbot_controller/share/bumperbot_controller/config/twist_mux_joy.yaml
[0.464s] -- Up-to-date: /home/amoulouel/bumperbot_ws/install/bumperbot_controller/share/bumperbot_controller/config/twist_mux_locks.yaml
[0.464s] -- Up-to-date: /home/amoulouel/bumperbot_ws/install/bumperbot_controller/share/bumperbot_controller/config/twist_mux_topics.yaml
[0.464s] -- Up-to-date: /home/amoulouel/bumperbot_ws/install/bumperbot_controller/share/bumperbot_controller/config/bumperbot_controllers.yaml
[0.465s] -- Up-to-date: /home/amoulouel/bumperbot_ws/install/bumperbot_controller/lib/bumperbot_controller/simple_controller.py
[0.465s] -- Up-to-date: /home/amoulouel/bumperbot_ws/install/bumperbot_controller/lib/bumperbot_controller/noisy_controller.py
[0.465s] -- Up-to-date: /home/amoulouel/bumperbot_ws/install/bumperbot_controller/lib/bumperbot_controller/twist_to_twist_stamped.py
[0.465s] -- Up-to-date: /home/amoulouel/bumperbot_ws/install/bumperbot_controller/lib/bumperbot_controller/twist_relay.py
[0.465s] -- Up-to-date: /home/amoulouel/bumperbot_ws/install/bumperbot_controller/share/ament_index/resource_index/package_run_dependencies/bumperbot_controller
[0.465s] -- Up-to-date: /home/amoulouel/bumperbot_ws/install/bumperbot_controller/share/ament_index/resource_index/parent_prefix_path/bumperbot_controller
[0.465s] -- Up-to-date: /home/amoulouel/bumperbot_ws/install/bumperbot_controller/share/bumperbot_controller/environment/ament_prefix_path.sh
[0.465s] -- Up-to-date: /home/amoulouel/bumperbot_ws/install/bumperbot_controller/share/bumperbot_controller/environment/ament_prefix_path.dsv
[0.466s] -- Up-to-date: /home/amoulouel/bumperbot_ws/install/bumperbot_controller/share/bumperbot_controller/environment/path.sh
[0.466s] -- Up-to-date: /home/amoulouel/bumperbot_ws/install/bumperbot_controller/share/bumperbot_controller/environment/path.dsv
[0.466s] -- Up-to-date: /home/amoulouel/bumperbot_ws/install/bumperbot_controller/share/bumperbot_controller/local_setup.bash
[0.466s] -- Up-to-date: /home/amoulouel/bumperbot_ws/install/bumperbot_controller/share/bumperbot_controller/local_setup.sh
[0.466s] -- Up-to-date: /home/amoulouel/bumperbot_ws/install/bumperbot_controller/share/bumperbot_controller/local_setup.zsh
[0.466s] -- Up-to-date: /home/amoulouel/bumperbot_ws/install/bumperbot_controller/share/bumperbot_controller/local_setup.dsv
[0.466s] -- Installing: /home/amoulouel/bumperbot_ws/install/bumperbot_controller/share/bumperbot_controller/package.dsv
[0.466s] -- Up-to-date: /home/amoulouel/bumperbot_ws/install/bumperbot_controller/share/ament_index/resource_index/packages/bumperbot_controller
[0.467s] -- Up-to-date: /home/amoulouel/bumperbot_ws/install/bumperbot_controller/share/bumperbot_controller/cmake/bumperbot_controllerConfig.cmake
[0.467s] -- Up-to-date: /home/amoulouel/bumperbot_ws/install/bumperbot_controller/share/bumperbot_controller/cmake/bumperbot_controllerConfig-version.cmake
[0.467s] -- Up-to-date: /home/amoulouel/bumperbot_ws/install/bumperbot_controller/share/bumperbot_controller/package.xml
[0.468s] Invoked command in '/home/amoulouel/bumperbot_ws/build/bumperbot_controller' returned '0': CMAKE_PREFIX_PATH=${CMAKE_PREFIX_PATH}:/home/amoulouel/bumperbot_ws/install/bumperbot_py_examples:/opt/ros/jazzy DEBUGINFOD_URLS=https://debuginfod.ubuntu.com /usr/bin/cmake --install /home/amoulouel/bumperbot_ws/build/bumperbot_controller
