[0.008s] Invoking command in '/home/amoulouel/bumperbot_ws/build/bumperbot_cpp_examples': CMAKE_PREFIX_PATH=/home/amoulouel/bumperbot_ws/install/bumperbot_msgs:/home/amoulouel/tutorial_bumperbot_ws/install/bumperbot_cpp_examples:/home/amoulouel/bumperbot_ws/install/bumperbot_cpp_examples:/home/amoulouel/bumperbot_ws/install/bumperbot_localization:/home/amoulouel/bumperbot_ws/install/bumperbot_firmware:/home/amoulouel/bumperbot_ws/install/bumperbot_description:/home/amoulouel/bumperbot_ws/install/bumperbot_controller:/home/amoulouel/bumperbot_ws/install/bumperbot_bringup:/opt/ros/jazzy/opt/gz_math_vendor:/opt/ros/jazzy/opt/gz_utils_vendor:/opt/ros/jazzy/opt/gz_cmake_vendor:/home/amoulouel/tutorial_bumperbot_ws/install/bumperbot_py_examples:/home/amoulouel/bumperbot_ws/install/bumperbot_py_examples:/opt/ros/jazzy DEBUGINFOD_URLS=https://debuginfod.ubuntu.com PYTHONPATH=/home/amoulouel/bumperbot_ws/install/bumperbot_msgs/lib/python3.12/site-packages:/home/amoulouel/tutorial_bumperbot_ws/install/bumperbot_py_examples/lib/python3.12/site-packages:/home/amoulouel/bumperbot_ws/install/bumperbot_py_examples/lib/python3.12/site-packages:/home/amoulouel/bumperbot_ws/install/bumperbot_localization/lib/python3.12/site-packages:/home/amoulouel/bumperbot_ws/install/bumperbot_firmware/lib/python3.12/site-packages:/home/amoulouel/bumperbot_ws/install/bumperbot_controller/lib/python3.12/site-packages:/opt/ros/jazzy/lib/python3.12/site-packages /usr/bin/cmake --build /home/amoulouel/bumperbot_ws/build/bumperbot_cpp_examples -- -j16 -l16
[0.052s] [ 37%] Built target simple_parameter
[0.052s] [ 37%] Built target simple_subscriber
[0.052s] [ 37%] Built target simple_service_server
[0.052s] [ 50%] Built target simple_service_client
[0.053s] [ 62%] Built target simple_tf_kinematics
[0.053s] [ 75%] Built target simple_turtlesim_kinematics
[0.055s] [ 87%] Built target simple_publisher
[0.057s] [100%] Built target simple_lifecycle_node
[0.174s] Invoked command in '/home/amoulouel/bumperbot_ws/build/bumperbot_cpp_examples' returned '0': CMAKE_PREFIX_PATH=/home/amoulouel/bumperbot_ws/install/bumperbot_msgs:/home/amoulouel/tutorial_bumperbot_ws/install/bumperbot_cpp_examples:/home/amoulouel/bumperbot_ws/install/bumperbot_cpp_examples:/home/amoulouel/bumperbot_ws/install/bumperbot_localization:/home/amoulouel/bumperbot_ws/install/bumperbot_firmware:/home/amoulouel/bumperbot_ws/install/bumperbot_description:/home/amoulouel/bumperbot_ws/install/bumperbot_controller:/home/amoulouel/bumperbot_ws/install/bumperbot_bringup:/opt/ros/jazzy/opt/gz_math_vendor:/opt/ros/jazzy/opt/gz_utils_vendor:/opt/ros/jazzy/opt/gz_cmake_vendor:/home/amoulouel/tutorial_bumperbot_ws/install/bumperbot_py_examples:/home/amoulouel/bumperbot_ws/install/bumperbot_py_examples:/opt/ros/jazzy DEBUGINFOD_URLS=https://debuginfod.ubuntu.com PYTHONPATH=/home/amoulouel/bumperbot_ws/install/bumperbot_msgs/lib/python3.12/site-packages:/home/amoulouel/tutorial_bumperbot_ws/install/bumperbot_py_examples/lib/python3.12/site-packages:/home/amoulouel/bumperbot_ws/install/bumperbot_py_examples/lib/python3.12/site-packages:/home/amoulouel/bumperbot_ws/install/bumperbot_localization/lib/python3.12/site-packages:/home/amoulouel/bumperbot_ws/install/bumperbot_firmware/lib/python3.12/site-packages:/home/amoulouel/bumperbot_ws/install/bumperbot_controller/lib/python3.12/site-packages:/opt/ros/jazzy/lib/python3.12/site-packages /usr/bin/cmake --build /home/amoulouel/bumperbot_ws/build/bumperbot_cpp_examples -- -j16 -l16
[0.174s] Invoking command in '/home/amoulouel/bumperbot_ws/build/bumperbot_cpp_examples': CMAKE_PREFIX_PATH=/home/amoulouel/bumperbot_ws/install/bumperbot_msgs:/home/amoulouel/tutorial_bumperbot_ws/install/bumperbot_cpp_examples:/home/amoulouel/bumperbot_ws/install/bumperbot_cpp_examples:/home/amoulouel/bumperbot_ws/install/bumperbot_localization:/home/amoulouel/bumperbot_ws/install/bumperbot_firmware:/home/amoulouel/bumperbot_ws/install/bumperbot_description:/home/amoulouel/bumperbot_ws/install/bumperbot_controller:/home/amoulouel/bumperbot_ws/install/bumperbot_bringup:/opt/ros/jazzy/opt/gz_math_vendor:/opt/ros/jazzy/opt/gz_utils_vendor:/opt/ros/jazzy/opt/gz_cmake_vendor:/home/amoulouel/tutorial_bumperbot_ws/install/bumperbot_py_examples:/home/amoulouel/bumperbot_ws/install/bumperbot_py_examples:/opt/ros/jazzy DEBUGINFOD_URLS=https://debuginfod.ubuntu.com PYTHONPATH=/home/amoulouel/bumperbot_ws/install/bumperbot_msgs/lib/python3.12/site-packages:/home/amoulouel/tutorial_bumperbot_ws/install/bumperbot_py_examples/lib/python3.12/site-packages:/home/amoulouel/bumperbot_ws/install/bumperbot_py_examples/lib/python3.12/site-packages:/home/amoulouel/bumperbot_ws/install/bumperbot_localization/lib/python3.12/site-packages:/home/amoulouel/bumperbot_ws/install/bumperbot_firmware/lib/python3.12/site-packages:/home/amoulouel/bumperbot_ws/install/bumperbot_controller/lib/python3.12/site-packages:/opt/ros/jazzy/lib/python3.12/site-packages /usr/bin/cmake --install /home/amoulouel/bumperbot_ws/build/bumperbot_cpp_examples
[0.180s] -- Install configuration: ""
[0.180s] -- Up-to-date: /home/amoulouel/bumperbot_ws/install/bumperbot_cpp_examples/include/include
[0.180s] -- Up-to-date: /home/amoulouel/bumperbot_ws/install/bumperbot_cpp_examples/include/include/bumperbot_cpp_examples
[0.180s] -- Up-to-date: /home/amoulouel/bumperbot_ws/install/bumperbot_cpp_examples/include/include/bumperbot_cpp_examples/simple_tf_kinematics.hpp
[0.180s] -- Up-to-date: /home/amoulouel/bumperbot_ws/install/bumperbot_cpp_examples/include/include/bumperbot_cpp_examples/simple_turtlesim_kinematics.hpp
[0.180s] -- Up-to-date: /home/amoulouel/bumperbot_ws/install/bumperbot_cpp_examples/lib/bumperbot_cpp_examples/simple_publisher
[0.180s] -- Up-to-date: /home/amoulouel/bumperbot_ws/install/bumperbot_cpp_examples/lib/bumperbot_cpp_examples/simple_subscriber
[0.180s] -- Up-to-date: /home/amoulouel/bumperbot_ws/install/bumperbot_cpp_examples/lib/bumperbot_cpp_examples/simple_parameter
[0.181s] -- Up-to-date: /home/amoulouel/bumperbot_ws/install/bumperbot_cpp_examples/lib/bumperbot_cpp_examples/simple_turtlesim_kinematics
[0.181s] -- Up-to-date: /home/amoulouel/bumperbot_ws/install/bumperbot_cpp_examples/lib/bumperbot_cpp_examples/simple_service_server
[0.181s] -- Up-to-date: /home/amoulouel/bumperbot_ws/install/bumperbot_cpp_examples/lib/bumperbot_cpp_examples/simple_service_client
[0.181s] -- Up-to-date: /home/amoulouel/bumperbot_ws/install/bumperbot_cpp_examples/lib/bumperbot_cpp_examples/simple_tf_kinematics
[0.181s] -- Up-to-date: /home/amoulouel/bumperbot_ws/install/bumperbot_cpp_examples/lib/bumperbot_cpp_examples/simple_lifecycle_node
[0.181s] -- Up-to-date: /home/amoulouel/bumperbot_ws/install/bumperbot_cpp_examples/share/ament_index/resource_index/package_run_dependencies/bumperbot_cpp_examples
[0.181s] -- Up-to-date: /home/amoulouel/bumperbot_ws/install/bumperbot_cpp_examples/share/ament_index/resource_index/parent_prefix_path/bumperbot_cpp_examples
[0.181s] -- Up-to-date: /home/amoulouel/bumperbot_ws/install/bumperbot_cpp_examples/share/bumperbot_cpp_examples/environment/ament_prefix_path.sh
[0.181s] -- Up-to-date: /home/amoulouel/bumperbot_ws/install/bumperbot_cpp_examples/share/bumperbot_cpp_examples/environment/ament_prefix_path.dsv
[0.181s] -- Up-to-date: /home/amoulouel/bumperbot_ws/install/bumperbot_cpp_examples/share/bumperbot_cpp_examples/environment/path.sh
[0.182s] -- Up-to-date: /home/amoulouel/bumperbot_ws/install/bumperbot_cpp_examples/share/bumperbot_cpp_examples/environment/path.dsv
[0.182s] -- Up-to-date: /home/amoulouel/bumperbot_ws/install/bumperbot_cpp_examples/share/bumperbot_cpp_examples/local_setup.bash
[0.182s] -- Up-to-date: /home/amoulouel/bumperbot_ws/install/bumperbot_cpp_examples/share/bumperbot_cpp_examples/local_setup.sh
[0.182s] -- Up-to-date: /home/amoulouel/bumperbot_ws/install/bumperbot_cpp_examples/share/bumperbot_cpp_examples/local_setup.zsh
[0.182s] -- Up-to-date: /home/amoulouel/bumperbot_ws/install/bumperbot_cpp_examples/share/bumperbot_cpp_examples/local_setup.dsv
[0.182s] -- Installing: /home/amoulouel/bumperbot_ws/install/bumperbot_cpp_examples/share/bumperbot_cpp_examples/package.dsv
[0.182s] -- Up-to-date: /home/amoulouel/bumperbot_ws/install/bumperbot_cpp_examples/share/ament_index/resource_index/packages/bumperbot_cpp_examples
[0.182s] -- Up-to-date: /home/amoulouel/bumperbot_ws/install/bumperbot_cpp_examples/share/bumperbot_cpp_examples/cmake/bumperbot_cpp_examplesConfig.cmake
[0.182s] -- Up-to-date: /home/amoulouel/bumperbot_ws/install/bumperbot_cpp_examples/share/bumperbot_cpp_examples/cmake/bumperbot_cpp_examplesConfig-version.cmake
[0.182s] -- Up-to-date: /home/amoulouel/bumperbot_ws/install/bumperbot_cpp_examples/share/bumperbot_cpp_examples/package.xml
[0.183s] Invoked command in '/home/amoulouel/bumperbot_ws/build/bumperbot_cpp_examples' returned '0': CMAKE_PREFIX_PATH=/home/amoulouel/bumperbot_ws/install/bumperbot_msgs:/home/amoulouel/tutorial_bumperbot_ws/install/bumperbot_cpp_examples:/home/amoulouel/bumperbot_ws/install/bumperbot_cpp_examples:/home/amoulouel/bumperbot_ws/install/bumperbot_localization:/home/amoulouel/bumperbot_ws/install/bumperbot_firmware:/home/amoulouel/bumperbot_ws/install/bumperbot_description:/home/amoulouel/bumperbot_ws/install/bumperbot_controller:/home/amoulouel/bumperbot_ws/install/bumperbot_bringup:/opt/ros/jazzy/opt/gz_math_vendor:/opt/ros/jazzy/opt/gz_utils_vendor:/opt/ros/jazzy/opt/gz_cmake_vendor:/home/amoulouel/tutorial_bumperbot_ws/install/bumperbot_py_examples:/home/amoulouel/bumperbot_ws/install/bumperbot_py_examples:/opt/ros/jazzy DEBUGINFOD_URLS=https://debuginfod.ubuntu.com PYTHONPATH=/home/amoulouel/bumperbot_ws/install/bumperbot_msgs/lib/python3.12/site-packages:/home/amoulouel/tutorial_bumperbot_ws/install/bumperbot_py_examples/lib/python3.12/site-packages:/home/amoulouel/bumperbot_ws/install/bumperbot_py_examples/lib/python3.12/site-packages:/home/amoulouel/bumperbot_ws/install/bumperbot_localization/lib/python3.12/site-packages:/home/amoulouel/bumperbot_ws/install/bumperbot_firmware/lib/python3.12/site-packages:/home/amoulouel/bumperbot_ws/install/bumperbot_controller/lib/python3.12/site-packages:/opt/ros/jazzy/lib/python3.12/site-packages /usr/bin/cmake --install /home/amoulouel/bumperbot_ws/build/bumperbot_cpp_examples
