[0.036s] Invoking command in '/home/amoulouel/bumperbot_ws/build/bumperbot_mapping': CMAKE_PREFIX_PATH=${CMAKE_PREFIX_PATH}:/home/amoulouel/bumperbot_ws/install/bumperbot_py_examples:/opt/ros/jazzy DEBUGINFOD_URLS=https://debuginfod.ubuntu.com /usr/bin/cmake --build /home/amoulouel/bumperbot_ws/build/bumperbot_mapping -- -j16 -l16
[0.313s] [  0%] Built target ament_cmake_python_copy_bumperbot_mapping
[0.313s] [ 50%] [32mBuilding CXX object CMakeFiles/mapping_with_known_poses.dir/src/mapping_with_known_poses.cpp.o[0m
[0.638s] running egg_info
[0.673s] writing bumperbot_mapping.egg-info/PKG-INFO
[0.674s] writing dependency_links to bumperbot_mapping.egg-info/dependency_links.txt
[0.675s] writing top-level names to bumperbot_mapping.egg-info/top_level.txt
[0.788s] reading manifest file 'bumperbot_mapping.egg-info/SOURCES.txt'
[0.789s] writing manifest file 'bumperbot_mapping.egg-info/SOURCES.txt'
[0.865s] [ 50%] Built target ament_cmake_python_build_bumperbot_mapping_egg
[11.449s] [100%] [32m[1mLinking CXX executable mapping_with_known_poses[0m
[11.932s] [100%] Built target mapping_with_known_poses
[11.949s] Invoked command in '/home/amoulouel/bumperbot_ws/build/bumperbot_mapping' returned '0': CMAKE_PREFIX_PATH=${CMAKE_PREFIX_PATH}:/home/amoulouel/bumperbot_ws/install/bumperbot_py_examples:/opt/ros/jazzy DEBUGINFOD_URLS=https://debuginfod.ubuntu.com /usr/bin/cmake --build /home/amoulouel/bumperbot_ws/build/bumperbot_mapping -- -j16 -l16
[11.951s] Invoking command in '/home/amoulouel/bumperbot_ws/build/bumperbot_mapping': CMAKE_PREFIX_PATH=${CMAKE_PREFIX_PATH}:/home/amoulouel/bumperbot_ws/install/bumperbot_py_examples:/opt/ros/jazzy DEBUGINFOD_URLS=https://debuginfod.ubuntu.com /usr/bin/cmake --install /home/amoulouel/bumperbot_ws/build/bumperbot_mapping
[11.962s] -- Install configuration: ""
[11.962s] -- Up-to-date: /home/amoulouel/bumperbot_ws/install/bumperbot_mapping/share/bumperbot_mapping/environment/pythonpath.sh
[11.962s] -- Up-to-date: /home/amoulouel/bumperbot_ws/install/bumperbot_mapping/share/bumperbot_mapping/environment/pythonpath.dsv
[11.962s] -- Up-to-date: /home/amoulouel/bumperbot_ws/install/bumperbot_mapping/lib/python3.12/site-packages/bumperbot_mapping-0.0.0-py3.12.egg-info
[11.962s] -- Installing: /home/amoulouel/bumperbot_ws/install/bumperbot_mapping/lib/python3.12/site-packages/bumperbot_mapping-0.0.0-py3.12.egg-info/dependency_links.txt
[11.962s] -- Installing: /home/amoulouel/bumperbot_ws/install/bumperbot_mapping/lib/python3.12/site-packages/bumperbot_mapping-0.0.0-py3.12.egg-info/top_level.txt
[11.962s] -- Installing: /home/amoulouel/bumperbot_ws/install/bumperbot_mapping/lib/python3.12/site-packages/bumperbot_mapping-0.0.0-py3.12.egg-info/PKG-INFO
[11.963s] -- Installing: /home/amoulouel/bumperbot_ws/install/bumperbot_mapping/lib/python3.12/site-packages/bumperbot_mapping-0.0.0-py3.12.egg-info/SOURCES.txt
[11.963s] -- Up-to-date: /home/amoulouel/bumperbot_ws/install/bumperbot_mapping/lib/python3.12/site-packages/bumperbot_mapping
[11.963s] -- Up-to-date: /home/amoulouel/bumperbot_ws/install/bumperbot_mapping/lib/python3.12/site-packages/bumperbot_mapping/__init__.py
[11.963s] -- Up-to-date: /home/amoulouel/bumperbot_ws/install/bumperbot_mapping/lib/python3.12/site-packages/bumperbot_mapping/mapping_with_known_poses.py
[12.006s] Listing '/home/amoulouel/bumperbot_ws/install/bumperbot_mapping/lib/python3.12/site-packages/bumperbot_mapping'...
[12.013s] -- Up-to-date: /home/amoulouel/bumperbot_ws/install/bumperbot_mapping/include/include
[12.013s] -- Up-to-date: /home/amoulouel/bumperbot_ws/install/bumperbot_mapping/include/include/bumperbot_mapping
[12.013s] -- Up-to-date: /home/amoulouel/bumperbot_ws/install/bumperbot_mapping/include/include/bumperbot_mapping/mapping_with_known_poses.hpp
[12.013s] -- Installing: /home/amoulouel/bumperbot_ws/install/bumperbot_mapping/lib/bumperbot_mapping/mapping_with_known_poses
[12.020s] -- Set non-toolchain portion of runtime path of "/home/amoulouel/bumperbot_ws/install/bumperbot_mapping/lib/bumperbot_mapping/mapping_with_known_poses" to ""
[12.020s] -- Up-to-date: /home/amoulouel/bumperbot_ws/install/bumperbot_mapping/lib/bumperbot_mapping/mapping_with_known_poses.py
[12.020s] -- Up-to-date: /home/amoulouel/bumperbot_ws/install/bumperbot_mapping/share/bumperbot_mapping/maps
[12.020s] -- Up-to-date: /home/amoulouel/bumperbot_ws/install/bumperbot_mapping/share/bumperbot_mapping/maps/small_house
[12.020s] -- Up-to-date: /home/amoulouel/bumperbot_ws/install/bumperbot_mapping/share/bumperbot_mapping/maps/small_house/map.yaml
[12.020s] -- Up-to-date: /home/amoulouel/bumperbot_ws/install/bumperbot_mapping/share/bumperbot_mapping/maps/small_house/map.pgm
[12.020s] -- Up-to-date: /home/amoulouel/bumperbot_ws/install/bumperbot_mapping/share/ament_index/resource_index/package_run_dependencies/bumperbot_mapping
[12.021s] -- Up-to-date: /home/amoulouel/bumperbot_ws/install/bumperbot_mapping/share/ament_index/resource_index/parent_prefix_path/bumperbot_mapping
[12.021s] -- Up-to-date: /home/amoulouel/bumperbot_ws/install/bumperbot_mapping/share/bumperbot_mapping/environment/ament_prefix_path.sh
[12.021s] -- Up-to-date: /home/amoulouel/bumperbot_ws/install/bumperbot_mapping/share/bumperbot_mapping/environment/ament_prefix_path.dsv
[12.021s] -- Up-to-date: /home/amoulouel/bumperbot_ws/install/bumperbot_mapping/share/bumperbot_mapping/environment/path.sh
[12.021s] -- Up-to-date: /home/amoulouel/bumperbot_ws/install/bumperbot_mapping/share/bumperbot_mapping/environment/path.dsv
[12.021s] -- Up-to-date: /home/amoulouel/bumperbot_ws/install/bumperbot_mapping/share/bumperbot_mapping/local_setup.bash
[12.021s] -- Up-to-date: /home/amoulouel/bumperbot_ws/install/bumperbot_mapping/share/bumperbot_mapping/local_setup.sh
[12.021s] -- Up-to-date: /home/amoulouel/bumperbot_ws/install/bumperbot_mapping/share/bumperbot_mapping/local_setup.zsh
[12.021s] -- Up-to-date: /home/amoulouel/bumperbot_ws/install/bumperbot_mapping/share/bumperbot_mapping/local_setup.dsv
[12.021s] -- Installing: /home/amoulouel/bumperbot_ws/install/bumperbot_mapping/share/bumperbot_mapping/package.dsv
[12.021s] -- Up-to-date: /home/amoulouel/bumperbot_ws/install/bumperbot_mapping/share/ament_index/resource_index/packages/bumperbot_mapping
[12.021s] -- Up-to-date: /home/amoulouel/bumperbot_ws/install/bumperbot_mapping/share/bumperbot_mapping/cmake/bumperbot_mappingConfig.cmake
[12.021s] -- Up-to-date: /home/amoulouel/bumperbot_ws/install/bumperbot_mapping/share/bumperbot_mapping/cmake/bumperbot_mappingConfig-version.cmake
[12.021s] -- Up-to-date: /home/amoulouel/bumperbot_ws/install/bumperbot_mapping/share/bumperbot_mapping/package.xml
[12.024s] Invoked command in '/home/amoulouel/bumperbot_ws/build/bumperbot_mapping' returned '0': CMAKE_PREFIX_PATH=${CMAKE_PREFIX_PATH}:/home/amoulouel/bumperbot_ws/install/bumperbot_py_examples:/opt/ros/jazzy DEBUGINFOD_URLS=https://debuginfod.ubuntu.com /usr/bin/cmake --install /home/amoulouel/bumperbot_ws/build/bumperbot_mapping
