[0.022s] Invoking command in '/home/amoulouel/bumperbot_ws/build/bumperbot_msgs': CMAKE_PREFIX_PATH=${CMAKE_PREFIX_PATH}:/opt/ros/jazzy DEBUGINFOD_URLS=https://debuginfod.ubuntu.com /usr/bin/cmake --build /home/amoulouel/bumperbot_ws/build/bumperbot_msgs -- -j16 -l16
[0.074s] -- Found ament_cmake: 2.5.3 (/opt/ros/jazzy/share/ament_cmake/cmake)
[0.157s] -- Found Python3: /usr/bin/python3 (found version "3.12.3") found components: Interpreter 
[0.224s] -- Found geometry_msgs: 5.3.5 (/opt/ros/jazzy/share/geometry_msgs/cmake)
[0.272s] -- Found rosidl_generator_c: 4.6.5 (/opt/ros/jazzy/share/rosidl_generator_c/cmake)
[0.289s] -- Found rosidl_generator_cpp: 4.6.5 (/opt/ros/jazzy/share/rosidl_generator_cpp/cmake)
[0.311s] -- Using all available rosidl_typesupport_c: rosidl_typesupport_fastrtps_c;rosidl_typesupport_introspection_c
[0.334s] -- Using all available rosidl_typesupport_cpp: rosidl_typesupport_fastrtps_cpp;rosidl_typesupport_introspection_cpp
[0.401s] -- Found rosidl_default_generators: 1.6.0 (/opt/ros/jazzy/share/rosidl_default_generators/cmake)
[0.415s] -- Found rosidl_adapter: 4.6.5 (/opt/ros/jazzy/share/rosidl_adapter/cmake)
[0.716s] -- Found ament_cmake_ros: 0.12.0 (/opt/ros/jazzy/share/ament_cmake_ros/cmake)
[0.944s] -- Using all available rosidl_typesupport_c: rosidl_typesupport_fastrtps_c;rosidl_typesupport_introspection_c
[1.029s] -- Using all available rosidl_typesupport_cpp: rosidl_typesupport_fastrtps_cpp;rosidl_typesupport_introspection_cpp
[1.030s] -- Found python_cmake_module: 0.11.1 (/opt/ros/jazzy/share/python_cmake_module/cmake)
[1.275s] -- Found Python3: /usr/bin/python3 (found version "3.12.3") found components: Interpreter Development NumPy Development.Module Development.Embed 
[1.308s] -- Configuring done (1.2s)
[1.346s] -- Generating done (0.0s)
[1.357s] -- Build files have been written to: /home/amoulouel/bumperbot_ws/build/bumperbot_msgs
[1.384s] [  1%] [34m[1mGenerating type hashes for ROS interfaces[0m
[1.389s] [  1%] Built target ament_cmake_python_copy_bumperbot_msgs
[1.555s] running egg_info
[1.569s] writing bumperbot_msgs.egg-info/PKG-INFO
[1.569s] writing dependency_links to bumperbot_msgs.egg-info/dependency_links.txt
[1.569s] writing top-level names to bumperbot_msgs.egg-info/top_level.txt
[1.592s] [  1%] Built target bumperbot_msgs__rosidl_generator_type_description
[1.599s] [  3%] [34m[1mGenerating C code for ROS interfaces[0m
[1.606s] [  5%] [34m[1mGenerating C++ code for ROS interfaces[0m
[1.611s] reading manifest file 'bumperbot_msgs.egg-info/SOURCES.txt'
[1.612s] writing manifest file 'bumperbot_msgs.egg-info/SOURCES.txt'
[1.633s] [  5%] Built target ament_cmake_python_build_bumperbot_msgs_egg
[2.091s] [  5%] Built target bumperbot_msgs__cpp
[2.158s] [ 11%] [32mBuilding C object CMakeFiles/bumperbot_msgs__rosidl_generator_c.dir/rosidl_generator_c/bumperbot_msgs/srv/detail/add_two_ints__description.c.o[0m
[2.159s] [ 11%] [32mBuilding C object CMakeFiles/bumperbot_msgs__rosidl_generator_c.dir/rosidl_generator_c/bumperbot_msgs/action/detail/fibonacci__description.c.o[0m
[2.159s] [ 11%] [32mBuilding C object CMakeFiles/bumperbot_msgs__rosidl_generator_c.dir/rosidl_generator_c/bumperbot_msgs/action/detail/fibonacci__type_support.c.o[0m
[2.159s] [ 12%] [32mBuilding C object CMakeFiles/bumperbot_msgs__rosidl_generator_c.dir/rosidl_generator_c/bumperbot_msgs/srv/detail/get_transform__type_support.c.o[0m
[2.160s] [ 14%] [32mBuilding C object CMakeFiles/bumperbot_msgs__rosidl_generator_c.dir/rosidl_generator_c/bumperbot_msgs/action/detail/fibonacci__functions.c.o[0m
[2.160s] [ 16%] [32mBuilding C object CMakeFiles/bumperbot_msgs__rosidl_generator_c.dir/rosidl_generator_c/bumperbot_msgs/srv/detail/add_two_ints__functions.c.o[0m
[2.161s] [ 20%] [32mBuilding C object CMakeFiles/bumperbot_msgs__rosidl_generator_c.dir/rosidl_generator_c/bumperbot_msgs/srv/detail/get_transform__description.c.o[0m
[2.161s] [ 20%] [32mBuilding C object CMakeFiles/bumperbot_msgs__rosidl_generator_c.dir/rosidl_generator_c/bumperbot_msgs/srv/detail/add_two_ints__type_support.c.o[0m
[2.161s] [ 22%] [32mBuilding C object CMakeFiles/bumperbot_msgs__rosidl_generator_c.dir/rosidl_generator_c/bumperbot_msgs/srv/detail/get_transform__functions.c.o[0m
[2.330s] [ 24%] [32m[1mLinking C shared library libbumperbot_msgs__rosidl_generator_c.so[0m
[2.374s] [ 24%] Built target bumperbot_msgs__rosidl_generator_c
[2.384s] [ 29%] [34m[1mGenerating C type support for eProsima Fast-RTPS[0m
[2.384s] [ 29%] [34m[1mGenerating C++ type support for eProsima Fast-RTPS[0m
[2.384s] [ 29%] [34m[1mGenerating C introspection for ROS interfaces[0m
[2.384s] [ 31%] [34m[1mGenerating C++ introspection for ROS interfaces[0m
[2.386s] [ 33%] [34m[1mGenerating C++ type support dispatch for ROS interfaces[0m
[2.387s] [ 35%] [34m[1mGenerating C type support dispatch for ROS interfaces[0m
[2.841s] [ 37%] [32mBuilding CXX object CMakeFiles/bumperbot_msgs__rosidl_typesupport_c.dir/rosidl_typesupport_c/bumperbot_msgs/action/fibonacci__type_support.cpp.o[0m
[2.841s] [ 40%] [32mBuilding CXX object CMakeFiles/bumperbot_msgs__rosidl_typesupport_c.dir/rosidl_typesupport_c/bumperbot_msgs/srv/add_two_ints__type_support.cpp.o[0m
[2.842s] [ 40%] [32mBuilding CXX object CMakeFiles/bumperbot_msgs__rosidl_typesupport_c.dir/rosidl_typesupport_c/bumperbot_msgs/srv/get_transform__type_support.cpp.o[0m
[2.851s] [ 42%] [32mBuilding CXX object CMakeFiles/bumperbot_msgs__rosidl_typesupport_cpp.dir/rosidl_typesupport_cpp/bumperbot_msgs/srv/add_two_ints__type_support.cpp.o[0m
[2.852s] [ 44%] [32mBuilding CXX object CMakeFiles/bumperbot_msgs__rosidl_typesupport_cpp.dir/rosidl_typesupport_cpp/bumperbot_msgs/action/fibonacci__type_support.cpp.o[0m
[2.854s] [ 46%] [32mBuilding CXX object CMakeFiles/bumperbot_msgs__rosidl_typesupport_cpp.dir/rosidl_typesupport_cpp/bumperbot_msgs/srv/get_transform__type_support.cpp.o[0m
[2.942s] [ 48%] [32m[1mLinking CXX shared library libbumperbot_msgs__rosidl_typesupport_c.so[0m
[2.952s] [ 50%] [32mBuilding CXX object CMakeFiles/bumperbot_msgs__rosidl_typesupport_introspection_cpp.dir/rosidl_typesupport_introspection_cpp/bumperbot_msgs/action/detail/fibonacci__type_support.cpp.o[0m
[2.952s] [ 51%] [32mBuilding CXX object CMakeFiles/bumperbot_msgs__rosidl_typesupport_introspection_cpp.dir/rosidl_typesupport_introspection_cpp/bumperbot_msgs/srv/detail/add_two_ints__type_support.cpp.o[0m
[2.953s] [ 53%] [32mBuilding CXX object CMakeFiles/bumperbot_msgs__rosidl_typesupport_introspection_cpp.dir/rosidl_typesupport_introspection_cpp/bumperbot_msgs/srv/detail/get_transform__type_support.cpp.o[0m
[3.010s] [ 53%] Built target bumperbot_msgs__rosidl_typesupport_c
[3.049s] [ 55%] [32mBuilding C object CMakeFiles/bumperbot_msgs__rosidl_typesupport_introspection_c.dir/rosidl_typesupport_introspection_c/bumperbot_msgs/srv/detail/get_transform__type_support.c.o[0m
[3.050s] [ 59%] [32mBuilding C object CMakeFiles/bumperbot_msgs__rosidl_typesupport_introspection_c.dir/rosidl_typesupport_introspection_c/bumperbot_msgs/srv/detail/add_two_ints__type_support.c.o[0m
[3.050s] [ 59%] [32mBuilding C object CMakeFiles/bumperbot_msgs__rosidl_typesupport_introspection_c.dir/rosidl_typesupport_introspection_c/bumperbot_msgs/action/detail/fibonacci__type_support.c.o[0m
[3.127s] [ 61%] [32m[1mLinking C shared library libbumperbot_msgs__rosidl_typesupport_introspection_c.so[0m
[3.164s] [ 61%] Built target bumperbot_msgs__rosidl_typesupport_introspection_c
[3.273s] [ 62%] [32mBuilding CXX object CMakeFiles/bumperbot_msgs__rosidl_typesupport_fastrtps_c.dir/rosidl_typesupport_fastrtps_c/bumperbot_msgs/action/detail/fibonacci__type_support_c.cpp.o[0m
[3.273s] [ 64%] [32mBuilding CXX object CMakeFiles/bumperbot_msgs__rosidl_typesupport_fastrtps_c.dir/rosidl_typesupport_fastrtps_c/bumperbot_msgs/srv/detail/add_two_ints__type_support_c.cpp.o[0m
[3.274s] [ 66%] [32mBuilding CXX object CMakeFiles/bumperbot_msgs__rosidl_typesupport_fastrtps_c.dir/rosidl_typesupport_fastrtps_c/bumperbot_msgs/srv/detail/get_transform__type_support_c.cpp.o[0m
[3.430s] [ 68%] [32mBuilding CXX object CMakeFiles/bumperbot_msgs__rosidl_typesupport_fastrtps_cpp.dir/rosidl_typesupport_fastrtps_cpp/bumperbot_msgs/srv/detail/dds_fastrtps/add_two_ints__type_support.cpp.o[0m
[3.430s] [ 70%] [32mBuilding CXX object CMakeFiles/bumperbot_msgs__rosidl_typesupport_fastrtps_cpp.dir/rosidl_typesupport_fastrtps_cpp/bumperbot_msgs/action/detail/dds_fastrtps/fibonacci__type_support.cpp.o[0m
[3.432s] [ 72%] [32mBuilding CXX object CMakeFiles/bumperbot_msgs__rosidl_typesupport_fastrtps_cpp.dir/rosidl_typesupport_fastrtps_cpp/bumperbot_msgs/srv/detail/dds_fastrtps/get_transform__type_support.cpp.o[0m
[3.725s] [ 74%] [32m[1mLinking CXX shared library libbumperbot_msgs__rosidl_typesupport_cpp.so[0m
[3.760s] [ 75%] [32m[1mLinking CXX shared library libbumperbot_msgs__rosidl_typesupport_introspection_cpp.so[0m
[3.799s] [ 75%] Built target bumperbot_msgs__rosidl_typesupport_cpp
[3.834s] [ 75%] Built target bumperbot_msgs__rosidl_typesupport_introspection_cpp
[3.899s] [ 77%] [32m[1mLinking CXX shared library libbumperbot_msgs__rosidl_typesupport_fastrtps_c.so[0m
[3.962s] [ 77%] Built target bumperbot_msgs__rosidl_typesupport_fastrtps_c
[4.360s] [ 79%] [32m[1mLinking CXX shared library libbumperbot_msgs__rosidl_typesupport_fastrtps_cpp.so[0m
[4.416s] [ 79%] Built target bumperbot_msgs__rosidl_typesupport_fastrtps_cpp
[4.431s] [ 79%] Built target bumperbot_msgs
[4.445s] [ 81%] [34m[1mGenerating Python code for ROS interfaces[0m
[5.260s] [ 81%] Built target bumperbot_msgs__py
[5.276s] [ 83%] [32mBuilding C object CMakeFiles/bumperbot_msgs__rosidl_generator_py.dir/rosidl_generator_py/bumperbot_msgs/action/_fibonacci_s.c.o[0m
[5.277s] [ 87%] [32mBuilding C object CMakeFiles/bumperbot_msgs__rosidl_generator_py.dir/rosidl_generator_py/bumperbot_msgs/srv/_get_transform_s.c.o[0m
[5.277s] [ 87%] [32mBuilding C object CMakeFiles/bumperbot_msgs__rosidl_generator_py.dir/rosidl_generator_py/bumperbot_msgs/srv/_add_two_ints_s.c.o[0m
[5.458s] [ 88%] [32m[1mLinking C shared library libbumperbot_msgs__rosidl_generator_py.so[0m
[5.497s] [ 88%] Built target bumperbot_msgs__rosidl_generator_py
[5.514s] [ 90%] [32mBuilding C object CMakeFiles/bumperbot_msgs_s__rosidl_typesupport_fastrtps_c.dir/rosidl_generator_py/bumperbot_msgs/_bumperbot_msgs_s.ep.rosidl_typesupport_fastrtps_c.c.o[0m
[5.516s] [ 94%] [32mBuilding C object CMakeFiles/bumperbot_msgs_s__rosidl_typesupport_introspection_c.dir/rosidl_generator_py/bumperbot_msgs/_bumperbot_msgs_s.ep.rosidl_typesupport_introspection_c.c.o[0m
[5.516s] [ 94%] [32mBuilding C object CMakeFiles/bumperbot_msgs_s__rosidl_typesupport_c.dir/rosidl_generator_py/bumperbot_msgs/_bumperbot_msgs_s.ep.rosidl_typesupport_c.c.o[0m
[5.635s] [ 96%] [32m[1mLinking C shared module rosidl_generator_py/bumperbot_msgs/bumperbot_msgs_s__rosidl_typesupport_introspection_c.so[0m
[5.636s] [ 98%] [32m[1mLinking C shared module rosidl_generator_py/bumperbot_msgs/bumperbot_msgs_s__rosidl_typesupport_c.so[0m
[5.638s] [100%] [32m[1mLinking C shared module rosidl_generator_py/bumperbot_msgs/bumperbot_msgs_s__rosidl_typesupport_fastrtps_c.so[0m
[5.665s] [100%] Built target bumperbot_msgs_s__rosidl_typesupport_introspection_c
[5.665s] [100%] Built target bumperbot_msgs_s__rosidl_typesupport_c
[5.673s] [100%] Built target bumperbot_msgs_s__rosidl_typesupport_fastrtps_c
[5.685s] Invoked command in '/home/amoulouel/bumperbot_ws/build/bumperbot_msgs' returned '0': CMAKE_PREFIX_PATH=${CMAKE_PREFIX_PATH}:/opt/ros/jazzy DEBUGINFOD_URLS=https://debuginfod.ubuntu.com /usr/bin/cmake --build /home/amoulouel/bumperbot_ws/build/bumperbot_msgs -- -j16 -l16
[5.687s] Invoking command in '/home/amoulouel/bumperbot_ws/build/bumperbot_msgs': CMAKE_PREFIX_PATH=${CMAKE_PREFIX_PATH}:/opt/ros/jazzy DEBUGINFOD_URLS=https://debuginfod.ubuntu.com /usr/bin/cmake --install /home/amoulouel/bumperbot_ws/build/bumperbot_msgs
[5.695s] -- Install configuration: ""
[5.695s] -- Installing: /home/amoulouel/bumperbot_ws/install/bumperbot_msgs/share/ament_index/resource_index/rosidl_interfaces/bumperbot_msgs
[5.695s] -- Installing: /home/amoulouel/bumperbot_ws/install/bumperbot_msgs/share/bumperbot_msgs/action/Fibonacci.json
[5.696s] -- Installing: /home/amoulouel/bumperbot_ws/install/bumperbot_msgs/share/bumperbot_msgs/srv/AddTwoInts.json
[5.696s] -- Installing: /home/amoulouel/bumperbot_ws/install/bumperbot_msgs/share/bumperbot_msgs/srv/GetTransform.json
[5.696s] -- Up-to-date: /home/amoulouel/bumperbot_ws/install/bumperbot_msgs/include/bumperbot_msgs/bumperbot_msgs
[5.696s] -- Up-to-date: /home/amoulouel/bumperbot_ws/install/bumperbot_msgs/include/bumperbot_msgs/bumperbot_msgs/srv
[5.696s] -- Up-to-date: /home/amoulouel/bumperbot_ws/install/bumperbot_msgs/include/bumperbot_msgs/bumperbot_msgs/srv/detail
[5.697s] -- Installing: /home/amoulouel/bumperbot_ws/install/bumperbot_msgs/include/bumperbot_msgs/bumperbot_msgs/srv/detail/get_transform__functions.h
[5.697s] -- Installing: /home/amoulouel/bumperbot_ws/install/bumperbot_msgs/include/bumperbot_msgs/bumperbot_msgs/srv/detail/add_two_ints__type_support.c
[5.697s] -- Installing: /home/amoulouel/bumperbot_ws/install/bumperbot_msgs/include/bumperbot_msgs/bumperbot_msgs/srv/detail/add_two_ints__type_support.h
[5.697s] -- Installing: /home/amoulouel/bumperbot_ws/install/bumperbot_msgs/include/bumperbot_msgs/bumperbot_msgs/srv/detail/get_transform__struct.h
[5.697s] -- Installing: /home/amoulouel/bumperbot_ws/install/bumperbot_msgs/include/bumperbot_msgs/bumperbot_msgs/srv/detail/add_two_ints__functions.c
[5.697s] -- Installing: /home/amoulouel/bumperbot_ws/install/bumperbot_msgs/include/bumperbot_msgs/bumperbot_msgs/srv/detail/add_two_ints__functions.h
[5.697s] -- Installing: /home/amoulouel/bumperbot_ws/install/bumperbot_msgs/include/bumperbot_msgs/bumperbot_msgs/srv/detail/add_two_ints__description.c
[5.698s] -- Installing: /home/amoulouel/bumperbot_ws/install/bumperbot_msgs/include/bumperbot_msgs/bumperbot_msgs/srv/detail/get_transform__description.c
[5.698s] -- Installing: /home/amoulouel/bumperbot_ws/install/bumperbot_msgs/include/bumperbot_msgs/bumperbot_msgs/srv/detail/get_transform__type_support.h
[5.698s] -- Installing: /home/amoulouel/bumperbot_ws/install/bumperbot_msgs/include/bumperbot_msgs/bumperbot_msgs/srv/detail/get_transform__type_support.c
[5.698s] -- Installing: /home/amoulouel/bumperbot_ws/install/bumperbot_msgs/include/bumperbot_msgs/bumperbot_msgs/srv/detail/get_transform__functions.c
[5.698s] -- Installing: /home/amoulouel/bumperbot_ws/install/bumperbot_msgs/include/bumperbot_msgs/bumperbot_msgs/srv/detail/add_two_ints__struct.h
[5.698s] -- Installing: /home/amoulouel/bumperbot_ws/install/bumperbot_msgs/include/bumperbot_msgs/bumperbot_msgs/srv/add_two_ints.h
[5.698s] -- Installing: /home/amoulouel/bumperbot_ws/install/bumperbot_msgs/include/bumperbot_msgs/bumperbot_msgs/srv/get_transform.h
[5.698s] -- Installing: /home/amoulouel/bumperbot_ws/install/bumperbot_msgs/include/bumperbot_msgs/bumperbot_msgs/action
[5.698s] -- Installing: /home/amoulouel/bumperbot_ws/install/bumperbot_msgs/include/bumperbot_msgs/bumperbot_msgs/action/detail
[5.699s] -- Installing: /home/amoulouel/bumperbot_ws/install/bumperbot_msgs/include/bumperbot_msgs/bumperbot_msgs/action/detail/fibonacci__struct.h
[5.699s] -- Installing: /home/amoulouel/bumperbot_ws/install/bumperbot_msgs/include/bumperbot_msgs/bumperbot_msgs/action/detail/fibonacci__type_support.c
[5.699s] -- Installing: /home/amoulouel/bumperbot_ws/install/bumperbot_msgs/include/bumperbot_msgs/bumperbot_msgs/action/detail/fibonacci__type_support.h
[5.699s] -- Installing: /home/amoulouel/bumperbot_ws/install/bumperbot_msgs/include/bumperbot_msgs/bumperbot_msgs/action/detail/fibonacci__description.c
[5.699s] -- Installing: /home/amoulouel/bumperbot_ws/install/bumperbot_msgs/include/bumperbot_msgs/bumperbot_msgs/action/detail/fibonacci__functions.h
[5.700s] -- Installing: /home/amoulouel/bumperbot_ws/install/bumperbot_msgs/include/bumperbot_msgs/bumperbot_msgs/action/detail/fibonacci__functions.c
[5.700s] -- Installing: /home/amoulouel/bumperbot_ws/install/bumperbot_msgs/include/bumperbot_msgs/bumperbot_msgs/action/fibonacci.h
[5.700s] -- Up-to-date: /home/amoulouel/bumperbot_ws/install/bumperbot_msgs/include/bumperbot_msgs/bumperbot_msgs/msg
[5.700s] -- Up-to-date: /home/amoulouel/bumperbot_ws/install/bumperbot_msgs/include/bumperbot_msgs/bumperbot_msgs/msg/rosidl_generator_c__visibility_control.h
[5.700s] -- Up-to-date: /home/amoulouel/bumperbot_ws/install/bumperbot_msgs/share/bumperbot_msgs/environment/library_path.sh
[5.701s] -- Up-to-date: /home/amoulouel/bumperbot_ws/install/bumperbot_msgs/share/bumperbot_msgs/environment/library_path.dsv
[5.701s] -- Installing: /home/amoulouel/bumperbot_ws/install/bumperbot_msgs/lib/libbumperbot_msgs__rosidl_generator_c.so
[5.701s] -- Set non-toolchain portion of runtime path of "/home/amoulouel/bumperbot_ws/install/bumperbot_msgs/lib/libbumperbot_msgs__rosidl_generator_c.so" to ""
[5.701s] -- Up-to-date: /home/amoulouel/bumperbot_ws/install/bumperbot_msgs/include/bumperbot_msgs/bumperbot_msgs
[5.701s] -- Up-to-date: /home/amoulouel/bumperbot_ws/install/bumperbot_msgs/include/bumperbot_msgs/bumperbot_msgs/srv
[5.701s] -- Up-to-date: /home/amoulouel/bumperbot_ws/install/bumperbot_msgs/include/bumperbot_msgs/bumperbot_msgs/srv/detail
[5.701s] -- Installing: /home/amoulouel/bumperbot_ws/install/bumperbot_msgs/include/bumperbot_msgs/bumperbot_msgs/srv/detail/get_transform__rosidl_typesupport_fastrtps_c.h
[5.702s] -- Installing: /home/amoulouel/bumperbot_ws/install/bumperbot_msgs/include/bumperbot_msgs/bumperbot_msgs/srv/detail/add_two_ints__rosidl_typesupport_fastrtps_c.h
[5.702s] -- Up-to-date: /home/amoulouel/bumperbot_ws/install/bumperbot_msgs/include/bumperbot_msgs/bumperbot_msgs/action
[5.702s] -- Up-to-date: /home/amoulouel/bumperbot_ws/install/bumperbot_msgs/include/bumperbot_msgs/bumperbot_msgs/action/detail
[5.702s] -- Installing: /home/amoulouel/bumperbot_ws/install/bumperbot_msgs/include/bumperbot_msgs/bumperbot_msgs/action/detail/fibonacci__rosidl_typesupport_fastrtps_c.h
[5.702s] -- Up-to-date: /home/amoulouel/bumperbot_ws/install/bumperbot_msgs/include/bumperbot_msgs/bumperbot_msgs/msg
[5.702s] -- Up-to-date: /home/amoulouel/bumperbot_ws/install/bumperbot_msgs/include/bumperbot_msgs/bumperbot_msgs/msg/rosidl_typesupport_fastrtps_c__visibility_control.h
[5.703s] -- Installing: /home/amoulouel/bumperbot_ws/install/bumperbot_msgs/lib/libbumperbot_msgs__rosidl_typesupport_fastrtps_c.so
[5.703s] -- Set non-toolchain portion of runtime path of "/home/amoulouel/bumperbot_ws/install/bumperbot_msgs/lib/libbumperbot_msgs__rosidl_typesupport_fastrtps_c.so" to ""
[5.703s] -- Up-to-date: /home/amoulouel/bumperbot_ws/install/bumperbot_msgs/include/bumperbot_msgs/bumperbot_msgs
[5.703s] -- Up-to-date: /home/amoulouel/bumperbot_ws/install/bumperbot_msgs/include/bumperbot_msgs/bumperbot_msgs/srv
[5.703s] -- Up-to-date: /home/amoulouel/bumperbot_ws/install/bumperbot_msgs/include/bumperbot_msgs/bumperbot_msgs/srv/detail
[5.703s] -- Installing: /home/amoulouel/bumperbot_ws/install/bumperbot_msgs/include/bumperbot_msgs/bumperbot_msgs/srv/detail/add_two_ints__type_support.hpp
[5.703s] -- Installing: /home/amoulouel/bumperbot_ws/install/bumperbot_msgs/include/bumperbot_msgs/bumperbot_msgs/srv/detail/get_transform__struct.hpp
[5.704s] -- Installing: /home/amoulouel/bumperbot_ws/install/bumperbot_msgs/include/bumperbot_msgs/bumperbot_msgs/srv/detail/get_transform__traits.hpp
[5.704s] -- Installing: /home/amoulouel/bumperbot_ws/install/bumperbot_msgs/include/bumperbot_msgs/bumperbot_msgs/srv/detail/add_two_ints__traits.hpp
[5.704s] -- Installing: /home/amoulouel/bumperbot_ws/install/bumperbot_msgs/include/bumperbot_msgs/bumperbot_msgs/srv/detail/add_two_ints__struct.hpp
[5.704s] -- Installing: /home/amoulouel/bumperbot_ws/install/bumperbot_msgs/include/bumperbot_msgs/bumperbot_msgs/srv/detail/get_transform__builder.hpp
[5.704s] -- Installing: /home/amoulouel/bumperbot_ws/install/bumperbot_msgs/include/bumperbot_msgs/bumperbot_msgs/srv/detail/add_two_ints__builder.hpp
[5.704s] -- Installing: /home/amoulouel/bumperbot_ws/install/bumperbot_msgs/include/bumperbot_msgs/bumperbot_msgs/srv/detail/get_transform__type_support.hpp
[5.704s] -- Installing: /home/amoulouel/bumperbot_ws/install/bumperbot_msgs/include/bumperbot_msgs/bumperbot_msgs/srv/add_two_ints.hpp
[5.704s] -- Installing: /home/amoulouel/bumperbot_ws/install/bumperbot_msgs/include/bumperbot_msgs/bumperbot_msgs/srv/get_transform.hpp
[5.704s] -- Up-to-date: /home/amoulouel/bumperbot_ws/install/bumperbot_msgs/include/bumperbot_msgs/bumperbot_msgs/action
[5.704s] -- Up-to-date: /home/amoulouel/bumperbot_ws/install/bumperbot_msgs/include/bumperbot_msgs/bumperbot_msgs/action/detail
[5.705s] -- Installing: /home/amoulouel/bumperbot_ws/install/bumperbot_msgs/include/bumperbot_msgs/bumperbot_msgs/action/detail/fibonacci__type_support.hpp
[5.705s] -- Installing: /home/amoulouel/bumperbot_ws/install/bumperbot_msgs/include/bumperbot_msgs/bumperbot_msgs/action/detail/fibonacci__builder.hpp
[5.705s] -- Installing: /home/amoulouel/bumperbot_ws/install/bumperbot_msgs/include/bumperbot_msgs/bumperbot_msgs/action/detail/fibonacci__struct.hpp
[5.705s] -- Installing: /home/amoulouel/bumperbot_ws/install/bumperbot_msgs/include/bumperbot_msgs/bumperbot_msgs/action/detail/fibonacci__traits.hpp
[5.705s] -- Installing: /home/amoulouel/bumperbot_ws/install/bumperbot_msgs/include/bumperbot_msgs/bumperbot_msgs/action/fibonacci.hpp
[5.705s] -- Up-to-date: /home/amoulouel/bumperbot_ws/install/bumperbot_msgs/include/bumperbot_msgs/bumperbot_msgs/msg
[5.705s] -- Installing: /home/amoulouel/bumperbot_ws/install/bumperbot_msgs/include/bumperbot_msgs/bumperbot_msgs/msg/rosidl_generator_cpp__visibility_control.hpp
[5.706s] -- Up-to-date: /home/amoulouel/bumperbot_ws/install/bumperbot_msgs/include/bumperbot_msgs/bumperbot_msgs
[5.706s] -- Up-to-date: /home/amoulouel/bumperbot_ws/install/bumperbot_msgs/include/bumperbot_msgs/bumperbot_msgs/srv
[5.706s] -- Up-to-date: /home/amoulouel/bumperbot_ws/install/bumperbot_msgs/include/bumperbot_msgs/bumperbot_msgs/srv/detail
[5.706s] -- Installing: /home/amoulouel/bumperbot_ws/install/bumperbot_msgs/include/bumperbot_msgs/bumperbot_msgs/srv/detail/get_transform__rosidl_typesupport_fastrtps_cpp.hpp
[5.706s] -- Installing: /home/amoulouel/bumperbot_ws/install/bumperbot_msgs/include/bumperbot_msgs/bumperbot_msgs/srv/detail/add_two_ints__rosidl_typesupport_fastrtps_cpp.hpp
[5.706s] -- Up-to-date: /home/amoulouel/bumperbot_ws/install/bumperbot_msgs/include/bumperbot_msgs/bumperbot_msgs/srv/detail/dds_fastrtps
[5.707s] -- Up-to-date: /home/amoulouel/bumperbot_ws/install/bumperbot_msgs/include/bumperbot_msgs/bumperbot_msgs/action
[5.707s] -- Up-to-date: /home/amoulouel/bumperbot_ws/install/bumperbot_msgs/include/bumperbot_msgs/bumperbot_msgs/action/detail
[5.707s] -- Installing: /home/amoulouel/bumperbot_ws/install/bumperbot_msgs/include/bumperbot_msgs/bumperbot_msgs/action/detail/fibonacci__rosidl_typesupport_fastrtps_cpp.hpp
[5.707s] -- Installing: /home/amoulouel/bumperbot_ws/install/bumperbot_msgs/include/bumperbot_msgs/bumperbot_msgs/action/detail/dds_fastrtps
[5.707s] -- Up-to-date: /home/amoulouel/bumperbot_ws/install/bumperbot_msgs/include/bumperbot_msgs/bumperbot_msgs/msg
[5.707s] -- Up-to-date: /home/amoulouel/bumperbot_ws/install/bumperbot_msgs/include/bumperbot_msgs/bumperbot_msgs/msg/rosidl_typesupport_fastrtps_cpp__visibility_control.h
[5.707s] -- Installing: /home/amoulouel/bumperbot_ws/install/bumperbot_msgs/lib/libbumperbot_msgs__rosidl_typesupport_fastrtps_cpp.so
[5.707s] -- Set non-toolchain portion of runtime path of "/home/amoulouel/bumperbot_ws/install/bumperbot_msgs/lib/libbumperbot_msgs__rosidl_typesupport_fastrtps_cpp.so" to ""
[5.708s] -- Up-to-date: /home/amoulouel/bumperbot_ws/install/bumperbot_msgs/include/bumperbot_msgs/bumperbot_msgs
[5.708s] -- Up-to-date: /home/amoulouel/bumperbot_ws/install/bumperbot_msgs/include/bumperbot_msgs/bumperbot_msgs/srv
[5.708s] -- Up-to-date: /home/amoulouel/bumperbot_ws/install/bumperbot_msgs/include/bumperbot_msgs/bumperbot_msgs/srv/detail
[5.708s] -- Installing: /home/amoulouel/bumperbot_ws/install/bumperbot_msgs/include/bumperbot_msgs/bumperbot_msgs/srv/detail/get_transform__rosidl_typesupport_introspection_c.h
[5.708s] -- Installing: /home/amoulouel/bumperbot_ws/install/bumperbot_msgs/include/bumperbot_msgs/bumperbot_msgs/srv/detail/add_two_ints__type_support.c
[5.708s] -- Installing: /home/amoulouel/bumperbot_ws/install/bumperbot_msgs/include/bumperbot_msgs/bumperbot_msgs/srv/detail/add_two_ints__rosidl_typesupport_introspection_c.h
[5.708s] -- Installing: /home/amoulouel/bumperbot_ws/install/bumperbot_msgs/include/bumperbot_msgs/bumperbot_msgs/srv/detail/get_transform__type_support.c
[5.708s] -- Up-to-date: /home/amoulouel/bumperbot_ws/install/bumperbot_msgs/include/bumperbot_msgs/bumperbot_msgs/action
[5.708s] -- Up-to-date: /home/amoulouel/bumperbot_ws/install/bumperbot_msgs/include/bumperbot_msgs/bumperbot_msgs/action/detail
[5.708s] -- Installing: /home/amoulouel/bumperbot_ws/install/bumperbot_msgs/include/bumperbot_msgs/bumperbot_msgs/action/detail/fibonacci__type_support.c
[5.709s] -- Installing: /home/amoulouel/bumperbot_ws/install/bumperbot_msgs/include/bumperbot_msgs/bumperbot_msgs/action/detail/fibonacci__rosidl_typesupport_introspection_c.h
[5.709s] -- Up-to-date: /home/amoulouel/bumperbot_ws/install/bumperbot_msgs/include/bumperbot_msgs/bumperbot_msgs/msg
[5.709s] -- Up-to-date: /home/amoulouel/bumperbot_ws/install/bumperbot_msgs/include/bumperbot_msgs/bumperbot_msgs/msg/rosidl_typesupport_introspection_c__visibility_control.h
[5.709s] -- Installing: /home/amoulouel/bumperbot_ws/install/bumperbot_msgs/lib/libbumperbot_msgs__rosidl_typesupport_introspection_c.so
[5.709s] -- Set non-toolchain portion of runtime path of "/home/amoulouel/bumperbot_ws/install/bumperbot_msgs/lib/libbumperbot_msgs__rosidl_typesupport_introspection_c.so" to ""
[5.709s] -- Installing: /home/amoulouel/bumperbot_ws/install/bumperbot_msgs/lib/libbumperbot_msgs__rosidl_typesupport_c.so
[5.709s] -- Set non-toolchain portion of runtime path of "/home/amoulouel/bumperbot_ws/install/bumperbot_msgs/lib/libbumperbot_msgs__rosidl_typesupport_c.so" to ""
[5.709s] -- Up-to-date: /home/amoulouel/bumperbot_ws/install/bumperbot_msgs/include/bumperbot_msgs/bumperbot_msgs
[5.709s] -- Up-to-date: /home/amoulouel/bumperbot_ws/install/bumperbot_msgs/include/bumperbot_msgs/bumperbot_msgs/srv
[5.710s] -- Up-to-date: /home/amoulouel/bumperbot_ws/install/bumperbot_msgs/include/bumperbot_msgs/bumperbot_msgs/srv/detail
[5.710s] -- Installing: /home/amoulouel/bumperbot_ws/install/bumperbot_msgs/include/bumperbot_msgs/bumperbot_msgs/srv/detail/add_two_ints__type_support.cpp
[5.710s] -- Installing: /home/amoulouel/bumperbot_ws/install/bumperbot_msgs/include/bumperbot_msgs/bumperbot_msgs/srv/detail/get_transform__rosidl_typesupport_introspection_cpp.hpp
[5.710s] -- Installing: /home/amoulouel/bumperbot_ws/install/bumperbot_msgs/include/bumperbot_msgs/bumperbot_msgs/srv/detail/get_transform__type_support.cpp
[5.710s] -- Installing: /home/amoulouel/bumperbot_ws/install/bumperbot_msgs/include/bumperbot_msgs/bumperbot_msgs/srv/detail/add_two_ints__rosidl_typesupport_introspection_cpp.hpp
[5.710s] -- Up-to-date: /home/amoulouel/bumperbot_ws/install/bumperbot_msgs/include/bumperbot_msgs/bumperbot_msgs/action
[5.710s] -- Up-to-date: /home/amoulouel/bumperbot_ws/install/bumperbot_msgs/include/bumperbot_msgs/bumperbot_msgs/action/detail
[5.710s] -- Installing: /home/amoulouel/bumperbot_ws/install/bumperbot_msgs/include/bumperbot_msgs/bumperbot_msgs/action/detail/fibonacci__rosidl_typesupport_introspection_cpp.hpp
[5.710s] -- Installing: /home/amoulouel/bumperbot_ws/install/bumperbot_msgs/include/bumperbot_msgs/bumperbot_msgs/action/detail/fibonacci__type_support.cpp
[5.710s] -- Installing: /home/amoulouel/bumperbot_ws/install/bumperbot_msgs/lib/libbumperbot_msgs__rosidl_typesupport_introspection_cpp.so
[5.711s] -- Set non-toolchain portion of runtime path of "/home/amoulouel/bumperbot_ws/install/bumperbot_msgs/lib/libbumperbot_msgs__rosidl_typesupport_introspection_cpp.so" to ""
[5.711s] -- Installing: /home/amoulouel/bumperbot_ws/install/bumperbot_msgs/lib/libbumperbot_msgs__rosidl_typesupport_cpp.so
[5.712s] -- Set non-toolchain portion of runtime path of "/home/amoulouel/bumperbot_ws/install/bumperbot_msgs/lib/libbumperbot_msgs__rosidl_typesupport_cpp.so" to ""
[5.712s] -- Up-to-date: /home/amoulouel/bumperbot_ws/install/bumperbot_msgs/share/bumperbot_msgs/environment/pythonpath.sh
[5.712s] -- Up-to-date: /home/amoulouel/bumperbot_ws/install/bumperbot_msgs/share/bumperbot_msgs/environment/pythonpath.dsv
[5.712s] -- Up-to-date: /home/amoulouel/bumperbot_ws/install/bumperbot_msgs/lib/python3.12/site-packages/bumperbot_msgs-0.0.0-py3.12.egg-info
[5.712s] -- Installing: /home/amoulouel/bumperbot_ws/install/bumperbot_msgs/lib/python3.12/site-packages/bumperbot_msgs-0.0.0-py3.12.egg-info/dependency_links.txt
[5.712s] -- Installing: /home/amoulouel/bumperbot_ws/install/bumperbot_msgs/lib/python3.12/site-packages/bumperbot_msgs-0.0.0-py3.12.egg-info/top_level.txt
[5.712s] -- Installing: /home/amoulouel/bumperbot_ws/install/bumperbot_msgs/lib/python3.12/site-packages/bumperbot_msgs-0.0.0-py3.12.egg-info/PKG-INFO
[5.713s] -- Installing: /home/amoulouel/bumperbot_ws/install/bumperbot_msgs/lib/python3.12/site-packages/bumperbot_msgs-0.0.0-py3.12.egg-info/SOURCES.txt
[5.713s] -- Up-to-date: /home/amoulouel/bumperbot_ws/install/bumperbot_msgs/lib/python3.12/site-packages/bumperbot_msgs
[5.713s] -- Installing: /home/amoulouel/bumperbot_ws/install/bumperbot_msgs/lib/python3.12/site-packages/bumperbot_msgs/__init__.py
[5.713s] -- Installing: /home/amoulouel/bumperbot_ws/install/bumperbot_msgs/lib/python3.12/site-packages/bumperbot_msgs/bumperbot_msgs_s__rosidl_typesupport_introspection_c.so
[5.713s] -- Installing: /home/amoulouel/bumperbot_ws/install/bumperbot_msgs/lib/python3.12/site-packages/bumperbot_msgs/bumperbot_msgs_s__rosidl_typesupport_c.so
[5.713s] -- Installing: /home/amoulouel/bumperbot_ws/install/bumperbot_msgs/lib/python3.12/site-packages/bumperbot_msgs/bumperbot_msgs_s__rosidl_typesupport_fastrtps_c.so
[5.713s] -- Up-to-date: /home/amoulouel/bumperbot_ws/install/bumperbot_msgs/lib/python3.12/site-packages/bumperbot_msgs/srv
[5.713s] -- Installing: /home/amoulouel/bumperbot_ws/install/bumperbot_msgs/lib/python3.12/site-packages/bumperbot_msgs/srv/__init__.py
[5.713s] -- Installing: /home/amoulouel/bumperbot_ws/install/bumperbot_msgs/lib/python3.12/site-packages/bumperbot_msgs/srv/_add_two_ints_s.c
[5.713s] -- Installing: /home/amoulouel/bumperbot_ws/install/bumperbot_msgs/lib/python3.12/site-packages/bumperbot_msgs/srv/_get_transform.py
[5.714s] -- Installing: /home/amoulouel/bumperbot_ws/install/bumperbot_msgs/lib/python3.12/site-packages/bumperbot_msgs/srv/_add_two_ints.py
[5.715s] -- Installing: /home/amoulouel/bumperbot_ws/install/bumperbot_msgs/lib/python3.12/site-packages/bumperbot_msgs/srv/_get_transform_s.c
[5.715s] -- Installing: /home/amoulouel/bumperbot_ws/install/bumperbot_msgs/lib/python3.12/site-packages/bumperbot_msgs/_bumperbot_msgs_s.ep.rosidl_typesupport_introspection_c.c
[5.715s] -- Installing: /home/amoulouel/bumperbot_ws/install/bumperbot_msgs/lib/python3.12/site-packages/bumperbot_msgs/action
[5.715s] -- Installing: /home/amoulouel/bumperbot_ws/install/bumperbot_msgs/lib/python3.12/site-packages/bumperbot_msgs/action/__init__.py
[5.715s] -- Installing: /home/amoulouel/bumperbot_ws/install/bumperbot_msgs/lib/python3.12/site-packages/bumperbot_msgs/action/_fibonacci.py
[5.715s] -- Installing: /home/amoulouel/bumperbot_ws/install/bumperbot_msgs/lib/python3.12/site-packages/bumperbot_msgs/action/_fibonacci_s.c
[5.715s] -- Installing: /home/amoulouel/bumperbot_ws/install/bumperbot_msgs/lib/python3.12/site-packages/bumperbot_msgs/_bumperbot_msgs_s.ep.rosidl_typesupport_c.c
[5.715s] -- Installing: /home/amoulouel/bumperbot_ws/install/bumperbot_msgs/lib/python3.12/site-packages/bumperbot_msgs/_bumperbot_msgs_s.ep.rosidl_typesupport_fastrtps_c.c
[5.763s] Listing '/home/amoulouel/bumperbot_ws/install/bumperbot_msgs/lib/python3.12/site-packages/bumperbot_msgs'...
[5.763s] Compiling '/home/amoulouel/bumperbot_ws/install/bumperbot_msgs/lib/python3.12/site-packages/bumperbot_msgs/__init__.py'...
[5.763s] Listing '/home/amoulouel/bumperbot_ws/install/bumperbot_msgs/lib/python3.12/site-packages/bumperbot_msgs/action'...
[5.763s] Compiling '/home/amoulouel/bumperbot_ws/install/bumperbot_msgs/lib/python3.12/site-packages/bumperbot_msgs/action/__init__.py'...
[5.763s] Compiling '/home/amoulouel/bumperbot_ws/install/bumperbot_msgs/lib/python3.12/site-packages/bumperbot_msgs/action/_fibonacci.py'...
[5.763s] Listing '/home/amoulouel/bumperbot_ws/install/bumperbot_msgs/lib/python3.12/site-packages/bumperbot_msgs/srv'...
[5.763s] Compiling '/home/amoulouel/bumperbot_ws/install/bumperbot_msgs/lib/python3.12/site-packages/bumperbot_msgs/srv/__init__.py'...
[5.763s] Compiling '/home/amoulouel/bumperbot_ws/install/bumperbot_msgs/lib/python3.12/site-packages/bumperbot_msgs/srv/_add_two_ints.py'...
[5.763s] Compiling '/home/amoulouel/bumperbot_ws/install/bumperbot_msgs/lib/python3.12/site-packages/bumperbot_msgs/srv/_get_transform.py'...
[5.768s] -- Installing: /home/amoulouel/bumperbot_ws/install/bumperbot_msgs/lib/python3.12/site-packages/bumperbot_msgs/bumperbot_msgs_s__rosidl_typesupport_fastrtps_c.so
[5.768s] -- Set non-toolchain portion of runtime path of "/home/amoulouel/bumperbot_ws/install/bumperbot_msgs/lib/python3.12/site-packages/bumperbot_msgs/bumperbot_msgs_s__rosidl_typesupport_fastrtps_c.so" to ""
[5.769s] -- Installing: /home/amoulouel/bumperbot_ws/install/bumperbot_msgs/lib/python3.12/site-packages/bumperbot_msgs/bumperbot_msgs_s__rosidl_typesupport_introspection_c.so
[5.769s] -- Set non-toolchain portion of runtime path of "/home/amoulouel/bumperbot_ws/install/bumperbot_msgs/lib/python3.12/site-packages/bumperbot_msgs/bumperbot_msgs_s__rosidl_typesupport_introspection_c.so" to ""
[5.769s] -- Installing: /home/amoulouel/bumperbot_ws/install/bumperbot_msgs/lib/python3.12/site-packages/bumperbot_msgs/bumperbot_msgs_s__rosidl_typesupport_c.so
[5.769s] -- Set non-toolchain portion of runtime path of "/home/amoulouel/bumperbot_ws/install/bumperbot_msgs/lib/python3.12/site-packages/bumperbot_msgs/bumperbot_msgs_s__rosidl_typesupport_c.so" to ""
[5.769s] -- Installing: /home/amoulouel/bumperbot_ws/install/bumperbot_msgs/lib/libbumperbot_msgs__rosidl_generator_py.so
[5.770s] -- Set non-toolchain portion of runtime path of "/home/amoulouel/bumperbot_ws/install/bumperbot_msgs/lib/libbumperbot_msgs__rosidl_generator_py.so" to ""
[5.770s] -- Installing: /home/amoulouel/bumperbot_ws/install/bumperbot_msgs/share/bumperbot_msgs/action/Fibonacci.idl
[5.770s] -- Up-to-date: /home/amoulouel/bumperbot_ws/install/bumperbot_msgs/share/bumperbot_msgs/srv/AddTwoInts.idl
[5.770s] -- Up-to-date: /home/amoulouel/bumperbot_ws/install/bumperbot_msgs/share/bumperbot_msgs/srv/GetTransform.idl
[5.770s] -- Installing: /home/amoulouel/bumperbot_ws/install/bumperbot_msgs/share/bumperbot_msgs/action/Fibonacci.action
[5.770s] -- Up-to-date: /home/amoulouel/bumperbot_ws/install/bumperbot_msgs/share/bumperbot_msgs/srv/AddTwoInts.srv
[5.770s] -- Up-to-date: /home/amoulouel/bumperbot_ws/install/bumperbot_msgs/share/bumperbot_msgs/srv/GetTransform.srv
[5.770s] -- Installing: /home/amoulouel/bumperbot_ws/install/bumperbot_msgs/share/ament_index/resource_index/package_run_dependencies/bumperbot_msgs
[5.771s] -- Installing: /home/amoulouel/bumperbot_ws/install/bumperbot_msgs/share/ament_index/resource_index/parent_prefix_path/bumperbot_msgs
[5.771s] -- Up-to-date: /home/amoulouel/bumperbot_ws/install/bumperbot_msgs/share/bumperbot_msgs/environment/ament_prefix_path.sh
[5.771s] -- Up-to-date: /home/amoulouel/bumperbot_ws/install/bumperbot_msgs/share/bumperbot_msgs/environment/ament_prefix_path.dsv
[5.771s] -- Up-to-date: /home/amoulouel/bumperbot_ws/install/bumperbot_msgs/share/bumperbot_msgs/environment/path.sh
[5.771s] -- Up-to-date: /home/amoulouel/bumperbot_ws/install/bumperbot_msgs/share/bumperbot_msgs/environment/path.dsv
[5.771s] -- Up-to-date: /home/amoulouel/bumperbot_ws/install/bumperbot_msgs/share/bumperbot_msgs/local_setup.bash
[5.771s] -- Up-to-date: /home/amoulouel/bumperbot_ws/install/bumperbot_msgs/share/bumperbot_msgs/local_setup.sh
[5.771s] -- Up-to-date: /home/amoulouel/bumperbot_ws/install/bumperbot_msgs/share/bumperbot_msgs/local_setup.zsh
[5.772s] -- Up-to-date: /home/amoulouel/bumperbot_ws/install/bumperbot_msgs/share/bumperbot_msgs/local_setup.dsv
[5.772s] -- Installing: /home/amoulouel/bumperbot_ws/install/bumperbot_msgs/share/bumperbot_msgs/package.dsv
[5.772s] -- Up-to-date: /home/amoulouel/bumperbot_ws/install/bumperbot_msgs/share/ament_index/resource_index/packages/bumperbot_msgs
[5.772s] -- Old export file "/home/amoulouel/bumperbot_ws/install/bumperbot_msgs/share/bumperbot_msgs/cmake/export_bumperbot_msgs__rosidl_generator_cExport.cmake" will be replaced.  Removing files [/home/amoulouel/bumperbot_ws/install/bumperbot_msgs/share/bumperbot_msgs/cmake/export_bumperbot_msgs__rosidl_generator_cExport-noconfig.cmake].
[5.772s] -- Installing: /home/amoulouel/bumperbot_ws/install/bumperbot_msgs/share/bumperbot_msgs/cmake/export_bumperbot_msgs__rosidl_generator_cExport.cmake
[5.772s] -- Installing: /home/amoulouel/bumperbot_ws/install/bumperbot_msgs/share/bumperbot_msgs/cmake/export_bumperbot_msgs__rosidl_generator_cExport-noconfig.cmake
[5.772s] -- Old export file "/home/amoulouel/bumperbot_ws/install/bumperbot_msgs/share/bumperbot_msgs/cmake/export_bumperbot_msgs__rosidl_typesupport_fastrtps_cExport.cmake" will be replaced.  Removing files [/home/amoulouel/bumperbot_ws/install/bumperbot_msgs/share/bumperbot_msgs/cmake/export_bumperbot_msgs__rosidl_typesupport_fastrtps_cExport-noconfig.cmake].
[5.772s] -- Installing: /home/amoulouel/bumperbot_ws/install/bumperbot_msgs/share/bumperbot_msgs/cmake/export_bumperbot_msgs__rosidl_typesupport_fastrtps_cExport.cmake
[5.772s] -- Installing: /home/amoulouel/bumperbot_ws/install/bumperbot_msgs/share/bumperbot_msgs/cmake/export_bumperbot_msgs__rosidl_typesupport_fastrtps_cExport-noconfig.cmake
[5.772s] -- Installing: /home/amoulouel/bumperbot_ws/install/bumperbot_msgs/share/bumperbot_msgs/cmake/export_bumperbot_msgs__rosidl_generator_cppExport.cmake
[5.773s] -- Old export file "/home/amoulouel/bumperbot_ws/install/bumperbot_msgs/share/bumperbot_msgs/cmake/export_bumperbot_msgs__rosidl_typesupport_fastrtps_cppExport.cmake" will be replaced.  Removing files [/home/amoulouel/bumperbot_ws/install/bumperbot_msgs/share/bumperbot_msgs/cmake/export_bumperbot_msgs__rosidl_typesupport_fastrtps_cppExport-noconfig.cmake].
[5.773s] -- Installing: /home/amoulouel/bumperbot_ws/install/bumperbot_msgs/share/bumperbot_msgs/cmake/export_bumperbot_msgs__rosidl_typesupport_fastrtps_cppExport.cmake
[5.773s] -- Installing: /home/amoulouel/bumperbot_ws/install/bumperbot_msgs/share/bumperbot_msgs/cmake/export_bumperbot_msgs__rosidl_typesupport_fastrtps_cppExport-noconfig.cmake
[5.773s] -- Old export file "/home/amoulouel/bumperbot_ws/install/bumperbot_msgs/share/bumperbot_msgs/cmake/bumperbot_msgs__rosidl_typesupport_introspection_cExport.cmake" will be replaced.  Removing files [/home/amoulouel/bumperbot_ws/install/bumperbot_msgs/share/bumperbot_msgs/cmake/bumperbot_msgs__rosidl_typesupport_introspection_cExport-noconfig.cmake].
[5.773s] -- Installing: /home/amoulouel/bumperbot_ws/install/bumperbot_msgs/share/bumperbot_msgs/cmake/bumperbot_msgs__rosidl_typesupport_introspection_cExport.cmake
[5.773s] -- Installing: /home/amoulouel/bumperbot_ws/install/bumperbot_msgs/share/bumperbot_msgs/cmake/bumperbot_msgs__rosidl_typesupport_introspection_cExport-noconfig.cmake
[5.773s] -- Old export file "/home/amoulouel/bumperbot_ws/install/bumperbot_msgs/share/bumperbot_msgs/cmake/bumperbot_msgs__rosidl_typesupport_cExport.cmake" will be replaced.  Removing files [/home/amoulouel/bumperbot_ws/install/bumperbot_msgs/share/bumperbot_msgs/cmake/bumperbot_msgs__rosidl_typesupport_cExport-noconfig.cmake].
[5.773s] -- Installing: /home/amoulouel/bumperbot_ws/install/bumperbot_msgs/share/bumperbot_msgs/cmake/bumperbot_msgs__rosidl_typesupport_cExport.cmake
[5.774s] -- Installing: /home/amoulouel/bumperbot_ws/install/bumperbot_msgs/share/bumperbot_msgs/cmake/bumperbot_msgs__rosidl_typesupport_cExport-noconfig.cmake
[5.774s] -- Old export file "/home/amoulouel/bumperbot_ws/install/bumperbot_msgs/share/bumperbot_msgs/cmake/bumperbot_msgs__rosidl_typesupport_introspection_cppExport.cmake" will be replaced.  Removing files [/home/amoulouel/bumperbot_ws/install/bumperbot_msgs/share/bumperbot_msgs/cmake/bumperbot_msgs__rosidl_typesupport_introspection_cppExport-noconfig.cmake].
[5.774s] -- Installing: /home/amoulouel/bumperbot_ws/install/bumperbot_msgs/share/bumperbot_msgs/cmake/bumperbot_msgs__rosidl_typesupport_introspection_cppExport.cmake
[5.774s] -- Installing: /home/amoulouel/bumperbot_ws/install/bumperbot_msgs/share/bumperbot_msgs/cmake/bumperbot_msgs__rosidl_typesupport_introspection_cppExport-noconfig.cmake
[5.774s] -- Old export file "/home/amoulouel/bumperbot_ws/install/bumperbot_msgs/share/bumperbot_msgs/cmake/bumperbot_msgs__rosidl_typesupport_cppExport.cmake" will be replaced.  Removing files [/home/amoulouel/bumperbot_ws/install/bumperbot_msgs/share/bumperbot_msgs/cmake/bumperbot_msgs__rosidl_typesupport_cppExport-noconfig.cmake].
[5.774s] -- Installing: /home/amoulouel/bumperbot_ws/install/bumperbot_msgs/share/bumperbot_msgs/cmake/bumperbot_msgs__rosidl_typesupport_cppExport.cmake
[5.774s] -- Installing: /home/amoulouel/bumperbot_ws/install/bumperbot_msgs/share/bumperbot_msgs/cmake/bumperbot_msgs__rosidl_typesupport_cppExport-noconfig.cmake
[5.775s] -- Up-to-date: /home/amoulouel/bumperbot_ws/install/bumperbot_msgs/share/bumperbot_msgs/cmake/export_bumperbot_msgs__rosidl_generator_pyExport.cmake
[5.775s] -- Installing: /home/amoulouel/bumperbot_ws/install/bumperbot_msgs/share/bumperbot_msgs/cmake/export_bumperbot_msgs__rosidl_generator_pyExport-noconfig.cmake
[5.775s] -- Installing: /home/amoulouel/bumperbot_ws/install/bumperbot_msgs/share/bumperbot_msgs/cmake/rosidl_cmake-extras.cmake
[5.775s] -- Installing: /home/amoulouel/bumperbot_ws/install/bumperbot_msgs/share/bumperbot_msgs/cmake/ament_cmake_export_dependencies-extras.cmake
[5.775s] -- Up-to-date: /home/amoulouel/bumperbot_ws/install/bumperbot_msgs/share/bumperbot_msgs/cmake/ament_cmake_export_include_directories-extras.cmake
[5.775s] -- Up-to-date: /home/amoulouel/bumperbot_ws/install/bumperbot_msgs/share/bumperbot_msgs/cmake/ament_cmake_export_libraries-extras.cmake
[5.775s] -- Up-to-date: /home/amoulouel/bumperbot_ws/install/bumperbot_msgs/share/bumperbot_msgs/cmake/ament_cmake_export_targets-extras.cmake
[5.775s] -- Up-to-date: /home/amoulouel/bumperbot_ws/install/bumperbot_msgs/share/bumperbot_msgs/cmake/rosidl_cmake_export_typesupport_targets-extras.cmake
[5.776s] -- Up-to-date: /home/amoulouel/bumperbot_ws/install/bumperbot_msgs/share/bumperbot_msgs/cmake/rosidl_cmake_export_typesupport_libraries-extras.cmake
[5.776s] -- Up-to-date: /home/amoulouel/bumperbot_ws/install/bumperbot_msgs/share/bumperbot_msgs/cmake/bumperbot_msgsConfig.cmake
[5.776s] -- Up-to-date: /home/amoulouel/bumperbot_ws/install/bumperbot_msgs/share/bumperbot_msgs/cmake/bumperbot_msgsConfig-version.cmake
[5.776s] -- Installing: /home/amoulouel/bumperbot_ws/install/bumperbot_msgs/share/bumperbot_msgs/package.xml
[5.778s] Invoked command in '/home/amoulouel/bumperbot_ws/build/bumperbot_msgs' returned '0': CMAKE_PREFIX_PATH=${CMAKE_PREFIX_PATH}:/opt/ros/jazzy DEBUGINFOD_URLS=https://debuginfod.ubuntu.com /usr/bin/cmake --install /home/amoulouel/bumperbot_ws/build/bumperbot_msgs
