[0.025s] Invoking command in '/home/amoulouel/bumperbot_ws/build/bumperbot_msgs': CMAKE_PREFIX_PATH=${CMAKE_PREFIX_PATH}:/opt/ros/jazzy DEBUGINFOD_URLS=https://debuginfod.ubuntu.com /usr/bin/cmake --build /home/amoulouel/bumperbot_ws/build/bumperbot_msgs -- -j16 -l16
[0.082s] [  2%] Built target bumperbot_msgs__rosidl_generator_type_description
[0.100s] [  2%] Built target ament_cmake_python_copy_bumperbot_msgs
[0.176s] [  4%] Built target bumperbot_msgs__cpp
[0.204s] [ 22%] Built target bumperbot_msgs__rosidl_generator_c
[0.218s] [ 31%] Built target bumperbot_msgs__rosidl_typesupport_introspection_c
[0.218s] [ 40%] Built target bumperbot_msgs__rosidl_typesupport_c
[0.219s] [ 50%] Built target bumperbot_msgs__rosidl_typesupport_cpp
[0.219s] [ 59%] Built target bumperbot_msgs__rosidl_typesupport_fastrtps_cpp
[0.219s] [ 68%] Built target bumperbot_msgs__rosidl_typesupport_introspection_cpp
[0.219s] [ 77%] Built target bumperbot_msgs__rosidl_typesupport_fastrtps_c
[0.219s] [ 77%] Built target bumperbot_msgs
[0.220s] [ 79%] Built target bumperbot_msgs__py
[0.225s] [ 86%] Built target bumperbot_msgs__rosidl_generator_py
[0.250s] [ 90%] Built target bumperbot_msgs_s__rosidl_typesupport_introspection_c
[0.250s] [ 95%] Built target bumperbot_msgs_s__rosidl_typesupport_fastrtps_c
[0.254s] [100%] Built target bumperbot_msgs_s__rosidl_typesupport_c
[0.350s] running egg_info
[0.379s] writing bumperbot_msgs.egg-info/PKG-INFO
[0.379s] writing dependency_links to bumperbot_msgs.egg-info/dependency_links.txt
[0.379s] writing top-level names to bumperbot_msgs.egg-info/top_level.txt
[0.471s] reading manifest file 'bumperbot_msgs.egg-info/SOURCES.txt'
[0.472s] writing manifest file 'bumperbot_msgs.egg-info/SOURCES.txt'
[0.504s] [100%] Built target ament_cmake_python_build_bumperbot_msgs_egg
