[0.037s] Invoking command in '/home/amoulouel/bumperbot_ws/build/bumperbot_localization': CMAKE_PREFIX_PATH=${CMAKE_PREFIX_PATH}:/home/amoulouel/bumperbot_ws/install/bumperbot_py_examples:/opt/ros/jazzy DEBUGINFOD_URLS=https://debuginfod.ubuntu.com /usr/bin/cmake --build /home/amoulouel/bumperbot_ws/build/bumperbot_localization -- -j16 -l16
[0.196s] [ 33%] Built target kalman_filter
[0.244s] [ 66%] Built target imu_republisher
[0.251s] [100%] Built target odometry_motion_model
[0.266s] [ 83%] Built target ament_cmake_python_copy_bumperbot_localization
[0.650s] running egg_info
[0.692s] writing bumperbot_localization.egg-info/PKG-INFO
[0.692s] writing dependency_links to bumperbot_localization.egg-info/dependency_links.txt
[0.692s] writing top-level names to bumperbot_localization.egg-info/top_level.txt
[0.806s] reading manifest file 'bumperbot_localization.egg-info/SOURCES.txt'
[0.807s] writing manifest file 'bumperbot_localization.egg-info/SOURCES.txt'
[0.887s] [100%] Built target ament_cmake_python_build_bumperbot_localization_egg
[0.904s] Invoked command in '/home/amoulouel/bumperbot_ws/build/bumperbot_localization' returned '0': CMAKE_PREFIX_PATH=${CMAKE_PREFIX_PATH}:/home/amoulouel/bumperbot_ws/install/bumperbot_py_examples:/opt/ros/jazzy DEBUGINFOD_URLS=https://debuginfod.ubuntu.com /usr/bin/cmake --build /home/amoulouel/bumperbot_ws/build/bumperbot_localization -- -j16 -l16
[0.904s] Invoking command in '/home/amoulouel/bumperbot_ws/build/bumperbot_localization': CMAKE_PREFIX_PATH=${CMAKE_PREFIX_PATH}:/home/amoulouel/bumperbot_ws/install/bumperbot_py_examples:/opt/ros/jazzy DEBUGINFOD_URLS=https://debuginfod.ubuntu.com /usr/bin/cmake --install /home/amoulouel/bumperbot_ws/build/bumperbot_localization
[0.923s] -- Install configuration: ""
[0.923s] -- Up-to-date: /home/amoulouel/bumperbot_ws/install/bumperbot_localization/share/bumperbot_localization/environment/pythonpath.sh
[0.924s] -- Up-to-date: /home/amoulouel/bumperbot_ws/install/bumperbot_localization/share/bumperbot_localization/environment/pythonpath.dsv
[0.924s] -- Up-to-date: /home/amoulouel/bumperbot_ws/install/bumperbot_localization/lib/python3.12/site-packages/bumperbot_localization-0.0.0-py3.12.egg-info
[0.924s] -- Installing: /home/amoulouel/bumperbot_ws/install/bumperbot_localization/lib/python3.12/site-packages/bumperbot_localization-0.0.0-py3.12.egg-info/dependency_links.txt
[0.924s] -- Installing: /home/amoulouel/bumperbot_ws/install/bumperbot_localization/lib/python3.12/site-packages/bumperbot_localization-0.0.0-py3.12.egg-info/top_level.txt
[0.931s] -- Installing: /home/amoulouel/bumperbot_ws/install/bumperbot_localization/lib/python3.12/site-packages/bumperbot_localization-0.0.0-py3.12.egg-info/PKG-INFO
[0.931s] -- Installing: /home/amoulouel/bumperbot_ws/install/bumperbot_localization/lib/python3.12/site-packages/bumperbot_localization-0.0.0-py3.12.egg-info/SOURCES.txt
[0.932s] -- Up-to-date: /home/amoulouel/bumperbot_ws/install/bumperbot_localization/lib/python3.12/site-packages/bumperbot_localization
[0.932s] -- Up-to-date: /home/amoulouel/bumperbot_ws/install/bumperbot_localization/lib/python3.12/site-packages/bumperbot_localization/imu_republisher.py
[0.932s] -- Up-to-date: /home/amoulouel/bumperbot_ws/install/bumperbot_localization/lib/python3.12/site-packages/bumperbot_localization/__init__.py
[0.932s] -- Up-to-date: /home/amoulouel/bumperbot_ws/install/bumperbot_localization/lib/python3.12/site-packages/bumperbot_localization/odometry_motion_model.py
[0.932s] -- Up-to-date: /home/amoulouel/bumperbot_ws/install/bumperbot_localization/lib/python3.12/site-packages/bumperbot_localization/kalman_filter.py
[0.999s] Listing '/home/amoulouel/bumperbot_ws/install/bumperbot_localization/lib/python3.12/site-packages/bumperbot_localization'...
[1.009s] -- Up-to-date: /home/amoulouel/bumperbot_ws/install/bumperbot_localization/include/include
[1.010s] -- Up-to-date: /home/amoulouel/bumperbot_ws/install/bumperbot_localization/include/include/bumperbot_localization
[1.010s] -- Up-to-date: /home/amoulouel/bumperbot_ws/install/bumperbot_localization/include/include/bumperbot_localization/odometry_motion_model.hpp
[1.010s] -- Up-to-date: /home/amoulouel/bumperbot_ws/install/bumperbot_localization/include/include/bumperbot_localization/kalman_filter.hpp
[1.010s] -- Up-to-date: /home/amoulouel/bumperbot_ws/install/bumperbot_localization/lib/bumperbot_localization/kalman_filter
[1.012s] -- Up-to-date: /home/amoulouel/bumperbot_ws/install/bumperbot_localization/lib/bumperbot_localization/imu_republisher
[1.012s] -- Up-to-date: /home/amoulouel/bumperbot_ws/install/bumperbot_localization/lib/bumperbot_localization/odometry_motion_model
[1.013s] -- Up-to-date: /home/amoulouel/bumperbot_ws/install/bumperbot_localization/share/bumperbot_localization/launch
[1.013s] -- Up-to-date: /home/amoulouel/bumperbot_ws/install/bumperbot_localization/share/bumperbot_localization/launch/local_localization.launch.py
[1.013s] -- Installing: /home/amoulouel/bumperbot_ws/install/bumperbot_localization/share/bumperbot_localization/launch/global_localization.launch.py
[1.014s] -- Up-to-date: /home/amoulouel/bumperbot_ws/install/bumperbot_localization/share/bumperbot_localization/config
[1.014s] -- Installing: /home/amoulouel/bumperbot_ws/install/bumperbot_localization/share/bumperbot_localization/config/amcl.yaml
[1.015s] -- Up-to-date: /home/amoulouel/bumperbot_ws/install/bumperbot_localization/share/bumperbot_localization/config/ekf.yaml
[1.016s] -- Up-to-date: /home/amoulouel/bumperbot_ws/install/bumperbot_localization/lib/bumperbot_localization/kalman_filter.py
[1.016s] -- Up-to-date: /home/amoulouel/bumperbot_ws/install/bumperbot_localization/lib/bumperbot_localization/imu_republisher.py
[1.016s] -- Up-to-date: /home/amoulouel/bumperbot_ws/install/bumperbot_localization/lib/bumperbot_localization/odometry_motion_model.py
[1.016s] -- Up-to-date: /home/amoulouel/bumperbot_ws/install/bumperbot_localization/share/ament_index/resource_index/package_run_dependencies/bumperbot_localization
[1.017s] -- Up-to-date: /home/amoulouel/bumperbot_ws/install/bumperbot_localization/share/ament_index/resource_index/parent_prefix_path/bumperbot_localization
[1.017s] -- Up-to-date: /home/amoulouel/bumperbot_ws/install/bumperbot_localization/share/bumperbot_localization/environment/ament_prefix_path.sh
[1.017s] -- Up-to-date: /home/amoulouel/bumperbot_ws/install/bumperbot_localization/share/bumperbot_localization/environment/ament_prefix_path.dsv
[1.017s] -- Up-to-date: /home/amoulouel/bumperbot_ws/install/bumperbot_localization/share/bumperbot_localization/environment/path.sh
[1.017s] -- Up-to-date: /home/amoulouel/bumperbot_ws/install/bumperbot_localization/share/bumperbot_localization/environment/path.dsv
[1.017s] -- Up-to-date: /home/amoulouel/bumperbot_ws/install/bumperbot_localization/share/bumperbot_localization/local_setup.bash
[1.017s] -- Up-to-date: /home/amoulouel/bumperbot_ws/install/bumperbot_localization/share/bumperbot_localization/local_setup.sh
[1.017s] -- Up-to-date: /home/amoulouel/bumperbot_ws/install/bumperbot_localization/share/bumperbot_localization/local_setup.zsh
[1.017s] -- Up-to-date: /home/amoulouel/bumperbot_ws/install/bumperbot_localization/share/bumperbot_localization/local_setup.dsv
[1.017s] -- Installing: /home/amoulouel/bumperbot_ws/install/bumperbot_localization/share/bumperbot_localization/package.dsv
[1.018s] -- Up-to-date: /home/amoulouel/bumperbot_ws/install/bumperbot_localization/share/ament_index/resource_index/packages/bumperbot_localization
[1.018s] -- Up-to-date: /home/amoulouel/bumperbot_ws/install/bumperbot_localization/share/bumperbot_localization/cmake/bumperbot_localizationConfig.cmake
[1.018s] -- Up-to-date: /home/amoulouel/bumperbot_ws/install/bumperbot_localization/share/bumperbot_localization/cmake/bumperbot_localizationConfig-version.cmake
[1.018s] -- Up-to-date: /home/amoulouel/bumperbot_ws/install/bumperbot_localization/share/bumperbot_localization/package.xml
[1.091s] Invoked command in '/home/amoulouel/bumperbot_ws/build/bumperbot_localization' returned '0': CMAKE_PREFIX_PATH=${CMAKE_PREFIX_PATH}:/home/amoulouel/bumperbot_ws/install/bumperbot_py_examples:/opt/ros/jazzy DEBUGINFOD_URLS=https://debuginfod.ubuntu.com /usr/bin/cmake --install /home/amoulouel/bumperbot_ws/build/bumperbot_localization
