[0.030s] Invoking command in '/home/amoulouel/bumperbot_ws/build/bumperbot_cpp_examples': AMENT_PREFIX_PATH=/home/amoulouel/bumperbot_ws/install/bumperbot_msgs:${AMENT_PREFIX_PATH} CMAKE_PREFIX_PATH=/home/amoulouel/bumperbot_ws/install/bumperbot_msgs:/opt/ros/jazzy/opt/gz_sim_vendor:/opt/ros/jazzy/opt/gz_sensors_vendor:/opt/ros/jazzy/opt/gz_physics_vendor:/opt/ros/jazzy/opt/sdformat_vendor:/opt/ros/jazzy/opt/gz_gui_vendor:/opt/ros/jazzy/opt/gz_transport_vendor:/opt/ros/jazzy/opt/gz_rendering_vendor:/opt/ros/jazzy/opt/gz_plugin_vendor:/opt/ros/jazzy/opt/gz_fuel_tools_vendor:/opt/ros/jazzy/opt/gz_msgs_vendor:/opt/ros/jazzy/opt/gz_common_vendor:/opt/ros/jazzy/opt/gz_math_vendor:/opt/ros/jazzy/opt/gz_utils_vendor:/opt/ros/jazzy/opt/gz_tools_vendor:/opt/ros/jazzy/opt/gz_ogre_next_vendor:/opt/ros/jazzy/opt/gz_dartsim_vendor:/opt/ros/jazzy/opt/gz_cmake_vendor:/opt/ros/jazzy DEBUGINFOD_URLS=https://debuginfod.ubuntu.com LD_LIBRARY_PATH=/home/amoulouel/bumperbot_ws/install/bumperbot_msgs/lib:${LD_LIBRARY_PATH} PYTHONPATH=/home/amoulouel/bumperbot_ws/install/bumperbot_msgs/lib/python3.12/site-packages:${PYTHONPATH} /usr/bin/cmake --build /home/amoulouel/bumperbot_ws/build/bumperbot_cpp_examples -- -j16 -l16
[0.236s] -- Found ament_cmake: 2.5.3 (/opt/ros/jazzy/share/ament_cmake/cmake)
[0.260s] -- Found rclcpp: 28.1.6 (/opt/ros/jazzy/share/rclcpp/cmake)
[0.298s] -- Found rosidl_generator_c: 4.6.5 (/opt/ros/jazzy/share/rosidl_generator_c/cmake)
[0.314s] -- Found rosidl_generator_cpp: 4.6.5 (/opt/ros/jazzy/share/rosidl_generator_cpp/cmake)
[0.339s] -- Using all available rosidl_typesupport_c: rosidl_typesupport_fastrtps_c;rosidl_typesupport_introspection_c
[0.355s] -- Using all available rosidl_typesupport_cpp: rosidl_typesupport_fastrtps_cpp;rosidl_typesupport_introspection_cpp
[0.427s] -- Found rmw_implementation_cmake: 7.3.1 (/opt/ros/jazzy/share/rmw_implementation_cmake/cmake)
[0.429s] -- Found rmw_fastrtps_cpp: 8.4.1 (/opt/ros/jazzy/share/rmw_fastrtps_cpp/cmake)
[0.503s] -- Using RMW implementation 'rmw_fastrtps_cpp' as default
[0.575s] -- Found std_msgs: 5.3.5 (/opt/ros/jazzy/share/std_msgs/cmake)
[0.591s] -- Found turtlesim: 1.8.3 (/opt/ros/jazzy/share/turtlesim/cmake)
[0.644s] -- Found bumperbot_msgs: 0.0.0 (/home/amoulouel/bumperbot_ws/install/bumperbot_msgs/share/bumperbot_msgs/cmake)
[0.684s] -- Found tf2: 0.36.8 (/opt/ros/jazzy/share/tf2/cmake)
[0.687s] -- Found tf2_ros: 0.36.8 (/opt/ros/jazzy/share/tf2_ros/cmake)
[0.768s] -- Found rclcpp_lifecycle: 28.1.6 (/opt/ros/jazzy/share/rclcpp_lifecycle/cmake)
[0.888s] -- Configuring done (0.8s)
[0.940s] -- Generating done (0.0s)
[0.955s] -- Build files have been written to: /home/amoulouel/bumperbot_ws/build/bumperbot_cpp_examples
[1.002s] [ 10%] [32mBuilding CXX object CMakeFiles/simple_qos_subscriber.dir/src/simple_qos_subscriber.cpp.o[0m
[1.002s] [ 10%] [32mBuilding CXX object CMakeFiles/simple_qos_publisher.dir/src/simple_qos_publisher.cpp.o[0m
[1.010s] [ 20%] Built target simple_subscriber
[1.015s] [ 30%] Built target simple_parameter
[1.015s] [ 50%] Built target simple_service_client
[1.015s] [ 50%] Built target simple_publisher
[1.015s] [ 60%] Built target simple_lifecycle_node
[1.016s] [ 70%] Built target simple_service_server
[1.016s] [ 85%] Built target simple_turtlesim_kinematics
[1.016s] [ 90%] Built target simple_tf_kinematics
[2.875s] [01m[K/home/amoulouel/bumperbot_ws/src/bumperbot_cpp_examples/src/simple_qos_subscriber.cpp:[m[K In constructor ‘[01m[KSimpleQosSubscriber::[01;32m[KSimpleQosSubscriber[m[K()[m[K’:
[2.875s] [01m[K/home/amoulouel/bumperbot_ws/src/bumperbot_cpp_examples/src/simple_qos_subscriber.cpp:10:51:[m[K [01;31m[Kerror: [m[Kno matching function for call to ‘[01m[Krclcpp::QoS::QoS()[m[K’
[2.875s]    10 |   SimpleQosSubscriber() : Node("simple_subscriber"[01;31m[K)[m[K
[2.875s]       |                                                   [01;31m[K^[m[K
[2.875s] In file included from [01m[K/opt/ros/jazzy/include/rclcpp/rclcpp/node_interfaces/node_graph_interface.hpp:33[m[K,
[2.875s]                  from [01m[K/opt/ros/jazzy/include/rclcpp/rclcpp/client.hpp:45[m[K,
[2.875s]                  from [01m[K/opt/ros/jazzy/include/rclcpp/rclcpp/callback_group.hpp:24[m[K,
[2.875s]                  from [01m[K/opt/ros/jazzy/include/rclcpp/rclcpp/any_executable.hpp:20[m[K,
[2.875s]                  from [01m[K/opt/ros/jazzy/include/rclcpp/rclcpp/memory_strategy.hpp:25[m[K,
[2.875s]                  from [01m[K/opt/ros/jazzy/include/rclcpp/rclcpp/memory_strategies.hpp:18[m[K,
[2.875s]                  from [01m[K/opt/ros/jazzy/include/rclcpp/rclcpp/executor_options.hpp:22[m[K,
[2.875s]                  from [01m[K/opt/ros/jazzy/include/rclcpp/rclcpp/executor.hpp:38[m[K,
[2.875s]                  from [01m[K/opt/ros/jazzy/include/rclcpp/rclcpp/executors/multi_threaded_executor.hpp:25[m[K,
[2.876s]                  from [01m[K/opt/ros/jazzy/include/rclcpp/rclcpp/executors.hpp:21[m[K,
[2.876s]                  from [01m[K/opt/ros/jazzy/include/rclcpp/rclcpp/rclcpp.hpp:172[m[K,
[2.876s]                  from [01m[K/home/amoulouel/bumperbot_ws/src/bumperbot_cpp_examples/src/simple_qos_subscriber.cpp:1[m[K:
[2.876s] [01m[K/opt/ros/jazzy/include/rclcpp/rclcpp/qos.hpp:146:3:[m[K [01;36m[Knote: [m[Kcandidate: ‘[01m[Krclcpp::QoS::[01;32m[KQoS[m[K(size_t)[m[K’
[2.876s]   146 |   [01;36m[KQoS[m[K(size_t history_depth);  // NOLINT(runtime/explicit): conversion constructor
[2.876s]       |   [01;36m[K^~~[m[K
[2.876s] [01m[K/opt/ros/jazzy/include/rclcpp/rclcpp/qos.hpp:146:3:[m[K [01;36m[Knote: [m[K  candidate expects 1 argument, 0 provided
[2.876s] [01m[K/opt/ros/jazzy/include/rclcpp/rclcpp/qos.hpp:133:3:[m[K [01;36m[Knote: [m[Kcandidate: ‘[01m[Krclcpp::QoS::[01;32m[KQoS[m[K(const rclcpp::QoSInitialization&, const rmw_qos_profile_t&)[m[K’
[2.876s]   133 |   [01;36m[KQoS[m[K(
[2.876s]       |   [01;36m[K^~~[m[K
[2.876s] [01m[K/opt/ros/jazzy/include/rclcpp/rclcpp/qos.hpp:133:3:[m[K [01;36m[Knote: [m[K  candidate expects 2 arguments, 0 provided
[2.876s] [01m[K/opt/ros/jazzy/include/rclcpp/rclcpp/qos.hpp:115:21:[m[K [01;36m[Knote: [m[Kcandidate: ‘[01m[Kconstexpr rclcpp::QoS::[01;32m[KQoS[m[K(const rclcpp::QoS&)[m[K’
[2.876s]   115 | class RCLCPP_PUBLIC [01;36m[KQoS[m[K
[2.876s]       |                     [01;36m[K^~~[m[K
[2.876s] [01m[K/opt/ros/jazzy/include/rclcpp/rclcpp/qos.hpp:115:21:[m[K [01;36m[Knote: [m[K  candidate expects 1 argument, 0 provided
[2.876s] [01m[K/opt/ros/jazzy/include/rclcpp/rclcpp/qos.hpp:115:21:[m[K [01;36m[Knote: [m[Kcandidate: ‘[01m[Kconstexpr rclcpp::QoS::[01;32m[KQoS[m[K(rclcpp::QoS&&)[m[K’
[2.876s] [01m[K/opt/ros/jazzy/include/rclcpp/rclcpp/qos.hpp:115:21:[m[K [01;36m[Knote: [m[K  candidate expects 1 argument, 0 provided
[4.309s] gmake[2]: *** [CMakeFiles/simple_qos_subscriber.dir/build.make:76: CMakeFiles/simple_qos_subscriber.dir/src/simple_qos_subscriber.cpp.o] Error 1
[4.309s] gmake[1]: *** [CMakeFiles/Makefile2:389: CMakeFiles/simple_qos_subscriber.dir/all] Error 2
[4.309s] gmake[1]: *** Waiting for unfinished jobs....
[4.313s] [ 95%] [32m[1mLinking CXX executable simple_qos_publisher[0m
[4.483s] [ 95%] Built target simple_qos_publisher
[4.484s] gmake: *** [Makefile:146: all] Error 2
[4.486s] Invoked command in '/home/amoulouel/bumperbot_ws/build/bumperbot_cpp_examples' returned '2': AMENT_PREFIX_PATH=/home/amoulouel/bumperbot_ws/install/bumperbot_msgs:${AMENT_PREFIX_PATH} CMAKE_PREFIX_PATH=/home/amoulouel/bumperbot_ws/install/bumperbot_msgs:/opt/ros/jazzy/opt/gz_sim_vendor:/opt/ros/jazzy/opt/gz_sensors_vendor:/opt/ros/jazzy/opt/gz_physics_vendor:/opt/ros/jazzy/opt/sdformat_vendor:/opt/ros/jazzy/opt/gz_gui_vendor:/opt/ros/jazzy/opt/gz_transport_vendor:/opt/ros/jazzy/opt/gz_rendering_vendor:/opt/ros/jazzy/opt/gz_plugin_vendor:/opt/ros/jazzy/opt/gz_fuel_tools_vendor:/opt/ros/jazzy/opt/gz_msgs_vendor:/opt/ros/jazzy/opt/gz_common_vendor:/opt/ros/jazzy/opt/gz_math_vendor:/opt/ros/jazzy/opt/gz_utils_vendor:/opt/ros/jazzy/opt/gz_tools_vendor:/opt/ros/jazzy/opt/gz_ogre_next_vendor:/opt/ros/jazzy/opt/gz_dartsim_vendor:/opt/ros/jazzy/opt/gz_cmake_vendor:/opt/ros/jazzy DEBUGINFOD_URLS=https://debuginfod.ubuntu.com LD_LIBRARY_PATH=/home/amoulouel/bumperbot_ws/install/bumperbot_msgs/lib:${LD_LIBRARY_PATH} PYTHONPATH=/home/amoulouel/bumperbot_ws/install/bumperbot_msgs/lib/python3.12/site-packages:${PYTHONPATH} /usr/bin/cmake --build /home/amoulouel/bumperbot_ws/build/bumperbot_cpp_examples -- -j16 -l16
