[0.033s] Invoking command in '/home/amoulouel/bumperbot_ws/build/bumperbot_firmware': CMAKE_PREFIX_PATH=${CMAKE_PREFIX_PATH}:/home/amoulouel/bumperbot_ws/install/bumperbot_py_examples:/opt/ros/jazzy DEBUGINFOD_URLS=https://debuginfod.ubuntu.com /usr/bin/cmake --build /home/amoulouel/bumperbot_ws/build/bumperbot_firmware -- -j16 -l16
[0.244s] [  0%] Built target ament_cmake_python_copy_bumperbot_firmware
[0.306s] [ 33%] Built target simple_serial_receiver
[0.306s] [ 66%] Built target simple_serial_transmitter
[0.393s] [100%] Built target bumperbot_firmware
[0.650s] running egg_info
[0.694s] writing bumperbot_firmware.egg-info/PKG-INFO
[0.694s] writing dependency_links to bumperbot_firmware.egg-info/dependency_links.txt
[0.695s] writing top-level names to bumperbot_firmware.egg-info/top_level.txt
[0.805s] reading manifest file 'bumperbot_firmware.egg-info/SOURCES.txt'
[0.805s] writing manifest file 'bumperbot_firmware.egg-info/SOURCES.txt'
[0.870s] [100%] Built target ament_cmake_python_build_bumperbot_firmware_egg
[0.894s] Invoked command in '/home/amoulouel/bumperbot_ws/build/bumperbot_firmware' returned '0': CMAKE_PREFIX_PATH=${CMAKE_PREFIX_PATH}:/home/amoulouel/bumperbot_ws/install/bumperbot_py_examples:/opt/ros/jazzy DEBUGINFOD_URLS=https://debuginfod.ubuntu.com /usr/bin/cmake --build /home/amoulouel/bumperbot_ws/build/bumperbot_firmware -- -j16 -l16
[0.896s] Invoking command in '/home/amoulouel/bumperbot_ws/build/bumperbot_firmware': CMAKE_PREFIX_PATH=${CMAKE_PREFIX_PATH}:/home/amoulouel/bumperbot_ws/install/bumperbot_py_examples:/opt/ros/jazzy DEBUGINFOD_URLS=https://debuginfod.ubuntu.com /usr/bin/cmake --install /home/amoulouel/bumperbot_ws/build/bumperbot_firmware
[0.908s] -- Install configuration: ""
[0.908s] -- Up-to-date: /home/amoulouel/bumperbot_ws/install/bumperbot_firmware/share/bumperbot_firmware/environment/pythonpath.sh
[0.909s] -- Up-to-date: /home/amoulouel/bumperbot_ws/install/bumperbot_firmware/share/bumperbot_firmware/environment/pythonpath.dsv
[0.909s] -- Up-to-date: /home/amoulouel/bumperbot_ws/install/bumperbot_firmware/lib/python3.12/site-packages/bumperbot_firmware-0.0.0-py3.12.egg-info
[0.910s] -- Installing: /home/amoulouel/bumperbot_ws/install/bumperbot_firmware/lib/python3.12/site-packages/bumperbot_firmware-0.0.0-py3.12.egg-info/dependency_links.txt
[0.910s] -- Installing: /home/amoulouel/bumperbot_ws/install/bumperbot_firmware/lib/python3.12/site-packages/bumperbot_firmware-0.0.0-py3.12.egg-info/top_level.txt
[0.910s] -- Installing: /home/amoulouel/bumperbot_ws/install/bumperbot_firmware/lib/python3.12/site-packages/bumperbot_firmware-0.0.0-py3.12.egg-info/PKG-INFO
[0.910s] -- Installing: /home/amoulouel/bumperbot_ws/install/bumperbot_firmware/lib/python3.12/site-packages/bumperbot_firmware-0.0.0-py3.12.egg-info/SOURCES.txt
[0.911s] -- Up-to-date: /home/amoulouel/bumperbot_ws/install/bumperbot_firmware/lib/python3.12/site-packages/bumperbot_firmware
[0.911s] -- Up-to-date: /home/amoulouel/bumperbot_ws/install/bumperbot_firmware/lib/python3.12/site-packages/bumperbot_firmware/mpu6050_driver.py
[0.911s] -- Up-to-date: /home/amoulouel/bumperbot_ws/install/bumperbot_firmware/lib/python3.12/site-packages/bumperbot_firmware/__init__.py
[0.911s] -- Up-to-date: /home/amoulouel/bumperbot_ws/install/bumperbot_firmware/lib/python3.12/site-packages/bumperbot_firmware/simple_serial_receiver.py
[0.911s] -- Up-to-date: /home/amoulouel/bumperbot_ws/install/bumperbot_firmware/lib/python3.12/site-packages/bumperbot_firmware/simple_serial_transmitter.py
[0.982s] Listing '/home/amoulouel/bumperbot_ws/install/bumperbot_firmware/lib/python3.12/site-packages/bumperbot_firmware'...
[0.996s] -- Up-to-date: /home/amoulouel/bumperbot_ws/install/bumperbot_firmware/share/bumperbot_firmware/bumperbot_interface.xml
[0.996s] -- Up-to-date: /home/amoulouel/bumperbot_ws/install/bumperbot_firmware/lib/libbumperbot_firmware.so
[0.996s] -- Up-to-date: /home/amoulouel/bumperbot_ws/install/bumperbot_firmware/include/include
[0.997s] -- Up-to-date: /home/amoulouel/bumperbot_ws/install/bumperbot_firmware/include/include/bumperbot_firmware
[0.997s] -- Up-to-date: /home/amoulouel/bumperbot_ws/install/bumperbot_firmware/include/include/bumperbot_firmware/bumperbot_interface.hpp
[0.997s] -- Up-to-date: /home/amoulouel/bumperbot_ws/install/bumperbot_firmware/share/bumperbot_firmware/launch
[0.997s] -- Up-to-date: /home/amoulouel/bumperbot_ws/install/bumperbot_firmware/share/bumperbot_firmware/launch/hardware_interface.launch.py
[0.997s] -- Up-to-date: /home/amoulouel/bumperbot_ws/install/bumperbot_firmware/lib/bumperbot_firmware/simple_serial_transmitter.py
[0.997s] -- Up-to-date: /home/amoulouel/bumperbot_ws/install/bumperbot_firmware/lib/bumperbot_firmware/simple_serial_receiver.py
[0.997s] -- Up-to-date: /home/amoulouel/bumperbot_ws/install/bumperbot_firmware/lib/bumperbot_firmware/mpu6050_driver.py
[0.998s] -- Up-to-date: /home/amoulouel/bumperbot_ws/install/bumperbot_firmware/lib/bumperbot_firmware/simple_serial_receiver
[0.998s] -- Up-to-date: /home/amoulouel/bumperbot_ws/install/bumperbot_firmware/lib/bumperbot_firmware/simple_serial_transmitter
[0.998s] -- Up-to-date: /home/amoulouel/bumperbot_ws/install/bumperbot_firmware/share/bumperbot_firmware/environment/library_path.sh
[0.998s] -- Up-to-date: /home/amoulouel/bumperbot_ws/install/bumperbot_firmware/share/bumperbot_firmware/environment/library_path.dsv
[0.998s] -- Up-to-date: /home/amoulouel/bumperbot_ws/install/bumperbot_firmware/share/ament_index/resource_index/package_run_dependencies/bumperbot_firmware
[0.998s] -- Up-to-date: /home/amoulouel/bumperbot_ws/install/bumperbot_firmware/share/ament_index/resource_index/parent_prefix_path/bumperbot_firmware
[0.998s] -- Up-to-date: /home/amoulouel/bumperbot_ws/install/bumperbot_firmware/share/bumperbot_firmware/environment/ament_prefix_path.sh
[0.998s] -- Up-to-date: /home/amoulouel/bumperbot_ws/install/bumperbot_firmware/share/bumperbot_firmware/environment/ament_prefix_path.dsv
[0.999s] -- Up-to-date: /home/amoulouel/bumperbot_ws/install/bumperbot_firmware/share/bumperbot_firmware/environment/path.sh
[0.999s] -- Up-to-date: /home/amoulouel/bumperbot_ws/install/bumperbot_firmware/share/bumperbot_firmware/environment/path.dsv
[0.999s] -- Up-to-date: /home/amoulouel/bumperbot_ws/install/bumperbot_firmware/share/bumperbot_firmware/local_setup.bash
[0.999s] -- Up-to-date: /home/amoulouel/bumperbot_ws/install/bumperbot_firmware/share/bumperbot_firmware/local_setup.sh
[0.999s] -- Up-to-date: /home/amoulouel/bumperbot_ws/install/bumperbot_firmware/share/bumperbot_firmware/local_setup.zsh
[0.999s] -- Up-to-date: /home/amoulouel/bumperbot_ws/install/bumperbot_firmware/share/bumperbot_firmware/local_setup.dsv
[0.999s] -- Installing: /home/amoulouel/bumperbot_ws/install/bumperbot_firmware/share/bumperbot_firmware/package.dsv
[0.999s] -- Up-to-date: /home/amoulouel/bumperbot_ws/install/bumperbot_firmware/share/ament_index/resource_index/packages/bumperbot_firmware
[0.999s] -- Up-to-date: /home/amoulouel/bumperbot_ws/install/bumperbot_firmware/share/ament_index/resource_index/hardware_interface__pluginlib__plugin/bumperbot_firmware
[0.999s] -- Up-to-date: /home/amoulouel/bumperbot_ws/install/bumperbot_firmware/share/bumperbot_firmware/cmake/ament_cmake_export_include_directories-extras.cmake
[1.000s] -- Up-to-date: /home/amoulouel/bumperbot_ws/install/bumperbot_firmware/share/bumperbot_firmware/cmake/ament_cmake_export_libraries-extras.cmake
[1.000s] -- Up-to-date: /home/amoulouel/bumperbot_ws/install/bumperbot_firmware/share/bumperbot_firmware/cmake/ament_cmake_export_dependencies-extras.cmake
[1.000s] -- Up-to-date: /home/amoulouel/bumperbot_ws/install/bumperbot_firmware/share/bumperbot_firmware/cmake/bumperbot_firmwareConfig.cmake
[1.000s] -- Up-to-date: /home/amoulouel/bumperbot_ws/install/bumperbot_firmware/share/bumperbot_firmware/cmake/bumperbot_firmwareConfig-version.cmake
[1.000s] -- Up-to-date: /home/amoulouel/bumperbot_ws/install/bumperbot_firmware/share/bumperbot_firmware/package.xml
[1.004s] Invoked command in '/home/amoulouel/bumperbot_ws/build/bumperbot_firmware' returned '0': CMAKE_PREFIX_PATH=${CMAKE_PREFIX_PATH}:/home/amoulouel/bumperbot_ws/install/bumperbot_py_examples:/opt/ros/jazzy DEBUGINFOD_URLS=https://debuginfod.ubuntu.com /usr/bin/cmake --install /home/amoulouel/bumperbot_ws/build/bumperbot_firmware
