[0.021s] Invoking command in '/home/amoulouel/bumperbot_ws/build/bumperbot_msgs': CMAKE_PREFIX_PATH=${CMAKE_PREFIX_PATH}:/home/amoulouel/bumperbot_ws/install/bumperbot_py_examples:/opt/ros/jazzy DEBUGINFOD_URLS=https://debuginfod.ubuntu.com /usr/bin/cmake --build /home/amoulouel/bumperbot_ws/build/bumperbot_msgs -- -j16 -l16
[0.070s] [  2%] Built target bumperbot_msgs__rosidl_generator_type_description
[0.081s] [  2%] Built target ament_cmake_python_copy_bumperbot_msgs
[0.124s] [  4%] Built target bumperbot_msgs__cpp
[0.132s] [ 22%] Built target bumperbot_msgs__rosidl_generator_c
[0.197s] [ 40%] Built target bumperbot_msgs__rosidl_typesupport_c
[0.197s] [ 40%] Built target bumperbot_msgs__rosidl_typesupport_introspection_c
[0.197s] [ 50%] Built target bumperbot_msgs__rosidl_typesupport_fastrtps_cpp
[0.197s] [ 59%] Built target bumperbot_msgs__rosidl_typesupport_cpp
[0.197s] [ 68%] Built target bumperbot_msgs__rosidl_typesupport_fastrtps_c
[0.198s] [ 77%] Built target bumperbot_msgs__rosidl_typesupport_introspection_cpp
[0.198s] [ 77%] Built target bumperbot_msgs
[0.199s] [ 79%] Built target bumperbot_msgs__py
[0.214s] [ 86%] Built target bumperbot_msgs__rosidl_generator_py
[0.240s] [ 95%] Built target bumperbot_msgs_s__rosidl_typesupport_fastrtps_c
[0.240s] [ 95%] Built target bumperbot_msgs_s__rosidl_typesupport_introspection_c
[0.241s] [100%] Built target bumperbot_msgs_s__rosidl_typesupport_c
[0.321s] running egg_info
[0.339s] writing bumperbot_msgs.egg-info/PKG-INFO
[0.339s] writing dependency_links to bumperbot_msgs.egg-info/dependency_links.txt
[0.339s] writing top-level names to bumperbot_msgs.egg-info/top_level.txt
[0.395s] reading manifest file 'bumperbot_msgs.egg-info/SOURCES.txt'
[0.396s] writing manifest file 'bumperbot_msgs.egg-info/SOURCES.txt'
[0.424s] [100%] Built target ament_cmake_python_build_bumperbot_msgs_egg
