[0.021s] Invoking command in '/home/amoulouel/bumperbot_ws/build/bumperbot_localization': CMAKE_PREFIX_PATH=${CMAKE_PREFIX_PATH}:/home/amoulouel/bumperbot_ws/install/bumperbot_py_examples:/opt/ros/jazzy DEBUGINFOD_URLS=https://debuginfod.ubuntu.com /usr/bin/cmake --build /home/amoulouel/bumperbot_ws/build/bumperbot_localization -- -j16 -l16
[0.046s] -- Found ament_cmake: 2.5.3 (/opt/ros/jazzy/share/ament_cmake/cmake)
[0.344s] -- Found rclcpp: 28.1.6 (/opt/ros/jazzy/share/rclcpp/cmake)
[0.383s] -- Found rosidl_generator_c: 4.6.5 (/opt/ros/jazzy/share/rosidl_generator_c/cmake)
[0.399s] -- Found rosidl_generator_cpp: 4.6.5 (/opt/ros/jazzy/share/rosidl_generator_cpp/cmake)
[0.418s] -- Using all available rosidl_typesupport_c: rosidl_typesupport_fastrtps_c;rosidl_typesupport_introspection_c
[0.442s] -- Using all available rosidl_typesupport_cpp: rosidl_typesupport_fastrtps_cpp;rosidl_typesupport_introspection_cpp
[0.547s] -- Found rmw_implementation_cmake: 7.3.1 (/opt/ros/jazzy/share/rmw_implementation_cmake/cmake)
[0.549s] -- Found rmw_fastrtps_cpp: 8.4.1 (/opt/ros/jazzy/share/rmw_fastrtps_cpp/cmake)
[0.630s] -- Using RMW implementation 'rmw_fastrtps_cpp' as default
[0.699s] -- Found rclpy: 7.1.3 (/opt/ros/jazzy/share/rclpy/cmake)
[0.699s] -- Found nav_msgs: 5.3.5 (/opt/ros/jazzy/share/nav_msgs/cmake)
[0.751s] -- Found sensor_msgs: 5.3.5 (/opt/ros/jazzy/share/sensor_msgs/cmake)
[0.780s] -- Found tf2: 0.36.8 (/opt/ros/jazzy/share/tf2/cmake)
[0.982s] -- Configuring done (0.9s)
[0.998s] -- Generating done (0.0s)
[1.004s] -- Build files have been written to: /home/amoulouel/bumperbot_ws/build/bumperbot_localization
[1.044s] [ 16%] [32mBuilding CXX object CMakeFiles/odometry_motion_model.dir/src/odometry_motion_model.cpp.o[0m
[1.051s] [ 50%] Built target ament_cmake_python_copy_bumperbot_localization
[1.052s] [ 83%] Built target kalman_filter
[1.052s] [ 83%] Built target imu_republisher
[1.055s] [01m[K/home/amoulouel/bumperbot_ws/src/bumperbot_localization/src/odometry_motion_model.cpp:1:10:[m[K [01;31m[Kfatal error: [m[Kbumperbot_localization/odometrey_motion_model.hpp: No such file or directory
[1.056s]     1 | #include [01;31m[K"bumperbot_localization/odometrey_motion_model.hpp"[m[K
[1.056s]       |          [01;31m[K^~~~~~~~~~~~~~~~~~~~~~~~~~~~~~~~~~~~~~~~~~~~~~~~~~~[m[K
[1.056s] compilation terminated.
[1.056s] gmake[2]: *** [CMakeFiles/odometry_motion_model.dir/build.make:76: CMakeFiles/odometry_motion_model.dir/src/odometry_motion_model.cpp.o] Error 1
[1.056s] gmake[1]: *** [CMakeFiles/Makefile2:196: CMakeFiles/odometry_motion_model.dir/all] Error 2
[1.056s] gmake[1]: *** Waiting for unfinished jobs....
[1.247s] running egg_info
[1.265s] writing bumperbot_localization.egg-info/PKG-INFO
[1.266s] writing dependency_links to bumperbot_localization.egg-info/dependency_links.txt
[1.266s] writing top-level names to bumperbot_localization.egg-info/top_level.txt
[1.320s] reading manifest file 'bumperbot_localization.egg-info/SOURCES.txt'
[1.321s] writing manifest file 'bumperbot_localization.egg-info/SOURCES.txt'
[1.348s] [ 83%] Built target ament_cmake_python_build_bumperbot_localization_egg
[1.350s] gmake: *** [Makefile:146: all] Error 2
[1.351s] Invoked command in '/home/amoulouel/bumperbot_ws/build/bumperbot_localization' returned '2': CMAKE_PREFIX_PATH=${CMAKE_PREFIX_PATH}:/home/amoulouel/bumperbot_ws/install/bumperbot_py_examples:/opt/ros/jazzy DEBUGINFOD_URLS=https://debuginfod.ubuntu.com /usr/bin/cmake --build /home/amoulouel/bumperbot_ws/build/bumperbot_localization -- -j16 -l16
