[0.030s] Invoking command in '/home/amoulouel/bumperbot_ws/build/bumperbot_utils': CMAKE_PREFIX_PATH=${CMAKE_PREFIX_PATH}:/opt/ros/jazzy DEBUGINFOD_URLS=https://debuginfod.ubuntu.com /usr/bin/cmake --build /home/amoulouel/bumperbot_ws/build/bumperbot_utils -- -j16 -l16
[0.267s] [  0%] Built target ament_cmake_python_copy_bumperbot_utils
[0.305s] [ 50%] [32mBuilding CXX object CMakeFiles/safety_stop.dir/src/safety_stop.cpp.o[0m
[0.537s] running egg_info
[0.576s] writing bumperbot_utils.egg-info/PKG-INFO
[0.577s] writing dependency_links to bumperbot_utils.egg-info/dependency_links.txt
[0.577s] writing top-level names to bumperbot_utils.egg-info/top_level.txt
[0.710s] reading manifest file 'bumperbot_utils.egg-info/SOURCES.txt'
[0.712s] writing manifest file 'bumperbot_utils.egg-info/SOURCES.txt'
[0.811s] [ 50%] Built target ament_cmake_python_build_bumperbot_utils_egg
[9.043s] [100%] [32m[1mLinking CXX executable safety_stop[0m
[9.353s] [100%] Built target safety_stop
[9.363s] Invoked command in '/home/amoulouel/bumperbot_ws/build/bumperbot_utils' returned '0': CMAKE_PREFIX_PATH=${CMAKE_PREFIX_PATH}:/opt/ros/jazzy DEBUGINFOD_URLS=https://debuginfod.ubuntu.com /usr/bin/cmake --build /home/amoulouel/bumperbot_ws/build/bumperbot_utils -- -j16 -l16
[9.364s] Invoking command in '/home/amoulouel/bumperbot_ws/build/bumperbot_utils': CMAKE_PREFIX_PATH=${CMAKE_PREFIX_PATH}:/opt/ros/jazzy DEBUGINFOD_URLS=https://debuginfod.ubuntu.com /usr/bin/cmake --install /home/amoulouel/bumperbot_ws/build/bumperbot_utils
[9.370s] -- Install configuration: ""
[9.370s] -- Up-to-date: /home/amoulouel/bumperbot_ws/install/bumperbot_utils/share/bumperbot_utils/environment/pythonpath.sh
[9.370s] -- Up-to-date: /home/amoulouel/bumperbot_ws/install/bumperbot_utils/share/bumperbot_utils/environment/pythonpath.dsv
[9.370s] -- Up-to-date: /home/amoulouel/bumperbot_ws/install/bumperbot_utils/lib/python3.12/site-packages/bumperbot_utils-0.0.0-py3.12.egg-info
[9.371s] -- Installing: /home/amoulouel/bumperbot_ws/install/bumperbot_utils/lib/python3.12/site-packages/bumperbot_utils-0.0.0-py3.12.egg-info/dependency_links.txt
[9.371s] -- Installing: /home/amoulouel/bumperbot_ws/install/bumperbot_utils/lib/python3.12/site-packages/bumperbot_utils-0.0.0-py3.12.egg-info/top_level.txt
[9.371s] -- Installing: /home/amoulouel/bumperbot_ws/install/bumperbot_utils/lib/python3.12/site-packages/bumperbot_utils-0.0.0-py3.12.egg-info/PKG-INFO
[9.371s] -- Installing: /home/amoulouel/bumperbot_ws/install/bumperbot_utils/lib/python3.12/site-packages/bumperbot_utils-0.0.0-py3.12.egg-info/SOURCES.txt
[9.371s] -- Up-to-date: /home/amoulouel/bumperbot_ws/install/bumperbot_utils/lib/python3.12/site-packages/bumperbot_utils
[9.371s] -- Up-to-date: /home/amoulouel/bumperbot_ws/install/bumperbot_utils/lib/python3.12/site-packages/bumperbot_utils/__init__.py
[9.371s] -- Up-to-date: /home/amoulouel/bumperbot_ws/install/bumperbot_utils/lib/python3.12/site-packages/bumperbot_utils/safety_stop.py
[9.400s] Listing '/home/amoulouel/bumperbot_ws/install/bumperbot_utils/lib/python3.12/site-packages/bumperbot_utils'...
[9.405s] -- Installing: /home/amoulouel/bumperbot_ws/install/bumperbot_utils/lib/bumperbot_utils/safety_stop
[9.411s] -- Set non-toolchain portion of runtime path of "/home/amoulouel/bumperbot_ws/install/bumperbot_utils/lib/bumperbot_utils/safety_stop" to ""
[9.411s] -- Up-to-date: /home/amoulouel/bumperbot_ws/install/bumperbot_utils/lib/bumperbot_utils/safety_stop.py
[9.411s] -- Up-to-date: /home/amoulouel/bumperbot_ws/install/bumperbot_utils/share/ament_index/resource_index/package_run_dependencies/bumperbot_utils
[9.411s] -- Up-to-date: /home/amoulouel/bumperbot_ws/install/bumperbot_utils/share/ament_index/resource_index/parent_prefix_path/bumperbot_utils
[9.411s] -- Up-to-date: /home/amoulouel/bumperbot_ws/install/bumperbot_utils/share/bumperbot_utils/environment/ament_prefix_path.sh
[9.411s] -- Up-to-date: /home/amoulouel/bumperbot_ws/install/bumperbot_utils/share/bumperbot_utils/environment/ament_prefix_path.dsv
[9.411s] -- Up-to-date: /home/amoulouel/bumperbot_ws/install/bumperbot_utils/share/bumperbot_utils/environment/path.sh
[9.411s] -- Up-to-date: /home/amoulouel/bumperbot_ws/install/bumperbot_utils/share/bumperbot_utils/environment/path.dsv
[9.411s] -- Up-to-date: /home/amoulouel/bumperbot_ws/install/bumperbot_utils/share/bumperbot_utils/local_setup.bash
[9.411s] -- Up-to-date: /home/amoulouel/bumperbot_ws/install/bumperbot_utils/share/bumperbot_utils/local_setup.sh
[9.412s] -- Up-to-date: /home/amoulouel/bumperbot_ws/install/bumperbot_utils/share/bumperbot_utils/local_setup.zsh
[9.412s] -- Up-to-date: /home/amoulouel/bumperbot_ws/install/bumperbot_utils/share/bumperbot_utils/local_setup.dsv
[9.412s] -- Installing: /home/amoulouel/bumperbot_ws/install/bumperbot_utils/share/bumperbot_utils/package.dsv
[9.412s] -- Up-to-date: /home/amoulouel/bumperbot_ws/install/bumperbot_utils/share/ament_index/resource_index/packages/bumperbot_utils
[9.412s] -- Up-to-date: /home/amoulouel/bumperbot_ws/install/bumperbot_utils/share/bumperbot_utils/cmake/bumperbot_utilsConfig.cmake
[9.412s] -- Up-to-date: /home/amoulouel/bumperbot_ws/install/bumperbot_utils/share/bumperbot_utils/cmake/bumperbot_utilsConfig-version.cmake
[9.412s] -- Up-to-date: /home/amoulouel/bumperbot_ws/install/bumperbot_utils/share/bumperbot_utils/package.xml
[9.414s] Invoked command in '/home/amoulouel/bumperbot_ws/build/bumperbot_utils' returned '0': CMAKE_PREFIX_PATH=${CMAKE_PREFIX_PATH}:/opt/ros/jazzy DEBUGINFOD_URLS=https://debuginfod.ubuntu.com /usr/bin/cmake --install /home/amoulouel/bumperbot_ws/build/bumperbot_utils
