[0.018s] Invoking command in '/home/amoulouel/bumperbot_ws/src/build/bumperbot_bringup': CMAKE_PREFIX_PATH=${CMAKE_PREFIX_PATH}:/opt/ros/jazzy DEBUGINFOD_URLS=https://debuginfod.ubuntu.com /usr/bin/cmake /home/amoulouel/bumperbot_ws/src/bumperbot_bringup -DCMAKE_INSTALL_PREFIX=/home/amoulouel/bumperbot_ws/src/install/bumperbot_bringup
[0.070s] -- The C compiler identification is GNU 13.3.0
[0.131s] -- The CXX compiler identification is GNU 13.3.0
[0.147s] -- Detecting C compiler ABI info
[0.226s] -- Detecting C compiler ABI info - done
[0.243s] -- Check for working C compiler: /usr/bin/cc - skipped
[0.243s] -- Detecting C compile features
[0.244s] -- Detecting C compile features - done
[0.252s] -- Detecting CXX compiler ABI info
[0.355s] -- Detecting CXX compiler ABI info - done
[0.365s] -- Check for working CXX compiler: /usr/bin/c++ - skipped
[0.365s] -- Detecting CXX compile features
[0.366s] -- Detecting CXX compile features - done
[0.370s] -- Found ament_cmake: 2.5.3 (/opt/ros/jazzy/share/ament_cmake/cmake)
[0.565s] -- Found Python3: /usr/bin/python3 (found version "3.12.3") found components: Interpreter 
[0.801s] -- Configuring done (0.8s)
[0.804s] -- Generating done (0.0s)
[0.806s] -- Build files have been written to: /home/amoulouel/bumperbot_ws/src/build/bumperbot_bringup
[0.812s] Invoked command in '/home/amoulouel/bumperbot_ws/src/build/bumperbot_bringup' returned '0': CMAKE_PREFIX_PATH=${CMAKE_PREFIX_PATH}:/opt/ros/jazzy DEBUGINFOD_URLS=https://debuginfod.ubuntu.com /usr/bin/cmake /home/amoulouel/bumperbot_ws/src/bumperbot_bringup -DCMAKE_INSTALL_PREFIX=/home/amoulouel/bumperbot_ws/src/install/bumperbot_bringup
[0.814s] Invoking command in '/home/amoulouel/bumperbot_ws/src/build/bumperbot_bringup': CMAKE_PREFIX_PATH=${CMAKE_PREFIX_PATH}:/opt/ros/jazzy DEBUGINFOD_URLS=https://debuginfod.ubuntu.com /usr/bin/cmake --build /home/amoulouel/bumperbot_ws/src/build/bumperbot_bringup -- -j16 -l16
[0.857s] Invoked command in '/home/amoulouel/bumperbot_ws/src/build/bumperbot_bringup' returned '0': CMAKE_PREFIX_PATH=${CMAKE_PREFIX_PATH}:/opt/ros/jazzy DEBUGINFOD_URLS=https://debuginfod.ubuntu.com /usr/bin/cmake --build /home/amoulouel/bumperbot_ws/src/build/bumperbot_bringup -- -j16 -l16
[0.868s] Invoking command in '/home/amoulouel/bumperbot_ws/src/build/bumperbot_bringup': CMAKE_PREFIX_PATH=${CMAKE_PREFIX_PATH}:/opt/ros/jazzy DEBUGINFOD_URLS=https://debuginfod.ubuntu.com /usr/bin/cmake --install /home/amoulouel/bumperbot_ws/src/build/bumperbot_bringup
[0.875s] -- Install configuration: ""
[0.875s] -- Installing: /home/amoulouel/bumperbot_ws/src/install/bumperbot_bringup/share/bumperbot_bringup/launch
[0.875s] -- Installing: /home/amoulouel/bumperbot_ws/src/install/bumperbot_bringup/share/bumperbot_bringup/launch/simulated_robot.launch.py
[0.876s] -- Installing: /home/amoulouel/bumperbot_ws/src/install/bumperbot_bringup/share/bumperbot_bringup/launch/real_robot.launch.py
[0.876s] -- Installing: /home/amoulouel/bumperbot_ws/src/install/bumperbot_bringup/share/ament_index/resource_index/package_run_dependencies/bumperbot_bringup
[0.876s] -- Installing: /home/amoulouel/bumperbot_ws/src/install/bumperbot_bringup/share/ament_index/resource_index/parent_prefix_path/bumperbot_bringup
[0.876s] -- Installing: /home/amoulouel/bumperbot_ws/src/install/bumperbot_bringup/share/bumperbot_bringup/environment/ament_prefix_path.sh
[0.876s] -- Installing: /home/amoulouel/bumperbot_ws/src/install/bumperbot_bringup/share/bumperbot_bringup/environment/ament_prefix_path.dsv
[0.876s] -- Installing: /home/amoulouel/bumperbot_ws/src/install/bumperbot_bringup/share/bumperbot_bringup/environment/path.sh
[0.876s] -- Installing: /home/amoulouel/bumperbot_ws/src/install/bumperbot_bringup/share/bumperbot_bringup/environment/path.dsv
[0.876s] -- Installing: /home/amoulouel/bumperbot_ws/src/install/bumperbot_bringup/share/bumperbot_bringup/local_setup.bash
[0.876s] -- Installing: /home/amoulouel/bumperbot_ws/src/install/bumperbot_bringup/share/bumperbot_bringup/local_setup.sh
[0.876s] -- Installing: /home/amoulouel/bumperbot_ws/src/install/bumperbot_bringup/share/bumperbot_bringup/local_setup.zsh
[0.876s] -- Installing: /home/amoulouel/bumperbot_ws/src/install/bumperbot_bringup/share/bumperbot_bringup/local_setup.dsv
[0.876s] -- Installing: /home/amoulouel/bumperbot_ws/src/install/bumperbot_bringup/share/bumperbot_bringup/package.dsv
[0.876s] -- Installing: /home/amoulouel/bumperbot_ws/src/install/bumperbot_bringup/share/ament_index/resource_index/packages/bumperbot_bringup
[0.876s] -- Installing: /home/amoulouel/bumperbot_ws/src/install/bumperbot_bringup/share/bumperbot_bringup/cmake/bumperbot_bringupConfig.cmake
[0.877s] -- Installing: /home/amoulouel/bumperbot_ws/src/install/bumperbot_bringup/share/bumperbot_bringup/cmake/bumperbot_bringupConfig-version.cmake
[0.877s] -- Installing: /home/amoulouel/bumperbot_ws/src/install/bumperbot_bringup/share/bumperbot_bringup/package.xml
[0.879s] Invoked command in '/home/amoulouel/bumperbot_ws/src/build/bumperbot_bringup' returned '0': CMAKE_PREFIX_PATH=${CMAKE_PREFIX_PATH}:/opt/ros/jazzy DEBUGINFOD_URLS=https://debuginfod.ubuntu.com /usr/bin/cmake --install /home/amoulouel/bumperbot_ws/src/build/bumperbot_bringup
