[0.026s] Invoking command in '/home/amoulouel/bumperbot_ws/build/bumperbot_mapping': CMAKE_PREFIX_PATH=${CMAKE_PREFIX_PATH}:/home/amoulouel/bumperbot_ws/install/bumperbot_py_examples:/opt/ros/jazzy DEBUGINFOD_URLS=https://debuginfod.ubuntu.com /usr/bin/cmake --build /home/amoulouel/bumperbot_ws/build/bumperbot_mapping -- -j16 -l16
[0.145s] [  0%] Built target ament_cmake_python_copy_bumperbot_mapping
[0.176s] [100%] Built target mapping_with_known_poses
[0.488s] running egg_info
[0.520s] writing bumperbot_mapping.egg-info/PKG-INFO
[0.521s] writing dependency_links to bumperbot_mapping.egg-info/dependency_links.txt
[0.521s] writing top-level names to bumperbot_mapping.egg-info/top_level.txt
[0.605s] reading manifest file 'bumperbot_mapping.egg-info/SOURCES.txt'
[0.606s] writing manifest file 'bumperbot_mapping.egg-info/SOURCES.txt'
[0.652s] [100%] Built target ament_cmake_python_build_bumperbot_mapping_egg
[0.660s] Invoked command in '/home/amoulouel/bumperbot_ws/build/bumperbot_mapping' returned '0': CMAKE_PREFIX_PATH=${CMAKE_PREFIX_PATH}:/home/amoulouel/bumperbot_ws/install/bumperbot_py_examples:/opt/ros/jazzy DEBUGINFOD_URLS=https://debuginfod.ubuntu.com /usr/bin/cmake --build /home/amoulouel/bumperbot_ws/build/bumperbot_mapping -- -j16 -l16
[0.662s] Invoking command in '/home/amoulouel/bumperbot_ws/build/bumperbot_mapping': CMAKE_PREFIX_PATH=${CMAKE_PREFIX_PATH}:/home/amoulouel/bumperbot_ws/install/bumperbot_py_examples:/opt/ros/jazzy DEBUGINFOD_URLS=https://debuginfod.ubuntu.com /usr/bin/cmake --install /home/amoulouel/bumperbot_ws/build/bumperbot_mapping
[0.675s] -- Install configuration: ""
[0.675s] -- Up-to-date: /home/amoulouel/bumperbot_ws/install/bumperbot_mapping/share/bumperbot_mapping/environment/pythonpath.sh
[0.675s] -- Up-to-date: /home/amoulouel/bumperbot_ws/install/bumperbot_mapping/share/bumperbot_mapping/environment/pythonpath.dsv
[0.675s] -- Up-to-date: /home/amoulouel/bumperbot_ws/install/bumperbot_mapping/lib/python3.12/site-packages/bumperbot_mapping-0.0.0-py3.12.egg-info
[0.675s] -- Installing: /home/amoulouel/bumperbot_ws/install/bumperbot_mapping/lib/python3.12/site-packages/bumperbot_mapping-0.0.0-py3.12.egg-info/dependency_links.txt
[0.675s] -- Installing: /home/amoulouel/bumperbot_ws/install/bumperbot_mapping/lib/python3.12/site-packages/bumperbot_mapping-0.0.0-py3.12.egg-info/top_level.txt
[0.675s] -- Installing: /home/amoulouel/bumperbot_ws/install/bumperbot_mapping/lib/python3.12/site-packages/bumperbot_mapping-0.0.0-py3.12.egg-info/PKG-INFO
[0.676s] -- Installing: /home/amoulouel/bumperbot_ws/install/bumperbot_mapping/lib/python3.12/site-packages/bumperbot_mapping-0.0.0-py3.12.egg-info/SOURCES.txt
[0.676s] -- Up-to-date: /home/amoulouel/bumperbot_ws/install/bumperbot_mapping/lib/python3.12/site-packages/bumperbot_mapping
[0.676s] -- Installing: /home/amoulouel/bumperbot_ws/install/bumperbot_mapping/lib/python3.12/site-packages/bumperbot_mapping/__init__.py
[0.676s] -- Installing: /home/amoulouel/bumperbot_ws/install/bumperbot_mapping/lib/python3.12/site-packages/bumperbot_mapping/mapping_with_known_poses.py
[0.710s] Listing '/home/amoulouel/bumperbot_ws/install/bumperbot_mapping/lib/python3.12/site-packages/bumperbot_mapping'...
[0.710s] Compiling '/home/amoulouel/bumperbot_ws/install/bumperbot_mapping/lib/python3.12/site-packages/bumperbot_mapping/__init__.py'...
[0.710s] Compiling '/home/amoulouel/bumperbot_ws/install/bumperbot_mapping/lib/python3.12/site-packages/bumperbot_mapping/mapping_with_known_poses.py'...
[0.714s] -- Up-to-date: /home/amoulouel/bumperbot_ws/install/bumperbot_mapping/include/include
[0.714s] -- Up-to-date: /home/amoulouel/bumperbot_ws/install/bumperbot_mapping/include/include/bumperbot_mapping
[0.715s] -- Up-to-date: /home/amoulouel/bumperbot_ws/install/bumperbot_mapping/include/include/bumperbot_mapping/mapping_with_known_poses.hpp
[0.715s] -- Up-to-date: /home/amoulouel/bumperbot_ws/install/bumperbot_mapping/lib/bumperbot_mapping/mapping_with_known_poses
[0.716s] -- Installing: /home/amoulouel/bumperbot_ws/install/bumperbot_mapping/lib/bumperbot_mapping/mapping_with_known_poses.py
[0.716s] -- Up-to-date: /home/amoulouel/bumperbot_ws/install/bumperbot_mapping/share/bumperbot_mapping/maps
[0.716s] -- Up-to-date: /home/amoulouel/bumperbot_ws/install/bumperbot_mapping/share/bumperbot_mapping/maps/small_house
[0.716s] -- Up-to-date: /home/amoulouel/bumperbot_ws/install/bumperbot_mapping/share/bumperbot_mapping/maps/small_house/map.yaml
[0.716s] -- Up-to-date: /home/amoulouel/bumperbot_ws/install/bumperbot_mapping/share/bumperbot_mapping/maps/small_house/map.pgm
[0.716s] -- Up-to-date: /home/amoulouel/bumperbot_ws/install/bumperbot_mapping/share/ament_index/resource_index/package_run_dependencies/bumperbot_mapping
[0.717s] -- Up-to-date: /home/amoulouel/bumperbot_ws/install/bumperbot_mapping/share/ament_index/resource_index/parent_prefix_path/bumperbot_mapping
[0.717s] -- Up-to-date: /home/amoulouel/bumperbot_ws/install/bumperbot_mapping/share/bumperbot_mapping/environment/ament_prefix_path.sh
[0.717s] -- Up-to-date: /home/amoulouel/bumperbot_ws/install/bumperbot_mapping/share/bumperbot_mapping/environment/ament_prefix_path.dsv
[0.717s] -- Up-to-date: /home/amoulouel/bumperbot_ws/install/bumperbot_mapping/share/bumperbot_mapping/environment/path.sh
[0.717s] -- Up-to-date: /home/amoulouel/bumperbot_ws/install/bumperbot_mapping/share/bumperbot_mapping/environment/path.dsv
[0.717s] -- Up-to-date: /home/amoulouel/bumperbot_ws/install/bumperbot_mapping/share/bumperbot_mapping/local_setup.bash
[0.717s] -- Up-to-date: /home/amoulouel/bumperbot_ws/install/bumperbot_mapping/share/bumperbot_mapping/local_setup.sh
[0.717s] -- Up-to-date: /home/amoulouel/bumperbot_ws/install/bumperbot_mapping/share/bumperbot_mapping/local_setup.zsh
[0.718s] -- Up-to-date: /home/amoulouel/bumperbot_ws/install/bumperbot_mapping/share/bumperbot_mapping/local_setup.dsv
[0.718s] -- Installing: /home/amoulouel/bumperbot_ws/install/bumperbot_mapping/share/bumperbot_mapping/package.dsv
[0.718s] -- Up-to-date: /home/amoulouel/bumperbot_ws/install/bumperbot_mapping/share/ament_index/resource_index/packages/bumperbot_mapping
[0.718s] -- Up-to-date: /home/amoulouel/bumperbot_ws/install/bumperbot_mapping/share/bumperbot_mapping/cmake/bumperbot_mappingConfig.cmake
[0.718s] -- Up-to-date: /home/amoulouel/bumperbot_ws/install/bumperbot_mapping/share/bumperbot_mapping/cmake/bumperbot_mappingConfig-version.cmake
[0.718s] -- Up-to-date: /home/amoulouel/bumperbot_ws/install/bumperbot_mapping/share/bumperbot_mapping/package.xml
[0.749s] Invoked command in '/home/amoulouel/bumperbot_ws/build/bumperbot_mapping' returned '0': CMAKE_PREFIX_PATH=${CMAKE_PREFIX_PATH}:/home/amoulouel/bumperbot_ws/install/bumperbot_py_examples:/opt/ros/jazzy DEBUGINFOD_URLS=https://debuginfod.ubuntu.com /usr/bin/cmake --install /home/amoulouel/bumperbot_ws/build/bumperbot_mapping
