[0.021s] Invoking command in '/home/amoulouel/bumperbot_ws/build/bumperbot_cpp_examples': CMAKE_PREFIX_PATH=/home/amoulouel/bumperbot_ws/install/bumperbot_msgs:/home/amoulouel/bumperbot_ws/install/bumperbot_utils:/home/amoulouel/bumperbot_ws/install/bumperbot_cpp_examples:/home/amoulouel/bumperbot_ws/install/bumperbot_mapping:/home/amoulouel/bumperbot_ws/install/bumperbot_localization:/home/amoulouel/bumperbot_ws/install/bumperbot_firmware:/home/amoulouel/bumperbot_ws/install/bumperbot_description:/home/amoulouel/bumperbot_ws/install/bumperbot_controller:/home/amoulouel/bumperbot_ws/install/bumperbot_bringup:/opt/ros/jazzy/opt/gz_sim_vendor:/opt/ros/jazzy/opt/gz_sensors_vendor:/opt/ros/jazzy/opt/gz_physics_vendor:/opt/ros/jazzy/opt/sdformat_vendor:/opt/ros/jazzy/opt/gz_gui_vendor:/opt/ros/jazzy/opt/gz_transport_vendor:/opt/ros/jazzy/opt/gz_rendering_vendor:/opt/ros/jazzy/opt/gz_plugin_vendor:/opt/ros/jazzy/opt/gz_fuel_tools_vendor:/opt/ros/jazzy/opt/gz_msgs_vendor:/opt/ros/jazzy/opt/gz_common_vendor:/opt/ros/jazzy/opt/gz_math_vendor:/opt/ros/jazzy/opt/gz_utils_vendor:/opt/ros/jazzy/opt/gz_tools_vendor:/opt/ros/jazzy/opt/gz_ogre_next_vendor:/opt/ros/jazzy/opt/gz_dartsim_vendor:/opt/ros/jazzy/opt/gz_cmake_vendor:/home/amoulouel/bumperbot_ws/install/bumperbot_py_examples:/opt/ros/jazzy DEBUGINFOD_URLS=https://debuginfod.ubuntu.com PYTHONPATH=/home/amoulouel/bumperbot_ws/install/bumperbot_msgs/lib/python3.12/site-packages:/home/amoulouel/bumperbot_ws/install/bumperbot_utils/lib/python3.12/site-packages:/home/amoulouel/bumperbot_ws/install/bumperbot_py_examples/lib/python3.12/site-packages:/home/amoulouel/bumperbot_ws/install/bumperbot_localization/lib/python3.12/site-packages:/home/amoulouel/bumperbot_ws/install/bumperbot_firmware/lib/python3.12/site-packages:/home/amoulouel/bumperbot_ws/install/bumperbot_controller/lib/python3.12/site-packages:/opt/ros/jazzy/lib/python3.12/site-packages /usr/bin/cmake --build /home/amoulouel/bumperbot_ws/build/bumperbot_cpp_examples -- -j16 -l16
[0.089s] [ 10%] Built target simple_subscriber
[0.089s] [ 20%] Built target simple_turtlesim_kinematics
[0.089s] [ 30%] [32mBuilding CXX object CMakeFiles/simple_qos_publisher.dir/src/simple_qos_publisher.cpp.o[0m
[0.090s] [ 45%] Built target simple_service_server
[0.090s] [ 45%] Built target simple_publisher
[0.090s] [ 55%] Built target simple_service_client
[0.091s] [ 65%] Built target simple_lifecycle_node
[0.091s] [ 75%] Built target simple_tf_kinematics
[0.092s] [ 85%] Built target simple_parameter
[0.098s] [ 90%] [32mBuilding CXX object CMakeFiles/simple_qos_subscriber.dir/src/simple_qos_subscriber.cpp.o[0m
[3.329s] [ 95%] [32m[1mLinking CXX executable simple_qos_publisher[0m
[3.430s] [ 95%] Built target simple_qos_publisher
[5.425s] [100%] [32m[1mLinking CXX executable simple_qos_subscriber[0m
[5.583s] [100%] Built target simple_qos_subscriber
[5.591s] Invoked command in '/home/amoulouel/bumperbot_ws/build/bumperbot_cpp_examples' returned '0': CMAKE_PREFIX_PATH=/home/amoulouel/bumperbot_ws/install/bumperbot_msgs:/home/amoulouel/bumperbot_ws/install/bumperbot_utils:/home/amoulouel/bumperbot_ws/install/bumperbot_cpp_examples:/home/amoulouel/bumperbot_ws/install/bumperbot_mapping:/home/amoulouel/bumperbot_ws/install/bumperbot_localization:/home/amoulouel/bumperbot_ws/install/bumperbot_firmware:/home/amoulouel/bumperbot_ws/install/bumperbot_description:/home/amoulouel/bumperbot_ws/install/bumperbot_controller:/home/amoulouel/bumperbot_ws/install/bumperbot_bringup:/opt/ros/jazzy/opt/gz_sim_vendor:/opt/ros/jazzy/opt/gz_sensors_vendor:/opt/ros/jazzy/opt/gz_physics_vendor:/opt/ros/jazzy/opt/sdformat_vendor:/opt/ros/jazzy/opt/gz_gui_vendor:/opt/ros/jazzy/opt/gz_transport_vendor:/opt/ros/jazzy/opt/gz_rendering_vendor:/opt/ros/jazzy/opt/gz_plugin_vendor:/opt/ros/jazzy/opt/gz_fuel_tools_vendor:/opt/ros/jazzy/opt/gz_msgs_vendor:/opt/ros/jazzy/opt/gz_common_vendor:/opt/ros/jazzy/opt/gz_math_vendor:/opt/ros/jazzy/opt/gz_utils_vendor:/opt/ros/jazzy/opt/gz_tools_vendor:/opt/ros/jazzy/opt/gz_ogre_next_vendor:/opt/ros/jazzy/opt/gz_dartsim_vendor:/opt/ros/jazzy/opt/gz_cmake_vendor:/home/amoulouel/bumperbot_ws/install/bumperbot_py_examples:/opt/ros/jazzy DEBUGINFOD_URLS=https://debuginfod.ubuntu.com PYTHONPATH=/home/amoulouel/bumperbot_ws/install/bumperbot_msgs/lib/python3.12/site-packages:/home/amoulouel/bumperbot_ws/install/bumperbot_utils/lib/python3.12/site-packages:/home/amoulouel/bumperbot_ws/install/bumperbot_py_examples/lib/python3.12/site-packages:/home/amoulouel/bumperbot_ws/install/bumperbot_localization/lib/python3.12/site-packages:/home/amoulouel/bumperbot_ws/install/bumperbot_firmware/lib/python3.12/site-packages:/home/amoulouel/bumperbot_ws/install/bumperbot_controller/lib/python3.12/site-packages:/opt/ros/jazzy/lib/python3.12/site-packages /usr/bin/cmake --build /home/amoulouel/bumperbot_ws/build/bumperbot_cpp_examples -- -j16 -l16
[5.592s] Invoking command in '/home/amoulouel/bumperbot_ws/build/bumperbot_cpp_examples': CMAKE_PREFIX_PATH=/home/amoulouel/bumperbot_ws/install/bumperbot_msgs:/home/amoulouel/bumperbot_ws/install/bumperbot_utils:/home/amoulouel/bumperbot_ws/install/bumperbot_cpp_examples:/home/amoulouel/bumperbot_ws/install/bumperbot_mapping:/home/amoulouel/bumperbot_ws/install/bumperbot_localization:/home/amoulouel/bumperbot_ws/install/bumperbot_firmware:/home/amoulouel/bumperbot_ws/install/bumperbot_description:/home/amoulouel/bumperbot_ws/install/bumperbot_controller:/home/amoulouel/bumperbot_ws/install/bumperbot_bringup:/opt/ros/jazzy/opt/gz_sim_vendor:/opt/ros/jazzy/opt/gz_sensors_vendor:/opt/ros/jazzy/opt/gz_physics_vendor:/opt/ros/jazzy/opt/sdformat_vendor:/opt/ros/jazzy/opt/gz_gui_vendor:/opt/ros/jazzy/opt/gz_transport_vendor:/opt/ros/jazzy/opt/gz_rendering_vendor:/opt/ros/jazzy/opt/gz_plugin_vendor:/opt/ros/jazzy/opt/gz_fuel_tools_vendor:/opt/ros/jazzy/opt/gz_msgs_vendor:/opt/ros/jazzy/opt/gz_common_vendor:/opt/ros/jazzy/opt/gz_math_vendor:/opt/ros/jazzy/opt/gz_utils_vendor:/opt/ros/jazzy/opt/gz_tools_vendor:/opt/ros/jazzy/opt/gz_ogre_next_vendor:/opt/ros/jazzy/opt/gz_dartsim_vendor:/opt/ros/jazzy/opt/gz_cmake_vendor:/home/amoulouel/bumperbot_ws/install/bumperbot_py_examples:/opt/ros/jazzy DEBUGINFOD_URLS=https://debuginfod.ubuntu.com PYTHONPATH=/home/amoulouel/bumperbot_ws/install/bumperbot_msgs/lib/python3.12/site-packages:/home/amoulouel/bumperbot_ws/install/bumperbot_utils/lib/python3.12/site-packages:/home/amoulouel/bumperbot_ws/install/bumperbot_py_examples/lib/python3.12/site-packages:/home/amoulouel/bumperbot_ws/install/bumperbot_localization/lib/python3.12/site-packages:/home/amoulouel/bumperbot_ws/install/bumperbot_firmware/lib/python3.12/site-packages:/home/amoulouel/bumperbot_ws/install/bumperbot_controller/lib/python3.12/site-packages:/opt/ros/jazzy/lib/python3.12/site-packages /usr/bin/cmake --install /home/amoulouel/bumperbot_ws/build/bumperbot_cpp_examples
[5.599s] -- Install configuration: ""
[5.599s] -- Up-to-date: /home/amoulouel/bumperbot_ws/install/bumperbot_cpp_examples/include/include
[5.599s] -- Up-to-date: /home/amoulouel/bumperbot_ws/install/bumperbot_cpp_examples/include/include/bumperbot_cpp_examples
[5.599s] -- Up-to-date: /home/amoulouel/bumperbot_ws/install/bumperbot_cpp_examples/include/include/bumperbot_cpp_examples/simple_tf_kinematics.hpp
[5.599s] -- Up-to-date: /home/amoulouel/bumperbot_ws/install/bumperbot_cpp_examples/include/include/bumperbot_cpp_examples/simple_turtlesim_kinematics.hpp
[5.599s] -- Up-to-date: /home/amoulouel/bumperbot_ws/install/bumperbot_cpp_examples/lib/bumperbot_cpp_examples/simple_publisher
[5.600s] -- Up-to-date: /home/amoulouel/bumperbot_ws/install/bumperbot_cpp_examples/lib/bumperbot_cpp_examples/simple_subscriber
[5.600s] -- Installing: /home/amoulouel/bumperbot_ws/install/bumperbot_cpp_examples/lib/bumperbot_cpp_examples/simple_qos_publisher
[5.601s] -- Set non-toolchain portion of runtime path of "/home/amoulouel/bumperbot_ws/install/bumperbot_cpp_examples/lib/bumperbot_cpp_examples/simple_qos_publisher" to ""
[5.602s] -- Installing: /home/amoulouel/bumperbot_ws/install/bumperbot_cpp_examples/lib/bumperbot_cpp_examples/simple_qos_subscriber
[5.606s] -- Set non-toolchain portion of runtime path of "/home/amoulouel/bumperbot_ws/install/bumperbot_cpp_examples/lib/bumperbot_cpp_examples/simple_qos_subscriber" to ""
[5.606s] -- Up-to-date: /home/amoulouel/bumperbot_ws/install/bumperbot_cpp_examples/lib/bumperbot_cpp_examples/simple_parameter
[5.606s] -- Up-to-date: /home/amoulouel/bumperbot_ws/install/bumperbot_cpp_examples/lib/bumperbot_cpp_examples/simple_turtlesim_kinematics
[5.607s] -- Up-to-date: /home/amoulouel/bumperbot_ws/install/bumperbot_cpp_examples/lib/bumperbot_cpp_examples/simple_service_server
[5.607s] -- Up-to-date: /home/amoulouel/bumperbot_ws/install/bumperbot_cpp_examples/lib/bumperbot_cpp_examples/simple_service_client
[5.607s] -- Up-to-date: /home/amoulouel/bumperbot_ws/install/bumperbot_cpp_examples/lib/bumperbot_cpp_examples/simple_tf_kinematics
[5.607s] -- Up-to-date: /home/amoulouel/bumperbot_ws/install/bumperbot_cpp_examples/lib/bumperbot_cpp_examples/simple_lifecycle_node
[5.608s] -- Up-to-date: /home/amoulouel/bumperbot_ws/install/bumperbot_cpp_examples/share/ament_index/resource_index/package_run_dependencies/bumperbot_cpp_examples
[5.608s] -- Up-to-date: /home/amoulouel/bumperbot_ws/install/bumperbot_cpp_examples/share/ament_index/resource_index/parent_prefix_path/bumperbot_cpp_examples
[5.608s] -- Up-to-date: /home/amoulouel/bumperbot_ws/install/bumperbot_cpp_examples/share/bumperbot_cpp_examples/environment/ament_prefix_path.sh
[5.608s] -- Up-to-date: /home/amoulouel/bumperbot_ws/install/bumperbot_cpp_examples/share/bumperbot_cpp_examples/environment/ament_prefix_path.dsv
[5.608s] -- Up-to-date: /home/amoulouel/bumperbot_ws/install/bumperbot_cpp_examples/share/bumperbot_cpp_examples/environment/path.sh
[5.608s] -- Up-to-date: /home/amoulouel/bumperbot_ws/install/bumperbot_cpp_examples/share/bumperbot_cpp_examples/environment/path.dsv
[5.608s] -- Up-to-date: /home/amoulouel/bumperbot_ws/install/bumperbot_cpp_examples/share/bumperbot_cpp_examples/local_setup.bash
[5.608s] -- Up-to-date: /home/amoulouel/bumperbot_ws/install/bumperbot_cpp_examples/share/bumperbot_cpp_examples/local_setup.sh
[5.608s] -- Up-to-date: /home/amoulouel/bumperbot_ws/install/bumperbot_cpp_examples/share/bumperbot_cpp_examples/local_setup.zsh
[5.608s] -- Up-to-date: /home/amoulouel/bumperbot_ws/install/bumperbot_cpp_examples/share/bumperbot_cpp_examples/local_setup.dsv
[5.608s] -- Installing: /home/amoulouel/bumperbot_ws/install/bumperbot_cpp_examples/share/bumperbot_cpp_examples/package.dsv
[5.608s] -- Up-to-date: /home/amoulouel/bumperbot_ws/install/bumperbot_cpp_examples/share/ament_index/resource_index/packages/bumperbot_cpp_examples
[5.608s] -- Up-to-date: /home/amoulouel/bumperbot_ws/install/bumperbot_cpp_examples/share/bumperbot_cpp_examples/cmake/bumperbot_cpp_examplesConfig.cmake
[5.608s] -- Up-to-date: /home/amoulouel/bumperbot_ws/install/bumperbot_cpp_examples/share/bumperbot_cpp_examples/cmake/bumperbot_cpp_examplesConfig-version.cmake
[5.608s] -- Up-to-date: /home/amoulouel/bumperbot_ws/install/bumperbot_cpp_examples/share/bumperbot_cpp_examples/package.xml
[5.610s] Invoked command in '/home/amoulouel/bumperbot_ws/build/bumperbot_cpp_examples' returned '0': CMAKE_PREFIX_PATH=/home/amoulouel/bumperbot_ws/install/bumperbot_msgs:/home/amoulouel/bumperbot_ws/install/bumperbot_utils:/home/amoulouel/bumperbot_ws/install/bumperbot_cpp_examples:/home/amoulouel/bumperbot_ws/install/bumperbot_mapping:/home/amoulouel/bumperbot_ws/install/bumperbot_localization:/home/amoulouel/bumperbot_ws/install/bumperbot_firmware:/home/amoulouel/bumperbot_ws/install/bumperbot_description:/home/amoulouel/bumperbot_ws/install/bumperbot_controller:/home/amoulouel/bumperbot_ws/install/bumperbot_bringup:/opt/ros/jazzy/opt/gz_sim_vendor:/opt/ros/jazzy/opt/gz_sensors_vendor:/opt/ros/jazzy/opt/gz_physics_vendor:/opt/ros/jazzy/opt/sdformat_vendor:/opt/ros/jazzy/opt/gz_gui_vendor:/opt/ros/jazzy/opt/gz_transport_vendor:/opt/ros/jazzy/opt/gz_rendering_vendor:/opt/ros/jazzy/opt/gz_plugin_vendor:/opt/ros/jazzy/opt/gz_fuel_tools_vendor:/opt/ros/jazzy/opt/gz_msgs_vendor:/opt/ros/jazzy/opt/gz_common_vendor:/opt/ros/jazzy/opt/gz_math_vendor:/opt/ros/jazzy/opt/gz_utils_vendor:/opt/ros/jazzy/opt/gz_tools_vendor:/opt/ros/jazzy/opt/gz_ogre_next_vendor:/opt/ros/jazzy/opt/gz_dartsim_vendor:/opt/ros/jazzy/opt/gz_cmake_vendor:/home/amoulouel/bumperbot_ws/install/bumperbot_py_examples:/opt/ros/jazzy DEBUGINFOD_URLS=https://debuginfod.ubuntu.com PYTHONPATH=/home/amoulouel/bumperbot_ws/install/bumperbot_msgs/lib/python3.12/site-packages:/home/amoulouel/bumperbot_ws/install/bumperbot_utils/lib/python3.12/site-packages:/home/amoulouel/bumperbot_ws/install/bumperbot_py_examples/lib/python3.12/site-packages:/home/amoulouel/bumperbot_ws/install/bumperbot_localization/lib/python3.12/site-packages:/home/amoulouel/bumperbot_ws/install/bumperbot_firmware/lib/python3.12/site-packages:/home/amoulouel/bumperbot_ws/install/bumperbot_controller/lib/python3.12/site-packages:/opt/ros/jazzy/lib/python3.12/site-packages /usr/bin/cmake --install /home/amoulouel/bumperbot_ws/build/bumperbot_cpp_examples
